<?xml version="1.0" encoding="UTF-8"?>
<coverage generated="1678390764623" clover="3.2.0">
  <project timestamp="1678390764623" name="All files">
    <metrics statements="5404" coveredstatements="3127" conditionals="2403" coveredconditionals="1021" methods="2145" coveredmethods="1198" elements="9952" coveredelements="5346" complexity="0" loc="5404" ncloc="5404" packages="31" files="142" classes="142"/>
    <package name="frontend">
      <metrics statements="34" coveredstatements="33" conditionals="14" coveredconditionals="12" methods="12" coveredmethods="12"/>
      <file name="App.tsx" path="/Users/tevnpowers/Projects/consulting/RAHEEM/patch/frontend/App.tsx">
        <metrics statements="34" coveredstatements="33" conditionals="14" coveredconditionals="12" methods="12" coveredmethods="12"/>
        <line num="59" count="1" type="stmt"/>
        <line num="62" count="1" type="stmt"/>
        <line num="79" count="1" type="stmt"/>
        <line num="81" count="1" type="stmt"/>
        <line num="92" count="1" type="stmt"/>
        <line num="95" count="40" type="stmt"/>
        <line num="98" count="39" type="stmt"/>
        <line num="100" count="20" type="stmt"/>
        <line num="101" count="19" type="cond" truecount="1" falsecount="1"/>
        <line num="103" count="0" type="stmt"/>
        <line num="106" count="19" type="stmt"/>
        <line num="107" count="19" type="stmt"/>
        <line num="112" count="39" type="stmt"/>
        <line num="113" count="154" type="stmt"/>
        <line num="116" count="39" type="stmt"/>
        <line num="117" count="39" type="stmt"/>
        <line num="126" count="39" type="cond" truecount="2" falsecount="0"/>
        <line num="129" count="20" type="stmt"/>
        <line num="133" count="19" type="cond" truecount="2" falsecount="0"/>
        <line num="139" count="19" type="stmt"/>
        <line num="189" count="1" type="stmt"/>
        <line num="190" count="228" type="stmt"/>
        <line num="191" count="24" type="cond" truecount="4" falsecount="0"/>
        <line num="197" count="1" type="stmt"/>
        <line num="199" count="19" type="stmt"/>
        <line num="202" count="1" type="stmt"/>
        <line num="203" count="30" type="stmt"/>
        <line num="205" count="30" type="cond" truecount="1" falsecount="1"/>
        <line num="206" count="30" type="stmt"/>
        <line num="207" count="30" type="stmt"/>
        <line num="212" count="1" type="stmt"/>
        <line num="213" count="95" type="stmt"/>
        <line num="214" count="8" type="stmt"/>
        <line num="222" count="1" type="stmt"/>
      </file>
    </package>
    <package name="frontend.eas_build">
      <metrics statements="11" coveredstatements="0" conditionals="0" coveredconditionals="0" methods="0" coveredmethods="0"/>
      <file name="constants.js" path="/Users/tevnpowers/Projects/consulting/RAHEEM/patch/frontend/eas_build/constants.js">
        <metrics statements="11" coveredstatements="0" conditionals="0" coveredconditionals="0" methods="0" coveredmethods="0"/>
        <line num="1" count="0" type="stmt"/>
        <line num="2" count="0" type="stmt"/>
        <line num="5" count="0" type="stmt"/>
        <line num="7" count="0" type="stmt"/>
        <line num="9" count="0" type="stmt"/>
        <line num="10" count="0" type="stmt"/>
        <line num="14" count="0" type="stmt"/>
        <line num="15" count="0" type="stmt"/>
        <line num="16" count="0" type="stmt"/>
        <line num="19" count="0" type="stmt"/>
        <line num="22" count="0" type="stmt"/>
      </file>
    </package>
    <package name="frontend.src">
      <metrics statements="207" coveredstatements="58" conditionals="24" coveredconditionals="6" methods="68" coveredmethods="9"/>
      <file name="api.ts" path="/Users/tevnpowers/Projects/consulting/RAHEEM/patch/frontend/src/api.ts">
        <metrics statements="165" coveredstatements="19" conditionals="22" coveredconditionals="5" methods="63" coveredmethods="6"/>
        <line num="21" count="1" type="stmt"/>
        <line num="24" count="1" type="stmt"/>
        <line num="28" count="18" type="stmt"/>
        <line num="32" count="1" type="stmt"/>
        <line num="33" count="1" type="stmt"/>
        <line num="35" count="1" type="stmt"/>
        <line num="36" count="1" type="stmt"/>
        <line num="38" count="1" type="stmt"/>
        <line num="41" count="1" type="cond" truecount="2" falsecount="2"/>
        <line num="42" count="1" type="cond" truecount="1" falsecount="1"/>
        <line num="44" count="1" type="cond" truecount="1" falsecount="1"/>
        <line num="46" count="1" type="cond" truecount="1" falsecount="1"/>
        <line num="47" count="0" type="stmt"/>
        <line num="48" count="0" type="stmt"/>
        <line num="51" count="1" type="stmt"/>
        <line num="56" count="0" type="stmt"/>
        <line num="57" count="0" type="stmt"/>
        <line num="60" count="0" type="stmt"/>
        <line num="62" count="0" type="stmt"/>
        <line num="65" count="0" type="stmt"/>
        <line num="75" count="0" type="stmt"/>
        <line num="77" count="0" type="stmt"/>
        <line num="80" count="0" type="stmt"/>
        <line num="85" count="0" type="stmt"/>
        <line num="86" count="0" type="stmt"/>
        <line num="88" count="0" type="stmt"/>
        <line num="89" count="0" type="stmt"/>
        <line num="91" count="0" type="stmt"/>
        <line num="94" count="0" type="cond" truecount="0" falsecount="4"/>
        <line num="95" count="0" type="cond" truecount="0" falsecount="2"/>
        <line num="97" count="0" type="cond" truecount="0" falsecount="2"/>
        <line num="99" count="0" type="cond" truecount="0" falsecount="2"/>
        <line num="100" count="0" type="stmt"/>
        <line num="101" count="0" type="stmt"/>
        <line num="104" count="0" type="stmt"/>
        <line num="109" count="0" type="stmt"/>
        <line num="110" count="0" type="stmt"/>
        <line num="113" count="0" type="stmt"/>
        <line num="115" count="0" type="stmt"/>
        <line num="118" count="0" type="stmt"/>
        <line num="128" count="0" type="stmt"/>
        <line num="130" count="0" type="stmt"/>
        <line num="133" count="0" type="stmt"/>
        <line num="139" count="0" type="stmt"/>
        <line num="141" count="0" type="stmt"/>
        <line num="143" count="0" type="stmt"/>
        <line num="144" count="0" type="stmt"/>
        <line num="147" count="0" type="stmt"/>
        <line num="151" count="0" type="stmt"/>
        <line num="153" count="0" type="stmt"/>
        <line num="155" count="0" type="stmt"/>
        <line num="156" count="0" type="stmt"/>
        <line num="159" count="0" type="stmt"/>
        <line num="163" count="0" type="stmt"/>
        <line num="165" count="0" type="stmt"/>
        <line num="167" count="0" type="stmt"/>
        <line num="168" count="0" type="stmt"/>
        <line num="171" count="0" type="stmt"/>
        <line num="175" count="0" type="stmt"/>
        <line num="177" count="0" type="stmt"/>
        <line num="183" count="0" type="stmt"/>
        <line num="184" count="0" type="stmt"/>
        <line num="187" count="0" type="stmt"/>
        <line num="191" count="0" type="stmt"/>
        <line num="193" count="0" type="stmt"/>
        <line num="195" count="0" type="stmt"/>
        <line num="201" count="0" type="stmt"/>
        <line num="203" count="0" type="stmt"/>
        <line num="207" count="0" type="stmt"/>
        <line num="211" count="0" type="stmt"/>
        <line num="213" count="0" type="stmt"/>
        <line num="217" count="0" type="stmt"/>
        <line num="221" count="0" type="stmt"/>
        <line num="223" count="0" type="stmt"/>
        <line num="229" count="0" type="stmt"/>
        <line num="231" count="0" type="stmt"/>
        <line num="240" count="0" type="stmt"/>
        <line num="242" count="0" type="stmt"/>
        <line num="248" count="0" type="stmt"/>
        <line num="250" count="0" type="cond" truecount="0" falsecount="2"/>
        <line num="256" count="0" type="stmt"/>
        <line num="257" count="0" type="stmt"/>
        <line num="261" count="0" type="stmt"/>
        <line num="263" count="0" type="stmt"/>
        <line num="271" count="0" type="stmt"/>
        <line num="273" count="0" type="stmt"/>
        <line num="281" count="0" type="stmt"/>
        <line num="283" count="0" type="stmt"/>
        <line num="293" count="0" type="stmt"/>
        <line num="294" count="0" type="stmt"/>
        <line num="300" count="0" type="stmt"/>
        <line num="302" count="0" type="stmt"/>
        <line num="308" count="0" type="stmt"/>
        <line num="310" count="0" type="stmt"/>
        <line num="316" count="0" type="stmt"/>
        <line num="318" count="0" type="stmt"/>
        <line num="324" count="0" type="stmt"/>
        <line num="326" count="0" type="stmt"/>
        <line num="334" count="0" type="stmt"/>
        <line num="336" count="0" type="stmt"/>
        <line num="344" count="0" type="stmt"/>
        <line num="346" count="0" type="stmt"/>
        <line num="354" count="0" type="stmt"/>
        <line num="356" count="0" type="stmt"/>
        <line num="365" count="1" type="stmt"/>
        <line num="367" count="1" type="stmt"/>
        <line num="376" count="0" type="stmt"/>
        <line num="378" count="0" type="stmt"/>
        <line num="386" count="0" type="stmt"/>
        <line num="388" count="0" type="stmt"/>
        <line num="396" count="0" type="stmt"/>
        <line num="398" count="0" type="stmt"/>
        <line num="407" count="0" type="stmt"/>
        <line num="409" count="0" type="stmt"/>
        <line num="419" count="0" type="stmt"/>
        <line num="421" count="0" type="stmt"/>
        <line num="431" count="0" type="stmt"/>
        <line num="433" count="0" type="stmt"/>
        <line num="442" count="0" type="stmt"/>
        <line num="444" count="0" type="stmt"/>
        <line num="453" count="0" type="stmt"/>
        <line num="455" count="0" type="stmt"/>
        <line num="464" count="0" type="stmt"/>
        <line num="466" count="0" type="stmt"/>
        <line num="476" count="0" type="stmt"/>
        <line num="478" count="0" type="stmt"/>
        <line num="490" count="0" type="stmt"/>
        <line num="492" count="0" type="stmt"/>
        <line num="501" count="0" type="stmt"/>
        <line num="503" count="0" type="stmt"/>
        <line num="512" count="0" type="stmt"/>
        <line num="514" count="0" type="stmt"/>
        <line num="522" count="0" type="stmt"/>
        <line num="524" count="0" type="stmt"/>
        <line num="533" count="0" type="stmt"/>
        <line num="535" count="0" type="stmt"/>
        <line num="545" count="0" type="stmt"/>
        <line num="547" count="0" type="stmt"/>
        <line num="557" count="0" type="stmt"/>
        <line num="559" count="0" type="stmt"/>
        <line num="567" count="0" type="stmt"/>
        <line num="569" count="0" type="stmt"/>
        <line num="577" count="0" type="stmt"/>
        <line num="579" count="0" type="stmt"/>
        <line num="585" count="0" type="stmt"/>
        <line num="587" count="0" type="stmt"/>
        <line num="593" count="0" type="stmt"/>
        <line num="595" count="0" type="stmt"/>
        <line num="603" count="0" type="stmt"/>
        <line num="605" count="0" type="stmt"/>
        <line num="613" count="0" type="stmt"/>
        <line num="615" count="0" type="stmt"/>
        <line num="621" count="0" type="stmt"/>
        <line num="623" count="0" type="stmt"/>
        <line num="629" count="0" type="stmt"/>
        <line num="631" count="0" type="stmt"/>
        <line num="637" count="0" type="stmt"/>
        <line num="639" count="0" type="stmt"/>
        <line num="647" count="1" type="stmt"/>
        <line num="653" count="1" type="stmt"/>
        <line num="654" count="1" type="stmt"/>
        <line num="656" count="1" type="stmt"/>
        <line num="660" count="0" type="stmt"/>
        <line num="661" count="0" type="stmt"/>
        <line num="663" count="0" type="stmt"/>
      </file>
      <file name="boot.ts" path="/Users/tevnpowers/Projects/consulting/RAHEEM/patch/frontend/src/boot.ts">
        <metrics statements="11" coveredstatements="10" conditionals="0" coveredconditionals="0" methods="3" coveredmethods="3"/>
        <line num="6" count="19" type="stmt"/>
        <line num="7" count="19" type="stmt"/>
        <line num="10" count="19" type="stmt"/>
        <line num="12" count="19" type="stmt"/>
        <line num="13" count="19" type="stmt"/>
        <line num="14" count="19" type="stmt"/>
        <line num="19" count="19" type="stmt"/>
        <line num="21" count="0" type="stmt"/>
        <line num="23" count="19" type="stmt"/>
        <line num="27" count="19" type="stmt"/>
        <line num="28" count="19" type="stmt"/>
      </file>
      <file name="config.ts" path="/Users/tevnpowers/Projects/consulting/RAHEEM/patch/frontend/src/config.ts">
        <metrics statements="12" coveredstatements="12" conditionals="2" coveredconditionals="1" methods="0" coveredmethods="0"/>
        <line num="4" count="2" type="cond" truecount="1" falsecount="1"/>
        <line num="7" count="2" type="stmt"/>
        <line num="8" count="2" type="stmt"/>
        <line num="9" count="2" type="stmt"/>
        <line num="10" count="2" type="stmt"/>
        <line num="11" count="2" type="stmt"/>
        <line num="12" count="2" type="stmt"/>
        <line num="13" count="2" type="stmt"/>
        <line num="15" count="2" type="stmt"/>
        <line num="17" count="2" type="stmt"/>
        <line num="18" count="2" type="stmt"/>
        <line num="19" count="2" type="stmt"/>
      </file>
      <file name="constants.ts" path="/Users/tevnpowers/Projects/consulting/RAHEEM/patch/frontend/src/constants.ts">
        <metrics statements="13" coveredstatements="13" conditionals="0" coveredconditionals="0" methods="0" coveredmethods="0"/>
        <line num="3" count="2" type="stmt"/>
        <line num="4" count="2" type="stmt"/>
        <line num="5" count="2" type="stmt"/>
        <line num="7" count="2" type="stmt"/>
        <line num="9" count="2" type="stmt"/>
        <line num="10" count="2" type="stmt"/>
        <line num="11" count="2" type="stmt"/>
        <line num="12" count="2" type="stmt"/>
        <line num="14" count="2" type="stmt"/>
        <line num="15" count="2" type="stmt"/>
        <line num="16" count="2" type="stmt"/>
        <line num="17" count="2" type="stmt"/>
        <line num="20" count="2" type="stmt"/>
      </file>
      <file name="globalErrorBoundary.tsx" path="/Users/tevnpowers/Projects/consulting/RAHEEM/patch/frontend/src/globalErrorBoundary.tsx">
        <metrics statements="2" coveredstatements="0" conditionals="0" coveredconditionals="0" methods="2" coveredmethods="0"/>
        <line num="6" count="0" type="stmt"/>
        <line num="10" count="0" type="stmt"/>
      </file>
      <file name="types.ts" path="/Users/tevnpowers/Projects/consulting/RAHEEM/patch/frontend/src/types.ts">
        <metrics statements="4" coveredstatements="4" conditionals="0" coveredconditionals="0" methods="0" coveredmethods="0"/>
        <line num="42" count="2" type="stmt"/>
        <line num="80" count="2" type="stmt"/>
        <line num="186" count="2" type="stmt"/>
        <line num="251" count="2" type="stmt"/>
      </file>
    </package>
    <package name="frontend.src.components">
      <metrics statements="238" coveredstatements="144" conditionals="274" coveredconditionals="135" methods="80" coveredmethods="47"/>
      <file name="calendarPicker.tsx" path="/Users/tevnpowers/Projects/consulting/RAHEEM/patch/frontend/src/components/calendarPicker.tsx">
        <metrics statements="6" coveredstatements="2" conditionals="0" coveredconditionals="0" methods="2" coveredmethods="0"/>
        <line num="12" count="2" type="stmt"/>
        <line num="17" count="0" type="stmt"/>
        <line num="18" count="0" type="stmt"/>
        <line num="21" count="0" type="stmt"/>
        <line num="23" count="0" type="stmt"/>
        <line num="63" count="2" type="stmt"/>
      </file>
      <file name="listHeader.tsx" path="/Users/tevnpowers/Projects/consulting/RAHEEM/patch/frontend/src/components/listHeader.tsx">
        <metrics statements="17" coveredstatements="17" conditionals="16" coveredconditionals="14" methods="8" coveredmethods="8"/>
        <line num="26" count="2" type="stmt"/>
        <line num="27" count="22" type="stmt"/>
        <line num="29" count="21" type="stmt"/>
        <line num="30" count="1" type="stmt"/>
        <line num="33" count="21" type="stmt"/>
        <line num="34" count="21" type="cond" truecount="2" falsecount="0"/>
        <line num="36" count="34" type="cond" truecount="1" falsecount="1"/>
        <line num="38" count="21" type="stmt"/>
        <line num="52" count="21" type="stmt"/>
        <line num="53" count="14" type="stmt"/>
        <line num="56" count="42" type="stmt"/>
        <line num="57" count="42" type="stmt"/>
        <line num="59" count="42" type="stmt"/>
        <line num="60" count="3" type="stmt"/>
        <line num="63" count="42" type="cond" truecount="2" falsecount="0"/>
        <line num="73" count="21" type="stmt"/>
        <line num="86" count="2" type="stmt"/>
      </file>
      <file name="loader.tsx" path="/Users/tevnpowers/Projects/consulting/RAHEEM/patch/frontend/src/components/loader.tsx">
        <metrics statements="1" coveredstatements="1" conditionals="0" coveredconditionals="0" methods="1" coveredmethods="1"/>
        <line num="6" count="7" type="stmt"/>
      </file>
      <file name="patchButton.tsx" path="/Users/tevnpowers/Projects/consulting/RAHEEM/patch/frontend/src/components/patchButton.tsx">
        <metrics statements="14" coveredstatements="14" conditionals="15" coveredconditionals="12" methods="1" coveredmethods="1"/>
        <line num="25" count="2" type="stmt"/>
        <line num="33" count="118" type="stmt"/>
        <line num="38" count="118" type="cond" truecount="3" falsecount="0"/>
        <line num="40" count="114" type="stmt"/>
        <line num="41" count="114" type="stmt"/>
        <line num="42" count="114" type="stmt"/>
        <line num="44" count="1" type="stmt"/>
        <line num="45" count="1" type="stmt"/>
        <line num="46" count="1" type="stmt"/>
        <line num="48" count="3" type="stmt"/>
        <line num="49" count="3" type="stmt"/>
        <line num="50" count="3" type="stmt"/>
        <line num="53" count="118" type="stmt"/>
        <line num="76" count="2" type="stmt"/>
      </file>
      <file name="positionCard.tsx" path="/Users/tevnpowers/Projects/consulting/RAHEEM/patch/frontend/src/components/positionCard.tsx">
        <metrics statements="22" coveredstatements="18" conditionals="19" coveredconditionals="11" methods="5" coveredmethods="5"/>
        <line num="24" count="2" type="stmt"/>
        <line num="31" count="3" type="stmt"/>
        <line num="33" count="3" type="stmt"/>
        <line num="34" count="3" type="stmt"/>
        <line num="36" count="3" type="cond" truecount="1" falsecount="1"/>
        <line num="37" count="0" type="stmt"/>
        <line num="40" count="15" type="stmt"/>
        <line num="41" count="3" type="stmt"/>
        <line num="43" count="3" type="cond" truecount="1" falsecount="1"/>
        <line num="47" count="3" type="stmt"/>
        <line num="49" count="3" type="stmt"/>
        <line num="50" count="3" type="stmt"/>
        <line num="52" count="3" type="cond" truecount="3" falsecount="2"/>
        <line num="53" count="0" type="stmt"/>
        <line num="54" count="0" type="stmt"/>
        <line num="57" count="3" type="cond" truecount="1" falsecount="1"/>
        <line num="58" count="0" type="stmt"/>
        <line num="60" count="3" type="stmt"/>
        <line num="65" count="3" type="cond" truecount="1" falsecount="1"/>
        <line num="66" count="3" type="stmt"/>
        <line num="68" count="3" type="stmt"/>
        <line num="75" count="3" type="stmt"/>
      </file>
      <file name="positionDetailsCard.tsx" path="/Users/tevnpowers/Projects/consulting/RAHEEM/patch/frontend/src/components/positionDetailsCard.tsx">
        <metrics statements="62" coveredstatements="2" conditionals="44" coveredconditionals="0" methods="20" coveredmethods="0"/>
        <line num="28" count="1" type="stmt"/>
        <line num="33" count="0" type="stmt"/>
        <line num="34" count="0" type="stmt"/>
        <line num="36" count="0" type="stmt"/>
        <line num="37" count="0" type="stmt"/>
        <line num="38" count="0" type="stmt"/>
        <line num="39" count="0" type="cond" truecount="0" falsecount="2"/>
        <line num="42" count="0" type="cond" truecount="0" falsecount="2"/>
        <line num="51" count="0" type="cond" truecount="0" falsecount="2"/>
        <line num="68" count="0" type="stmt"/>
        <line num="69" count="0" type="stmt"/>
        <line num="71" count="0" type="cond" truecount="0" falsecount="4"/>
        <line num="72" count="0" type="stmt"/>
        <line num="75" count="0" type="stmt"/>
        <line num="77" count="0" type="stmt"/>
        <line num="78" count="0" type="stmt"/>
        <line num="81" count="0" type="stmt"/>
        <line num="82" count="0" type="stmt"/>
        <line num="87" count="0" type="stmt"/>
        <line num="88" count="0" type="cond" truecount="0" falsecount="8"/>
        <line num="90" count="0" type="stmt"/>
        <line num="96" count="0" type="stmt"/>
        <line num="98" count="0" type="stmt"/>
        <line num="99" count="0" type="cond" truecount="0" falsecount="2"/>
        <line num="100" count="0" type="stmt"/>
        <line num="103" count="0" type="stmt"/>
        <line num="104" count="0" type="stmt"/>
        <line num="105" count="0" type="stmt"/>
        <line num="107" count="0" type="stmt"/>
        <line num="111" count="0" type="stmt"/>
        <line num="112" count="0" type="stmt"/>
        <line num="113" count="0" type="stmt"/>
        <line num="115" count="0" type="stmt"/>
        <line num="119" count="0" type="stmt"/>
        <line num="120" count="0" type="stmt"/>
        <line num="121" count="0" type="stmt"/>
        <line num="123" count="0" type="stmt"/>
        <line num="127" count="0" type="cond" truecount="0" falsecount="2"/>
        <line num="128" count="0" type="stmt"/>
        <line num="136" count="0" type="cond" truecount="0" falsecount="2"/>
        <line num="137" count="0" type="stmt"/>
        <line num="143" count="0" type="cond" truecount="0" falsecount="2"/>
        <line num="144" count="0" type="stmt"/>
        <line num="151" count="0" type="stmt"/>
        <line num="155" count="0" type="stmt"/>
        <line num="157" count="0" type="stmt"/>
        <line num="158" count="0" type="stmt"/>
        <line num="159" count="0" type="stmt"/>
        <line num="161" count="0" type="stmt"/>
        <line num="165" count="0" type="stmt"/>
        <line num="166" count="0" type="stmt"/>
        <line num="176" count="0" type="stmt"/>
        <line num="183" count="0" type="stmt"/>
        <line num="184" count="0" type="stmt"/>
        <line num="185" count="0" type="stmt"/>
        <line num="186" count="0" type="stmt"/>
        <line num="188" count="0" type="stmt"/>
        <line num="209" count="0" type="stmt"/>
        <line num="217" count="0" type="stmt"/>
        <line num="218" count="0" type="cond" truecount="0" falsecount="2"/>
        <line num="234" count="0" type="stmt"/>
        <line num="253" count="1" type="stmt"/>
      </file>
      <file name="responderRow.tsx" path="/Users/tevnpowers/Projects/consulting/RAHEEM/patch/frontend/src/components/responderRow.tsx">
        <metrics statements="8" coveredstatements="8" conditionals="4" coveredconditionals="3" methods="4" coveredmethods="4"/>
        <line num="20" count="2" type="stmt"/>
        <line num="21" count="16" type="cond" truecount="1" falsecount="1"/>
        <line num="22" count="24" type="stmt"/>
        <line num="23" count="24" type="stmt"/>
        <line num="25" count="16" type="stmt"/>
        <line num="39" count="24" type="stmt"/>
        <line num="41" count="24" type="cond" truecount="2" falsecount="0"/>
        <line num="58" count="2" type="stmt"/>
      </file>
      <file name="skillTag.tsx" path="/Users/tevnpowers/Projects/consulting/RAHEEM/patch/frontend/src/components/skillTag.tsx">
        <metrics statements="6" coveredstatements="0" conditionals="10" coveredconditionals="0" methods="1" coveredmethods="0"/>
        <line num="14" count="0" type="stmt"/>
        <line num="15" count="0" type="stmt"/>
        <line num="16" count="0" type="stmt"/>
        <line num="18" count="0" type="stmt"/>
        <line num="20" count="0" type="stmt"/>
        <line num="44" count="0" type="stmt"/>
      </file>
      <file name="statusSelector.tsx" path="/Users/tevnpowers/Projects/consulting/RAHEEM/patch/frontend/src/components/statusSelector.tsx">
        <metrics statements="51" coveredstatements="38" conditionals="92" coveredconditionals="43" methods="17" coveredmethods="12"/>
        <line num="12" count="1" type="stmt"/>
        <line num="14" count="2" type="stmt"/>
        <line num="35" count="0" type="stmt"/>
        <line num="71" count="1" type="stmt"/>
        <line num="79" count="18" type="stmt"/>
        <line num="81" count="18" type="cond" truecount="2" falsecount="0"/>
        <line num="106" count="1" type="stmt"/>
        <line num="115" count="2" type="stmt"/>
        <line num="117" count="2" type="stmt"/>
        <line num="119" count="2" type="stmt"/>
        <line num="121" count="2" type="stmt"/>
        <line num="123" count="2" type="stmt"/>
        <line num="125" count="8" type="stmt"/>
        <line num="126" count="0" type="stmt"/>
        <line num="127" count="0" type="cond" truecount="0" falsecount="2"/>
        <line num="128" count="0" type="cond" truecount="0" falsecount="4"/>
        <line num="132" count="0" type="stmt"/>
        <line num="133" count="0" type="stmt"/>
        <line num="135" count="0" type="stmt"/>
        <line num="136" count="0" type="stmt"/>
        <line num="140" count="0" type="stmt"/>
        <line num="142" count="0" type="stmt"/>
        <line num="146" count="2" type="stmt"/>
        <line num="150" count="2" type="stmt"/>
        <line num="158" count="2" type="stmt"/>
        <line num="162" count="8" type="stmt"/>
        <line num="164" count="8" type="cond" truecount="1" falsecount="1"/>
        <line num="166" count="0" type="stmt"/>
        <line num="168" count="8" type="stmt"/>
        <line num="169" count="2" type="stmt"/>
        <line num="172" count="8" type="stmt"/>
        <line num="173" count="0" type="cond" truecount="0" falsecount="4"/>
        <line num="176" count="8" type="stmt"/>
        <line num="177" count="6" type="stmt"/>
        <line num="180" count="8" type="stmt"/>
        <line num="181" count="6" type="stmt"/>
        <line num="206" count="8" type="stmt"/>
        <line num="207" count="8" type="cond" truecount="2" falsecount="0"/>
        <line num="214" count="8" type="stmt"/>
        <line num="215" count="6" type="cond" truecount="1" falsecount="1"/>
        <line num="221" count="8" type="cond" truecount="2" falsecount="0"/>
        <line num="233" count="8" type="stmt"/>
        <line num="235" count="8" type="cond" truecount="1" falsecount="1"/>
        <line num="237" count="0" type="stmt"/>
        <line num="241" count="8" type="stmt"/>
        <line num="242" count="8" type="stmt"/>
        <line num="244" count="8" type="cond" truecount="4" falsecount="0"/>
        <line num="250" count="8" type="stmt"/>
        <line num="252" count="8" type="cond" truecount="2" falsecount="0"/>
        <line num="258" count="8" type="stmt"/>
        <line num="270" count="1" type="stmt"/>
      </file>
      <file name="tabbedScreen.tsx" path="/Users/tevnpowers/Projects/consulting/RAHEEM/patch/frontend/src/components/tabbedScreen.tsx">
        <metrics statements="19" coveredstatements="19" conditionals="22" coveredconditionals="13" methods="9" coveredmethods="9"/>
        <line num="47" count="1" type="stmt"/>
        <line num="54" count="3" type="cond" truecount="1" falsecount="1"/>
        <line num="55" count="3" type="cond" truecount="1" falsecount="1"/>
        <line num="58" count="3" type="stmt"/>
        <line num="59" count="2" type="stmt"/>
        <line num="60" count="2" type="stmt"/>
        <line num="64" count="3" type="stmt"/>
        <line num="65" count="1" type="stmt"/>
        <line num="67" count="1" type="stmt"/>
        <line num="68" count="1" type="stmt"/>
        <line num="72" count="3" type="stmt"/>
        <line num="74" count="3" type="stmt"/>
        <line num="75" count="3" type="stmt"/>
        <line num="76" count="9" type="cond" truecount="1" falsecount="1"/>
        <line num="82" count="9" type="stmt"/>
        <line num="83" count="1" type="stmt"/>
        <line num="98" count="3" type="stmt"/>
        <line num="100" count="3" type="stmt"/>
        <line num="132" count="1" type="stmt"/>
      </file>
      <file name="tags.tsx" path="/Users/tevnpowers/Projects/consulting/RAHEEM/patch/frontend/src/components/tags.tsx">
        <metrics statements="5" coveredstatements="5" conditionals="20" coveredconditionals="15" methods="4" coveredmethods="4"/>
        <line num="22" count="45" type="stmt"/>
        <line num="23" count="2" type="stmt"/>
        <line num="26" count="45" type="stmt"/>
        <line num="30" count="56" type="stmt"/>
        <line num="84" count="2" type="stmt"/>
      </file>
      <file name="userIcon.tsx" path="/Users/tevnpowers/Projects/consulting/RAHEEM/patch/frontend/src/components/userIcon.tsx">
        <metrics statements="13" coveredstatements="12" conditionals="20" coveredconditionals="15" methods="1" coveredmethods="1"/>
        <line num="16" count="2" type="stmt"/>
        <line num="23" count="10" type="stmt"/>
        <line num="25" count="10" type="cond" truecount="2" falsecount="0"/>
        <line num="26" count="2" type="cond" truecount="2" falsecount="2"/>
        <line num="27" count="0" type="stmt"/>
        <line num="30" count="2" type="stmt"/>
        <line num="39" count="8" type="stmt"/>
        <line num="42" count="8" type="cond" truecount="2" falsecount="0"/>
        <line num="43" count="8" type="cond" truecount="2" falsecount="0"/>
        <line num="46" count="8" type="stmt"/>
        <line num="50" count="8" type="cond" truecount="2" falsecount="0"/>
        <line num="55" count="8" type="stmt"/>
        <line num="72" count="2" type="stmt"/>
      </file>
      <file name="validatableTextInput.tsx" path="/Users/tevnpowers/Projects/consulting/RAHEEM/patch/frontend/src/components/validatableTextInput.tsx">
        <metrics statements="9" coveredstatements="6" conditionals="12" coveredconditionals="9" methods="4" coveredmethods="2"/>
        <line num="23" count="1" type="stmt"/>
        <line num="25" count="18" type="stmt"/>
        <line num="27" count="18" type="cond" truecount="2" falsecount="0"/>
        <line num="29" count="18" type="stmt"/>
        <line num="41" count="0" type="stmt"/>
        <line num="42" count="0" type="stmt"/>
        <line num="50" count="4" type="stmt"/>
        <line num="51" count="0" type="stmt"/>
        <line num="61" count="1" type="stmt"/>
      </file>
      <file name="wheelPicker.tsx" path="/Users/tevnpowers/Projects/consulting/RAHEEM/patch/frontend/src/components/wheelPicker.tsx">
        <metrics statements="5" coveredstatements="2" conditionals="0" coveredconditionals="0" methods="3" coveredmethods="0"/>
        <line num="18" count="2" type="stmt"/>
        <line num="24" count="0" type="stmt"/>
        <line num="35" count="2" type="stmt"/>
        <line num="36" count="0" type="stmt"/>
        <line num="37" count="0" type="stmt"/>
      </file>
    </package>
    <package name="frontend.src.components.alerts">
      <metrics statements="25" coveredstatements="23" conditionals="21" coveredconditionals="18" methods="7" coveredmethods="6"/>
      <file name="alerts.tsx" path="/Users/tevnpowers/Projects/consulting/RAHEEM/patch/frontend/src/components/alerts/alerts.tsx">
        <metrics statements="25" coveredstatements="23" conditionals="21" coveredconditionals="18" methods="7" coveredmethods="6"/>
        <line num="11" count="1" type="stmt"/>
        <line num="12" count="56" type="cond" truecount="2" falsecount="0"/>
        <line num="14" count="56" type="stmt"/>
        <line num="15" count="0" type="stmt"/>
        <line num="16" count="0" type="stmt"/>
        <line num="19" count="56" type="stmt"/>
        <line num="20" count="22" type="cond" truecount="2" falsecount="0"/>
        <line num="21" count="21" type="stmt"/>
        <line num="24" count="1" type="stmt"/>
        <line num="26" count="1" type="cond" truecount="1" falsecount="1"/>
        <line num="30" count="1" type="stmt"/>
        <line num="46" count="2" type="stmt"/>
        <line num="47" count="1" type="stmt"/>
        <line num="48" count="1" type="stmt"/>
        <line num="51" count="2" type="stmt"/>
        <line num="76" count="56" type="stmt"/>
        <line num="77" count="22" type="cond" truecount="1" falsecount="1"/>
        <line num="83" count="15" type="stmt"/>
        <line num="92" count="56" type="cond" truecount="2" falsecount="0"/>
        <line num="93" count="29" type="stmt"/>
        <line num="98" count="27" type="cond" truecount="5" falsecount="0"/>
        <line num="99" count="5" type="stmt"/>
        <line num="102" count="22" type="stmt"/>
        <line num="110" count="1" type="stmt"/>
        <line num="112" count="1" type="stmt"/>
      </file>
    </package>
    <package name="frontend.src.components.bottomDrawer">
      <metrics statements="12" coveredstatements="7" conditionals="18" coveredconditionals="13" methods="4" coveredmethods="2"/>
      <file name="globalBottomDrawer.tsx" path="/Users/tevnpowers/Projects/consulting/RAHEEM/patch/frontend/src/components/bottomDrawer/globalBottomDrawer.tsx">
        <metrics statements="12" coveredstatements="7" conditionals="18" coveredconditionals="13" methods="4" coveredmethods="2"/>
        <line num="13" count="1" type="stmt"/>
        <line num="21" count="22" type="stmt"/>
        <line num="23" count="22" type="stmt"/>
        <line num="49" count="0" type="stmt"/>
        <line num="50" count="0" type="cond" truecount="0" falsecount="4"/>
        <line num="51" count="0" type="stmt"/>
        <line num="52" count="0" type="stmt"/>
        <line num="56" count="0" type="stmt"/>
        <line num="74" count="66" type="cond" truecount="4" falsecount="0"/>
        <line num="75" count="25" type="stmt"/>
        <line num="78" count="41" type="stmt"/>
        <line num="95" count="1" type="stmt"/>
      </file>
    </package>
    <package name="frontend.src.components.bottomDrawer.views">
      <metrics statements="329" coveredstatements="177" conditionals="56" coveredconditionals="28" methods="223" coveredmethods="106"/>
      <file name="addUser.tsx" path="/Users/tevnpowers/Projects/consulting/RAHEEM/patch/frontend/src/components/bottomDrawer/views/addUser.tsx">
        <metrics statements="35" coveredstatements="29" conditionals="0" coveredconditionals="0" methods="21" coveredmethods="17"/>
        <line num="20" count="2" type="stmt"/>
        <line num="22" count="2" type="stmt"/>
        <line num="23" count="4" type="stmt"/>
        <line num="24" count="4" type="stmt"/>
        <line num="28" count="2" type="stmt"/>
        <line num="33" count="2" type="stmt"/>
        <line num="37" count="0" type="stmt"/>
        <line num="44" count="1" type="stmt"/>
        <line num="45" count="1" type="stmt"/>
        <line num="46" count="1" type="stmt"/>
        <line num="47" count="1" type="stmt"/>
        <line num="49" count="0" type="stmt"/>
        <line num="50" count="0" type="stmt"/>
        <line num="52" count="1" type="stmt"/>
        <line num="55" count="1" type="stmt"/>
        <line num="56" count="1" type="stmt"/>
        <line num="60" count="6" type="stmt"/>
        <line num="66" count="2" type="stmt"/>
        <line num="79" count="2" type="stmt"/>
        <line num="80" count="2" type="stmt"/>
        <line num="86" count="2" type="stmt"/>
        <line num="88" count="4" type="stmt"/>
        <line num="91" count="4" type="stmt"/>
        <line num="95" count="6" type="stmt"/>
        <line num="104" count="4" type="stmt"/>
        <line num="106" count="6" type="stmt"/>
        <line num="109" count="2" type="stmt"/>
        <line num="114" count="8" type="stmt"/>
        <line num="122" count="12" type="stmt"/>
        <line num="124" count="1" type="stmt"/>
        <line num="126" count="0" type="stmt"/>
        <line num="129" count="0" type="stmt"/>
        <line num="130" count="0" type="stmt"/>
        <line num="150" count="2" type="stmt"/>
        <line num="156" count="2" type="stmt"/>
      </file>
      <file name="assignResponders.tsx" path="/Users/tevnpowers/Projects/consulting/RAHEEM/patch/frontend/src/components/bottomDrawer/views/assignResponders.tsx">
        <metrics statements="40" coveredstatements="36" conditionals="16" coveredconditionals="13" methods="15" coveredmethods="13"/>
        <line num="18" count="2" type="stmt"/>
        <line num="23" count="2" type="stmt"/>
        <line num="27" count="2" type="stmt"/>
        <line num="28" count="0" type="cond" truecount="0" falsecount="2"/>
        <line num="32" count="2" type="stmt"/>
        <line num="33" count="6" type="stmt"/>
        <line num="37" count="0" type="stmt"/>
        <line num="42" count="1" type="stmt"/>
        <line num="44" count="1" type="stmt"/>
        <line num="45" count="1" type="stmt"/>
        <line num="46" count="1" type="stmt"/>
        <line num="48" count="0" type="stmt"/>
        <line num="49" count="0" type="stmt"/>
        <line num="51" count="1" type="stmt"/>
        <line num="54" count="1" type="stmt"/>
        <line num="56" count="1" type="stmt"/>
        <line num="59" count="7" type="stmt"/>
        <line num="60" count="7" type="stmt"/>
        <line num="62" count="7" type="stmt"/>
        <line num="65" count="7" type="stmt"/>
        <line num="71" count="6" type="stmt"/>
        <line num="74" count="2" type="stmt"/>
        <line num="75" count="2" type="stmt"/>
        <line num="78" count="2" type="stmt"/>
        <line num="79" count="2" type="stmt"/>
        <line num="82" count="2" type="stmt"/>
        <line num="84" count="6" type="stmt"/>
        <line num="116" count="6" type="stmt"/>
        <line num="119" count="2" type="stmt"/>
        <line num="120" count="6" type="cond" truecount="2" falsecount="0"/>
        <line num="121" count="6" type="stmt"/>
        <line num="146" count="2" type="stmt"/>
        <line num="148" count="6" type="stmt"/>
        <line num="152" count="12" type="stmt"/>
        <line num="153" count="12" type="stmt"/>
        <line num="154" count="12" type="cond" truecount="2" falsecount="0"/>
        <line num="155" count="12" type="stmt"/>
        <line num="157" count="12" type="stmt"/>
        <line num="186" count="6" type="stmt"/>
        <line num="197" count="2" type="stmt"/>
      </file>
      <file name="createRequest.tsx" path="/Users/tevnpowers/Projects/consulting/RAHEEM/patch/frontend/src/components/bottomDrawer/views/createRequest.tsx">
        <metrics statements="79" coveredstatements="61" conditionals="6" coveredconditionals="5" methods="64" coveredmethods="47"/>
        <line num="24" count="4" type="stmt"/>
        <line num="26" count="2" type="stmt"/>
        <line num="29" count="4" type="stmt"/>
        <line num="30" count="4" type="stmt"/>
        <line num="34" count="4" type="stmt"/>
        <line num="35" count="12" type="stmt"/>
        <line num="38" count="4" type="stmt"/>
        <line num="39" count="8" type="stmt"/>
        <line num="40" count="8" type="stmt"/>
        <line num="44" count="4" type="stmt"/>
        <line num="50" count="6" type="stmt"/>
        <line num="54" count="0" type="stmt"/>
        <line num="61" count="2" type="stmt"/>
        <line num="62" count="2" type="stmt"/>
        <line num="63" count="2" type="stmt"/>
        <line num="65" count="0" type="stmt"/>
        <line num="66" count="0" type="stmt"/>
        <line num="68" count="2" type="stmt"/>
        <line num="71" count="2" type="stmt"/>
        <line num="76" count="2" type="stmt"/>
        <line num="78" count="2" type="stmt"/>
        <line num="79" count="2" type="stmt"/>
        <line num="80" count="2" type="stmt"/>
        <line num="84" count="17" type="stmt"/>
        <line num="92" count="6" type="stmt"/>
        <line num="110" count="4" type="stmt"/>
        <line num="112" count="6" type="stmt"/>
        <line num="120" count="2" type="stmt"/>
        <line num="122" count="8" type="stmt"/>
        <line num="125" count="11" type="stmt"/>
        <line num="130" count="10" type="stmt"/>
        <line num="131" count="8" type="stmt"/>
        <line num="132" count="16" type="stmt"/>
        <line num="139" count="7" type="stmt"/>
        <line num="140" count="6" type="stmt"/>
        <line num="141" count="1" type="stmt"/>
        <line num="143" count="28" type="stmt"/>
        <line num="146" count="0" type="stmt"/>
        <line num="152" count="13" type="stmt"/>
        <line num="159" count="1" type="stmt"/>
        <line num="161" count="28" type="stmt"/>
        <line num="164" count="0" type="stmt"/>
        <line num="168" count="8" type="stmt"/>
        <line num="169" count="0" type="stmt"/>
        <line num="170" count="8" type="stmt"/>
        <line num="178" count="0" type="stmt"/>
        <line num="180" count="10" type="stmt"/>
        <line num="183" count="0" type="stmt"/>
        <line num="187" count="10" type="stmt"/>
        <line num="193" count="0" type="stmt"/>
        <line num="200" count="0" type="stmt"/>
        <line num="202" count="8" type="stmt"/>
        <line num="205" count="0" type="stmt"/>
        <line num="209" count="8" type="stmt"/>
        <line num="214" count="1" type="stmt"/>
        <line num="220" count="0" type="stmt"/>
        <line num="222" count="6" type="stmt"/>
        <line num="225" count="0" type="stmt"/>
        <line num="229" count="6" type="stmt"/>
        <line num="236" count="0" type="stmt"/>
        <line num="238" count="6" type="stmt"/>
        <line num="241" count="0" type="stmt"/>
        <line num="245" count="6" type="stmt"/>
        <line num="253" count="1" type="stmt"/>
        <line num="256" count="22" type="stmt"/>
        <line num="258" count="0" type="stmt"/>
        <line num="259" count="6" type="stmt"/>
        <line num="260" count="6" type="stmt"/>
        <line num="271" count="1" type="stmt"/>
        <line num="273" count="4" type="cond" truecount="2" falsecount="0"/>
        <line num="278" count="0" type="stmt"/>
        <line num="282" count="8" type="stmt"/>
        <line num="283" count="4" type="stmt"/>
        <line num="284" count="8" type="stmt"/>
        <line num="293" count="12" type="stmt"/>
        <line num="299" count="1" type="stmt"/>
        <line num="302" count="24" type="stmt"/>
        <line num="305" count="0" type="stmt"/>
        <line num="332" count="6" type="stmt"/>
      </file>
      <file name="editRequest.tsx" path="/Users/tevnpowers/Projects/consulting/RAHEEM/patch/frontend/src/components/bottomDrawer/views/editRequest.tsx">
        <metrics statements="76" coveredstatements="0" conditionals="6" coveredconditionals="0" methods="63" coveredmethods="0"/>
        <line num="23" count="0" type="stmt"/>
        <line num="26" count="0" type="stmt"/>
        <line num="29" count="0" type="stmt"/>
        <line num="30" count="0" type="stmt"/>
        <line num="33" count="0" type="stmt"/>
        <line num="34" count="0" type="stmt"/>
        <line num="35" count="0" type="stmt"/>
        <line num="39" count="0" type="stmt"/>
        <line num="44" count="0" type="stmt"/>
        <line num="48" count="0" type="stmt"/>
        <line num="53" count="0" type="stmt"/>
        <line num="54" count="0" type="stmt"/>
        <line num="55" count="0" type="stmt"/>
        <line num="57" count="0" type="stmt"/>
        <line num="58" count="0" type="stmt"/>
        <line num="60" count="0" type="stmt"/>
        <line num="63" count="0" type="stmt"/>
        <line num="68" count="0" type="stmt"/>
        <line num="70" count="0" type="stmt"/>
        <line num="72" count="0" type="stmt"/>
        <line num="76" count="0" type="stmt"/>
        <line num="82" count="0" type="stmt"/>
        <line num="95" count="0" type="stmt"/>
        <line num="96" count="0" type="stmt"/>
        <line num="104" count="0" type="stmt"/>
        <line num="106" count="0" type="stmt"/>
        <line num="109" count="0" type="stmt"/>
        <line num="114" count="0" type="stmt"/>
        <line num="115" count="0" type="stmt"/>
        <line num="116" count="0" type="stmt"/>
        <line num="123" count="0" type="stmt"/>
        <line num="124" count="0" type="stmt"/>
        <line num="125" count="0" type="stmt"/>
        <line num="127" count="0" type="stmt"/>
        <line num="130" count="0" type="stmt"/>
        <line num="136" count="0" type="stmt"/>
        <line num="143" count="0" type="stmt"/>
        <line num="145" count="0" type="stmt"/>
        <line num="148" count="0" type="stmt"/>
        <line num="152" count="0" type="stmt"/>
        <line num="153" count="0" type="stmt"/>
        <line num="154" count="0" type="stmt"/>
        <line num="162" count="0" type="stmt"/>
        <line num="164" count="0" type="stmt"/>
        <line num="167" count="0" type="stmt"/>
        <line num="171" count="0" type="stmt"/>
        <line num="177" count="0" type="stmt"/>
        <line num="184" count="0" type="stmt"/>
        <line num="186" count="0" type="stmt"/>
        <line num="189" count="0" type="stmt"/>
        <line num="193" count="0" type="stmt"/>
        <line num="198" count="0" type="stmt"/>
        <line num="204" count="0" type="stmt"/>
        <line num="206" count="0" type="stmt"/>
        <line num="209" count="0" type="stmt"/>
        <line num="213" count="0" type="stmt"/>
        <line num="219" count="0" type="stmt"/>
        <line num="221" count="0" type="stmt"/>
        <line num="224" count="0" type="stmt"/>
        <line num="228" count="0" type="stmt"/>
        <line num="235" count="0" type="stmt"/>
        <line num="238" count="0" type="stmt"/>
        <line num="240" count="0" type="stmt"/>
        <line num="241" count="0" type="stmt"/>
        <line num="242" count="0" type="stmt"/>
        <line num="253" count="0" type="stmt"/>
        <line num="255" count="0" type="cond" truecount="0" falsecount="2"/>
        <line num="260" count="0" type="stmt"/>
        <line num="269" count="0" type="stmt"/>
        <line num="270" count="0" type="stmt"/>
        <line num="271" count="0" type="stmt"/>
        <line num="275" count="0" type="stmt"/>
        <line num="281" count="0" type="stmt"/>
        <line num="284" count="0" type="stmt"/>
        <line num="287" count="0" type="stmt"/>
        <line num="314" count="0" type="stmt"/>
      </file>
      <file name="editUser.tsx" path="/Users/tevnpowers/Projects/consulting/RAHEEM/patch/frontend/src/components/bottomDrawer/views/editUser.tsx">
        <metrics statements="99" coveredstatements="51" conditionals="28" coveredconditionals="10" methods="60" coveredmethods="29"/>
        <line num="23" count="2" type="stmt"/>
        <line num="26" count="32" type="stmt"/>
        <line num="30" count="22" type="cond" truecount="1" falsecount="1"/>
        <line num="35" count="2" type="stmt"/>
        <line num="36" count="4" type="stmt"/>
        <line num="37" count="4" type="stmt"/>
        <line num="41" count="2" type="stmt"/>
        <line num="46" count="2" type="stmt"/>
        <line num="50" count="0" type="stmt"/>
        <line num="55" count="1" type="stmt"/>
        <line num="56" count="1" type="stmt"/>
        <line num="58" count="1" type="cond" truecount="1" falsecount="1"/>
        <line num="62" count="0" type="stmt"/>
        <line num="63" count="0" type="stmt"/>
        <line num="65" count="1" type="stmt"/>
        <line num="68" count="1" type="cond" truecount="1" falsecount="1"/>
        <line num="72" count="1" type="stmt"/>
        <line num="74" count="1" type="stmt"/>
        <line num="78" count="7" type="stmt"/>
        <line num="84" count="2" type="stmt"/>
        <line num="113" count="2" type="stmt"/>
        <line num="114" count="2" type="stmt"/>
        <line num="116" count="2" type="stmt"/>
        <line num="128" count="2" type="stmt"/>
        <line num="129" count="0" type="cond" truecount="0" falsecount="2"/>
        <line num="130" count="0" type="stmt"/>
        <line num="131" count="0" type="stmt"/>
        <line num="132" count="0" type="stmt"/>
        <line num="136" count="2" type="stmt"/>
        <line num="137" count="0" type="stmt"/>
        <line num="139" count="0" type="stmt"/>
        <line num="141" count="0" type="cond" truecount="0" falsecount="2"/>
        <line num="142" count="0" type="stmt"/>
        <line num="144" count="0" type="stmt"/>
        <line num="146" count="0" type="stmt"/>
        <line num="148" count="0" type="stmt"/>
        <line num="151" count="0" type="stmt"/>
        <line num="153" count="0" type="stmt"/>
        <line num="155" count="0" type="stmt"/>
        <line num="159" count="2" type="cond" truecount="1" falsecount="1"/>
        <line num="161" count="2" type="stmt"/>
        <line num="162" count="0" type="stmt"/>
        <line num="179" count="2" type="stmt"/>
        <line num="180" count="0" type="stmt"/>
        <line num="191" count="0" type="stmt"/>
        <line num="192" count="0" type="stmt"/>
        <line num="194" count="0" type="stmt"/>
        <line num="203" count="2" type="stmt"/>
        <line num="204" count="0" type="stmt"/>
        <line num="205" count="0" type="stmt"/>
        <line num="207" count="0" type="stmt"/>
        <line num="210" count="0" type="stmt"/>
        <line num="211" count="0" type="stmt"/>
        <line num="213" count="0" type="stmt"/>
        <line num="217" count="0" type="stmt"/>
        <line num="218" count="0" type="stmt"/>
        <line num="233" count="0" type="stmt"/>
        <line num="234" count="0" type="stmt"/>
        <line num="235" count="0" type="stmt"/>
        <line num="241" count="0" type="stmt"/>
        <line num="243" count="0" type="stmt"/>
        <line num="246" count="2" type="stmt"/>
        <line num="247" count="2" type="stmt"/>
        <line num="248" count="2" type="stmt"/>
        <line num="250" count="2" type="stmt"/>
        <line num="252" count="0" type="stmt"/>
        <line num="253" count="2" type="stmt"/>
        <line num="254" count="4" type="stmt"/>
        <line num="257" count="4" type="stmt"/>
        <line num="263" count="0" type="stmt"/>
        <line num="264" count="0" type="stmt"/>
        <line num="265" count="0" type="stmt"/>
        <line num="268" count="2" type="stmt"/>
        <line num="269" count="0" type="stmt"/>
        <line num="270" count="2" type="stmt"/>
        <line num="274" count="0" type="stmt"/>
        <line num="275" count="2" type="stmt"/>
        <line num="276" count="0" type="stmt"/>
        <line num="279" count="2" type="stmt"/>
        <line num="283" count="2" type="stmt"/>
        <line num="284" count="4" type="stmt"/>
        <line num="285" count="4" type="stmt"/>
        <line num="288" count="6" type="stmt"/>
        <line num="297" count="0" type="stmt"/>
        <line num="298" count="2" type="stmt"/>
        <line num="299" count="0" type="stmt"/>
        <line num="302" count="2" type="stmt"/>
        <line num="312" count="14" type="stmt"/>
        <line num="313" count="1" type="stmt"/>
        <line num="314" count="0" type="stmt"/>
        <line num="317" count="0" type="stmt"/>
        <line num="318" count="0" type="stmt"/>
        <line num="333" count="14" type="stmt"/>
        <line num="334" count="1" type="stmt"/>
        <line num="335" count="0" type="stmt"/>
        <line num="341" count="8" type="stmt"/>
        <line num="343" count="2" type="stmt"/>
        <line num="347" count="2" type="stmt"/>
        <line num="351" count="2" type="stmt"/>
      </file>
    </package>
    <package name="frontend.src.components.chats">
      <metrics statements="62" coveredstatements="4" conditionals="31" coveredconditionals="0" methods="20" coveredmethods="0"/>
      <file name="helpRequestChatChannel.tsx" path="/Users/tevnpowers/Projects/consulting/RAHEEM/patch/frontend/src/components/chats/helpRequestChatChannel.tsx">
        <metrics statements="47" coveredstatements="2" conditionals="19" coveredconditionals="0" methods="16" coveredmethods="0"/>
        <line num="20" count="1" type="stmt"/>
        <line num="21" count="0" type="stmt"/>
        <line num="22" count="0" type="stmt"/>
        <line num="24" count="0" type="stmt"/>
        <line num="25" count="0" type="stmt"/>
        <line num="27" count="0" type="stmt"/>
        <line num="29" count="0" type="stmt"/>
        <line num="31" count="0" type="stmt"/>
        <line num="32" count="0" type="stmt"/>
        <line num="33" count="0" type="stmt"/>
        <line num="36" count="0" type="stmt"/>
        <line num="37" count="0" type="stmt"/>
        <line num="41" count="0" type="stmt"/>
        <line num="42" count="0" type="cond" truecount="0" falsecount="4"/>
        <line num="43" count="0" type="stmt"/>
        <line num="46" count="0" type="stmt"/>
        <line num="50" count="0" type="stmt"/>
        <line num="51" count="0" type="stmt"/>
        <line num="52" count="0" type="stmt"/>
        <line num="54" count="0" type="stmt"/>
        <line num="68" count="0" type="stmt"/>
        <line num="69" count="0" type="stmt"/>
        <line num="71" count="0" type="stmt"/>
        <line num="72" count="0" type="stmt"/>
        <line num="73" count="0" type="stmt"/>
        <line num="74" count="0" type="stmt"/>
        <line num="76" count="0" type="stmt"/>
        <line num="78" count="0" type="stmt"/>
        <line num="79" count="0" type="stmt"/>
        <line num="83" count="0" type="stmt"/>
        <line num="84" count="0" type="stmt"/>
        <line num="102" count="0" type="cond" truecount="0" falsecount="2"/>
        <line num="103" count="0" type="stmt"/>
        <line num="107" count="0" type="stmt"/>
        <line num="108" count="0" type="stmt"/>
        <line num="114" count="0" type="stmt"/>
        <line num="129" count="0" type="stmt"/>
        <line num="130" count="0" type="stmt"/>
        <line num="133" count="0" type="stmt"/>
        <line num="136" count="0" type="stmt"/>
        <line num="137" count="0" type="stmt"/>
        <line num="138" count="0" type="stmt"/>
        <line num="139" count="0" type="cond" truecount="0" falsecount="3"/>
        <line num="141" count="0" type="stmt"/>
        <line num="143" count="0" type="stmt"/>
        <line num="163" count="0" type="stmt"/>
        <line num="175" count="1" type="stmt"/>
      </file>
      <file name="helpRequestChatPreview.tsx" path="/Users/tevnpowers/Projects/consulting/RAHEEM/patch/frontend/src/components/chats/helpRequestChatPreview.tsx">
        <metrics statements="15" coveredstatements="2" conditionals="12" coveredconditionals="0" methods="4" coveredmethods="0"/>
        <line num="18" count="1" type="stmt"/>
        <line num="22" count="0" type="stmt"/>
        <line num="23" count="0" type="stmt"/>
        <line num="24" count="0" type="stmt"/>
        <line num="29" count="0" type="stmt"/>
        <line num="30" count="0" type="cond" truecount="0" falsecount="4"/>
        <line num="34" count="0" type="stmt"/>
        <line num="44" count="0" type="stmt"/>
        <line num="45" count="0" type="stmt"/>
        <line num="46" count="0" type="stmt"/>
        <line num="47" count="0" type="stmt"/>
        <line num="49" count="0" type="cond" truecount="0" falsecount="4"/>
        <line num="61" count="0" type="stmt"/>
        <line num="75" count="0" type="stmt"/>
        <line num="99" count="1" type="stmt"/>
      </file>
    </package>
    <package name="frontend.src.components.forms">
      <metrics statements="352" coveredstatements="175" conditionals="164" coveredconditionals="93" methods="121" coveredmethods="50"/>
      <file name="editCategorizedItemForm.tsx" path="/Users/tevnpowers/Projects/consulting/RAHEEM/patch/frontend/src/components/forms/editCategorizedItemForm.tsx">
        <metrics statements="71" coveredstatements="4" conditionals="14" coveredconditionals="0" methods="30" coveredmethods="0"/>
        <line num="18" count="2" type="stmt"/>
        <line num="30" count="2" type="stmt"/>
        <line num="39" count="0" type="stmt"/>
        <line num="40" count="0" type="stmt"/>
        <line num="41" count="0" type="stmt"/>
        <line num="43" count="0" type="stmt"/>
        <line num="45" count="0" type="stmt"/>
        <line num="49" count="0" type="stmt"/>
        <line num="50" count="0" type="stmt"/>
        <line num="51" count="0" type="stmt"/>
        <line num="52" count="0" type="stmt"/>
        <line num="53" count="0" type="stmt"/>
        <line num="55" count="0" type="stmt"/>
        <line num="59" count="0" type="stmt"/>
        <line num="65" count="0" type="stmt"/>
        <line num="66" count="0" type="stmt"/>
        <line num="67" count="0" type="stmt"/>
        <line num="74" count="0" type="stmt"/>
        <line num="76" count="0" type="stmt"/>
        <line num="77" count="0" type="stmt"/>
        <line num="78" count="0" type="stmt"/>
        <line num="84" count="0" type="stmt"/>
        <line num="85" count="0" type="cond" truecount="0" falsecount="2"/>
        <line num="86" count="0" type="stmt"/>
        <line num="87" count="0" type="stmt"/>
        <line num="88" count="0" type="stmt"/>
        <line num="92" count="0" type="stmt"/>
        <line num="93" count="0" type="stmt"/>
        <line num="96" count="0" type="stmt"/>
        <line num="97" count="0" type="stmt"/>
        <line num="99" count="0" type="stmt"/>
        <line num="108" count="0" type="stmt"/>
        <line num="109" count="0" type="stmt"/>
        <line num="111" count="0" type="stmt"/>
        <line num="112" count="0" type="stmt"/>
        <line num="113" count="0" type="stmt"/>
        <line num="118" count="0" type="stmt"/>
        <line num="130" count="0" type="stmt"/>
        <line num="131" count="0" type="stmt"/>
        <line num="133" count="0" type="stmt"/>
        <line num="134" count="0" type="stmt"/>
        <line num="135" count="0" type="stmt"/>
        <line num="140" count="0" type="stmt"/>
        <line num="147" count="0" type="stmt"/>
        <line num="161" count="0" type="stmt"/>
        <line num="166" count="0" type="stmt"/>
        <line num="167" count="0" type="stmt"/>
        <line num="180" count="0" type="stmt"/>
        <line num="199" count="2" type="stmt"/>
        <line num="212" count="0" type="stmt"/>
        <line num="213" count="0" type="stmt"/>
        <line num="214" count="0" type="stmt"/>
        <line num="215" count="0" type="stmt"/>
        <line num="216" count="0" type="stmt"/>
        <line num="219" count="0" type="cond" truecount="0" falsecount="4"/>
        <line num="220" count="0" type="stmt"/>
        <line num="222" count="0" type="stmt"/>
        <line num="226" count="0" type="stmt"/>
        <line num="228" count="0" type="cond" truecount="0" falsecount="2"/>
        <line num="229" count="0" type="stmt"/>
        <line num="230" count="0" type="stmt"/>
        <line num="236" count="0" type="stmt"/>
        <line num="237" count="0" type="cond" truecount="0" falsecount="2"/>
        <line num="238" count="0" type="stmt"/>
        <line num="240" count="0" type="stmt"/>
        <line num="241" count="0" type="stmt"/>
        <line num="242" count="0" type="stmt"/>
        <line num="247" count="0" type="stmt"/>
        <line num="248" count="0" type="stmt"/>
        <line num="251" count="0" type="stmt"/>
        <line num="261" count="2" type="stmt"/>
      </file>
      <file name="editRolesForm.tsx" path="/Users/tevnpowers/Projects/consulting/RAHEEM/patch/frontend/src/components/forms/editRolesForm.tsx">
        <metrics statements="33" coveredstatements="1" conditionals="2" coveredconditionals="0" methods="13" coveredmethods="0"/>
        <line num="23" count="2" type="stmt"/>
        <line num="24" count="0" type="stmt"/>
        <line num="26" count="0" type="stmt"/>
        <line num="27" count="0" type="stmt"/>
        <line num="28" count="0" type="stmt"/>
        <line num="31" count="0" type="stmt"/>
        <line num="32" count="0" type="stmt"/>
        <line num="35" count="0" type="stmt"/>
        <line num="43" count="0" type="stmt"/>
        <line num="44" count="0" type="stmt"/>
        <line num="45" count="0" type="stmt"/>
        <line num="48" count="0" type="stmt"/>
        <line num="49" count="0" type="stmt"/>
        <line num="50" count="0" type="stmt"/>
        <line num="51" count="0" type="stmt"/>
        <line num="53" count="0" type="stmt"/>
        <line num="57" count="0" type="stmt"/>
        <line num="62" count="0" type="stmt"/>
        <line num="69" count="0" type="stmt"/>
        <line num="81" count="0" type="stmt"/>
        <line num="82" count="0" type="stmt"/>
        <line num="83" count="0" type="stmt"/>
        <line num="86" count="0" type="stmt"/>
        <line num="87" count="0" type="stmt"/>
        <line num="88" count="0" type="stmt"/>
        <line num="89" count="0" type="stmt"/>
        <line num="91" count="0" type="stmt"/>
        <line num="95" count="0" type="stmt"/>
        <line num="105" count="0" type="stmt"/>
        <line num="108" count="0" type="stmt"/>
        <line num="113" count="0" type="stmt"/>
        <line num="123" count="0" type="stmt"/>
        <line num="137" count="0" type="stmt"/>
      </file>
      <file name="form.tsx" path="/Users/tevnpowers/Projects/consulting/RAHEEM/patch/frontend/src/components/forms/form.tsx">
        <metrics statements="211" coveredstatements="169" conditionals="134" coveredconditionals="93" methods="61" coveredmethods="50"/>
        <line num="15" count="2" type="stmt"/>
        <line num="41" count="2" type="stmt"/>
        <line num="47" count="29" type="stmt"/>
        <line num="48" count="29" type="stmt"/>
        <line num="52" count="29" type="stmt"/>
        <line num="53" count="31" type="stmt"/>
        <line num="56" count="29" type="stmt"/>
        <line num="57" count="15" type="stmt"/>
        <line num="58" count="102" type="stmt"/>
        <line num="62" count="29" type="stmt"/>
        <line num="63" count="31" type="stmt"/>
        <line num="64" count="104" type="stmt"/>
        <line num="70" count="29" type="stmt"/>
        <line num="71" count="31" type="stmt"/>
        <line num="74" count="29" type="stmt"/>
        <line num="75" count="31" type="stmt"/>
        <line num="78" count="104" type="stmt"/>
        <line num="83" count="29" type="stmt"/>
        <line num="84" count="186" type="stmt"/>
        <line num="85" count="45" type="stmt"/>
        <line num="87" count="45" type="stmt"/>
        <line num="88" count="45" type="stmt"/>
        <line num="93" count="29" type="stmt"/>
        <line num="94" count="0" type="stmt"/>
        <line num="97" count="29" type="stmt"/>
        <line num="99" count="29" type="stmt"/>
        <line num="104" count="29" type="stmt"/>
        <line num="106" count="322" type="stmt"/>
        <line num="109" count="29" type="stmt"/>
        <line num="111" count="104" type="stmt"/>
        <line num="113" count="104" type="cond" truecount="1" falsecount="1"/>
        <line num="114" count="0" type="stmt"/>
        <line num="116" count="0" type="cond" truecount="0" falsecount="4"/>
        <line num="117" count="0" type="stmt"/>
        <line num="119" count="0" type="stmt"/>
        <line num="120" count="0" type="stmt"/>
        <line num="123" count="0" type="stmt"/>
        <line num="125" count="0" type="stmt"/>
        <line num="128" count="104" type="stmt"/>
        <line num="134" count="29" type="stmt"/>
        <line num="135" count="31" type="stmt"/>
        <line num="137" count="31" type="stmt"/>
        <line num="138" count="60" type="cond" truecount="2" falsecount="0"/>
        <line num="139" count="20" type="stmt"/>
        <line num="141" count="20" type="stmt"/>
        <line num="142" count="64" type="stmt"/>
        <line num="145" count="20" type="stmt"/>
        <line num="147" count="40" type="stmt"/>
        <line num="148" count="40" type="stmt"/>
        <line num="152" count="31" type="stmt"/>
        <line num="155" count="29" type="stmt"/>
        <line num="156" count="31" type="stmt"/>
        <line num="158" count="31" type="stmt"/>
        <line num="159" count="60" type="cond" truecount="2" falsecount="0"/>
        <line num="160" count="20" type="stmt"/>
        <line num="162" count="40" type="stmt"/>
        <line num="166" count="31" type="stmt"/>
        <line num="169" count="29" type="stmt"/>
        <line num="171" count="29" type="stmt"/>
        <line num="172" count="0" type="cond" truecount="0" falsecount="2"/>
        <line num="173" count="0" type="stmt"/>
        <line num="177" count="29" type="stmt"/>
        <line num="178" count="0" type="cond" truecount="0" falsecount="2"/>
        <line num="179" count="0" type="stmt"/>
        <line num="182" count="0" type="stmt"/>
        <line num="184" count="0" type="stmt"/>
        <line num="185" count="0" type="stmt"/>
        <line num="187" count="0" type="stmt"/>
        <line num="191" count="29" type="stmt"/>
        <line num="192" count="12" type="stmt"/>
        <line num="193" count="12" type="stmt"/>
        <line num="196" count="29" type="stmt"/>
        <line num="197" count="4" type="stmt"/>
        <line num="200" count="29" type="stmt"/>
        <line num="201" count="116" type="cond" truecount="2" falsecount="0"/>
        <line num="202" count="4" type="stmt"/>
        <line num="212" count="112" type="stmt"/>
        <line num="214" count="112" type="cond" truecount="1" falsecount="1"/>
        <line num="215" count="0" type="stmt"/>
        <line num="219" count="112" type="cond" truecount="2" falsecount="0"/>
        <line num="220" count="22" type="stmt"/>
        <line num="222" count="22" type="cond" truecount="1" falsecount="1"/>
        <line num="224" count="22" type="cond" truecount="1" falsecount="1"/>
        <line num="225" count="22" type="stmt"/>
        <line num="227" count="42" type="stmt"/>
        <line num="229" count="0" type="stmt"/>
        <line num="236" count="112" type="stmt"/>
        <line num="238" count="112" type="cond" truecount="2" falsecount="0"/>
        <line num="239" count="54" type="stmt"/>
        <line num="241" count="54" type="stmt"/>
        <line num="242" count="19" type="stmt"/>
        <line num="243" count="19" type="stmt"/>
        <line num="248" count="112" type="stmt"/>
        <line num="249" count="112" type="stmt"/>
        <line num="251" count="112" type="cond" truecount="2" falsecount="0"/>
        <line num="253" count="112" type="cond" truecount="2" falsecount="0"/>
        <line num="254" count="36" type="stmt"/>
        <line num="265" count="76" type="cond" truecount="2" falsecount="0"/>
        <line num="267" count="76" type="cond" truecount="2" falsecount="0"/>
        <line num="268" count="54" type="stmt"/>
        <line num="276" count="22" type="stmt"/>
        <line num="286" count="29" type="stmt"/>
        <line num="287" count="22" type="stmt"/>
        <line num="291" count="22" type="stmt"/>
        <line num="292" count="64" type="cond" truecount="2" falsecount="0"/>
        <line num="294" count="24" type="cond" truecount="2" falsecount="0"/>
        <line num="295" count="1" type="stmt"/>
        <line num="296" count="1" type="stmt"/>
        <line num="299" count="23" type="stmt"/>
        <line num="300" count="75" type="cond" truecount="2" falsecount="0"/>
        <line num="306" count="75" type="stmt"/>
        <line num="309" count="40" type="stmt"/>
        <line num="313" count="22" type="stmt"/>
        <line num="316" count="29" type="stmt"/>
        <line num="317" count="14" type="cond" truecount="1" falsecount="1"/>
        <line num="339" count="29" type="cond" truecount="2" falsecount="0"/>
        <line num="340" count="25" type="stmt"/>
        <line num="342" count="25" type="stmt"/>
        <line num="347" count="17" type="stmt"/>
        <line num="348" count="0" type="stmt"/>
        <line num="352" count="25" type="stmt"/>
        <line num="363" count="4" type="stmt"/>
        <line num="392" count="29" type="stmt"/>
        <line num="393" count="0" type="stmt"/>
        <line num="394" count="0" type="stmt"/>
        <line num="395" count="0" type="stmt"/>
        <line num="398" count="0" type="stmt"/>
        <line num="401" count="156" type="stmt"/>
        <line num="402" count="25" type="stmt"/>
        <line num="404" count="25" type="stmt"/>
        <line num="406" count="25" type="cond" truecount="1" falsecount="1"/>
        <line num="407" count="25" type="cond" truecount="1" falsecount="1"/>
        <line num="408" count="25" type="stmt"/>
        <line num="410" count="25" type="stmt"/>
        <line num="411" count="24" type="stmt"/>
        <line num="412" count="24" type="stmt"/>
        <line num="417" count="25" type="stmt"/>
        <line num="418" count="12" type="stmt"/>
        <line num="419" count="12" type="stmt"/>
        <line num="420" count="12" type="stmt"/>
        <line num="423" count="25" type="stmt"/>
        <line num="425" count="25" type="stmt"/>
        <line num="436" count="29" type="stmt"/>
        <line num="437" count="0" type="stmt"/>
        <line num="438" count="0" type="stmt"/>
        <line num="439" count="0" type="stmt"/>
        <line num="440" count="0" type="stmt"/>
        <line num="443" count="0" type="stmt"/>
        <line num="446" count="29" type="stmt"/>
        <line num="447" count="24" type="stmt"/>
        <line num="449" count="24" type="stmt"/>
        <line num="455" count="55" type="stmt"/>
        <line num="462" count="4" type="stmt"/>
        <line num="472" count="156" type="stmt"/>
        <line num="483" count="14" type="stmt"/>
        <line num="504" count="2" type="stmt"/>
        <line num="505" count="116" type="cond" truecount="4" falsecount="0"/>
        <line num="507" count="27" type="stmt"/>
        <line num="509" count="25" type="stmt"/>
        <line num="511" count="21" type="stmt"/>
        <line num="513" count="43" type="stmt"/>
        <line num="517" count="2" type="stmt"/>
        <line num="524" count="30" type="stmt"/>
        <line num="525" count="4" type="cond" truecount="1" falsecount="1"/>
        <line num="526" count="0" type="stmt"/>
        <line num="529" count="4" type="cond" truecount="1" falsecount="1"/>
        <line num="530" count="0" type="stmt"/>
        <line num="533" count="4" type="stmt"/>
        <line num="534" count="4" type="stmt"/>
        <line num="537" count="30" type="stmt"/>
        <line num="538" count="30" type="stmt"/>
        <line num="540" count="30" type="stmt"/>
        <line num="548" count="30" type="cond" truecount="2" falsecount="0"/>
        <line num="550" count="30" type="cond" truecount="2" falsecount="0"/>
        <line num="629" count="55" type="stmt"/>
        <line num="631" count="54" type="stmt"/>
        <line num="639" count="54" type="cond" truecount="2" falsecount="0"/>
        <line num="641" count="54" type="stmt"/>
        <line num="668" count="2" type="stmt"/>
        <line num="677" count="28" type="stmt"/>
        <line num="678" count="8" type="cond" truecount="1" falsecount="1"/>
        <line num="679" count="0" type="stmt"/>
        <line num="682" count="8" type="cond" truecount="1" falsecount="1"/>
        <line num="683" count="0" type="stmt"/>
        <line num="686" count="8" type="stmt"/>
        <line num="687" count="8" type="stmt"/>
        <line num="690" count="28" type="stmt"/>
        <line num="691" count="0" type="cond" truecount="0" falsecount="2"/>
        <line num="692" count="0" type="stmt"/>
        <line num="695" count="0" type="stmt"/>
        <line num="698" count="28" type="stmt"/>
        <line num="700" count="28" type="stmt"/>
        <line num="708" count="28" type="cond" truecount="2" falsecount="0"/>
        <line num="710" count="28" type="stmt"/>
        <line num="746" count="2" type="stmt"/>
        <line num="753" count="4" type="stmt"/>
        <line num="754" count="0" type="cond" truecount="0" falsecount="2"/>
        <line num="755" count="0" type="stmt"/>
        <line num="758" count="0" type="cond" truecount="0" falsecount="2"/>
        <line num="759" count="0" type="stmt"/>
        <line num="762" count="0" type="stmt"/>
        <line num="763" count="0" type="stmt"/>
        <line num="766" count="4" type="stmt"/>
        <line num="767" count="1" type="cond" truecount="1" falsecount="1"/>
        <line num="768" count="1" type="stmt"/>
        <line num="770" count="0" type="stmt"/>
        <line num="774" count="4" type="stmt"/>
        <line num="783" count="4" type="cond" truecount="2" falsecount="0"/>
        <line num="785" count="4" type="cond" truecount="1" falsecount="1"/>
        <line num="789" count="4" type="stmt"/>
        <line num="834" count="2" type="stmt"/>
      </file>
      <file name="types.ts" path="/Users/tevnpowers/Projects/consulting/RAHEEM/patch/frontend/src/components/forms/types.ts">
        <metrics statements="0" coveredstatements="0" conditionals="0" coveredconditionals="0" methods="0" coveredmethods="0"/>
      </file>
      <file name="upsertRoleForm.tsx" path="/Users/tevnpowers/Projects/consulting/RAHEEM/patch/frontend/src/components/forms/upsertRoleForm.tsx">
        <metrics statements="37" coveredstatements="1" conditionals="14" coveredconditionals="0" methods="17" coveredmethods="0"/>
        <line num="25" count="2" type="stmt"/>
        <line num="31" count="0" type="stmt"/>
        <line num="33" count="0" type="stmt"/>
        <line num="34" count="0" type="stmt"/>
        <line num="35" count="0" type="stmt"/>
        <line num="37" count="0" type="stmt"/>
        <line num="39" count="0" type="stmt"/>
        <line num="45" count="0" type="stmt"/>
        <line num="48" count="0" type="stmt"/>
        <line num="50" count="0" type="stmt"/>
        <line num="53" count="0" type="stmt"/>
        <line num="54" count="0" type="stmt"/>
        <line num="56" count="0" type="stmt"/>
        <line num="59" count="0" type="stmt"/>
        <line num="63" count="0" type="stmt"/>
        <line num="64" count="0" type="stmt"/>
        <line num="66" count="0" type="stmt"/>
        <line num="67" count="0" type="stmt"/>
        <line num="76" count="0" type="stmt"/>
        <line num="81" count="0" type="stmt"/>
        <line num="83" count="0" type="cond" truecount="0" falsecount="4"/>
        <line num="84" count="0" type="stmt"/>
        <line num="87" count="0" type="stmt"/>
        <line num="89" count="0" type="stmt"/>
        <line num="96" count="0" type="stmt"/>
        <line num="104" count="0" type="cond" truecount="0" falsecount="2"/>
        <line num="110" count="0" type="stmt"/>
        <line num="111" count="0" type="stmt"/>
        <line num="112" count="0" type="stmt"/>
        <line num="113" count="0" type="stmt"/>
        <line num="115" count="0" type="stmt"/>
        <line num="119" count="0" type="stmt"/>
        <line num="120" count="0" type="stmt"/>
        <line num="121" count="0" type="stmt"/>
        <line num="138" count="0" type="stmt"/>
        <line num="140" count="0" type="stmt"/>
        <line num="169" count="0" type="stmt"/>
      </file>
    </package>
    <package name="frontend.src.components.forms.common">
      <metrics statements="15" coveredstatements="13" conditionals="22" coveredconditionals="16" methods="6" coveredmethods="5"/>
      <file name="categoryRow.tsx" path="/Users/tevnpowers/Projects/consulting/RAHEEM/patch/frontend/src/components/forms/common/categoryRow.tsx">
        <metrics statements="15" coveredstatements="13" conditionals="22" coveredconditionals="16" methods="6" coveredmethods="5"/>
        <line num="31" count="2" type="stmt"/>
        <line num="47" count="208" type="cond" truecount="2" falsecount="0"/>
        <line num="49" count="208" type="stmt"/>
        <line num="51" count="208" type="stmt"/>
        <line num="52" count="1" type="stmt"/>
        <line num="55" count="208" type="stmt"/>
        <line num="56" count="0" type="stmt"/>
        <line num="57" count="0" type="stmt"/>
        <line num="60" count="208" type="stmt"/>
        <line num="61" count="401" type="stmt"/>
        <line num="66" count="4" type="stmt"/>
        <line num="79" count="208" type="stmt"/>
        <line num="117" count="401" type="stmt"/>
        <line num="119" count="401" type="cond" truecount="1" falsecount="1"/>
        <line num="135" count="2" type="stmt"/>
      </file>
    </package>
    <package name="frontend.src.components.forms.inputs">
      <metrics statements="46" coveredstatements="41" conditionals="56" coveredconditionals="48" methods="17" coveredmethods="16"/>
      <file name="backButtonHeader.tsx" path="/Users/tevnpowers/Projects/consulting/RAHEEM/patch/frontend/src/components/forms/inputs/backButtonHeader.tsx">
        <metrics statements="35" coveredstatements="31" conditionals="46" coveredconditionals="39" methods="15" coveredmethods="14"/>
        <line num="39" count="2" type="stmt"/>
        <line num="45" count="36" type="cond" truecount="2" falsecount="0"/>
        <line num="51" count="178" type="cond" truecount="1" falsecount="1"/>
        <line num="57" count="202" type="cond" truecount="1" falsecount="1"/>
        <line num="63" count="54" type="cond" truecount="1" falsecount="1"/>
        <line num="68" count="37" type="stmt"/>
        <line num="72" count="0" type="stmt"/>
        <line num="74" count="0" type="cond" truecount="0" falsecount="2"/>
        <line num="75" count="0" type="stmt"/>
        <line num="78" count="0" type="stmt"/>
        <line num="81" count="37" type="stmt"/>
        <line num="82" count="20" type="stmt"/>
        <line num="83" count="20" type="stmt"/>
        <line num="86" count="37" type="stmt"/>
        <line num="87" count="2" type="cond" truecount="2" falsecount="0"/>
        <line num="88" count="1" type="stmt"/>
        <line num="90" count="1" type="stmt"/>
        <line num="94" count="37" type="stmt"/>
        <line num="95" count="102" type="cond" truecount="2" falsecount="0"/>
        <line num="113" count="37" type="stmt"/>
        <line num="114" count="101" type="cond" truecount="4" falsecount="0"/>
        <line num="128" count="37" type="stmt"/>
        <line num="129" count="101" type="cond" truecount="2" falsecount="0"/>
        <line num="131" count="101" type="cond" truecount="3" falsecount="1"/>
        <line num="144" count="37" type="stmt"/>
        <line num="145" count="64" type="cond" truecount="2" falsecount="0"/>
        <line num="147" count="64" type="stmt"/>
        <line num="166" count="37" type="stmt"/>
        <line num="167" count="64" type="stmt"/>
[...]
        <line num="244" count="2" type="stmt"/>
        <line num="248" count="2" type="stmt"/>
        <line num="251" count="2" type="stmt"/>
        <line num="252" count="2" type="stmt"/>
        <line num="253" count="2" type="stmt"/>
        <line num="254" count="2" type="stmt"/>
        <line num="255" count="2" type="stmt"/>
        <line num="258" count="2" type="stmt"/>
        <line num="259" count="2" type="stmt"/>
        <line num="263" count="2" type="stmt"/>
        <line num="264" count="2" type="stmt"/>
        <line num="267" count="2" type="stmt"/>
        <line num="268" count="2" type="stmt"/>
        <line num="275" count="2" type="stmt"/>
        <line num="276" count="2" type="stmt"/>
        <line num="281" count="2" type="stmt"/>
        <line num="282" count="2" type="stmt"/>
        <line num="291" count="2" type="stmt"/>
        <line num="292" count="2" type="stmt"/>
        <line num="300" count="2" type="stmt"/>
        <line num="301" count="2" type="stmt"/>
        <line num="308" count="2" type="stmt"/>
        <line num="309" count="2" type="stmt"/>
        <line num="318" count="2" type="stmt"/>
        <line num="320" count="2" type="stmt"/>
        <line num="321" count="2" type="stmt"/>
        <line num="324" count="2" type="stmt"/>
        <line num="325" count="2" type="stmt"/>
        <line num="329" count="2" type="stmt"/>
        <line num="330" count="2" type="stmt"/>
        <line num="335" count="2" type="stmt"/>
        <line num="336" count="2" type="stmt"/>
        <line num="339" count="2" type="stmt"/>
        <line num="342" count="2" type="stmt"/>
        <line num="354" count="2" type="stmt"/>
        <line num="357" count="2" type="stmt"/>
        <line num="358" count="2" type="stmt"/>
        <line num="361" count="2" type="stmt"/>
        <line num="362" count="2" type="stmt"/>
        <line num="365" count="2" type="stmt"/>
        <line num="368" count="2" type="stmt"/>
        <line num="369" count="2" type="stmt"/>
        <line num="370" count="2" type="stmt"/>
        <line num="371" count="2" type="stmt"/>
        <line num="374" count="2" type="stmt"/>
        <line num="378" count="2" type="stmt"/>
        <line num="379" count="2" type="stmt"/>
        <line num="382" count="2" type="stmt"/>
        <line num="383" count="2" type="stmt"/>
        <line num="384" count="2" type="stmt"/>
        <line num="388" count="2" type="stmt"/>
        <line num="391" count="2" type="stmt"/>
        <line num="392" count="2" type="stmt"/>
        <line num="396" count="2" type="stmt"/>
        <line num="399" count="2" type="stmt"/>
        <line num="400" count="2" type="stmt"/>
        <line num="402" count="2" type="stmt"/>
        <line num="403" count="2" type="stmt"/>
        <line num="409" count="2" type="stmt"/>
        <line num="421" count="2" type="stmt"/>
        <line num="424" count="2" type="stmt"/>
        <line num="427" count="2" type="stmt"/>
        <line num="428" count="2" type="cond" truecount="2" falsecount="0"/>
        <line num="429" count="2" type="stmt"/>
        <line num="431" count="2" type="stmt"/>
        <line num="432" count="2" type="stmt"/>
        <line num="439" count="3" type="stmt"/>
        <line num="440" count="3" type="stmt"/>
        <line num="443" count="3" type="stmt"/>
        <line num="446" count="3" type="stmt"/>
        <line num="447" count="3" type="stmt"/>
        <line num="448" count="3" type="stmt"/>
        <line num="449" count="3" type="stmt"/>
        <line num="453" count="3" type="stmt"/>
        <line num="454" count="3" type="stmt"/>
        <line num="458" count="3" type="stmt"/>
        <line num="459" count="3" type="stmt"/>
        <line num="460" count="3" type="stmt"/>
        <line num="464" count="3" type="stmt"/>
        <line num="465" count="3" type="stmt"/>
        <line num="466" count="3" type="stmt"/>
        <line num="467" count="3" type="stmt"/>
        <line num="472" count="3" type="stmt"/>
        <line num="473" count="3" type="stmt"/>
        <line num="474" count="3" type="stmt"/>
        <line num="480" count="3" type="stmt"/>
        <line num="481" count="3" type="cond" truecount="2" falsecount="0"/>
        <line num="486" count="1" type="stmt"/>
        <line num="487" count="1" type="stmt"/>
        <line num="490" count="1" type="stmt"/>
        <line num="493" count="1" type="stmt"/>
        <line num="496" count="1" type="stmt"/>
        <line num="497" count="1" type="stmt"/>
        <line num="501" count="1" type="stmt"/>
        <line num="502" count="1" type="stmt"/>
        <line num="503" count="1" type="stmt"/>
        <line num="506" count="1" type="stmt"/>
        <line num="507" count="1" type="stmt"/>
        <line num="510" count="1" type="stmt"/>
        <line num="511" count="1" type="stmt"/>
        <line num="513" count="1" type="stmt"/>
        <line num="514" count="1" type="stmt"/>
        <line num="516" count="1" type="stmt"/>
        <line num="517" count="1" type="stmt"/>
        <line num="522" count="1" type="stmt"/>
        <line num="523" count="1" type="stmt"/>
        <line num="526" count="1" type="stmt"/>
        <line num="529" count="1" type="stmt"/>
        <line num="530" count="1" type="stmt"/>
        <line num="531" count="1" type="stmt"/>
        <line num="532" count="1" type="stmt"/>
        <line num="535" count="1" type="stmt"/>
        <line num="536" count="1" type="stmt"/>
        <line num="540" count="1" type="stmt"/>
        <line num="541" count="1" type="stmt"/>
        <line num="542" count="1" type="stmt"/>
        <line num="545" count="1" type="stmt"/>
        <line num="546" count="1" type="stmt"/>
        <line num="550" count="1" type="stmt"/>
        <line num="551" count="1" type="stmt"/>
        <line num="555" count="1" type="stmt"/>
        <line num="556" count="1" type="stmt"/>
        <line num="557" count="1" type="stmt"/>
        <line num="561" count="1" type="stmt"/>
        <line num="562" count="1" type="stmt"/>
        <line num="563" count="1" type="stmt"/>
        <line num="564" count="1" type="stmt"/>
        <line num="569" count="1" type="stmt"/>
        <line num="570" count="1" type="stmt"/>
        <line num="573" count="1" type="stmt"/>
        <line num="576" count="1" type="stmt"/>
        <line num="577" count="1" type="stmt"/>
        <line num="578" count="1" type="stmt"/>
        <line num="580" count="1" type="stmt"/>
        <line num="581" count="1" type="stmt"/>
        <line num="583" count="1" type="stmt"/>
        <line num="584" count="1" type="stmt"/>
        <line num="585" count="1" type="stmt"/>
        <line num="588" count="1" type="stmt"/>
        <line num="589" count="1" type="stmt"/>
        <line num="593" count="1" type="stmt"/>
        <line num="594" count="1" type="stmt"/>
        <line num="597" count="1" type="stmt"/>
        <line num="598" count="1" type="stmt"/>
        <line num="600" count="1" type="stmt"/>
        <line num="601" count="1" type="stmt"/>
        <line num="603" count="1" type="stmt"/>
        <line num="604" count="1" type="stmt"/>
        <line num="607" count="1" type="stmt"/>
        <line num="608" count="1" type="stmt"/>
        <line num="609" count="1" type="stmt"/>
        <line num="613" count="1" type="stmt"/>
        <line num="614" count="1" type="stmt"/>
        <line num="618" count="1" type="stmt"/>
        <line num="619" count="1" type="stmt"/>
        <line num="620" count="1" type="stmt"/>
        <line num="621" count="1" type="stmt"/>
        <line num="622" count="1" type="stmt"/>
        <line num="626" count="1" type="stmt"/>
        <line num="627" count="1" type="stmt"/>
        <line num="630" count="1" type="stmt"/>
        <line num="631" count="1" type="stmt"/>
        <line num="632" count="1" type="stmt"/>
        <line num="637" count="1" type="stmt"/>
        <line num="638" count="1" type="stmt"/>
        <line num="640" count="1" type="stmt"/>
        <line num="641" count="1" type="stmt"/>
        <line num="643" count="1" type="stmt"/>
        <line num="644" count="1" type="stmt"/>
        <line num="645" count="1" type="stmt"/>
        <line num="649" count="1" type="stmt"/>
        <line num="652" count="1" type="stmt"/>
        <line num="653" count="1" type="stmt"/>
        <line num="657" count="1" type="stmt"/>
        <line num="658" count="1" type="stmt"/>
        <line num="661" count="1" type="stmt"/>
        <line num="662" count="1" type="stmt"/>
        <line num="666" count="1" type="stmt"/>
        <line num="670" count="10" type="stmt"/>
        <line num="671" count="10" type="stmt"/>
        <line num="672" count="10" type="cond" truecount="2" falsecount="0"/>
        <line num="673" count="10" type="stmt"/>
        <line num="675" count="10" type="stmt"/>
        <line num="681" count="10" type="stmt"/>
        <line num="687" count="10" type="stmt"/>
        <line num="695" count="10" type="stmt"/>
        <line num="696" count="50" type="cond" truecount="2" falsecount="0"/>
        <line num="697" count="10" type="stmt"/>
        <line num="699" count="40" type="stmt"/>
        <line num="709" count="4" type="stmt"/>
        <line num="710" count="28" type="cond" truecount="2" falsecount="0"/>
        <line num="711" count="19" type="stmt"/>
        <line num="713" count="9" type="stmt"/>
        <line num="719" count="1" type="stmt"/>
        <line num="720" count="1" type="stmt"/>
        <line num="722" count="1" type="stmt"/>
        <line num="724" count="1" type="stmt"/>
        <line num="725" count="1" type="stmt"/>
        <line num="726" count="1" type="stmt"/>
        <line num="728" count="1" type="stmt"/>
        <line num="733" count="1" type="stmt"/>
        <line num="734" count="1" type="stmt"/>
        <line num="736" count="1" type="stmt"/>
        <line num="738" count="1" type="stmt"/>
        <line num="739" count="1" type="stmt"/>
        <line num="740" count="1" type="stmt"/>
        <line num="742" count="1" type="stmt"/>
        <line num="750" count="1" type="stmt"/>
        <line num="751" count="1" type="stmt"/>
        <line num="753" count="1" type="stmt"/>
        <line num="755" count="5" type="stmt"/>
        <line num="756" count="5" type="stmt"/>
        <line num="759" count="5" type="stmt"/>
        <line num="760" count="5" type="stmt"/>
        <line num="763" count="5" type="cond" truecount="2" falsecount="0"/>
        <line num="764" count="1" type="stmt"/>
        <line num="767" count="1" type="stmt"/>
        <line num="768" count="1" type="stmt"/>
        <line num="771" count="1" type="stmt"/>
        <line num="772" count="1" type="stmt"/>
        <line num="773" count="1" type="stmt"/>
        <line num="779" count="1" type="stmt"/>
        <line num="780" count="1" type="stmt"/>
        <line num="781" count="1" type="stmt"/>
        <line num="784" count="1" type="stmt"/>
        <line num="785" count="1" type="stmt"/>
        <line num="786" count="1" type="stmt"/>
        <line num="789" count="1" type="stmt"/>
        <line num="790" count="1" type="stmt"/>
        <line num="793" count="1" type="stmt"/>
        <line num="794" count="1" type="stmt"/>
        <line num="797" count="1" type="stmt"/>
        <line num="798" count="1" type="stmt"/>
        <line num="799" count="1" type="stmt"/>
        <line num="805" count="1" type="stmt"/>
        <line num="818" count="1" type="stmt"/>
        <line num="831" count="1" type="stmt"/>
        <line num="833" count="1" type="stmt"/>
        <line num="857" count="1" type="stmt"/>
        <line num="864" count="1" type="stmt"/>
        <line num="865" count="1" type="stmt"/>
        <line num="868" count="1" type="stmt"/>
        <line num="869" count="1" type="stmt"/>
        <line num="871" count="1" type="stmt"/>
        <line num="874" count="1" type="stmt"/>
        <line num="875" count="1" type="stmt"/>
        <line num="876" count="1" type="stmt"/>
        <line num="877" count="1" type="stmt"/>
        <line num="880" count="1" type="stmt"/>
        <line num="883" count="1" type="stmt"/>
        <line num="884" count="1" type="stmt"/>
        <line num="887" count="1" type="stmt"/>
        <line num="888" count="1" type="stmt"/>
        <line num="891" count="1" type="stmt"/>
        <line num="892" count="1" type="stmt"/>
        <line num="897" count="1" type="stmt"/>
        <line num="898" count="1" type="stmt"/>
        <line num="901" count="1" type="stmt"/>
        <line num="902" count="1" type="stmt"/>
        <line num="903" count="1" type="stmt"/>
        <line num="904" count="1" type="stmt"/>
        <line num="908" count="1" type="stmt"/>
        <line num="909" count="1" type="stmt"/>
        <line num="910" count="1" type="stmt"/>
        <line num="911" count="1" type="stmt"/>
        <line num="915" count="1" type="stmt"/>
        <line num="916" count="1" type="stmt"/>
        <line num="917" count="1" type="stmt"/>
        <line num="918" count="1" type="cond" truecount="1" falsecount="1"/>
        <line num="921" count="1" type="stmt"/>
        <line num="922" count="1" type="stmt"/>
        <line num="925" count="1" type="stmt"/>
        <line num="926" count="1" type="stmt"/>
        <line num="927" count="1" type="stmt"/>
        <line num="928" count="1" type="stmt"/>
        <line num="929" count="1" type="stmt"/>
        <line num="932" count="1" type="stmt"/>
        <line num="933" count="1" type="stmt"/>
        <line num="934" count="1" type="stmt"/>
        <line num="935" count="1" type="stmt"/>
        <line num="936" count="1" type="stmt"/>
        <line num="937" count="1" type="cond" truecount="1" falsecount="1"/>
        <line num="941" count="1" type="stmt"/>
        <line num="942" count="1" type="stmt"/>
        <line num="944" count="1" type="stmt"/>
        <line num="947" count="1" type="stmt"/>
        <line num="950" count="1" type="stmt"/>
        <line num="951" count="1" type="stmt"/>
        <line num="952" count="1" type="stmt"/>
        <line num="955" count="1" type="stmt"/>
        <line num="958" count="1" type="stmt"/>
        <line num="959" count="1" type="stmt"/>
        <line num="962" count="1" type="stmt"/>
        <line num="963" count="1" type="stmt"/>
        <line num="966" count="1" type="stmt"/>
        <line num="967" count="1" type="stmt"/>
        <line num="970" count="1" type="stmt"/>
        <line num="971" count="1" type="stmt"/>
        <line num="972" count="1" type="stmt"/>
        <line num="973" count="1" type="stmt"/>
        <line num="975" count="1" type="stmt"/>
        <line num="977" count="1" type="stmt"/>
        <line num="978" count="1" type="stmt"/>
        <line num="979" count="1" type="stmt"/>
        <line num="980" count="1" type="stmt"/>
        <line num="983" count="1" type="stmt"/>
        <line num="984" count="1" type="stmt"/>
        <line num="987" count="1" type="stmt"/>
        <line num="988" count="1" type="stmt"/>
        <line num="989" count="1" type="stmt"/>
        <line num="992" count="1" type="stmt"/>
        <line num="993" count="1" type="stmt"/>
        <line num="996" count="1" type="stmt"/>
        <line num="997" count="1" type="stmt"/>
        <line num="1000" count="1" type="stmt"/>
        <line num="1001" count="1" type="stmt"/>
        <line num="1004" count="1" type="stmt"/>
        <line num="1005" count="1" type="stmt"/>
        <line num="1008" count="1" type="stmt"/>
        <line num="1009" count="1" type="stmt"/>
        <line num="1014" count="1" type="stmt"/>
        <line num="1015" count="1" type="stmt"/>
        <line num="1016" count="1" type="stmt"/>
        <line num="1019" count="1" type="stmt"/>
        <line num="1020" count="1" type="stmt"/>
        <line num="1023" count="1" type="stmt"/>
        <line num="1024" count="1" type="stmt"/>
        <line num="1027" count="1" type="stmt"/>
        <line num="1028" count="1" type="stmt"/>
        <line num="1033" count="1" type="stmt"/>
        <line num="1034" count="1" type="stmt"/>
        <line num="1036" count="1" type="stmt"/>
        <line num="1040" count="1" type="stmt"/>
        <line num="1041" count="1" type="stmt"/>
        <line num="1042" count="1" type="stmt"/>
        <line num="1043" count="1" type="stmt"/>
        <line num="1046" count="1" type="stmt"/>
        <line num="1047" count="1" type="stmt"/>
        <line num="1050" count="1" type="stmt"/>
        <line num="1051" count="1" type="stmt"/>
        <line num="1052" count="1" type="stmt"/>
      </file>
    </package>
    <package name="frontend.src.utils">
      <metrics statements="46" coveredstatements="28" conditionals="10" coveredconditionals="4" methods="15" coveredmethods="7"/>
      <file name="debounce.ts" path="/Users/tevnpowers/Projects/consulting/RAHEEM/patch/frontend/src/utils/debounce.ts">
        <metrics statements="24" coveredstatements="8" conditionals="4" coveredconditionals="1" methods="9" coveredmethods="1"/>
        <line num="29" count="3" type="stmt"/>
        <line num="30" count="0" type="stmt"/>
        <line num="32" count="0" type="stmt"/>
        <line num="33" count="0" type="stmt"/>
        <line num="36" count="0" type="stmt"/>
        <line num="39" count="3" type="stmt"/>
        <line num="40" count="0" type="cond" truecount="0" falsecount="2"/>
        <line num="44" count="3" type="cond" truecount="1" falsecount="1"/>
        <line num="46" count="0" type="stmt"/>
        <line num="52" count="0" type="stmt"/>
        <line num="53" count="0" type="stmt"/>
        <line num="56" count="0" type="stmt"/>
        <line num="58" count="0" type="stmt"/>
        <line num="61" count="3" type="stmt"/>
        <line num="62" count="0" type="stmt"/>
        <line num="64" count="0" type="stmt"/>
        <line num="67" count="3" type="stmt"/>
        <line num="68" count="0" type="stmt"/>
        <line num="70" count="0" type="stmt"/>
        <line num="72" count="0" type="stmt"/>
        <line num="74" count="0" type="stmt"/>
        <line num="77" count="3" type="stmt"/>
        <line num="78" count="3" type="stmt"/>
        <line num="80" count="3" type="stmt"/>
      </file>
      <file name="dimensions.ts" path="/Users/tevnpowers/Projects/consulting/RAHEEM/patch/frontend/src/utils/dimensions.ts">
        <metrics statements="7" coveredstatements="7" conditionals="2" coveredconditionals="1" methods="0" coveredmethods="0"/>
        <line num="5" count="2" type="stmt"/>
        <line num="6" count="2" type="stmt"/>
        <line num="8" count="2" type="stmt"/>
        <line num="9" count="2" type="stmt"/>
        <line num="11" count="2" type="stmt"/>
        <line num="12" count="2" type="stmt"/>
        <line num="14" count="2" type="cond" truecount="1" falsecount="1"/>
      </file>
      <file name="index.ts" path="/Users/tevnpowers/Projects/consulting/RAHEEM/patch/frontend/src/utils/index.ts">
        <metrics statements="15" coveredstatements="13" conditionals="4" coveredconditionals="2" methods="6" coveredmethods="6"/>
        <line num="5" count="2" type="stmt"/>
        <line num="6" count="2" type="stmt"/>
        <line num="7" count="2" type="stmt"/>
        <line num="11" count="70" type="cond" truecount="1" falsecount="1"/>
        <line num="12" count="70" type="stmt"/>
        <line num="14" count="70" type="stmt"/>
        <line num="16" count="0" type="stmt"/>
        <line num="21" count="10" type="cond" truecount="1" falsecount="1"/>
        <line num="22" count="10" type="stmt"/>
        <line num="24" count="10" type="stmt"/>
        <line num="26" count="0" type="stmt"/>
        <line num="31" count="46" type="stmt"/>
        <line num="32" count="46" type="stmt"/>
        <line num="36" count="10" type="stmt"/>
        <line num="37" count="10" type="stmt"/>
      </file>
    </package>
  </project>
</coverage>
