{"/Users/charlie/work/patch/frontend/app.config.js": {"path":"/Users/charlie/work/patch/frontend/app.config.js","statementMap":{"0":{"start":{"line":1,"column":15},"end":{"line":1,"column":32}},"1":{"start":{"line":2,"column":11},"end":{"line":2,"column":24}},"2":{"start":{"line":3,"column":13},"end":{"line":3,"column":28}},"3":{"start":{"line":6,"column":14},"end":{"line":6,"column":16}},"4":{"start":{"line":8,"column":23},"end":{"line":8,"column":30}},"5":{"start":{"line":10,"column":20},"end":{"line":10,"column":21}},"6":{"start":{"line":13,"column":12},"end":{"line":13,"column":36}},"7":{"start":{"line":15,"column":17},"end":{"line":15,"column":38}},"8":{"start":{"line":26,"column":15},"end":{"line":26,"column":17}},"9":{"start":{"line":30,"column":24},"end":{"line":30,"column":28}},"10":{"start":{"line":31,"column":28},"end":{"line":31,"column":30}},"11":{"start":{"line":34,"column":23},"end":{"line":34,"column":76}},"12":{"start":{"line":36,"column":1},"end":{"line":38,"column":2}},"13":{"start":{"line":37,"column":2},"end":{"line":37,"column":87}},"14":{"start":{"line":40,"column":1},"end":{"line":40,"column":39}},"15":{"start":{"line":45,"column":0},"end":{"line":75,"column":1}},"16":{"start":{"line":46,"column":1},"end":{"line":46,"column":22}},"17":{"start":{"line":47,"column":7},"end":{"line":75,"column":1}},"18":{"start":{"line":49,"column":1},"end":{"line":51,"column":2}},"19":{"start":{"line":50,"column":2},"end":{"line":50,"column":22}},"20":{"start":{"line":53,"column":1},"end":{"line":53,"column":54}},"21":{"start":{"line":55,"column":1},"end":{"line":55,"column":51}},"22":{"start":{"line":56,"column":1},"end":{"line":56,"column":25}},"23":{"start":{"line":57,"column":1},"end":{"line":57,"column":23}},"24":{"start":{"line":60,"column":1},"end":{"line":62,"column":2}},"25":{"start":{"line":61,"column":2},"end":{"line":61,"column":25}},"26":{"start":{"line":65,"column":1},"end":{"line":65,"column":62}},"27":{"start":{"line":67,"column":1},"end":{"line":67,"column":47}},"28":{"start":{"line":68,"column":1},"end":{"line":68,"column":27}},"29":{"start":{"line":70,"column":1},"end":{"line":74,"column":2}},"30":{"start":{"line":71,"column":2},"end":{"line":71,"column":26}},"31":{"start":{"line":72,"column":8},"end":{"line":74,"column":2}},"32":{"start":{"line":73,"column":2},"end":{"line":73,"column":39}},"33":{"start":{"line":80,"column":22},"end":{"line":80,"column":65}},"34":{"start":{"line":82,"column":15},"end":{"line":139,"column":1}}},"fnMap":{"0":{"name":"loadLocalEnv","decl":{"start":{"line":33,"column":9},"end":{"line":33,"column":21}},"loc":{"start":{"line":33,"column":27},"end":{"line":41,"column":1}},"line":33}},"branchMap":{"0":{"loc":{"start":{"line":36,"column":1},"end":{"line":38,"column":2}},"type":"if","locations":[{"start":{"line":36,"column":1},"end":{"line":38,"column":2}},{"start":{},"end":{}}],"line":36},"1":{"loc":{"start":{"line":45,"column":0},"end":{"line":75,"column":1}},"type":"if","locations":[{"start":{"line":45,"column":0},"end":{"line":75,"column":1}},{"start":{"line":47,"column":7},"end":{"line":75,"column":1}}],"line":45},"2":{"loc":{"start":{"line":47,"column":7},"end":{"line":75,"column":1}},"type":"if","locations":[{"start":{"line":47,"column":7},"end":{"line":75,"column":1}},{"start":{"line":58,"column":7},"end":{"line":75,"column":1}}],"line":47},"3":{"loc":{"start":{"line":49,"column":1},"end":{"line":51,"column":2}},"type":"if","locations":[{"start":{"line":49,"column":1},"end":{"line":51,"column":2}},{"start":{},"end":{}}],"line":49},"4":{"loc":{"start":{"line":60,"column":1},"end":{"line":62,"column":2}},"type":"if","locations":[{"start":{"line":60,"column":1},"end":{"line":62,"column":2}},{"start":{},"end":{}}],"line":60},"5":{"loc":{"start":{"line":70,"column":1},"end":{"line":74,"column":2}},"type":"if","locations":[{"start":{"line":70,"column":1},"end":{"line":74,"column":2}},{"start":{"line":72,"column":8},"end":{"line":74,"column":2}}],"line":70},"6":{"loc":{"start":{"line":72,"column":8},"end":{"line":74,"column":2}},"type":"if","locations":[{"start":{"line":72,"column":8},"end":{"line":74,"column":2}},{"start":{},"end":{}}],"line":72}},"s":{"0":0,"1":0,"2":0,"3":0,"4":0,"5":0,"6":0,"7":0,"8":0,"9":0,"10":0,"11":0,"12":0,"13":0,"14":0,"15":0,"16":0,"17":0,"18":0,"19":0,"20":0,"21":0,"22":0,"23":0,"24":0,"25":0,"26":0,"27":0,"28":0,"29":0,"30":0,"31":0,"32":0,"33":0,"34":0},"f":{"0":0},"b":{"0":[0,0],"1":[0,0],"2":[0,0],"3":[0,0],"4":[0,0],"5":[0,0],"6":[0,0]}}
,"/Users/charlie/work/patch/frontend/index.js": {"path":"/Users/charlie/work/patch/frontend/index.js","statementMap":{"0":{"start":{"line":9,"column":0},"end":{"line":9,"column":27}}},"fnMap":{},"branchMap":{},"s":{"0":0},"f":{},"b":{}}
,"/Users/charlie/work/patch/frontend/metro.config.js": {"path":"/Users/charlie/work/patch/frontend/metro.config.js","statementMap":{"0":{"start":{"line":1,"column":13},"end":{"line":1,"column":28}},"1":{"start":{"line":3,"column":23},"end":{"line":3,"column":65}},"2":{"start":{"line":4,"column":18},"end":{"line":4,"column":54}},"3":{"start":{"line":6,"column":0},"end":{"line":6,"column":45}},"4":{"start":{"line":7,"column":0},"end":{"line":7,"column":35}},"5":{"start":{"line":9,"column":25},"end":{"line":11,"column":1}},"6":{"start":{"line":13,"column":21},"end":{"line":15,"column":1}},"7":{"start":{"line":18,"column":0},"end":{"line":43,"column":2}},"8":{"start":{"line":20,"column":38},"end":{"line":25,"column":5}},"9":{"start":{"line":30,"column":28},"end":{"line":30,"column":108}},"10":{"start":{"line":32,"column":8},"end":{"line":34,"column":9}},"11":{"start":{"line":33,"column":10},"end":{"line":33,"column":71}},"12":{"start":{"line":37,"column":8},"end":{"line":37,"column":26}}},"fnMap":{"0":{"name":"(anonymous_0)","decl":{"start":{"line":20,"column":25},"end":{"line":20,"column":26}},"loc":{"start":{"line":20,"column":38},"end":{"line":25,"column":5}},"line":20},"1":{"name":"(anonymous_1)","decl":{"start":{"line":29,"column":11},"end":{"line":29,"column":12}},"loc":{"start":{"line":29,"column":29},"end":{"line":38,"column":7}},"line":29}},"branchMap":{"0":{"loc":{"start":{"line":30,"column":28},"end":{"line":30,"column":108}},"type":"cond-expr","locations":[{"start":{"line":30,"column":45},"end":{"line":30,"column":57}},{"start":{"line":30,"column":60},"end":{"line":30,"column":108}}],"line":30},"1":{"loc":{"start":{"line":32,"column":8},"end":{"line":34,"column":9}},"type":"if","locations":[{"start":{"line":32,"column":8},"end":{"line":34,"column":9}},{"start":{},"end":{}}],"line":32}},"s":{"0":0,"1":0,"2":0,"3":0,"4":0,"5":0,"6":0,"7":0,"8":0,"9":0,"10":0,"11":0,"12":0},"f":{"0":0,"1":0},"b":{"0":[0,0],"1":[0,0]}}
}
