TN:
SF:App.tsx
FN:94,App
FN:98,(anonymous_1)
FN:100,(anonymous_2)
FN:112,(anonymous_3)
FN:116,(anonymous_4)
FN:189,(anonymous_5)
FN:190,(anonymous_6)
FN:197,(anonymous_7)
FN:202,(anonymous_8)
FN:206,(anonymous_9)
FN:212,(anonymous_10)
FN:213,(anonymous_11)
FNF:12
FNH:12
FNDA:32,App
FNDA:16,(anonymous_1)
FNDA:15,(anonymous_2)
FNDA:100,(anonymous_3)
FNDA:31,(anonymous_4)
FNDA:180,(anonymous_5)
FNDA:20,(anonymous_6)
FNDA:15,(anonymous_7)
FNDA:19,(anonymous_8)
FNDA:19,(anonymous_9)
FNDA:75,(anonymous_10)
FNDA:2,(anonymous_11)
DA:59,1
DA:62,1
DA:79,1
DA:81,1
DA:92,1
DA:95,32
DA:98,31
DA:100,16
DA:101,15
DA:103,0
DA:106,15
DA:107,15
DA:112,31
DA:113,100
DA:116,31
DA:117,31
DA:126,31
DA:129,16
DA:133,15
DA:139,15
DA:189,1
DA:190,180
DA:191,20
DA:197,1
DA:199,15
DA:202,1
DA:203,19
DA:205,19
DA:206,19
DA:207,19
DA:212,1
DA:213,75
DA:214,2
DA:222,1
LF:34
LH:33
BRDA:101,0,0,0
BRDA:101,0,1,15
BRDA:126,1,0,16
BRDA:126,1,1,15
BRDA:133,2,0,4
BRDA:133,2,1,11
BRDA:135,3,0,0
BRDA:135,3,1,11
BRDA:191,4,0,13
BRDA:191,4,1,7
BRDA:191,5,0,20
BRDA:191,5,1,20
BRDA:205,6,0,19
BRDA:205,6,1,0
BRF:14
BRH:11
end_of_record
TN:
SF:eas_build/constants.js
FNF:0
FNH:0
DA:1,0
DA:2,0
DA:5,0
DA:7,0
DA:9,0
DA:10,0
DA:14,0
DA:15,0
DA:16,0
DA:19,0
DA:22,0
LF:11
LH:0
BRF:0
BRH:0
end_of_record
TN:
SF:src/api.ts
FN:23,(anonymous_0)
FN:27,(anonymous_1)
FN:31,(anonymous_2)
FN:75,(anonymous_3)
FN:84,(anonymous_4)
FN:128,(anonymous_5)
FN:138,(anonymous_6)
FN:143,(anonymous_7)
FN:150,(anonymous_8)
FN:155,(anonymous_9)
FN:162,(anonymous_10)
FN:167,(anonymous_11)
FN:174,(anonymous_12)
FN:183,(anonymous_13)
FN:190,(anonymous_14)
FN:200,(anonymous_15)
FN:210,(anonymous_16)
FN:220,(anonymous_17)
FN:228,(anonymous_18)
FN:239,(anonymous_19)
FN:247,(anonymous_20)
FN:255,(anonymous_21)
FN:260,(anonymous_22)
FN:270,(anonymous_23)
FN:280,(anonymous_24)
FN:292,(anonymous_25)
FN:299,(anonymous_26)
FN:307,(anonymous_27)
FN:315,(anonymous_28)
FN:323,(anonymous_29)
FN:333,(anonymous_30)
FN:343,(anonymous_31)
FN:353,(anonymous_32)
FN:364,(anonymous_33)
FN:375,(anonymous_34)
FN:385,(anonymous_35)
FN:395,(anonymous_36)
FN:406,(anonymous_37)
FN:418,(anonymous_38)
FN:430,(anonymous_39)
FN:441,(anonymous_40)
FN:452,(anonymous_41)
FN:463,(anonymous_42)
FN:475,(anonymous_43)
FN:489,(anonymous_44)
FN:500,(anonymous_45)
FN:511,(anonymous_46)
FN:521,(anonymous_47)
FN:532,(anonymous_48)
FN:544,(anonymous_49)
FN:556,(anonymous_50)
FN:566,(anonymous_51)
FN:576,(anonymous_52)
FN:584,(anonymous_53)
FN:592,(anonymous_54)
FN:602,(anonymous_55)
FN:612,(anonymous_56)
FN:620,(anonymous_57)
FN:628,(anonymous_58)
FN:636,(anonymous_59)
FN:646,(anonymous_60)
FN:652,(anonymous_61)
FN:659,(anonymous_62)
FNF:63
FNH:2
FNDA:1,(anonymous_0)
FNDA:14,(anonymous_1)
FNDA:0,(anonymous_2)
FNDA:0,(anonymous_3)
FNDA:0,(anonymous_4)
FNDA:0,(anonymous_5)
FNDA:0,(anonymous_6)
FNDA:0,(anonymous_7)
FNDA:0,(anonymous_8)
FNDA:0,(anonymous_9)
FNDA:0,(anonymous_10)
FNDA:0,(anonymous_11)
FNDA:0,(anonymous_12)
FNDA:0,(anonymous_13)
FNDA:0,(anonymous_14)
FNDA:0,(anonymous_15)
FNDA:0,(anonymous_16)
FNDA:0,(anonymous_17)
FNDA:0,(anonymous_18)
FNDA:0,(anonymous_19)
FNDA:0,(anonymous_20)
FNDA:0,(anonymous_21)
FNDA:0,(anonymous_22)
FNDA:0,(anonymous_23)
FNDA:0,(anonymous_24)
FNDA:0,(anonymous_25)
FNDA:0,(anonymous_26)
FNDA:0,(anonymous_27)
FNDA:0,(anonymous_28)
FNDA:0,(anonymous_29)
FNDA:0,(anonymous_30)
FNDA:0,(anonymous_31)
FNDA:0,(anonymous_32)
FNDA:0,(anonymous_33)
FNDA:0,(anonymous_34)
FNDA:0,(anonymous_35)
FNDA:0,(anonymous_36)
FNDA:0,(anonymous_37)
FNDA:0,(anonymous_38)
FNDA:0,(anonymous_39)
FNDA:0,(anonymous_40)
FNDA:0,(anonymous_41)
FNDA:0,(anonymous_42)
FNDA:0,(anonymous_43)
FNDA:0,(anonymous_44)
FNDA:0,(anonymous_45)
FNDA:0,(anonymous_46)
FNDA:0,(anonymous_47)
FNDA:0,(anonymous_48)
FNDA:0,(anonymous_49)
FNDA:0,(anonymous_50)
FNDA:0,(anonymous_51)
FNDA:0,(anonymous_52)
FNDA:0,(anonymous_53)
FNDA:0,(anonymous_54)
FNDA:0,(anonymous_55)
FNDA:0,(anonymous_56)
FNDA:0,(anonymous_57)
FNDA:0,(anonymous_58)
FNDA:0,(anonymous_59)
FNDA:0,(anonymous_60)
FNDA:0,(anonymous_61)
FNDA:0,(anonymous_62)
DA:21,1
DA:24,1
DA:28,14
DA:32,0
DA:33,0
DA:35,0
DA:36,0
DA:38,0
DA:41,0
DA:42,0
DA:44,0
DA:46,0
DA:47,0
DA:48,0
DA:51,0
DA:56,0
DA:57,0
DA:60,0
DA:62,0
DA:65,0
DA:75,0
DA:77,0
DA:80,0
DA:85,0
DA:86,0
DA:88,0
DA:89,0
DA:91,0
DA:94,0
DA:95,0
DA:97,0
DA:99,0
DA:100,0
DA:101,0
DA:104,0
DA:109,0
DA:110,0
DA:113,0
DA:115,0
DA:118,0
DA:128,0
DA:130,0
DA:133,0
DA:139,0
DA:141,0
DA:143,0
DA:144,0
DA:147,0
DA:151,0
DA:153,0
DA:155,0
DA:156,0
DA:159,0
DA:163,0
DA:165,0
DA:167,0
DA:168,0
DA:171,0
DA:175,0
DA:177,0
DA:183,0
DA:184,0
DA:187,0
DA:191,0
DA:193,0
DA:195,0
DA:201,0
DA:203,0
DA:207,0
DA:211,0
DA:213,0
DA:217,0
DA:221,0
DA:223,0
DA:229,0
DA:231,0
DA:240,0
DA:242,0
DA:248,0
DA:250,0
DA:256,0
DA:257,0
DA:261,0
DA:263,0
DA:271,0
DA:273,0
DA:281,0
DA:283,0
DA:293,0
DA:294,0
DA:300,0
DA:302,0
DA:308,0
DA:310,0
DA:316,0
DA:318,0
DA:324,0
DA:326,0
DA:334,0
DA:336,0
DA:344,0
DA:346,0
DA:354,0
DA:356,0
DA:365,0
DA:367,0
DA:376,0
DA:378,0
DA:386,0
DA:388,0
DA:396,0
DA:398,0
DA:407,0
DA:409,0
DA:419,0
DA:421,0
DA:431,0
DA:433,0
DA:442,0
DA:444,0
DA:453,0
DA:455,0
DA:464,0
DA:466,0
DA:476,0
DA:478,0
DA:490,0
DA:492,0
DA:501,0
DA:503,0
DA:512,0
DA:514,0
DA:522,0
DA:524,0
DA:533,0
DA:535,0
DA:545,0
DA:547,0
DA:557,0
DA:559,0
DA:567,0
DA:569,0
DA:577,0
DA:579,0
DA:585,0
DA:587,0
DA:593,0
DA:595,0
DA:603,0
DA:605,0
DA:613,0
DA:615,0
DA:621,0
DA:623,0
DA:629,0
DA:631,0
DA:637,0
DA:639,0
DA:647,0
DA:653,0
DA:654,0
DA:656,0
DA:660,0
DA:661,0
DA:663,0
LF:165
LH:3
BRDA:41,0,0,0
BRDA:41,0,1,0
BRDA:41,0,2,0
BRDA:41,0,3,0
BRDA:42,1,0,0
BRDA:42,1,1,0
BRDA:44,2,0,0
BRDA:44,2,1,0
BRDA:46,3,0,0
BRDA:46,3,1,0
BRDA:94,4,0,0
BRDA:94,4,1,0
BRDA:94,4,2,0
BRDA:94,4,3,0
BRDA:95,5,0,0
BRDA:95,5,1,0
BRDA:97,6,0,0
BRDA:97,6,1,0
BRDA:99,7,0,0
BRDA:99,7,1,0
BRDA:250,8,0,0
BRDA:250,8,1,0
BRF:22
BRH:0
end_of_record
TN:
SF:src/boot.ts
FN:5,(anonymous_0)
FN:12,(anonymous_1)
FN:27,(anonymous_2)
FNF:3
FNH:3
FNDA:15,(anonymous_0)
FNDA:15,(anonymous_1)
FNDA:15,(anonymous_2)
DA:6,15
DA:7,15
DA:10,15
DA:12,15
DA:13,15
DA:14,15
DA:19,15
DA:21,0
DA:23,15
DA:27,15
DA:28,15
LF:11
LH:10
BRF:0
BRH:0
end_of_record
TN:
SF:src/config.ts
FNF:0
FNH:0
DA:4,2
DA:7,2
DA:8,2
DA:9,2
DA:10,2
DA:11,2
DA:12,2
DA:13,2
DA:15,2
DA:17,2
DA:18,2
DA:19,2
LF:12
LH:12
BRDA:4,0,0,2
BRDA:4,0,1,0
BRF:2
BRH:1
end_of_record
TN:
SF:src/constants.ts
FNF:0
FNH:0
DA:3,2
DA:4,2
DA:5,2
DA:7,2
DA:9,2
DA:10,2
DA:11,2
DA:12,2
DA:14,2
DA:15,2
DA:16,2
DA:17,2
DA:20,2
LF:13
LH:13
BRF:0
BRH:0
end_of_record
TN:
SF:src/globalErrorBoundary.tsx
FN:5,(anonymous_0)
FN:9,(anonymous_1)
FNF:2
FNH:0
FNDA:0,(anonymous_0)
FNDA:0,(anonymous_1)
DA:6,0
DA:10,0
LF:2
LH:0
BRF:0
BRH:0
end_of_record
TN:
SF:src/types.ts
FNF:0
FNH:0
DA:42,2
DA:80,2
DA:186,2
DA:251,2
LF:4
LH:4
BRF:0
BRH:0
end_of_record
TN:
SF:src/components/calendarPicker.tsx
FN:12,(anonymous_0)
FN:17,(anonymous_1)
FNF:2
FNH:0
FNDA:0,(anonymous_0)
FNDA:0,(anonymous_1)
DA:12,2
DA:17,0
DA:18,0
DA:21,0
DA:23,0
DA:63,2
LF:6
LH:2
BRF:0
BRH:0
end_of_record
TN:
SF:src/components/listHeader.tsx
FN:25,(anonymous_0)
FN:28,(anonymous_1)
FN:32,(anonymous_2)
FN:35,(anonymous_3)
FN:35,(anonymous_4)
FN:51,(anonymous_5)
FN:54,(anonymous_6)
FN:58,(anonymous_7)
FNF:8
FNH:4
FNDA:2,(anonymous_0)
FNDA:0,(anonymous_1)
FNDA:2,(anonymous_2)
FNDA:4,(anonymous_3)
FNDA:4,(anonymous_4)
FNDA:0,(anonymous_5)
FNDA:0,(anonymous_6)
FNDA:0,(anonymous_7)
DA:25,2
DA:26,2
DA:28,2
DA:29,0
DA:32,2
DA:33,2
DA:35,4
DA:37,2
DA:51,2
DA:52,0
DA:55,0
DA:56,0
DA:58,0
DA:59,0
DA:62,0
DA:72,2
DA:85,2
LF:17
LH:10
BRDA:33,0,0,0
BRDA:33,0,1,2
BRDA:35,1,0,2
BRDA:35,1,1,0
BRDA:39,2,0,0
BRDA:39,2,1,2
BRDA:40,3,0,0
BRDA:40,3,1,2
BRDA:45,4,0,0
BRDA:45,4,1,2
BRDA:62,5,0,0
BRDA:62,5,1,0
BRDA:73,6,0,2
BRDA:73,6,1,0
BRDA:75,7,0,0
BRDA:75,7,1,2
BRF:16
BRH:7
end_of_record
TN:
SF:src/components/loader.tsx
FN:6,(anonymous_0)
FNF:1
FNH:1
FNDA:3,(anonymous_0)
DA:6,3
LF:1
LH:1
BRF:0
BRH:0
end_of_record
TN:
SF:src/components/patchButton.tsx
FN:25,(anonymous_0)
FNF:1
FNH:1
FNDA:70,(anonymous_0)
DA:25,2
DA:33,70
DA:38,70
DA:40,69
DA:41,69
DA:42,69
DA:44,0
DA:45,0
DA:46,0
DA:48,1
DA:49,1
DA:50,1
DA:53,70
DA:76,2
LF:14
LH:11
BRDA:38,0,0,69
BRDA:38,0,1,0
BRDA:38,0,2,1
BRDA:60,1,0,0
BRDA:60,1,1,70
BRDA:62,2,0,69
BRDA:62,2,1,1
BRDA:62,3,0,70
BRDA:62,3,1,1
BRDA:65,4,0,70
BRDA:65,4,1,0
BRDA:68,5,0,70
BRDA:68,5,1,0
BRDA:68,6,0,70
BRDA:68,6,1,26
BRF:15
BRH:11
end_of_record
TN:
SF:src/components/positionCard.tsx
FN:22,(anonymous_0)
FN:30,(anonymous_1)
FN:37,(anonymous_2)
FN:38,(anonymous_3)
FN:70,(anonymous_4)
FNF:5
FNH:0
FNDA:0,(anonymous_0)
FNDA:0,(anonymous_1)
FNDA:0,(anonymous_2)
FNDA:0,(anonymous_3)
FNDA:0,(anonymous_4)
DA:22,2
DA:28,0
DA:30,0
DA:31,0
DA:33,0
DA:34,0
DA:37,0
DA:38,0
DA:40,0
DA:44,0
DA:46,0
DA:47,0
DA:49,0
DA:50,0
DA:51,0
DA:54,0
DA:55,0
DA:57,0
DA:62,0
DA:64,0
DA:71,0
LF:21
LH:1
BRDA:33,0,0,0
BRDA:33,0,1,0
BRDA:40,1,0,0
BRDA:40,1,1,0
BRDA:49,2,0,0
BRDA:49,2,1,0
BRDA:49,3,0,0
BRDA:49,3,1,0
BRDA:49,3,2,0
BRDA:54,4,0,0
BRDA:54,4,1,0
BRDA:62,5,0,0
BRDA:62,5,1,0
BRDA:75,6,0,0
BRDA:75,6,1,0
BRDA:79,7,0,0
BRDA:79,7,1,0
BRDA:79,8,0,0
BRDA:79,8,1,0
BRF:19
BRH:0
end_of_record
TN:
SF:src/components/positionDetailsCard.tsx
FN:28,(anonymous_0)
FN:37,(anonymous_1)
FN:68,(anonymous_2)
FN:77,(anonymous_3)
FN:78,(anonymous_4)
FN:81,(anonymous_5)
FN:87,(anonymous_6)
FN:88,(anonymous_7)
FN:96,(anonymous_8)
FN:98,(anonymous_9)
FN:103,(anonymous_10)
FN:111,(anonymous_11)
FN:119,(anonymous_12)
FN:157,(anonymous_13)
FN:165,(anonymous_14)
FN:172,(anonymous_15)
FN:176,(anonymous_16)
FN:207,(anonymous_17)
FN:215,(anonymous_18)
FN:233,(anonymous_19)
FNF:20
FNH:0
FNDA:0,(anonymous_0)
FNDA:0,(anonymous_1)
FNDA:0,(anonymous_2)
FNDA:0,(anonymous_3)
FNDA:0,(anonymous_4)
FNDA:0,(anonymous_5)
FNDA:0,(anonymous_6)
FNDA:0,(anonymous_7)
FNDA:0,(anonymous_8)
FNDA:0,(anonymous_9)
FNDA:0,(anonymous_10)
FNDA:0,(anonymous_11)
FNDA:0,(anonymous_12)
FNDA:0,(anonymous_13)
FNDA:0,(anonymous_14)
FNDA:0,(anonymous_15)
FNDA:0,(anonymous_16)
FNDA:0,(anonymous_17)
FNDA:0,(anonymous_18)
FNDA:0,(anonymous_19)
DA:28,1
DA:33,0
DA:34,0
DA:36,0
DA:37,0
DA:38,0
DA:39,0
DA:42,0
DA:51,0
DA:68,0
DA:69,0
DA:71,0
DA:72,0
DA:75,0
DA:77,0
DA:78,0
DA:81,0
DA:82,0
DA:87,0
DA:88,0
DA:90,0
DA:96,0
DA:98,0
DA:99,0
DA:100,0
DA:103,0
DA:104,0
DA:105,0
DA:107,0
DA:111,0
DA:112,0
DA:113,0
DA:115,0
DA:119,0
DA:120,0
DA:121,0
DA:123,0
DA:127,0
DA:128,0
DA:136,0
DA:137,0
DA:143,0
DA:144,0
DA:151,0
DA:155,0
DA:157,0
DA:158,0
DA:159,0
DA:161,0
DA:165,0
DA:166,0
DA:176,0
DA:183,0
DA:184,0
DA:185,0
DA:186,0
DA:188,0
DA:208,0
DA:216,0
DA:217,0
DA:233,0
DA:252,1
LF:62
LH:2
BRDA:39,0,0,0
BRDA:39,0,1,0
BRDA:42,1,0,0
BRDA:42,1,1,0
BRDA:43,2,0,0
BRDA:43,2,1,0
BRDA:46,3,0,0
BRDA:46,3,1,0
BRDA:51,4,0,0
BRDA:51,4,1,0
BRDA:53,5,0,0
BRDA:53,5,1,0
BRDA:55,6,0,0
BRDA:55,6,1,0
BRDA:71,7,0,0
BRDA:71,7,1,0
BRDA:71,8,0,0
BRDA:71,8,1,0
BRDA:88,9,0,0
BRDA:88,9,1,0
BRDA:88,10,0,0
BRDA:88,10,1,0
BRDA:88,11,0,0
BRDA:88,11,1,0
BRDA:88,12,0,0
BRDA:88,12,1,0
BRDA:99,13,0,0
BRDA:99,13,1,0
BRDA:127,14,0,0
BRDA:127,14,1,0
BRDA:136,15,0,0
BRDA:136,15,1,0
BRDA:143,16,0,0
BRDA:143,16,1,0
BRDA:204,17,0,0
BRDA:204,17,1,0
BRDA:217,18,0,0
BRDA:217,18,1,0
BRDA:219,19,0,0
BRDA:219,19,1,0
BRDA:222,20,0,0
BRDA:222,20,1,0
BRDA:227,21,0,0
BRDA:227,21,1,0
BRF:44
BRH:0
end_of_record
TN:
SF:src/components/responderRow.tsx
FN:19,(anonymous_0)
FN:21,(anonymous_1)
FN:22,(anonymous_2)
FN:37,(anonymous_3)
FNF:4
FNH:0
FNDA:0,(anonymous_0)
FNDA:0,(anonymous_1)
FNDA:0,(anonymous_2)
FNDA:0,(anonymous_3)
DA:19,2
DA:20,0
DA:21,0
DA:22,0
DA:24,0
DA:38,0
DA:40,0
DA:57,2
LF:8
LH:2
BRDA:20,0,0,0
BRDA:20,0,1,0
BRDA:40,1,0,0
BRDA:40,1,1,0
BRF:4
BRH:0
end_of_record
TN:
SF:src/components/skillTag.tsx
FN:13,SkillTag
FNF:1
FNH:0
FNDA:0,SkillTag
DA:14,0
DA:15,0
DA:16,0
DA:18,0
DA:20,0
DA:44,0
LF:6
LH:0
BRDA:24,0,0,0
BRDA:24,0,1,0
BRDA:25,1,0,0
BRDA:25,1,1,0
BRDA:29,2,0,0
BRDA:29,2,1,0
BRDA:35,3,0,0
BRDA:35,3,1,0
BRDA:36,4,0,0
BRDA:36,4,1,0
BRF:10
BRH:0
end_of_record
TN:
SF:src/components/statusSelector.tsx
FN:13,(anonymous_0)
FN:34,(anonymous_1)
FN:71,(anonymous_2)
FN:106,(anonymous_3)
FN:117,(anonymous_4)
FN:125,(anonymous_5)
FN:125,(anonymous_6)
FN:161,(anonymous_7)
FN:166,(anonymous_8)
FN:168,(anonymous_9)
FN:172,(anonymous_10)
FN:176,(anonymous_11)
FN:180,(anonymous_12)
FN:206,(anonymous_13)
FN:214,(anonymous_14)
FN:232,(anonymous_15)
FN:237,(anonymous_16)
FNF:17
FNH:12
FNDA:1,(anonymous_0)
FNDA:0,(anonymous_1)
FNDA:4,(anonymous_2)
FNDA:1,(anonymous_3)
FNDA:1,(anonymous_4)
FNDA:4,(anonymous_5)
FNDA:0,(anonymous_6)
FNDA:4,(anonymous_7)
FNDA:0,(anonymous_8)
FNDA:1,(anonymous_9)
FNDA:0,(anonymous_10)
FNDA:3,(anonymous_11)
FNDA:3,(anonymous_12)
FNDA:4,(anonymous_13)
FNDA:3,(anonymous_14)
FNDA:4,(anonymous_15)
FNDA:0,(anonymous_16)
DA:12,1
DA:14,1
DA:35,0
DA:71,1
DA:79,4
DA:81,4
DA:106,1
DA:115,1
DA:117,1
DA:119,1
DA:121,1
DA:123,1
DA:125,4
DA:126,0
DA:127,0
DA:128,0
DA:132,0
DA:133,0
DA:135,0
DA:136,0
DA:140,0
DA:142,0
DA:146,1
DA:150,1
DA:158,1
DA:162,4
DA:164,4
DA:166,0
DA:168,4
DA:169,1
DA:172,4
DA:173,0
DA:176,4
DA:177,3
DA:180,4
DA:181,3
DA:206,4
DA:207,4
DA:214,4
DA:215,3
DA:221,4
DA:233,4
DA:235,4
DA:237,0
DA:241,4
DA:242,4
DA:244,4
DA:250,4
DA:252,4
DA:258,4
DA:270,1
LF:51
LH:38
BRDA:17,0,0,0
BRDA:17,0,1,1
BRDA:18,1,0,0
BRDA:18,1,1,1
BRDA:19,2,0,1
BRDA:19,2,1,0
BRDA:20,3,0,1
BRDA:20,3,1,0
BRDA:24,4,0,1
BRDA:24,4,1,0
BRDA:25,5,0,0
BRDA:25,5,1,1
BRDA:27,6,0,1
BRDA:27,6,1,0
BRDA:38,7,0,0
BRDA:38,7,1,0
BRDA:39,8,0,0
BRDA:39,8,1,0
BRDA:40,9,0,0
BRDA:40,9,1,0
BRDA:41,10,0,0
BRDA:41,10,1,0
BRDA:45,11,0,0
BRDA:45,11,1,0
BRDA:46,12,0,0
BRDA:46,12,1,0
BRDA:48,13,0,0
BRDA:48,13,1,0
BRDA:81,14,0,3
BRDA:81,14,1,1
BRDA:85,15,0,3
BRDA:85,15,1,0
BRDA:85,16,0,0
BRDA:85,16,1,3
BRDA:87,17,0,0
BRDA:87,17,1,3
BRDA:88,18,0,0
BRDA:88,18,1,0
BRDA:92,19,0,3
BRDA:92,19,1,0
BRDA:127,20,0,0
BRDA:127,20,1,0
BRDA:128,21,0,0
BRDA:128,21,1,0
BRDA:128,21,2,0
BRDA:128,21,3,0
BRDA:153,22,0,0
BRDA:153,22,1,1
BRDA:154,23,0,0
BRDA:154,23,1,1
BRDA:164,24,0,4
BRDA:164,24,1,0
BRDA:173,25,0,0
BRDA:173,25,1,0
BRDA:173,26,0,0
BRDA:173,26,1,0
BRDA:182,27,0,0
BRDA:182,27,1,3
BRDA:182,28,0,3
BRDA:182,28,1,0
BRDA:184,29,0,3
BRDA:184,29,1,0
BRDA:190,30,0,3
BRDA:190,30,1,0
BRDA:193,31,0,3
BRDA:193,31,1,0
BRDA:196,32,0,0
BRDA:196,32,1,3
BRDA:207,33,0,1
BRDA:207,33,1,3
BRDA:209,34,0,0
BRDA:209,34,1,3
BRDA:215,35,0,0
BRDA:215,35,1,3
BRDA:221,36,0,3
BRDA:221,36,1,1
BRDA:230,37,0,1
BRDA:230,37,1,0
BRDA:235,38,0,4
BRDA:235,38,1,0
BRDA:244,39,0,2
BRDA:244,39,1,2
BRDA:244,40,0,4
BRDA:244,40,1,3
BRDA:252,41,0,1
BRDA:252,41,1,3
BRDA:254,42,0,1
BRDA:254,42,1,2
BRDA:259,43,0,0
BRDA:259,43,1,4
BRDA:259,44,0,1
BRDA:259,44,1,3
BRF:92
BRH:41
end_of_record
TN:
SF:src/components/tabbedScreen.tsx
FN:45,(anonymous_0)
FN:52,(anonymous_1)
FN:55,(anonymous_2)
FN:56,(anonymous_3)
FN:61,(anonymous_4)
FN:64,(anonymous_5)
FN:71,(anonymous_6)
FN:72,(anonymous_7)
FN:80,(anonymous_8)
FNF:9
FNH:6
FNDA:1,(anonymous_0)
FNDA:1,(anonymous_1)
FNDA:1,(anonymous_2)
FNDA:1,(anonymous_3)
FNDA:0,(anonymous_4)
FNDA:0,(anonymous_5)
FNDA:1,(anonymous_6)
FNDA:3,(anonymous_7)
FNDA:0,(anonymous_8)
DA:45,1
DA:51,1
DA:52,1
DA:55,1
DA:56,1
DA:57,1
DA:61,1
DA:62,0
DA:64,0
DA:65,0
DA:69,1
DA:71,1
DA:72,1
DA:73,3
DA:79,3
DA:80,0
DA:95,1
DA:97,1
DA:129,1
LF:19
LH:15
BRDA:51,0,0,1
BRDA:51,0,1,0
BRDA:52,1,0,1
BRDA:52,1,1,0
BRDA:53,2,0,0
BRDA:53,2,1,0
BRDA:73,3,0,3
BRDA:73,3,1,0
BRDA:75,4,0,0
BRDA:75,4,1,0
BRDA:82,5,0,1
BRDA:82,5,1,2
BRDA:83,6,0,1
BRDA:83,6,1,2
BRDA:84,7,0,1
BRDA:84,7,1,2
BRDA:88,8,0,1
BRDA:88,8,1,2
BRDA:100,9,0,0
BRDA:100,9,1,1
BRDA:118,10,0,1
BRDA:118,10,1,0
BRF:22
BRH:13
end_of_record
TN:
SF:src/components/tags.tsx
FN:20,Tags
FN:22,(anonymous_1)
FN:22,(anonymous_2)
FN:29,(anonymous_3)
FNF:4
FNH:4
FNDA:18,Tags
FNDA:14,(anonymous_1)
FNDA:1,(anonymous_2)
FNDA:35,(anonymous_3)
DA:22,18
DA:23,1
DA:26,18
DA:30,35
DA:84,2
LF:5
LH:5
BRDA:27,0,0,2
BRDA:27,0,1,16
BRDA:35,1,0,6
BRDA:35,1,1,29
BRDA:36,2,0,0
BRDA:36,2,1,6
BRDA:39,3,0,0
BRDA:39,3,1,29
BRDA:45,4,0,29
BRDA:45,4,1,6
BRDA:53,5,0,6
BRDA:53,5,1,29
BRDA:54,6,0,0
BRDA:54,6,1,6
BRDA:57,7,0,0
BRDA:57,7,1,29
BRDA:64,8,0,14
BRDA:64,8,1,21
BRDA:70,9,0,0
BRDA:70,9,1,14
BRF:20
BRH:15
end_of_record
TN:
SF:src/components/userIcon.tsx
FN:16,(anonymous_0)
FNF:1
FNH:0
FNDA:0,(anonymous_0)
DA:16,2
DA:23,0
DA:25,0
DA:26,0
DA:27,0
DA:30,0
DA:39,0
DA:42,0
DA:43,0
DA:46,0
DA:50,0
DA:55,0
DA:72,2
LF:13
LH:2
BRDA:25,0,0,0
BRDA:25,0,1,0
BRDA:26,1,0,0
BRDA:26,1,1,0
BRDA:26,2,0,0
BRDA:26,2,1,0
BRDA:34,3,0,0
BRDA:34,3,1,0
BRDA:42,4,0,0
BRDA:42,4,1,0
BRDA:43,5,0,0
BRDA:43,5,1,0
BRDA:50,6,0,0
BRDA:50,6,1,0
BRDA:52,7,0,0
BRDA:52,7,1,0
BRDA:60,8,0,0
BRDA:60,8,1,0
BRDA:66,9,0,0
BRDA:66,9,1,0
BRF:20
BRH:0
end_of_record
TN:
SF:src/components/validatableTextInput.tsx
FN:23,(anonymous_0)
FN:40,(anonymous_1)
FN:50,(anonymous_2)
FN:51,(anonymous_3)
FNF:4
FNH:2
FNDA:18,(anonymous_0)
FNDA:0,(anonymous_1)
FNDA:4,(anonymous_2)
FNDA:0,(anonymous_3)
DA:23,1
DA:25,18
DA:27,18
DA:29,18
DA:41,0
DA:42,0
DA:50,4
DA:51,0
DA:61,1
LF:9
LH:6
BRDA:27,0,0,12
BRDA:27,0,1,6
BRDA:32,1,0,18
BRDA:32,1,1,0
BRDA:35,2,0,6
BRDA:35,2,1,12
BRDA:38,3,0,12
BRDA:38,3,1,0
BRDA:46,4,0,18
BRDA:46,4,1,0
BRDA:53,5,0,4
BRDA:53,5,1,14
BRF:12
BRH:9
end_of_record
TN:
SF:src/components/wheelPicker.tsx
FN:18,(anonymous_0)
FN:35,(anonymous_1)
FN:36,(anonymous_2)
FNF:3
FNH:0
FNDA:0,(anonymous_0)
FNDA:0,(anonymous_1)
FNDA:0,(anonymous_2)
DA:18,2
DA:24,0
DA:35,2
DA:36,0
DA:37,0
LF:5
LH:2
BRF:0
BRH:0
end_of_record
TN:
SF:src/components/alerts/alerts.tsx
FN:11,(anonymous_0)
FN:14,(anonymous_1)
FN:19,(anonymous_2)
FN:45,(anonymous_3)
FN:46,(anonymous_4)
FN:76,(anonymous_5)
FN:83,(anonymous_6)
FNF:7
FNH:6
FNDA:45,(anonymous_0)
FNDA:0,(anonymous_1)
FNDA:19,(anonymous_2)
FNDA:2,(anonymous_3)
FNDA:1,(anonymous_4)
FNDA:19,(anonymous_5)
FNDA:11,(anonymous_6)
DA:11,1
DA:12,45
DA:14,45
DA:15,0
DA:16,0
DA:19,45
DA:20,19
DA:21,18
DA:24,1
DA:26,1
DA:30,1
DA:46,2
DA:47,1
DA:48,1
DA:51,2
DA:76,45
DA:77,19
DA:83,11
DA:92,45
DA:93,21
DA:98,24
DA:99,5
DA:102,19
DA:110,1
DA:112,1
LF:25
LH:23
BRDA:12,0,0,45
BRDA:12,0,1,44
BRDA:20,1,0,18
BRDA:20,1,1,1
BRDA:26,2,0,0
BRDA:26,2,1,1
BRDA:53,3,0,1
BRDA:53,3,1,1
BRDA:59,4,0,2
BRDA:59,4,1,0
BRDA:61,5,0,1
BRDA:61,5,1,1
BRDA:77,6,0,19
BRDA:77,6,1,0
BRDA:92,7,0,21
BRDA:92,7,1,24
BRDA:98,8,0,5
BRDA:98,8,1,19
BRDA:98,9,0,24
BRDA:98,9,1,8
BRDA:98,9,2,22
BRF:21
BRH:18
end_of_record
TN:
SF:src/components/bottomDrawer/globalBottomDrawer.tsx
FN:19,(anonymous_0)
FN:47,(anonymous_1)
FN:48,(anonymous_2)
FN:69,(anonymous_3)
FNF:4
FNH:2
FNDA:8,(anonymous_0)
FNDA:0,(anonymous_1)
FNDA:0,(anonymous_2)
FNDA:41,(anonymous_3)
DA:12,1
DA:20,8
DA:22,8
DA:48,0
DA:49,0
DA:50,0
DA:51,0
DA:55,0
DA:72,41
DA:73,20
DA:76,21
DA:93,1
LF:12
LH:7
BRDA:29,0,0,6
BRDA:29,0,1,2
BRDA:36,1,0,2
BRDA:36,1,1,6
BRDA:49,2,0,0
BRDA:49,2,1,0
BRDA:49,3,0,0
BRDA:49,3,1,0
BRDA:72,4,0,20
BRDA:72,4,1,21
BRDA:72,5,0,41
BRDA:72,5,1,26
BRDA:79,6,0,13
BRDA:79,6,1,8
BRDA:79,7,0,21
BRDA:79,7,1,8
BRDA:84,8,0,0
BRDA:84,8,1,21
BRF:18
BRH:13
end_of_record
TN:
SF:src/components/bottomDrawer/views/addUser.tsx
FN:22,(anonymous_0)
FN:23,(anonymous_1)
FN:28,(anonymous_2)
FN:36,(anonymous_3)
FN:41,(anonymous_4)
FN:59,(anonymous_5)
FN:79,(anonymous_6)
FN:86,(anonymous_7)
FN:87,(anonymous_8)
FN:90,(anonymous_9)
FN:95,(anonymous_10)
FN:104,(anonymous_11)
FN:105,(anonymous_12)
FN:108,(anonymous_13)
FN:114,(anonymous_14)
FN:122,(anonymous_15)
FN:123,(anonymous_16)
FN:126,(anonymous_17)
FN:129,(anonymous_18)
FN:129,(anonymous_19)
FN:149,(anonymous_20)
FNF:21
FNH:0
FNDA:0,(anonymous_0)
FNDA:0,(anonymous_1)
FNDA:0,(anonymous_2)
FNDA:0,(anonymous_3)
FNDA:0,(anonymous_4)
FNDA:0,(anonymous_5)
FNDA:0,(anonymous_6)
FNDA:0,(anonymous_7)
FNDA:0,(anonymous_8)
FNDA:0,(anonymous_9)
FNDA:0,(anonymous_10)
FNDA:0,(anonymous_11)
FNDA:0,(anonymous_12)
FNDA:0,(anonymous_13)
FNDA:0,(anonymous_14)
FNDA:0,(anonymous_15)
FNDA:0,(anonymous_16)
FNDA:0,(anonymous_17)
FNDA:0,(anonymous_18)
FNDA:0,(anonymous_19)
FNDA:0,(anonymous_20)
DA:20,0
DA:22,0
DA:23,0
DA:24,0
DA:28,0
DA:33,0
DA:37,0
DA:44,0
DA:45,0
DA:46,0
DA:47,0
DA:49,0
DA:50,0
DA:52,0
DA:55,0
DA:56,0
DA:60,0
DA:66,0
DA:79,0
DA:80,0
DA:86,0
DA:88,0
DA:91,0
DA:95,0
DA:104,0
DA:106,0
DA:109,0
DA:114,0
DA:122,0
DA:124,0
DA:126,0
DA:129,0
DA:130,0
DA:150,0
DA:156,2
LF:35
LH:1
BRF:0
BRH:0
end_of_record
TN:
SF:src/components/bottomDrawer/views/assignResponders.tsx
FN:27,(anonymous_0)
FN:32,(anonymous_1)
FN:36,(anonymous_2)
FN:41,(anonymous_3)
FN:58,(anonymous_4)
FN:60,(anonymous_5)
FN:64,(anonymous_6)
FN:74,(anonymous_7)
FN:78,(anonymous_8)
FN:82,(anonymous_9)
FN:119,(anonymous_10)
FN:145,(anonymous_11)
FN:150,(anonymous_12)
FN:154,(anonymous_13)
FN:183,(anonymous_14)
FNF:15
FNH:0
FNDA:0,(anonymous_0)
FNDA:0,(anonymous_1)
FNDA:0,(anonymous_2)
FNDA:0,(anonymous_3)
FNDA:0,(anonymous_4)
FNDA:0,(anonymous_5)
FNDA:0,(anonymous_6)
FNDA:0,(anonymous_7)
FNDA:0,(anonymous_8)
FNDA:0,(anonymous_9)
FNDA:0,(anonymous_10)
FNDA:0,(anonymous_11)
FNDA:0,(anonymous_12)
FNDA:0,(anonymous_13)
FNDA:0,(anonymous_14)
DA:18,2
DA:23,0
DA:27,0
DA:28,0
DA:32,0
DA:33,0
DA:37,0
DA:42,0
DA:44,0
DA:45,0
DA:46,0
DA:48,0
DA:49,0
DA:51,0
DA:54,0
DA:56,0
DA:59,0
DA:60,0
DA:62,0
DA:65,0
DA:71,0
DA:74,0
DA:75,0
DA:78,0
DA:79,0
DA:82,0
DA:84,0
DA:116,0
DA:119,0
DA:120,0
DA:121,0
DA:145,0
DA:147,0
DA:151,0
DA:152,0
DA:154,0
DA:156,0
DA:184,0
DA:195,2
LF:39
LH:2
BRDA:28,0,0,0
BRDA:28,0,1,0
BRDA:120,1,0,0
BRDA:120,1,1,0
BRDA:122,2,0,0
BRDA:122,2,1,0
BRDA:128,3,0,0
BRDA:128,3,1,0
BRDA:129,4,0,0
BRDA:129,4,1,0
BRDA:166,5,0,0
BRDA:166,5,1,0
BRDA:170,6,0,0
BRDA:170,6,1,0
BRF:14
BRH:0
end_of_record
TN:
SF:src/components/bottomDrawer/views/createRequest.tsx
FN:28,(anonymous_0)
FN:29,(anonymous_1)
FN:34,(anonymous_2)
FN:38,(anonymous_3)
FN:39,(anonymous_4)
FN:44,(anonymous_5)
FN:53,(anonymous_6)
FN:58,(anonymous_7)
FN:83,(anonymous_8)
FN:110,(anonymous_9)
FN:120,(anonymous_10)
FN:121,(anonymous_11)
FN:124,(anonymous_12)
FN:130,(anonymous_13)
FN:131,(anonymous_14)
FN:132,(anonymous_15)
FN:139,(anonymous_16)
FN:140,(anonymous_17)
FN:141,(anonymous_18)
FN:142,(anonymous_19)
FN:145,(anonymous_20)
FN:152,(anonymous_21)
FN:159,(anonymous_22)
FN:160,(anonymous_23)
FN:163,(anonymous_24)
FN:168,(anonymous_25)
FN:169,(anonymous_26)
FN:170,(anonymous_27)
FN:178,(anonymous_28)
FN:179,(anonymous_29)
FN:182,(anonymous_30)
FN:187,(anonymous_31)
FN:193,(anonymous_32)
FN:193,(anonymous_33)
FN:200,(anonymous_34)
FN:201,(anonymous_35)
FN:204,(anonymous_36)
FN:209,(anonymous_37)
FN:214,(anonymous_38)
FN:214,(anonymous_39)
FN:220,(anonymous_40)
FN:221,(anonymous_41)
FN:224,(anonymous_42)
FN:229,(anonymous_43)
FN:236,(anonymous_44)
FN:237,(anonymous_45)
FN:240,(anonymous_46)
FN:245,(anonymous_47)
FN:252,(anonymous_48)
FN:255,(anonymous_49)
FN:258,(anonymous_50)
FN:259,(anonymous_51)
FN:260,(anonymous_52)
FN:271,(anonymous_53)
FN:272,(anonymous_54)
FN:277,(anonymous_55)
FN:282,(anonymous_56)
FN:283,(anonymous_57)
FN:284,(anonymous_58)
FN:293,(anonymous_59)
FN:298,(anonymous_60)
FN:301,(anonymous_61)
FN:304,(anonymous_62)
FN:331,(anonymous_63)
FNF:64
FNH:33
FNDA:2,(anonymous_0)
FNDA:2,(anonymous_1)
FNDA:4,(anonymous_2)
FNDA:4,(anonymous_3)
FNDA:4,(anonymous_4)
FNDA:2,(anonymous_5)
FNDA:0,(anonymous_6)
FNDA:1,(anonymous_7)
FNDA:7,(anonymous_8)
FNDA:2,(anonymous_9)
FNDA:1,(anonymous_10)
FNDA:4,(anonymous_11)
FNDA:4,(anonymous_12)
FNDA:4,(anonymous_13)
FNDA:4,(anonymous_14)
FNDA:6,(anonymous_15)
FNDA:0,(anonymous_16)
FNDA:3,(anonymous_17)
FNDA:0,(anonymous_18)
FNDA:6,(anonymous_19)
FNDA:0,(anonymous_20)
FNDA:0,(anonymous_21)
FNDA:0,(anonymous_22)
FNDA:0,(anonymous_23)
FNDA:0,(anonymous_24)
FNDA:2,(anonymous_25)
FNDA:0,(anonymous_26)
FNDA:2,(anonymous_27)
FNDA:0,(anonymous_28)
FNDA:4,(anonymous_29)
FNDA:0,(anonymous_30)
FNDA:4,(anonymous_31)
FNDA:0,(anonymous_32)
FNDA:0,(anonymous_33)
FNDA:0,(anonymous_34)
FNDA:2,(anonymous_35)
FNDA:0,(anonymous_36)
FNDA:2,(anonymous_37)
FNDA:0,(anonymous_38)
FNDA:0,(anonymous_39)
FNDA:0,(anonymous_40)
FNDA:2,(anonymous_41)
FNDA:0,(anonymous_42)
FNDA:2,(anonymous_43)
FNDA:0,(anonymous_44)
FNDA:2,(anonymous_45)
FNDA:0,(anonymous_46)
FNDA:2,(anonymous_47)
FNDA:0,(anonymous_48)
FNDA:6,(anonymous_49)
FNDA:0,(anonymous_50)
FNDA:0,(anonymous_51)
FNDA:3,(anonymous_52)
FNDA:0,(anonymous_53)
FNDA:0,(anonymous_54)
FNDA:0,(anonymous_55)
FNDA:2,(anonymous_56)
FNDA:0,(anonymous_57)
FNDA:2,(anonymous_58)
FNDA:0,(anonymous_59)
FNDA:0,(anonymous_60)
FNDA:6,(anonymous_61)
FNDA:0,(anonymous_62)
FNDA:2,(anonymous_63)
DA:24,2
DA:26,2
DA:29,2
DA:30,2
DA:34,2
DA:35,4
DA:38,2
DA:39,4
DA:40,4
DA:44,2
DA:50,2
DA:54,0
DA:61,1
DA:62,1
DA:63,1
DA:65,0
DA:66,0
DA:68,1
DA:71,1
DA:76,1
DA:78,1
DA:79,1
DA:80,1
DA:84,7
DA:92,2
DA:110,2
DA:112,2
DA:120,1
DA:122,4
DA:125,4
DA:130,4
DA:131,4
DA:132,6
DA:139,0
DA:140,3
DA:141,0
DA:143,6
DA:146,0
DA:152,0
DA:159,0
DA:161,0
DA:164,0
DA:168,2
DA:169,0
DA:170,2
DA:178,0
DA:180,4
DA:183,0
DA:187,4
DA:193,0
DA:200,0
DA:202,2
DA:205,0
DA:209,2
DA:214,0
DA:220,0
DA:222,2
DA:225,0
DA:229,2
DA:236,0
DA:238,2
DA:241,0
DA:245,2
DA:253,0
DA:256,6
DA:258,0
DA:259,0
DA:260,3
DA:271,0
DA:273,0
DA:278,0
DA:282,2
DA:283,0
DA:284,2
DA:293,0
DA:299,0
DA:302,6
DA:305,0
DA:332,2
LF:79
LH:48
BRDA:273,0,0,0
BRDA:273,0,1,0
BRDA:286,1,0,0
BRDA:286,1,1,2
BRDA:288,2,0,0
BRDA:288,2,1,2
BRF:6
BRH:2
end_of_record
TN:
SF:src/components/bottomDrawer/views/editRequest.tsx
FN:25,(anonymous_0)
FN:29,(anonymous_1)
FN:33,(anonymous_2)
FN:34,(anonymous_3)
FN:39,(anonymous_4)
FN:47,(anonymous_5)
FN:52,(anonymous_6)
FN:75,(anonymous_7)
FN:95,(anonymous_8)
FN:104,(anonymous_9)
FN:105,(anonymous_10)
FN:108,(anonymous_11)
FN:114,(anonymous_12)
FN:115,(anonymous_13)
FN:116,(anonymous_14)
FN:123,(anonymous_15)
FN:124,(anonymous_16)
FN:125,(anonymous_17)
FN:126,(anonymous_18)
FN:129,(anonymous_19)
FN:136,(anonymous_20)
FN:143,(anonymous_21)
FN:144,(anonymous_22)
FN:147,(anonymous_23)
FN:152,(anonymous_24)
FN:153,(anonymous_25)
FN:154,(anonymous_26)
FN:162,(anonymous_27)
FN:163,(anonymous_28)
FN:166,(anonymous_29)
FN:171,(anonymous_30)
FN:177,(anonymous_31)
FN:177,(anonymous_32)
FN:184,(anonymous_33)
FN:185,(anonymous_34)
FN:188,(anonymous_35)
FN:193,(anonymous_36)
FN:198,(anonymous_37)
FN:198,(anonymous_38)
FN:204,(anonymous_39)
FN:205,(anonymous_40)
FN:208,(anonymous_41)
FN:213,(anonymous_42)
FN:219,(anonymous_43)
FN:220,(anonymous_44)
FN:223,(anonymous_45)
FN:228,(anonymous_46)
FN:234,(anonymous_47)
FN:237,(anonymous_48)
FN:240,(anonymous_49)
FN:241,(anonymous_50)
FN:242,(anonymous_51)
FN:253,(anonymous_52)
FN:254,(anonymous_53)
FN:259,(anonymous_54)
FN:269,(anonymous_55)
FN:270,(anonymous_56)
FN:271,(anonymous_57)
FN:275,(anonymous_58)
FN:280,(anonymous_59)
FN:283,(anonymous_60)
FN:286,(anonymous_61)
FN:313,(anonymous_62)
FNF:63
FNH:0
FNDA:0,(anonymous_0)
FNDA:0,(anonymous_1)
FNDA:0,(anonymous_2)
FNDA:0,(anonymous_3)
FNDA:0,(anonymous_4)
FNDA:0,(anonymous_5)
FNDA:0,(anonymous_6)
FNDA:0,(anonymous_7)
FNDA:0,(anonymous_8)
FNDA:0,(anonymous_9)
FNDA:0,(anonymous_10)
FNDA:0,(anonymous_11)
FNDA:0,(anonymous_12)
FNDA:0,(anonymous_13)
FNDA:0,(anonymous_14)
FNDA:0,(anonymous_15)
FNDA:0,(anonymous_16)
FNDA:0,(anonymous_17)
FNDA:0,(anonymous_18)
FNDA:0,(anonymous_19)
FNDA:0,(anonymous_20)
FNDA:0,(anonymous_21)
FNDA:0,(anonymous_22)
FNDA:0,(anonymous_23)
FNDA:0,(anonymous_24)
FNDA:0,(anonymous_25)
FNDA:0,(anonymous_26)
FNDA:0,(anonymous_27)
FNDA:0,(anonymous_28)
FNDA:0,(anonymous_29)
FNDA:0,(anonymous_30)
FNDA:0,(anonymous_31)
FNDA:0,(anonymous_32)
FNDA:0,(anonymous_33)
FNDA:0,(anonymous_34)
FNDA:0,(anonymous_35)
FNDA:0,(anonymous_36)
FNDA:0,(anonymous_37)
FNDA:0,(anonymous_38)
FNDA:0,(anonymous_39)
FNDA:0,(anonymous_40)
FNDA:0,(anonymous_41)
FNDA:0,(anonymous_42)
FNDA:0,(anonymous_43)
FNDA:0,(anonymous_44)
FNDA:0,(anonymous_45)
FNDA:0,(anonymous_46)
FNDA:0,(anonymous_47)
FNDA:0,(anonymous_48)
FNDA:0,(anonymous_49)
FNDA:0,(anonymous_50)
FNDA:0,(anonymous_51)
FNDA:0,(anonymous_52)
FNDA:0,(anonymous_53)
FNDA:0,(anonymous_54)
FNDA:0,(anonymous_55)
FNDA:0,(anonymous_56)
FNDA:0,(anonymous_57)
FNDA:0,(anonymous_58)
FNDA:0,(anonymous_59)
FNDA:0,(anonymous_60)
FNDA:0,(anonymous_61)
FNDA:0,(anonymous_62)
DA:23,0
DA:26,0
DA:29,0
DA:30,0
DA:33,0
DA:34,0
DA:35,0
DA:39,0
DA:44,0
DA:48,0
DA:53,0
DA:54,0
DA:55,0
DA:57,0
DA:58,0
DA:60,0
DA:63,0
DA:68,0
DA:70,0
DA:72,0
DA:76,0
DA:82,0
DA:95,0
DA:96,0
DA:104,0
DA:106,0
DA:109,0
DA:114,0
DA:115,0
DA:116,0
DA:123,0
DA:124,0
DA:125,0
DA:127,0
DA:130,0
DA:136,0
DA:143,0
DA:145,0
DA:148,0
DA:152,0
DA:153,0
DA:154,0
DA:162,0
DA:164,0
DA:167,0
DA:171,0
DA:177,0
DA:184,0
DA:186,0
DA:189,0
DA:193,0
DA:198,0
DA:204,0
DA:206,0
DA:209,0
DA:213,0
DA:219,0
DA:221,0
DA:224,0
DA:228,0
DA:235,0
DA:238,0
DA:240,0
DA:241,0
DA:242,0
DA:253,0
DA:255,0
DA:260,0
DA:269,0
DA:270,0
DA:271,0
DA:275,0
DA:281,0
DA:284,0
DA:287,0
DA:314,0
LF:76
LH:0
BRDA:255,0,0,0
BRDA:255,0,1,0
BRDA:264,1,0,0
BRDA:264,1,1,0
BRDA:266,2,0,0
BRDA:266,2,1,0
BRF:6
BRH:0
end_of_record
TN:
SF:src/components/bottomDrawer/views/editUser.tsx
FN:25,(anonymous_0)
FN:29,(anonymous_1)
FN:35,(anonymous_2)
FN:36,(anonymous_3)
FN:41,(anonymous_4)
FN:49,(anonymous_5)
FN:54,(anonymous_6)
FN:77,(anonymous_7)
FN:113,(anonymous_8)
FN:128,(anonymous_9)
FN:136,(anonymous_10)
FN:159,(anonymous_11)
FN:161,(anonymous_12)
FN:168,(anonymous_13)
FN:179,(anonymous_14)
FN:186,(anonymous_15)
FN:190,(anonymous_16)
FN:203,(anonymous_17)
FN:210,(anonymous_18)
FN:211,(anonymous_19)
FN:212,(anonymous_20)
FN:217,(anonymous_21)
FN:217,(anonymous_22)
FN:233,(anonymous_23)
FN:234,(anonymous_24)
FN:235,(anonymous_25)
FN:241,(anonymous_26)
FN:246,(anonymous_27)
FN:252,(anonymous_28)
FN:253,(anonymous_29)
FN:254,(anonymous_30)
FN:257,(anonymous_31)
FN:263,(anonymous_32)
FN:264,(anonymous_33)
FN:265,(anonymous_34)
FN:268,(anonymous_35)
FN:269,(anonymous_36)
FN:270,(anonymous_37)
FN:274,(anonymous_38)
FN:275,(anonymous_39)
FN:276,(anonymous_40)
FN:279,(anonymous_41)
FN:283,(anonymous_42)
FN:284,(anonymous_43)
FN:285,(anonymous_44)
FN:288,(anonymous_45)
FN:297,(anonymous_46)
FN:298,(anonymous_47)
FN:299,(anonymous_48)
FN:302,(anonymous_49)
FN:312,(anonymous_50)
FN:313,(anonymous_51)
FN:314,(anonymous_52)
FN:317,(anonymous_53)
FN:317,(anonymous_54)
FN:333,(anonymous_55)
FN:334,(anonymous_56)
FN:335,(anonymous_57)
FN:341,(anonymous_58)
FN:346,(anonymous_59)
FNF:60
FNH:29
FNDA:32,(anonymous_0)
FNDA:22,(anonymous_1)
FNDA:4,(anonymous_2)
FNDA:4,(anonymous_3)
FNDA:2,(anonymous_4)
FNDA:0,(anonymous_5)
FNDA:1,(anonymous_6)
FNDA:6,(anonymous_7)
FNDA:2,(anonymous_8)
FNDA:0,(anonymous_9)
FNDA:0,(anonymous_10)
FNDA:2,(anonymous_11)
FNDA:0,(anonymous_12)
FNDA:0,(anonymous_13)
FNDA:0,(anonymous_14)
FNDA:0,(anonymous_15)
FNDA:0,(anonymous_16)
FNDA:0,(anonymous_17)
FNDA:0,(anonymous_18)
FNDA:0,(anonymous_19)
FNDA:0,(anonymous_20)
FNDA:0,(anonymous_21)
FNDA:0,(anonymous_22)
FNDA:0,(anonymous_23)
FNDA:0,(anonymous_24)
FNDA:0,(anonymous_25)
FNDA:0,(anonymous_26)
FNDA:2,(anonymous_27)
FNDA:0,(anonymous_28)
FNDA:2,(anonymous_29)
FNDA:3,(anonymous_30)
FNDA:4,(anonymous_31)
FNDA:0,(anonymous_32)
FNDA:0,(anonymous_33)
FNDA:0,(anonymous_34)
FNDA:2,(anonymous_35)
FNDA:0,(anonymous_36)
FNDA:2,(anonymous_37)
FNDA:0,(anonymous_38)
FNDA:2,(anonymous_39)
FNDA:0,(anonymous_40)
FNDA:2,(anonymous_41)
FNDA:1,(anonymous_42)
FNDA:3,(anonymous_43)
FNDA:3,(anonymous_44)
FNDA:5,(anonymous_45)
FNDA:0,(anonymous_46)
FNDA:2,(anonymous_47)
FNDA:0,(anonymous_48)
FNDA:2,(anonymous_49)
FNDA:14,(anonymous_50)
FNDA:1,(anonymous_51)
FNDA:0,(anonymous_52)
FNDA:0,(anonymous_53)
FNDA:0,(anonymous_54)
FNDA:14,(anonymous_55)
FNDA:1,(anonymous_56)
FNDA:0,(anonymous_57)
FNDA:8,(anonymous_58)
FNDA:2,(anonymous_59)
DA:23,2
DA:26,32
DA:30,22
DA:35,2
DA:36,4
DA:37,4
DA:41,2
DA:46,2
DA:50,0
DA:55,1
DA:56,1
DA:58,1
DA:62,0
DA:63,0
DA:65,1
DA:68,1
DA:72,1
DA:74,1
DA:78,6
DA:84,2
DA:113,2
DA:114,2
DA:116,2
DA:128,2
DA:129,0
DA:130,0
DA:131,0
DA:132,0
DA:136,2
DA:137,0
DA:139,0
DA:141,0
DA:142,0
DA:144,0
DA:146,0
DA:148,0
DA:151,0
DA:153,0
DA:155,0
DA:159,2
DA:161,2
DA:162,0
DA:179,2
DA:180,0
DA:191,0
DA:192,0
DA:194,0
DA:203,2
DA:204,0
DA:205,0
DA:207,0
DA:210,0
DA:211,0
DA:213,0
DA:217,0
DA:218,0
DA:233,0
DA:234,0
DA:235,0
DA:241,0
DA:243,0
DA:246,2
DA:247,2
DA:248,2
DA:250,2
DA:252,0
DA:253,2
DA:254,3
DA:257,4
DA:263,0
DA:264,0
DA:265,0
DA:268,2
DA:269,0
DA:270,2
DA:274,0
DA:275,2
DA:276,0
DA:279,2
DA:283,1
DA:284,3
DA:285,3
DA:288,5
DA:297,0
DA:298,2
DA:299,0
DA:302,2
DA:312,14
DA:313,1
DA:314,0
DA:317,0
DA:318,0
DA:333,14
DA:334,1
DA:335,0
DA:341,8
DA:343,2
DA:347,2
DA:351,2
LF:99
LH:51
BRDA:30,0,0,22
BRDA:30,0,1,0
BRDA:58,1,0,1
BRDA:58,1,1,0
BRDA:68,2,0,1
BRDA:68,2,1,0
BRDA:90,3,0,2
BRDA:90,3,1,0
BRDA:98,4,0,2
BRDA:98,4,1,0
BRDA:118,5,0,2
BRDA:118,5,1,0
BRDA:121,6,0,2
BRDA:121,6,1,0
BRDA:129,7,0,0
BRDA:129,7,1,0
BRDA:141,8,0,0
BRDA:141,8,1,0
BRDA:159,9,0,2
BRDA:159,9,1,0
BRDA:208,10,0,0
BRDA:208,10,1,0
BRDA:231,11,0,0
BRDA:231,11,1,0
BRDA:310,12,0,2
BRDA:310,12,1,0
BRDA:331,13,0,2
BRDA:331,13,1,0
BRF:28
BRH:10
end_of_record
TN:
SF:src/components/chats/helpRequestChatChannel.tsx
FN:20,(anonymous_0)
FN:31,(anonymous_1)
FN:32,(anonymous_2)
FN:33,(anonymous_3)
FN:36,(anonymous_4)
FN:41,(anonymous_5)
FN:49,(anonymous_6)
FN:68,(anonymous_7)
FN:76,(anonymous_8)
FN:83,(anonymous_9)
FN:101,(anonymous_10)
FN:103,(anonymous_11)
FN:114,(anonymous_12)
FN:129,(anonymous_13)
FN:133,(anonymous_14)
FN:137,(anonymous_15)
FNF:16
FNH:0
FNDA:0,(anonymous_0)
FNDA:0,(anonymous_1)
FNDA:0,(anonymous_2)
FNDA:0,(anonymous_3)
FNDA:0,(anonymous_4)
FNDA:0,(anonymous_5)
FNDA:0,(anonymous_6)
FNDA:0,(anonymous_7)
FNDA:0,(anonymous_8)
FNDA:0,(anonymous_9)
FNDA:0,(anonymous_10)
FNDA:0,(anonymous_11)
FNDA:0,(anonymous_12)
FNDA:0,(anonymous_13)
FNDA:0,(anonymous_14)
FNDA:0,(anonymous_15)
DA:20,1
DA:21,0
DA:22,0
DA:24,0
DA:25,0
DA:27,0
DA:29,0
DA:31,0
DA:32,0
DA:33,0
DA:36,0
DA:37,0
DA:41,0
DA:42,0
DA:43,0
DA:46,0
DA:50,0
DA:51,0
DA:52,0
DA:54,0
DA:68,0
DA:69,0
DA:71,0
DA:72,0
DA:73,0
DA:74,0
DA:76,0
DA:78,0
DA:79,0
DA:83,0
DA:84,0
DA:102,0
DA:103,0
DA:107,0
DA:108,0
DA:114,0
DA:129,0
DA:130,0
DA:133,0
DA:136,0
DA:137,0
DA:138,0
DA:139,0
DA:141,0
DA:143,0
DA:163,0
DA:175,1
LF:47
LH:2
BRDA:42,0,0,0
BRDA:42,0,1,0
BRDA:42,1,0,0
BRDA:42,1,1,0
BRDA:55,2,0,0
BRDA:55,2,1,0
BRDA:56,3,0,0
BRDA:56,3,1,0
BRDA:57,4,0,0
BRDA:57,4,1,0
BRDA:102,5,0,0
BRDA:102,5,1,0
BRDA:139,6,0,0
BRDA:139,6,1,0
BRDA:139,6,2,0
BRDA:148,7,0,0
BRDA:148,7,1,0
BRDA:165,8,0,0
BRDA:165,8,1,0
BRF:19
BRH:0
end_of_record
TN:
SF:src/components/chats/helpRequestChatPreview.tsx
FN:18,(anonymous_0)
FN:22,(anonymous_1)
FN:29,(anonymous_2)
FN:44,(anonymous_3)
FNF:4
FNH:0
FNDA:0,(anonymous_0)
FNDA:0,(anonymous_1)
FNDA:0,(anonymous_2)
FNDA:0,(anonymous_3)
DA:18,1
DA:22,0
DA:23,0
DA:24,0
DA:29,0
DA:30,0
DA:34,0
DA:44,0
DA:45,0
DA:46,0
DA:47,0
DA:49,0
DA:61,0
DA:75,0
DA:99,1
LF:15
LH:2
BRDA:30,0,0,0
BRDA:30,0,1,0
BRDA:30,0,2,0
BRDA:30,0,3,0
BRDA:36,1,0,0
BRDA:36,1,1,0
BRDA:49,2,0,0
BRDA:49,2,1,0
BRDA:49,3,0,0
BRDA:49,3,1,0
BRDA:52,4,0,0
BRDA:52,4,1,0
BRF:12
BRH:0
end_of_record
TN:
SF:src/components/forms/editCategorizedItemForm.tsx
FN:30,(anonymous_0)
FN:48,(anonymous_1)
FN:58,(anonymous_2)
FN:64,(anonymous_3)
FN:76,(anonymous_4)
FN:77,(anonymous_5)
FN:78,(anonymous_6)
FN:84,(anonymous_7)
FN:92,(anonymous_8)
FN:96,(anonymous_9)
FN:99,(anonymous_10)
FN:108,(anonymous_11)
FN:108,(anonymous_12)
FN:111,(anonymous_13)
FN:112,(anonymous_14)
FN:113,(anonymous_15)
FN:130,(anonymous_16)
FN:133,(anonymous_17)
FN:134,(anonymous_18)
FN:135,(anonymous_19)
FN:160,(anonymous_20)
FN:166,(anonymous_21)
FN:199,(anonymous_22)
FN:220,(anonymous_23)
FN:228,(anonymous_24)
FN:229,(anonymous_25)
FN:230,(anonymous_26)
FN:236,(anonymous_27)
FN:240,(anonymous_28)
FN:247,(anonymous_29)
FNF:30
FNH:0
FNDA:0,(anonymous_0)
FNDA:0,(anonymous_1)
FNDA:0,(anonymous_2)
FNDA:0,(anonymous_3)
FNDA:0,(anonymous_4)
FNDA:0,(anonymous_5)
FNDA:0,(anonymous_6)
FNDA:0,(anonymous_7)
FNDA:0,(anonymous_8)
FNDA:0,(anonymous_9)
FNDA:0,(anonymous_10)
FNDA:0,(anonymous_11)
FNDA:0,(anonymous_12)
FNDA:0,(anonymous_13)
FNDA:0,(anonymous_14)
FNDA:0,(anonymous_15)
FNDA:0,(anonymous_16)
FNDA:0,(anonymous_17)
FNDA:0,(anonymous_18)
FNDA:0,(anonymous_19)
FNDA:0,(anonymous_20)
FNDA:0,(anonymous_21)
FNDA:0,(anonymous_22)
FNDA:0,(anonymous_23)
FNDA:0,(anonymous_24)
FNDA:0,(anonymous_25)
FNDA:0,(anonymous_26)
FNDA:0,(anonymous_27)
FNDA:0,(anonymous_28)
FNDA:0,(anonymous_29)
DA:18,2
DA:30,2
DA:39,0
DA:40,0
DA:41,0
DA:43,0
DA:45,0
DA:49,0
DA:50,0
DA:51,0
DA:52,0
DA:53,0
DA:55,0
DA:59,0
DA:65,0
DA:66,0
DA:67,0
DA:74,0
DA:76,0
DA:77,0
DA:78,0
DA:84,0
DA:85,0
DA:86,0
DA:87,0
DA:88,0
DA:92,0
DA:93,0
DA:96,0
DA:97,0
DA:99,0
DA:108,0
DA:109,0
DA:111,0
DA:112,0
DA:113,0
DA:118,0
DA:130,0
DA:131,0
DA:133,0
DA:134,0
DA:135,0
DA:140,0
DA:147,0
DA:161,0
DA:166,0
DA:167,0
DA:180,0
DA:199,2
DA:212,0
DA:213,0
DA:214,0
DA:215,0
DA:216,0
DA:219,0
DA:220,0
DA:222,0
DA:226,0
DA:228,0
DA:229,0
DA:230,0
DA:236,0
DA:237,0
DA:238,0
DA:240,0
DA:241,0
DA:242,0
DA:247,0
DA:248,0
DA:251,0
DA:261,2
LF:71
LH:4
BRDA:85,0,0,0
BRDA:85,0,1,0
BRDA:122,1,0,0
BRDA:122,1,1,0
BRDA:173,2,0,0
BRDA:173,2,1,0
BRDA:219,3,0,0
BRDA:219,3,1,0
BRDA:219,4,0,0
BRDA:219,4,1,0
BRDA:228,5,0,0
BRDA:228,5,1,0
BRDA:237,6,0,0
BRDA:237,6,1,0
BRF:14
BRH:0
end_of_record
TN:
SF:src/components/forms/editRolesForm.tsx
FN:23,(anonymous_0)
FN:26,(anonymous_1)
FN:27,(anonymous_2)
FN:30,(anonymous_3)
FN:34,(anonymous_4)
FN:42,(anonymous_5)
FN:43,(anonymous_6)
FN:48,(anonymous_7)
FN:68,(anonymous_8)
FN:80,(anonymous_9)
FN:81,(anonymous_10)
FN:86,(anonymous_11)
FN:108,(anonymous_12)
FNF:13
FNH:0
FNDA:0,(anonymous_0)
FNDA:0,(anonymous_1)
FNDA:0,(anonymous_2)
FNDA:0,(anonymous_3)
FNDA:0,(anonymous_4)
FNDA:0,(anonymous_5)
FNDA:0,(anonymous_6)
FNDA:0,(anonymous_7)
FNDA:0,(anonymous_8)
FNDA:0,(anonymous_9)
FNDA:0,(anonymous_10)
FNDA:0,(anonymous_11)
FNDA:0,(anonymous_12)
DA:23,2
DA:24,0
DA:26,0
DA:27,0
DA:28,0
DA:31,0
DA:32,0
DA:35,0
DA:43,0
DA:44,0
DA:45,0
DA:48,0
DA:49,0
DA:50,0
DA:51,0
DA:53,0
DA:57,0
DA:62,0
DA:69,0
DA:81,0
DA:82,0
DA:83,0
DA:86,0
DA:87,0
DA:88,0
DA:89,0
DA:91,0
DA:95,0
DA:105,0
DA:108,0
DA:113,0
DA:123,0
DA:137,0
LF:33
LH:1
BRDA:40,0,0,0
BRDA:40,0,1,0
BRF:2
BRH:0
end_of_record
TN:
SF:src/components/forms/form.tsx
FN:52,(anonymous_0)
FN:56,(anonymous_1)
FN:57,(anonymous_2)
FN:62,(anonymous_3)
FN:63,(anonymous_4)
FN:70,(anonymous_5)
FN:74,(anonymous_6)
FN:75,(anonymous_7)
FN:83,(anonymous_8)
FN:84,(anonymous_9)
FN:84,(anonymous_10)
FN:93,(anonymous_11)
FN:104,(anonymous_12)
FN:109,(anonymous_13)
FN:119,(anonymous_14)
FN:134,(anonymous_15)
FN:137,(anonymous_16)
FN:141,(anonymous_17)
FN:155,(anonymous_18)
FN:158,(anonymous_19)
FN:169,(anonymous_20)
FN:171,(anonymous_21)
FN:177,(anonymous_22)
FN:191,(anonymous_23)
FN:196,(anonymous_24)
FN:200,(anonymous_25)
FN:227,(anonymous_26)
FN:241,(anonymous_27)
FN:242,(anonymous_28)
FN:286,(anonymous_29)
FN:291,(anonymous_30)
FN:299,(anonymous_31)
FN:316,(anonymous_32)
FN:347,(anonymous_33)
FN:348,(anonymous_34)
FN:392,(anonymous_35)
FN:392,(anonymous_36)
FN:393,(anonymous_37)
FN:401,(anonymous_38)
FN:401,(anonymous_39)
FN:410,(anonymous_40)
FN:411,(anonymous_41)
FN:417,(anonymous_42)
FN:436,(anonymous_43)
FN:436,(anonymous_44)
FN:437,(anonymous_45)
FN:446,(anonymous_46)
FN:454,(anonymous_47)
FN:461,(anonymous_48)
FN:471,(anonymous_49)
FN:482,(anonymous_50)
FN:504,(anonymous_51)
FN:517,(anonymous_52)
FN:524,(anonymous_53)
FN:624,InlineSection
FN:668,(anonymous_55)
FN:677,(anonymous_56)
FN:690,(anonymous_57)
FN:746,(anonymous_58)
FN:753,(anonymous_59)
FN:766,(anonymous_60)
FNF:61
FNH:50
FNDA:13,(anonymous_0)
FNDA:8,(anonymous_1)
FNDA:46,(anonymous_2)
FNDA:13,(anonymous_3)
FNDA:52,(anonymous_4)
FNDA:13,(anonymous_5)
FNDA:13,(anonymous_6)
FNDA:52,(anonymous_7)
FNDA:19,(anonymous_8)
FNDA:97,(anonymous_9)
FNDA:30,(anonymous_10)
FNDA:0,(anonymous_11)
FNDA:150,(anonymous_12)
FNDA:52,(anonymous_13)
FNDA:0,(anonymous_14)
FNDA:13,(anonymous_15)
FNDA:32,(anonymous_16)
FNDA:30,(anonymous_17)
FNDA:13,(anonymous_18)
FNDA:32,(anonymous_19)
FNDA:13,(anonymous_20)
FNDA:0,(anonymous_21)
FNDA:0,(anonymous_22)
FNDA:3,(anonymous_23)
FNDA:1,(anonymous_24)
FNDA:52,(anonymous_25)
FNDA:25,(anonymous_26)
FNDA:9,(anonymous_27)
FNDA:9,(anonymous_28)
FNDA:10,(anonymous_29)
FNDA:32,(anonymous_30)
FNDA:29,(anonymous_31)
FNDA:8,(anonymous_32)
FNDA:5,(anonymous_33)
FNDA:0,(anonymous_34)
FNDA:4,(anonymous_35)
FNDA:0,(anonymous_36)
FNDA:0,(anonymous_37)
FNDA:44,(anonymous_38)
FNDA:6,(anonymous_39)
FNDA:6,(anonymous_40)
FNDA:6,(anonymous_41)
FNDA:3,(anonymous_42)
FNDA:4,(anonymous_43)
FNDA:0,(anonymous_44)
FNDA:0,(anonymous_45)
FNDA:6,(anonymous_46)
FNDA:19,(anonymous_47)
FNDA:4,(anonymous_48)
FNDA:44,(anonymous_49)
FNDA:4,(anonymous_50)
FNDA:54,(anonymous_51)
FNDA:12,(anonymous_52)
FNDA:1,(anonymous_53)
FNDA:28,InlineSection
FNDA:10,(anonymous_55)
FNDA:2,(anonymous_56)
FNDA:0,(anonymous_57)
FNDA:4,(anonymous_58)
FNDA:0,(anonymous_59)
FNDA:1,(anonymous_60)
DA:15,2
DA:41,2
DA:47,13
DA:48,13
DA:52,13
DA:53,13
DA:56,13
DA:57,8
DA:58,46
DA:62,13
DA:63,13
DA:64,52
DA:70,13
DA:71,13
DA:74,13
DA:75,13
DA:78,52
DA:83,13
DA:84,97
DA:85,30
DA:87,30
DA:88,30
DA:93,13
DA:94,0
DA:97,13
DA:99,13
DA:104,13
DA:106,150
DA:109,13
DA:111,52
DA:113,52
DA:114,0
DA:116,0
DA:117,0
DA:119,0
DA:120,0
DA:123,0
DA:125,0
DA:128,52
DA:134,13
DA:135,13
DA:137,13
DA:138,32
DA:139,10
DA:141,10
DA:142,30
DA:145,10
DA:147,22
DA:148,22
DA:152,13
DA:155,13
DA:156,13
DA:158,13
DA:159,32
DA:160,10
DA:162,22
DA:166,13
DA:169,13
DA:171,13
DA:172,0
DA:173,0
DA:177,13
DA:178,0
DA:179,0
DA:182,0
DA:184,0
DA:185,0
DA:187,0
DA:191,13
DA:192,3
DA:193,3
DA:196,13
DA:197,1
DA:200,13
DA:201,52
DA:202,4
DA:212,48
DA:214,48
DA:215,0
DA:219,48
DA:220,14
DA:222,14
DA:224,14
DA:225,14
DA:227,25
DA:229,0
DA:236,48
DA:238,48
DA:239,28
DA:241,28
DA:242,9
DA:243,9
DA:248,48
DA:249,48
DA:251,48
DA:253,48
DA:254,10
DA:265,38
DA:267,38
DA:268,28
DA:276,10
DA:286,13
DA:287,10
DA:291,10
DA:292,32
DA:294,10
DA:295,1
DA:296,1
DA:299,9
DA:300,29
DA:306,29
DA:309,22
DA:313,10
DA:316,13
DA:317,8
DA:339,13
DA:340,9
DA:342,9
DA:347,5
DA:348,0
DA:352,9
DA:363,4
DA:392,13
DA:393,0
DA:394,0
DA:395,0
DA:398,0
DA:401,44
DA:402,6
DA:404,6
DA:406,6
DA:407,6
DA:408,6
DA:410,6
DA:411,6
DA:412,6
DA:417,6
DA:418,3
DA:419,3
DA:420,3
DA:423,6
DA:425,6
DA:436,13
DA:437,0
DA:438,0
DA:439,0
DA:440,0
DA:443,0
DA:446,13
DA:447,6
DA:449,6
DA:455,19
DA:462,4
DA:472,44
DA:483,4
DA:504,2
DA:505,54
DA:507,11
DA:509,11
DA:511,9
DA:513,23
DA:517,2
DA:524,12
DA:525,1
DA:526,0
DA:529,1
DA:530,0
DA:533,1
DA:534,1
DA:537,12
DA:538,12
DA:540,12
DA:548,12
DA:550,12
DA:629,28
DA:631,28
DA:639,28
DA:641,28
DA:668,2
DA:677,10
DA:678,2
DA:679,0
DA:682,2
DA:683,0
DA:686,2
DA:687,2
DA:690,10
DA:691,0
DA:692,0
DA:695,0
DA:698,10
DA:700,10
DA:708,10
DA:710,10
DA:746,2
DA:753,4
DA:754,0
DA:755,0
DA:758,0
DA:759,0
DA:762,0
DA:763,0
DA:766,4
DA:767,1
DA:768,1
DA:770,0
DA:774,4
DA:783,4
DA:785,4
DA:789,4
DA:834,2
LF:211
LH:169
BRDA:113,0,0,0
BRDA:113,0,1,52
BRDA:116,1,0,0
BRDA:116,1,1,0
BRDA:116,2,0,0
BRDA:116,2,1,0
BRDA:138,3,0,10
BRDA:138,3,1,22
BRDA:159,4,0,10
BRDA:159,4,1,22
BRDA:172,5,0,0
BRDA:172,5,1,0
BRDA:178,6,0,0
BRDA:178,6,1,0
BRDA:201,7,0,4
BRDA:201,7,1,48
BRDA:214,8,0,0
BRDA:214,8,1,48
BRDA:219,9,0,14
BRDA:219,9,1,34
BRDA:222,10,0,14
BRDA:222,10,1,0
BRDA:224,11,0,14
BRDA:224,11,1,0
BRDA:238,12,0,28
BRDA:238,12,1,20
BRDA:251,13,0,48
BRDA:251,13,1,38
BRDA:253,14,0,10
BRDA:253,14,1,38
BRDA:265,15,0,38
BRDA:265,15,1,10
BRDA:267,16,0,28
BRDA:267,16,1,10
BRDA:292,17,0,10
BRDA:292,17,1,22
BRDA:294,18,0,1
BRDA:294,18,1,9
BRDA:300,19,0,9
BRDA:300,19,1,20
BRDA:302,20,0,9
BRDA:302,20,1,11
BRDA:317,21,0,8
BRDA:317,21,1,0
BRDA:339,22,0,9
BRDA:339,22,1,4
BRDA:376,23,0,0
BRDA:376,23,1,4
BRDA:381,24,0,0
BRDA:381,24,1,0
BRDA:384,25,0,0
BRDA:384,25,1,0
BRDA:406,26,0,6
BRDA:406,26,1,0
BRDA:407,27,0,6
BRDA:407,27,1,0
BRDA:482,28,0,19
BRDA:482,28,1,15
BRDA:505,29,0,11
BRDA:505,29,1,11
BRDA:505,29,2,9
BRDA:505,29,3,23
BRDA:525,30,0,0
BRDA:525,30,1,1
BRDA:529,31,0,0
BRDA:529,31,1,1
BRDA:542,32,0,0
BRDA:542,32,1,12
BRDA:548,33,0,12
BRDA:548,33,1,7
BRDA:550,34,0,4
BRDA:550,34,1,8
BRDA:558,35,0,2
BRDA:558,35,1,2
BRDA:570,36,0,4
BRDA:570,36,1,0
BRDA:581,37,0,4
BRDA:581,37,1,0
BRDA:593,38,0,4
BRDA:593,38,1,4
BRDA:604,39,0,8
BRDA:604,39,1,0
BRDA:605,40,0,8
BRDA:605,40,1,0
BRDA:616,41,0,4
BRDA:616,41,1,4
BRDA:633,42,0,6
BRDA:633,42,1,22
BRDA:639,43,0,28
BRDA:639,43,1,22
BRDA:644,44,0,6
BRDA:644,44,1,22
BRDA:660,45,0,10
BRDA:660,45,1,18
BRDA:678,46,0,0
BRDA:678,46,1,2
BRDA:682,47,0,0
BRDA:682,47,1,2
BRDA:691,48,0,0
BRDA:691,48,1,0
BRDA:702,49,0,0
BRDA:702,49,1,10
BRDA:708,50,0,10
BRDA:708,50,1,10
BRDA:713,51,0,8
BRDA:713,51,1,2
BRDA:727,52,0,8
BRDA:727,52,1,2
BRDA:727,53,0,10
BRDA:727,53,1,10
BRDA:738,54,0,2
BRDA:738,54,1,8
BRDA:754,55,0,0
BRDA:754,55,1,0
BRDA:758,56,0,0
BRDA:758,56,1,0
BRDA:767,57,0,1
BRDA:767,57,1,0
BRDA:776,58,0,0
BRDA:776,58,1,4
BRDA:780,59,0,4
BRDA:780,59,1,4
BRDA:783,60,0,4
BRDA:783,60,1,4
BRDA:785,61,0,0
BRDA:785,61,1,4
BRDA:797,62,0,0
BRDA:797,62,1,4
BRDA:809,63,0,4
BRDA:809,63,1,0
BRDA:815,64,0,4
BRDA:815,64,1,0
BRDA:826,65,0,2
BRDA:826,65,1,2
BRF:134
BRH:92
end_of_record
TN:
SF:src/components/forms/types.ts
FNF:0
FNH:0
LF:0
LH:0
BRF:0
BRH:0
end_of_record
TN:
SF:src/components/forms/upsertRoleForm.tsx
FN:25,(anonymous_0)
FN:45,(anonymous_1)
FN:47,(anonymous_2)
FN:50,(anonymous_3)
FN:54,(anonymous_4)
FN:55,(anonymous_5)
FN:58,(anonymous_6)
FN:63,(anonymous_7)
FN:64,(anonymous_8)
FN:65,(anonymous_9)
FN:66,(anonymous_10)
FN:76,(anonymous_11)
FN:89,(anonymous_12)
FN:104,(anonymous_13)
FN:110,(anonymous_14)
FN:119,(anonymous_15)
FN:127,(anonymous_16)
FNF:17
FNH:0
FNDA:0,(anonymous_0)
FNDA:0,(anonymous_1)
FNDA:0,(anonymous_2)
FNDA:0,(anonymous_3)
FNDA:0,(anonymous_4)
FNDA:0,(anonymous_5)
FNDA:0,(anonymous_6)
FNDA:0,(anonymous_7)
FNDA:0,(anonymous_8)
FNDA:0,(anonymous_9)
FNDA:0,(anonymous_10)
FNDA:0,(anonymous_11)
FNDA:0,(anonymous_12)
FNDA:0,(anonymous_13)
FNDA:0,(anonymous_14)
FNDA:0,(anonymous_15)
FNDA:0,(anonymous_16)
DA:25,2
DA:31,0
DA:33,0
DA:34,0
DA:35,0
DA:37,0
DA:39,0
DA:45,0
DA:48,0
DA:50,0
DA:53,0
DA:54,0
DA:56,0
DA:59,0
DA:63,0
DA:64,0
DA:66,0
DA:67,0
DA:76,0
DA:81,0
DA:83,0
DA:84,0
DA:87,0
DA:89,0
DA:96,0
DA:104,0
DA:110,0
DA:111,0
DA:112,0
DA:113,0
DA:115,0
DA:119,0
DA:120,0
DA:121,0
DA:138,0
DA:140,0
DA:169,0
LF:37
LH:1
BRDA:83,0,0,0
BRDA:83,0,1,0
BRDA:83,1,0,0
BRDA:83,1,1,0
BRDA:104,2,0,0
BRDA:104,2,1,0
BRDA:145,3,0,0
BRDA:145,3,1,0
BRDA:152,4,0,0
BRDA:152,4,1,0
BRDA:152,5,0,0
BRDA:152,5,1,0
BRDA:152,5,2,0
BRDA:152,5,3,0
BRF:14
BRH:0
end_of_record
TN:
SF:src/components/forms/common/categoryRow.tsx
FN:31,(anonymous_0)
FN:51,(anonymous_1)
FN:55,(anonymous_2)
FN:60,(anonymous_3)
FN:66,(anonymous_4)
FN:116,(anonymous_5)
FNF:6
FNH:4
FNDA:15,(anonymous_0)
FNDA:0,(anonymous_1)
FNDA:0,(anonymous_2)
FNDA:135,(anonymous_3)
FNDA:1,(anonymous_4)
FNDA:135,(anonymous_5)
DA:31,2
DA:47,15
DA:49,15
DA:51,15
DA:52,0
DA:55,15
DA:56,0
DA:57,0
DA:60,15
DA:61,135
DA:66,1
DA:79,15
DA:117,135
DA:119,135
DA:135,2
LF:15
LH:12
BRDA:47,0,0,0
BRDA:47,0,1,15
BRDA:69,1,0,135
BRDA:69,1,1,0
BRDA:71,2,0,135
BRDA:71,2,1,0
BRDA:84,3,0,5
BRDA:84,3,1,10
BRDA:88,4,0,15
BRDA:88,4,1,0
BRDA:95,5,0,0
BRDA:95,5,1,15
BRDA:97,6,0,15
BRDA:97,6,1,0
BRDA:101,7,0,0
BRDA:101,7,1,15
BRDA:115,8,0,15
BRDA:115,8,1,0
BRDA:119,9,0,0
BRDA:119,9,1,135
BRDA:125,10,0,15
BRDA:125,10,1,0
BRF:22
BRH:12
end_of_record
TN:
SF:src/components/forms/inputs/backButtonHeader.tsx
FN:44,(anonymous_0)
FN:50,(anonymous_1)
FN:56,(anonymous_2)
FN:62,(anonymous_3)
FN:68,(anonymous_4)
FN:81,(anonymous_5)
FN:86,(anonymous_6)
FN:94,(anonymous_7)
FN:113,(anonymous_8)
FN:128,(anonymous_9)
FN:144,(anonymous_10)
FN:166,(anonymous_11)
FN:182,(anonymous_12)
FN:198,(anonymous_13)
FN:209,(anonymous_14)
FNF:15
FNH:12
FNDA:14,(anonymous_0)
FNDA:54,(anonymous_1)
FNDA:78,(anonymous_2)
FNDA:20,(anonymous_3)
FNDA:0,(anonymous_4)
FNDA:9,(anonymous_5)
FNDA:0,(anonymous_6)
FNDA:39,(anonymous_7)
FNDA:39,(anonymous_8)
FNDA:39,(anonymous_9)
FNDA:26,(anonymous_10)
FNDA:26,(anonymous_11)
FNDA:13,(anonymous_12)
FNDA:0,(anonymous_13)
FNDA:39,(anonymous_14)
DA:39,2
DA:45,14
DA:51,54
DA:57,78
DA:63,20
DA:68,14
DA:72,0
DA:74,0
DA:75,0
DA:78,0
DA:81,14
DA:82,9
DA:83,9
DA:86,14
DA:87,0
DA:88,0
DA:90,0
DA:94,14
DA:95,39
DA:113,14
DA:114,39
DA:128,14
DA:129,39
DA:131,39
DA:144,14
DA:145,26
DA:147,26
DA:166,14
DA:167,26
DA:182,14
DA:183,13
DA:198,14
DA:199,0
DA:210,39
DA:218,2
LF:35
LH:27
BRDA:45,0,0,12
BRDA:45,0,1,2
BRDA:51,1,0,54
BRDA:51,1,1,0
BRDA:57,2,0,78
BRDA:57,2,1,0
BRDA:63,3,0,20
BRDA:63,3,1,0
BRDA:74,4,0,0
BRDA:74,4,1,0
BRDA:87,5,0,0
BRDA:87,5,1,0
BRDA:95,6,0,7
BRDA:95,6,1,32
BRDA:106,7,0,6
BRDA:106,7,1,1
BRDA:114,8,0,27
BRDA:114,8,1,12
BRDA:114,9,0,39
BRDA:114,9,1,27
BRDA:129,10,0,39
BRDA:129,10,1,14
BRDA:131,11,0,39
BRDA:131,11,1,0
BRDA:131,12,0,39
BRDA:131,12,1,39
BRDA:137,13,0,10
BRDA:137,13,1,29
BRDA:139,14,0,39
BRDA:139,14,1,25
BRDA:140,15,0,10
BRDA:140,15,1,29
BRDA:145,16,0,26
BRDA:145,16,1,12
BRDA:151,17,0,10
BRDA:151,17,1,16
BRDA:170,18,0,17
BRDA:170,18,1,9
BRDA:186,19,0,0
BRDA:186,19,1,13
BRDA:210,20,0,13
BRDA:210,20,1,26
BRDA:211,21,0,0
BRDA:211,21,1,13
BRDA:211,22,0,13
BRDA:211,22,1,11
BRF:46
BRH:36
end_of_record
TN:
SF:src/components/forms/inputs/descriptiveNavigationLabel.tsx
FN:13,(anonymous_0)
FN:24,(anonymous_1)
FNF:2
FNH:2
FNDA:4,(anonymous_0)
FNDA:4,(anonymous_1)
DA:13,2
DA:20,4
DA:24,4
DA:25,4
DA:26,4
DA:28,4
DA:29,1
DA:30,3
DA:31,0
DA:38,3
DA:46,4
LF:11
LH:10
BRDA:20,0,0,3
BRDA:20,0,1,1
BRDA:20,1,0,4
BRDA:20,1,1,3
BRDA:28,2,0,1
BRDA:28,2,1,3
BRDA:30,3,0,0
BRDA:30,3,1,3
BRDA:30,4,0,3
BRDA:30,4,1,3
BRF:10
BRH:9
end_of_record
TN:
SF:src/components/forms/inputs/compound/recurringDateTimeRange.ts
FN:5,(anonymous_0)
FN:6,(anonymous_1)
FN:15,(anonymous_2)
FN:20,(anonymous_3)
FN:25,(anonymous_4)
FN:35,(anonymous_5)
FN:39,(anonymous_6)
FN:53,(anonymous_7)
FN:65,(anonymous_8)
FNF:9
FNH:0
FNDA:0,(anonymous_0)
FNDA:0,(anonymous_1)
FNDA:0,(anonymous_2)
FNDA:0,(anonymous_3)
FNDA:0,(anonymous_4)
FNDA:0,(anonymous_5)
FNDA:0,(anonymous_6)
FNDA:0,(anonymous_7)
FNDA:0,(anonymous_8)
DA:5,1
DA:6,0
DA:7,0
DA:9,0
DA:15,0
DA:16,0
DA:17,0
DA:20,0
DA:21,0
DA:22,0
DA:25,0
DA:26,0
DA:28,0
DA:34,0
DA:36,0
DA:40,0
DA:54,0
DA:65,0
LF:18
LH:1
BRDA:40,0,0,0
BRDA:40,0,1,0
BRDA:54,1,0,0
BRDA:54,1,1,0
BRF:4
BRH:0
end_of_record
TN:
SF:src/components/forms/inputs/defaults/defaultAttributeListInputConfig.ts
FN:17,(anonymous_0)
FN:26,(anonymous_1)
FN:27,(anonymous_2)
FN:32,(anonymous_3)
FN:37,(anonymous_4)
FN:38,(anonymous_5)
FNF:6
FNH:5
FNDA:2,(anonymous_0)
FNDA:0,(anonymous_1)
FNDA:5,(anonymous_2)
FNDA:27,(anonymous_3)
FNDA:1,(anonymous_4)
FNDA:3,(anonymous_5)
DA:17,2
DA:19,2
DA:24,2
DA:26,0
DA:27,5
DA:31,2
DA:32,27
DA:36,2
DA:38,3
DA:48,2
DA:50,2
DA:52,2
LF:12
LH:11
BRDA:48,0,0,2
BRDA:48,0,1,2
BRDA:50,1,0,2
BRDA:50,1,1,2
BRF:4
BRH:4
end_of_record
TN:
SF:src/components/forms/inputs/defaults/defaultTagListInputConfig.ts
FN:16,(anonymous_0)
FN:25,(anonymous_1)
FN:26,(anonymous_2)
FN:31,(anonymous_3)
FN:36,(anonymous_4)
FN:37,(anonymous_5)
FNF:6
FNH:2
FNDA:2,(anonymous_0)
FNDA:3,(anonymous_1)
FNDA:0,(anonymous_2)
FNDA:0,(anonymous_3)
FNDA:0,(anonymous_4)
FNDA:0,(anonymous_5)
DA:16,2
DA:18,2
DA:23,2
DA:25,3
DA:26,0
DA:30,2
DA:31,0
DA:35,2
DA:37,0
DA:47,2
DA:49,2
DA:51,2
LF:12
LH:9
BRDA:47,0,0,2
BRDA:47,0,1,2
BRDA:49,1,0,2
BRDA:49,1,1,2
BRF:4
BRH:4
end_of_record
TN:
SF:src/components/forms/inputs/inline/dateTimeRangeInput.tsx
FN:63,(anonymous_0)
FN:81,(anonymous_1)
FN:104,(anonymous_2)
FN:128,(anonymous_3)
FN:148,(anonymous_4)
FN:168,(anonymous_5)
FN:174,(anonymous_6)
FN:180,(anonymous_7)
FN:186,(anonymous_8)
FN:258,(anonymous_9)
FN:273,(anonymous_10)
FN:284,(anonymous_11)
FN:285,(anonymous_12)
FN:287,(anonymous_13)
FN:288,(anonymous_14)
FN:289,(anonymous_15)
FN:290,(anonymous_16)
FN:296,(anonymous_17)
FN:299,(anonymous_18)
FN:317,(anonymous_19)
FN:321,(anonymous_20)
FN:325,(anonymous_21)
FN:336,(anonymous_22)
FN:348,(anonymous_23)
FNF:24
FNH:0
FNDA:0,(anonymous_0)
FNDA:0,(anonymous_1)
FNDA:0,(anonymous_2)
FNDA:0,(anonymous_3)
FNDA:0,(anonymous_4)
FNDA:0,(anonymous_5)
FNDA:0,(anonymous_6)
FNDA:0,(anonymous_7)
FNDA:0,(anonymous_8)
FNDA:0,(anonymous_9)
FNDA:0,(anonymous_10)
FNDA:0,(anonymous_11)
FNDA:0,(anonymous_12)
FNDA:0,(anonymous_13)
FNDA:0,(anonymous_14)
FNDA:0,(anonymous_15)
FNDA:0,(anonymous_16)
FNDA:0,(anonymous_17)
FNDA:0,(anonymous_18)
FNDA:0,(anonymous_19)
FNDA:0,(anonymous_20)
FNDA:0,(anonymous_21)
FNDA:0,(anonymous_22)
FNDA:0,(anonymous_23)
DA:23,2
DA:38,2
DA:53,2
DA:63,2
DA:65,0
DA:66,0
DA:67,0
DA:69,0
DA:70,0
DA:71,0
DA:72,0
DA:73,0
DA:75,0
DA:76,0
DA:77,0
DA:78,0
DA:79,0
DA:81,0
DA:83,0
DA:85,0
DA:92,0
DA:95,0
DA:104,0
DA:106,0
DA:108,0
DA:115,0
DA:118,0
DA:128,0
DA:129,0
DA:132,0
DA:133,0
DA:134,0
DA:137,0
DA:138,0
DA:141,0
DA:144,0
DA:148,0
DA:149,0
DA:152,0
DA:153,0
DA:154,0
DA:158,0
DA:159,0
DA:162,0
DA:165,0
DA:168,0
DA:169,0
DA:174,0
DA:175,0
DA:180,0
DA:181,0
DA:186,0
DA:187,0
DA:192,0
DA:258,2
DA:271,0
DA:273,0
DA:274,0
DA:275,0
DA:277,0
DA:278,0
DA:280,0
DA:284,0
DA:285,0
DA:287,0
DA:288,0
DA:289,0
DA:290,0
DA:293,0
DA:296,0
DA:299,0
DA:317,0
DA:321,0
DA:325,0
DA:336,2
DA:337,0
DA:339,0
DA:346,0
DA:348,2
DA:349,0
DA:351,0
DA:360,0
DA:362,0
DA:364,0
DA:365,0
DA:367,0
DA:369,0
DA:372,2
LF:88
LH:8
BRDA:132,0,0,0
BRDA:132,0,1,0
BRDA:137,1,0,0
BRDA:137,1,1,0
BRDA:152,2,0,0
BRDA:152,2,1,0
BRDA:158,3,0,0
BRDA:158,3,1,0
BRDA:169,4,0,0
BRDA:169,4,1,0
BRDA:175,5,0,0
BRDA:175,5,1,0
BRDA:181,6,0,0
BRDA:181,6,1,0
BRDA:187,7,0,0
BRDA:187,7,1,0
BRDA:277,8,0,0
BRDA:277,8,1,0
BRDA:277,9,0,0
BRDA:277,9,1,0
BRDA:304,10,0,0
BRDA:304,10,1,0
BRDA:304,11,0,0
BRDA:304,11,1,0
BRDA:313,12,0,0
BRDA:313,12,1,0
BRDA:313,13,0,0
BRDA:313,13,1,0
BRDA:316,14,0,0
BRDA:316,14,1,0
BRDA:320,15,0,0
BRDA:320,15,1,0
BRDA:324,16,0,0
BRDA:324,16,1,0
BRDA:343,17,0,0
BRDA:343,17,1,0
BRDA:352,18,0,0
BRDA:352,18,1,0
BRDA:353,19,0,0
BRDA:353,19,1,0
BRDA:356,20,0,0
BRDA:356,20,1,0
BRF:42
BRH:0
end_of_record
TN:
SF:src/components/forms/inputs/inline/inlineListInput.tsx
FN:12,(anonymous_0)
FN:17,(anonymous_1)
FN:41,(anonymous_2)
FN:52,(anonymous_3)
FN:57,(anonymous_4)
FNF:5
FNH:5
FNDA:5,(anonymous_0)
FNDA:2,(anonymous_1)
FNDA:15,(anonymous_2)
FNDA:2,(anonymous_3)
FNDA:11,(anonymous_4)
DA:12,2
DA:13,5
DA:15,5
DA:17,5
DA:18,2
DA:20,2
DA:21,1
DA:23,1
DA:24,1
DA:27,1
DA:28,0
DA:31,1
DA:34,2
DA:35,2
DA:38,5
DA:42,15
DA:44,15
DA:48,15
DA:52,2
DA:57,11
DA:66,2
LF:21
LH:20
BRDA:20,0,0,1
BRDA:20,0,1,1
BRDA:21,1,0,1
BRDA:21,1,1,0
BRDA:23,2,0,1
BRDA:23,2,1,0
BRDA:27,3,0,0
BRDA:27,3,1,1
BRDA:44,4,0,15
BRDA:44,4,1,0
BRDA:55,5,0,11
BRDA:55,5,1,4
BRDA:57,6,0,11
BRDA:57,6,1,4
BRF:14
BRH:10
end_of_record
TN:
SF:src/components/forms/inputs/inline/sliderInput.tsx
FN:42,(anonymous_0)
FN:53,(anonymous_1)
FN:57,(anonymous_2)
FN:61,(anonymous_3)
FN:65,(anonymous_4)
FN:69,(anonymous_5)
FN:73,(anonymous_6)
FN:77,(anonymous_7)
FN:81,(anonymous_8)
FN:85,(anonymous_9)
FN:91,(anonymous_10)
FN:97,(anonymous_11)
FN:109,(anonymous_12)
FN:114,(anonymous_13)
FN:120,(anonymous_14)
FN:124,(anonymous_15)
FN:128,(anonymous_16)
FN:133,(anonymous_17)
FN:139,(anonymous_18)
FN:139,(anonymous_19)
FN:140,(anonymous_20)
FN:209,(anonymous_21)
FN:209,(anonymous_22)
FN:211,(anonymous_23)
FN:275,(anonymous_24)
FN:302,(anonymous_25)
FN:304,(anonymous_26)
FN:305,(anonymous_27)
FN:328,(anonymous_28)
FN:348,(anonymous_29)
FN:361,(anonymous_30)
FN:361,(anonymous_31)
FN:362,(anonymous_32)
FN:371,(anonymous_33)
FN:371,(anonymous_34)
FN:372,(anonymous_35)
FN:381,(anonymous_36)
FN:381,(anonymous_37)
FN:382,(anonymous_38)
FN:417,(anonymous_39)
FN:421,(anonymous_40)
FN:433,(anonymous_41)
FN:450,(anonymous_42)
FN:517,Knob
FN:538,(anonymous_44)
FN:546,(anonymous_45)
FN:549,(anonymous_46)
FN:552,(anonymous_47)
FNF:48
FNH:0
FNDA:0,(anonymous_0)
FNDA:0,(anonymous_1)
FNDA:0,(anonymous_2)
FNDA:0,(anonymous_3)
FNDA:0,(anonymous_4)
FNDA:0,(anonymous_5)
FNDA:0,(anonymous_6)
FNDA:0,(anonymous_7)
FNDA:0,(anonymous_8)
FNDA:0,(anonymous_9)
FNDA:0,(anonymous_10)
FNDA:0,(anonymous_11)
FNDA:0,(anonymous_12)
FNDA:0,(anonymous_13)
FNDA:0,(anonymous_14)
FNDA:0,(anonymous_15)
FNDA:0,(anonymous_16)
FNDA:0,(anonymous_17)
FNDA:0,(anonymous_18)
FNDA:0,(anonymous_19)
FNDA:0,(anonymous_20)
FNDA:0,(anonymous_21)
FNDA:0,(anonymous_22)
FNDA:0,(anonymous_23)
FNDA:0,(anonymous_24)
FNDA:0,(anonymous_25)
FNDA:0,(anonymous_26)
FNDA:0,(anonymous_27)
FNDA:0,(anonymous_28)
FNDA:0,(anonymous_29)
FNDA:0,(anonymous_30)
FNDA:0,(anonymous_31)
FNDA:0,(anonymous_32)
FNDA:0,(anonymous_33)
FNDA:0,(anonymous_34)
FNDA:0,(anonymous_35)
FNDA:0,(anonymous_36)
FNDA:0,(anonymous_37)
FNDA:0,(anonymous_38)
FNDA:0,(anonymous_39)
FNDA:0,(anonymous_40)
FNDA:0,(anonymous_41)
FNDA:0,(anonymous_42)
FNDA:0,Knob
FNDA:0,(anonymous_44)
FNDA:0,(anonymous_45)
FNDA:0,(anonymous_46)
FNDA:0,(anonymous_47)
DA:11,2
DA:20,0
DA:21,0
DA:22,0
DA:25,0
DA:27,0
DA:29,0
DA:30,0
DA:31,0
DA:34,0
DA:38,0
DA:42,0
DA:43,0
DA:45,0
DA:54,0
DA:58,0
DA:62,0
DA:66,0
DA:70,0
DA:74,0
DA:78,0
DA:81,0
DA:82,0
DA:85,0
DA:86,0
DA:91,0
DA:92,0
DA:97,0
DA:98,0
DA:100,0
DA:106,0
DA:109,0
DA:110,0
DA:111,0
DA:114,0
DA:115,0
DA:120,0
DA:121,0
DA:124,0
DA:125,0
DA:128,0
DA:129,0
DA:133,0
DA:135,0
DA:136,0
DA:139,0
DA:140,0
DA:141,0
DA:142,0
DA:144,0
DA:147,0
DA:148,0
DA:149,0
DA:150,0
DA:151,0
DA:153,0
DA:157,0
DA:161,0
DA:165,0
DA:166,0
DA:168,0
DA:172,0
DA:174,0
DA:177,0
DA:178,0
DA:179,0
DA:180,0
DA:181,0
DA:183,0
DA:187,0
DA:191,0
DA:196,0
DA:197,0
DA:199,0
DA:204,0
DA:209,0
DA:211,0
DA:212,0
DA:213,0
DA:214,0
DA:215,0
DA:216,0
DA:218,0
DA:219,0
DA:223,0
DA:234,0
DA:235,0
DA:236,0
DA:237,0
DA:239,0
DA:240,0
DA:244,0
DA:258,0
DA:259,0
DA:261,0
DA:275,0
DA:276,0
DA:277,0
DA:279,0
DA:280,0
DA:282,0
DA:283,0
DA:285,0
DA:302,0
DA:304,0
DA:305,0
DA:306,0
DA:308,0
DA:309,0
DA:310,0
DA:312,0
DA:316,0
DA:317,0
DA:318,0
DA:320,0
DA:324,0
DA:328,0
DA:332,0
DA:334,0
DA:348,0
DA:361,0
DA:362,0
DA:363,0
DA:364,0
DA:366,0
DA:371,0
DA:372,0
DA:373,0
DA:374,0
DA:376,0
DA:381,0
DA:382,0
DA:383,0
DA:384,0
DA:386,0
DA:391,0
DA:417,0
DA:418,0
DA:420,0
DA:421,0
DA:422,0
DA:423,0
DA:424,0
DA:426,0
DA:427,0
DA:433,0
DA:434,0
DA:436,0
DA:440,0
DA:444,0
DA:451,0
DA:453,0
DA:455,0
DA:457,0
DA:484,2
DA:536,0
DA:538,0
DA:539,0
DA:545,0
DA:547,0
DA:550,0
DA:553,0
DA:557,0
LF:163
LH:2
BRDA:25,0,0,0
BRDA:25,0,1,0
BRDA:45,1,0,0
BRDA:45,1,1,0
BRDA:47,2,0,0
BRDA:47,2,1,0
BRDA:82,3,0,0
BRDA:82,3,1,0
BRDA:86,4,0,0
BRDA:86,4,1,0
BRDA:92,5,0,0
BRDA:92,5,1,0
BRDA:100,6,0,0
BRDA:100,6,1,0
BRDA:102,7,0,0
BRDA:102,7,1,0
BRDA:115,8,0,0
BRDA:115,8,1,0
BRDA:129,9,0,0
BRDA:129,9,1,0
BRDA:129,9,2,0
BRDA:129,9,3,0
BRDA:141,10,0,0
BRDA:141,10,1,0
BRDA:147,11,0,0
BRDA:147,11,1,0
BRDA:148,12,0,0
BRDA:148,12,1,0
BRDA:150,13,0,0
BRDA:150,13,1,0
BRDA:157,14,0,0
BRDA:157,14,1,0
BRDA:161,15,0,0
BRDA:161,15,1,0
BRDA:165,16,0,0
BRDA:165,16,1,0
BRDA:177,17,0,0
BRDA:177,17,1,0
BRDA:178,18,0,0
BRDA:178,18,1,0
BRDA:180,19,0,0
BRDA:180,19,1,0
BRDA:187,20,0,0
BRDA:187,20,1,0
BRDA:191,21,0,0
BRDA:191,21,1,0
BRDA:196,22,0,0
BRDA:196,22,1,0
BRDA:212,23,0,0
BRDA:212,23,1,0
BRDA:218,24,0,0
BRDA:218,24,1,0
BRDA:224,25,0,0
BRDA:224,25,1,0
BRDA:226,26,0,0
BRDA:226,26,1,0
BRDA:229,27,0,0
BRDA:229,27,1,0
BRDA:239,28,0,0
BRDA:239,28,1,0
BRDA:245,29,0,0
BRDA:245,29,1,0
BRDA:248,30,0,0
BRDA:248,30,1,0
BRDA:250,31,0,0
BRDA:250,31,1,0
BRDA:258,32,0,0
BRDA:258,32,1,0
BRDA:259,33,0,0
BRDA:259,33,1,0
BRDA:306,34,0,0
BRDA:306,34,1,0
BRDA:308,35,0,0
BRDA:308,35,1,0
BRDA:316,36,0,0
BRDA:316,36,1,0
BRDA:332,37,0,0
BRDA:332,37,1,0
BRDA:363,38,0,0
BRDA:363,38,1,0
BRDA:373,39,0,0
BRDA:373,39,1,0
BRDA:383,40,0,0
BRDA:383,40,1,0
BRDA:420,41,0,0
BRDA:420,41,1,0
BRDA:426,42,0,0
BRDA:426,42,1,0
BRDA:426,43,0,0
BRDA:426,43,1,0
BRDA:436,44,0,0
BRDA:436,44,1,0
BRDA:440,45,0,0
BRDA:440,45,1,0
BRDA:444,46,0,0
BRDA:444,46,1,0
BRDA:445,47,0,0
BRDA:445,47,1,0
BRDA:445,48,0,0
BRDA:445,48,1,0
BRDA:446,49,0,0
BRDA:446,49,1,0
BRDA:464,50,0,0
BRDA:464,50,1,0
BRDA:467,51,0,0
BRDA:467,51,1,0
BRDA:536,52,0,0
BRDA:536,52,1,0
BRDA:564,53,0,0
BRDA:564,53,1,0
BRDA:564,54,0,0
BRDA:564,54,1,0
BRF:112
BRH:0
end_of_record
TN:
SF:src/components/forms/inputs/inline/switchInput.tsx
FN:9,(anonymous_0)
FN:20,(anonymous_1)
FNF:2
FNH:0
FNDA:0,(anonymous_0)
FNDA:0,(anonymous_1)
DA:9,2
DA:10,0
DA:20,0
DA:28,2
LF:4
LH:2
BRDA:12,0,0,0
BRDA:12,0,1,0
BRF:2
BRH:0
end_of_record
TN:
SF:src/components/forms/inputs/inline/textInput.tsx
FN:17,(anonymous_0)
FN:59,(anonymous_1)
FN:69,(anonymous_2)
FNF:3
FNH:2
FNDA:44,(anonymous_0)
FNDA:9,(anonymous_1)
FNDA:0,(anonymous_2)
DA:17,2
DA:26,44
DA:27,44
DA:28,44
DA:30,44
DA:59,9
DA:70,0
DA:71,0
DA:90,2
LF:9
LH:7
BRDA:27,0,0,8
BRDA:27,0,1,36
BRDA:49,1,0,6
BRDA:49,1,1,38
BRDA:50,2,0,44
BRDA:50,2,1,39
BRDA:60,3,0,44
BRDA:60,3,1,44
BRDA:63,4,0,8
BRDA:63,4,1,36
BRDA:66,5,0,8
BRDA:66,5,1,36
BRDA:68,6,0,8
BRDA:68,6,1,0
BRDA:76,7,0,6
BRDA:76,7,1,38
BRF:16
BRH:15
end_of_record
TN:
SF:src/components/forms/inputs/labels/categorizedItemListLabel.tsx
FN:11,(anonymous_0)
FN:13,(anonymous_1)
FN:33,(anonymous_2)
FN:44,(anonymous_3)
FN:54,(anonymous_4)
FN:55,(anonymous_5)
FN:56,(anonymous_6)
FNF:7
FNH:7
FNDA:9,(anonymous_0)
FNDA:1,(anonymous_1)
FNDA:9,(anonymous_2)
FNDA:8,(anonymous_3)
FNDA:9,(anonymous_4)
FNDA:32,(anonymous_5)
FNDA:9,(anonymous_6)
DA:11,2
DA:13,9
DA:14,1
DA:15,0
DA:18,1
DA:21,9
DA:23,9
DA:24,6
DA:31,3
DA:33,3
DA:34,9
DA:35,1
DA:37,8
DA:41,3
DA:45,8
DA:47,8
DA:48,0
DA:51,8
DA:52,8
DA:54,8
DA:55,32
DA:56,9
DA:58,8
DA:60,8
DA:82,2
LF:25
LH:23
BRDA:14,0,0,0
BRDA:14,0,1,1
BRDA:23,1,0,6
BRDA:23,1,1,3
BRDA:23,2,0,9
BRDA:23,2,1,9
BRDA:25,3,0,0
BRDA:25,3,1,6
BRDA:34,4,0,1
BRDA:34,4,1,8
BRDA:47,5,0,0
BRDA:47,5,1,8
BRDA:55,6,0,9
BRDA:55,6,1,0
BRDA:61,7,0,3
BRDA:61,7,1,5
BRDA:70,8,0,0
BRDA:70,8,1,8
BRF:18
BRH:13
end_of_record
TN:
SF:src/components/forms/inputs/labels/permissionGroupListLabel.tsx
FN:13,(anonymous_0)
FN:15,(anonymous_1)
FN:38,(anonymous_2)
FNF:3
FNH:0
FNDA:0,(anonymous_0)
FNDA:0,(anonymous_1)
FNDA:0,(anonymous_2)
DA:11,2
DA:13,2
DA:15,0
DA:16,0
DA:17,0
DA:20,0
DA:23,0
DA:24,0
DA:32,0
DA:33,0
DA:35,0
DA:39,0
DA:52,2
LF:13
LH:3
BRDA:16,0,0,0
BRDA:16,0,1,0
BRDA:23,1,0,0
BRDA:23,1,1,0
BRDA:23,2,0,0
BRDA:23,2,1,0
BRDA:25,3,0,0
BRDA:25,3,1,0
BRDA:26,4,0,0
BRDA:26,4,1,0
BRF:10
BRH:0
end_of_record
TN:
SF:src/components/forms/inputs/labels/positionsLabel.tsx
FN:15,(anonymous_0)
FN:17,(anonymous_1)
FN:36,(anonymous_2)
FN:37,(anonymous_3)
FNF:4
FNH:1
FNDA:3,(anonymous_0)
FNDA:0,(anonymous_1)
FNDA:0,(anonymous_2)
FNDA:0,(anonymous_3)
DA:15,2
DA:17,3
DA:18,0
DA:19,0
DA:22,0
DA:25,3
DA:26,3
DA:33,0
DA:37,0
DA:38,0
DA:39,0
DA:42,0
DA:45,0
DA:50,0
DA:62,2
LF:15
LH:5
BRDA:18,0,0,0
BRDA:18,0,1,0
BRDA:25,1,0,3
BRDA:25,1,1,0
BRDA:25,2,0,3
BRDA:25,2,1,3
BRDA:27,3,0,0
BRDA:27,3,1,3
BRDA:38,4,0,0
BRDA:38,4,1,0
BRF:10
BRH:4
end_of_record
TN:
SF:src/components/forms/inputs/labels/recurringTimePeriodLabel.tsx
FN:11,(anonymous_0)
FN:13,(anonymous_1)
FN:21,(anonymous_2)
FN:25,(anonymous_3)
FN:46,(anonymous_4)
FN:68,(anonymous_5)
FN:107,(anonymous_6)
FNF:7
FNH:0
FNDA:0,(anonymous_0)
FNDA:0,(anonymous_1)
FNDA:0,(anonymous_2)
FNDA:0,(anonymous_3)
FNDA:0,(anonymous_4)
FNDA:0,(anonymous_5)
FNDA:0,(anonymous_6)
DA:11,2
DA:13,0
DA:14,0
DA:15,0
DA:18,0
DA:21,0
DA:22,0
DA:25,0
DA:26,0
DA:27,0
DA:29,0
DA:35,0
DA:41,0
DA:46,0
DA:47,0
DA:49,0
DA:50,0
DA:53,0
DA:54,0
DA:56,0
DA:58,0
DA:59,0
DA:60,0
DA:61,0
DA:63,0
DA:68,0
DA:69,0
DA:71,0
DA:72,0
DA:75,0
DA:76,0
DA:79,0
DA:82,0
DA:84,0
DA:85,0
DA:87,0
DA:89,0
DA:90,0
DA:93,0
DA:96,0
DA:107,2
DA:108,0
DA:113,2
LF:43
LH:3
BRDA:14,0,0,0
BRDA:14,0,1,0
BRDA:29,1,0,0
BRDA:29,1,1,0
BRDA:31,2,0,0
BRDA:31,2,1,0
BRDA:35,3,0,0
BRDA:35,3,1,0
BRDA:37,4,0,0
BRDA:37,4,1,0
BRDA:41,5,0,0
BRDA:41,5,1,0
BRDA:49,6,0,0
BRDA:49,6,1,0
BRDA:53,7,0,0
BRDA:53,7,1,0
BRDA:58,8,0,0
BRDA:58,8,1,0
BRDA:60,9,0,0
BRDA:60,9,1,0
BRDA:71,10,0,0
BRDA:71,10,1,0
BRDA:75,11,0,0
BRDA:75,11,1,0
BRDA:84,12,0,0
BRDA:84,12,1,0
BRDA:84,13,0,0
BRDA:84,13,1,0
BRDA:89,14,0,0
BRDA:89,14,1,0
BRF:30
BRH:0
end_of_record
TN:
SF:src/components/forms/inputs/labels/roleListLabel.tsx
FN:12,(anonymous_0)
FN:13,(anonymous_1)
FN:31,(anonymous_2)
FN:31,(anonymous_3)
FN:33,(anonymous_4)
FNF:5
FNH:4
FNDA:3,(anonymous_0)
FNDA:1,(anonymous_1)
FNDA:6,(anonymous_2)
FNDA:6,(anonymous_3)
FNDA:0,(anonymous_4)
DA:12,2
DA:13,3
DA:14,1
DA:15,0
DA:18,1
DA:21,3
DA:23,3
DA:24,0
DA:31,6
DA:33,3
DA:34,0
DA:36,0
DA:37,0
DA:41,3
DA:62,2
LF:15
LH:10
BRDA:14,0,0,0
BRDA:14,0,1,1
BRDA:23,1,0,0
BRDA:23,1,1,3
BRDA:23,2,0,3
BRDA:23,2,1,3
BRDA:25,3,0,0
BRDA:25,3,1,0
BRDA:34,4,0,0
BRDA:34,4,1,0
BRDA:36,5,0,0
BRDA:36,5,1,0
BRDA:53,6,0,0
BRDA:53,6,1,3
BRF:14
BRH:5
end_of_record
TN:
SF:src/components/forms/inputs/labels/tagListLabel.tsx
FN:9,(anonymous_0)
FN:11,(anonymous_1)
FN:33,(anonymous_2)
FNF:3
FNH:0
FNDA:0,(anonymous_0)
FNDA:0,(anonymous_1)
FNDA:0,(anonymous_2)
DA:9,2
DA:11,0
DA:12,0
DA:13,0
DA:16,0
DA:19,0
DA:20,0
DA:27,0
DA:33,0
DA:41,2
LF:10
LH:2
BRDA:12,0,0,0
BRDA:12,0,1,0
BRDA:19,1,0,0
BRDA:19,1,1,0
BRDA:19,2,0,0
BRDA:19,2,1,0
BRDA:21,3,0,0
BRDA:21,3,1,0
BRDA:33,4,0,0
BRDA:33,4,1,0
BRDA:34,5,0,0
BRDA:34,5,1,0
BRF:12
BRH:0
end_of_record
TN:
SF:src/components/forms/inputs/screen/categorizedItemListInput.tsx
FN:24,(anonymous_0)
FN:33,(anonymous_1)
FN:48,(anonymous_2)
FN:66,(anonymous_3)
FN:77,(anonymous_4)
FN:86,(anonymous_5)
FN:95,(anonymous_6)
FN:96,(anonymous_7)
FN:108,(anonymous_8)
FN:110,(anonymous_9)
FN:117,(anonymous_10)
FN:120,(anonymous_11)
FN:128,(anonymous_12)
FN:129,(anonymous_13)
FN:130,(anonymous_14)
FN:135,(anonymous_15)
FN:142,(anonymous_16)
FN:143,(anonymous_17)
FN:147,(anonymous_18)
FN:154,(anonymous_19)
FN:154,(anonymous_20)
FN:164,(anonymous_21)
FN:173,(anonymous_22)
FN:186,(anonymous_23)
FN:191,(anonymous_24)
FN:193,(anonymous_25)
FN:201,(anonymous_26)
FN:202,(anonymous_27)
FN:209,(anonymous_28)
FN:210,(anonymous_29)
FN:226,(anonymous_30)
FN:251,(anonymous_31)
FN:259,(anonymous_32)
FN:266,(anonymous_33)
FN:270,(anonymous_34)
FNF:35
FNH:21
FNDA:2,(anonymous_0)
FNDA:0,(anonymous_1)
FNDA:5,(anonymous_2)
FNDA:1,(anonymous_3)
FNDA:0,(anonymous_4)
FNDA:0,(anonymous_5)
FNDA:2,(anonymous_6)
FNDA:4,(anonymous_7)
FNDA:14,(anonymous_8)
FNDA:52,(anonymous_9)
FNDA:14,(anonymous_10)
FNDA:1,(anonymous_11)
FNDA:5,(anonymous_12)
FNDA:0,(anonymous_13)
FNDA:0,(anonymous_14)
FNDA:0,(anonymous_15)
FNDA:0,(anonymous_16)
FNDA:0,(anonymous_17)
FNDA:0,(anonymous_18)
FNDA:0,(anonymous_19)
FNDA:0,(anonymous_20)
FNDA:0,(anonymous_21)
FNDA:0,(anonymous_22)
FNDA:5,(anonymous_23)
FNDA:15,(anonymous_24)
FNDA:15,(anonymous_25)
FNDA:135,(anonymous_26)
FNDA:365,(anonymous_27)
FNDA:135,(anonymous_28)
FNDA:365,(anonymous_29)
FNDA:1,(anonymous_30)
FNDA:5,(anonymous_31)
FNDA:14,(anonymous_32)
FNDA:0,(anonymous_33)
FNDA:5,(anonymous_34)
DA:24,2
DA:29,2
DA:31,2
DA:34,0
DA:48,2
DA:57,5
DA:58,5
DA:60,5
DA:61,5
DA:63,5
DA:67,1
DA:71,1
DA:72,1
DA:78,0
DA:79,0
DA:87,0
DA:88,0
DA:95,5
DA:96,4
DA:98,2
DA:99,1
DA:100,1
DA:101,1
DA:103,1
DA:104,1
DA:108,5
DA:109,14
DA:110,52
DA:112,14
DA:113,14
DA:115,0
DA:117,14
DA:120,5
DA:121,1
DA:122,1
DA:123,1
DA:126,5
DA:128,5
DA:129,0
DA:130,0
DA:135,5
DA:137,0
DA:138,0
DA:140,0
DA:142,0
DA:143,0
DA:145,0
DA:147,0
DA:149,0
DA:154,0
DA:155,0
DA:156,0
DA:157,0
DA:160,0
DA:165,0
DA:174,0
DA:186,5
DA:187,5
DA:193,15
DA:194,15
DA:201,15
DA:202,365
DA:204,135
DA:209,15
DA:210,365
DA:212,135
DA:213,121
DA:216,14
DA:226,15
DA:227,1
DA:230,15
DA:251,5
DA:252,5
DA:259,14
DA:266,5
DA:267,0
DA:270,5
DA:272,5
DA:285,5
DA:305,2
DA:312,2
LF:81
LH:57
BRDA:61,0,0,5
BRDA:61,0,1,5
BRDA:67,1,0,1
BRDA:67,1,1,0
BRDA:83,2,0,5
BRDA:83,2,1,0
BRDA:96,3,0,4
BRDA:96,3,1,2
BRDA:98,4,0,1
BRDA:98,4,1,1
BRDA:112,5,0,14
BRDA:112,5,1,0
BRDA:145,6,0,0
BRDA:145,6,1,0
BRDA:145,7,0,0
BRDA:145,7,1,0
BRDA:147,8,0,0
BRDA:147,8,1,0
BRDA:202,9,0,365
BRDA:202,9,1,153
BRDA:204,10,0,14
BRDA:204,10,1,121
BRDA:210,11,0,365
BRDA:210,11,1,153
BRDA:212,12,0,121
BRDA:212,12,1,14
BRDA:235,13,0,5
BRDA:235,13,1,10
BRDA:253,14,0,5
BRDA:253,14,1,0
BRDA:278,15,0,0
BRDA:278,15,1,5
BRDA:294,16,0,0
BRDA:294,16,1,5
BRF:34
BRH:22
end_of_record
TN:
SF:src/components/forms/inputs/screen/listInput.tsx
FN:9,(anonymous_0)
FN:16,(anonymous_1)
FN:24,(anonymous_2)
FN:39,(anonymous_3)
FNF:4
FNH:0
FNDA:0,(anonymous_0)
FNDA:0,(anonymous_1)
FNDA:0,(anonymous_2)
FNDA:0,(anonymous_3)
DA:9,2
DA:14,0
DA:16,0
DA:17,0
DA:18,0
DA:21,0
DA:25,0
DA:26,0
DA:36,0
DA:39,0
DA:48,0
LF:11
LH:1
BRF:0
BRH:0
end_of_record
TN:
SF:src/components/forms/inputs/screen/mapInput.tsx
FN:18,(anonymous_0)
FN:52,(anonymous_1)
FN:54,(anonymous_2)
FN:54,(anonymous_3)
FN:72,(anonymous_4)
FN:77,(anonymous_5)
FN:83,(anonymous_6)
FN:91,(anonymous_7)
FN:112,(anonymous_8)
FN:117,(anonymous_9)
FN:125,(anonymous_10)
FN:149,(anonymous_11)
FN:153,(anonymous_12)
FN:157,(anonymous_13)
FN:173,(anonymous_14)
FN:199,(anonymous_15)
FN:263,(anonymous_16)
FN:269,(anonymous_17)
FN:302,(anonymous_18)
FNF:19
FNH:0
FNDA:0,(anonymous_0)
FNDA:0,(anonymous_1)
FNDA:0,(anonymous_2)
FNDA:0,(anonymous_3)
FNDA:0,(anonymous_4)
FNDA:0,(anonymous_5)
FNDA:0,(anonymous_6)
FNDA:0,(anonymous_7)
FNDA:0,(anonymous_8)
FNDA:0,(anonymous_9)
FNDA:0,(anonymous_10)
FNDA:0,(anonymous_11)
FNDA:0,(anonymous_12)
FNDA:0,(anonymous_13)
FNDA:0,(anonymous_14)
FNDA:0,(anonymous_15)
FNDA:0,(anonymous_16)
FNDA:0,(anonymous_17)
FNDA:0,(anonymous_18)
DA:18,2
DA:19,0
DA:21,0
DA:23,0
DA:24,0
DA:25,0
DA:26,0
DA:27,0
DA:28,0
DA:30,0
DA:33,0
DA:35,0
DA:52,0
DA:53,0
DA:54,0
DA:55,0
DA:56,0
DA:68,0
DA:70,0
DA:72,0
DA:73,0
DA:74,0
DA:77,0
DA:78,0
DA:79,0
DA:80,0
DA:83,0
DA:84,0
DA:86,0
DA:91,0
DA:92,0
DA:101,0
DA:102,0
DA:103,0
DA:104,0
DA:106,0
DA:108,0
DA:112,0
DA:113,0
DA:114,0
DA:117,0
DA:118,0
DA:119,0
DA:120,0
DA:121,0
DA:122,0
DA:125,0
DA:126,0
DA:127,0
DA:128,0
DA:130,0
DA:133,0
DA:135,0
DA:140,0
DA:149,0
DA:150,0
DA:153,0
DA:154,0
DA:157,0
DA:158,0
DA:159,0
DA:161,0
DA:167,0
DA:169,0
DA:173,0
DA:174,0
DA:175,0
DA:176,0
DA:179,0
DA:199,0
DA:264,0
DA:269,0
DA:302,2
DA:303,0
DA:319,2
LF:75
LH:3
BRDA:25,0,0,0
BRDA:25,0,1,0
BRDA:26,1,0,0
BRDA:26,1,1,0
BRDA:41,2,0,0
BRDA:41,2,1,0
BRDA:41,3,0,0
BRDA:41,3,1,0
BRDA:44,4,0,0
BRDA:44,4,1,0
BRDA:45,5,0,0
BRDA:45,5,1,0
BRDA:53,6,0,0
BRDA:53,6,1,0
BRDA:55,7,0,0
BRDA:55,7,1,0
BRDA:68,8,0,0
BRDA:68,8,1,0
BRDA:158,9,0,0
BRDA:158,9,1,0
BRDA:164,10,0,0
BRDA:164,10,1,0
BRDA:191,11,0,0
BRDA:191,11,1,0
BRDA:196,12,0,0
BRDA:196,12,1,0
BRDA:197,13,0,0
BRDA:197,13,1,0
BRDA:247,14,0,0
BRDA:247,14,1,0
BRDA:251,15,0,0
BRDA:251,15,1,0
BRDA:258,16,0,0
BRDA:258,16,1,0
BRDA:291,17,0,0
BRDA:291,17,1,0
BRF:36
BRH:0
end_of_record
TN:
SF:src/components/forms/inputs/screen/nestedListInput.tsx
FN:11,(anonymous_0)
FN:18,(anonymous_1)
FN:23,(anonymous_2)
FN:42,(anonymous_3)
FN:58,(anonymous_4)
FN:61,(anonymous_5)
FN:72,(anonymous_6)
FN:77,(anonymous_7)
FNF:8
FNH:0
FNDA:0,(anonymous_0)
FNDA:0,(anonymous_1)
FNDA:0,(anonymous_2)
FNDA:0,(anonymous_3)
FNDA:0,(anonymous_4)
FNDA:0,(anonymous_5)
FNDA:0,(anonymous_6)
FNDA:0,(anonymous_7)
DA:11,2
DA:12,0
DA:14,0
DA:16,0
DA:18,0
DA:19,0
DA:20,0
DA:23,0
DA:24,0
DA:26,0
DA:27,0
DA:29,0
DA:30,0
DA:33,0
DA:36,0
DA:39,0
DA:43,0
DA:44,0
DA:53,0
DA:60,0
DA:62,0
DA:64,0
DA:68,0
DA:72,0
DA:77,0
DA:80,0
DA:93,2
LF:27
LH:2
BRDA:26,0,0,0
BRDA:26,0,1,0
BRDA:29,1,0,0
BRDA:29,1,1,0
BRDA:64,2,0,0
BRDA:64,2,1,0
BRDA:74,3,0,0
BRDA:74,3,1,0
BRDA:77,4,0,0
BRDA:77,4,1,0
BRF:10
BRH:0
end_of_record
TN:
SF:src/components/forms/inputs/screen/permissionGroupListInput.tsx
FN:72,(anonymous_0)
FN:76,(anonymous_1)
FN:79,(anonymous_2)
FN:83,(anonymous_3)
FN:92,(anonymous_4)
FN:93,(anonymous_5)
FN:102,(anonymous_6)
FN:107,(anonymous_7)
FN:113,(anonymous_8)
FN:132,(anonymous_9)
FN:149,(anonymous_10)
FN:168,(anonymous_11)
FNF:12
FNH:0
FNDA:0,(anonymous_0)
FNDA:0,(anonymous_1)
FNDA:0,(anonymous_2)
FNDA:0,(anonymous_3)
FNDA:0,(anonymous_4)
FNDA:0,(anonymous_5)
FNDA:0,(anonymous_6)
FNDA:0,(anonymous_7)
FNDA:0,(anonymous_8)
FNDA:0,(anonymous_9)
FNDA:0,(anonymous_10)
FNDA:0,(anonymous_11)
DA:20,2
DA:70,0
DA:72,0
DA:73,0
DA:76,0
DA:77,0
DA:79,0
DA:80,0
DA:82,0
DA:83,0
DA:84,0
DA:89,0
DA:92,0
DA:93,0
DA:94,0
DA:95,0
DA:96,0
DA:97,0
DA:102,0
DA:103,0
DA:104,0
DA:108,0
DA:110,0
DA:114,0
DA:115,0
DA:125,0
DA:127,0
DA:133,0
DA:136,0
DA:138,0
DA:150,0
DA:151,0
DA:152,0
DA:153,0
DA:154,0
DA:156,0
DA:163,0
DA:168,0
DA:218,2
LF:39
LH:2
BRDA:82,0,0,0
BRDA:82,0,1,0
BRDA:82,1,0,0
BRDA:82,1,1,0
BRDA:94,2,0,0
BRDA:94,2,1,0
BRDA:96,3,0,0
BRDA:96,3,1,0
BRDA:136,4,0,0
BRDA:136,4,1,0
BRDA:139,5,0,0
BRDA:139,5,1,0
BRDA:153,6,0,0
BRDA:153,6,1,0
BRDA:153,6,2,0
BRDA:156,7,0,0
BRDA:156,7,1,0
BRDA:158,8,0,0
BRDA:158,8,1,0
BRDA:172,9,0,0
BRDA:172,9,1,0
BRDA:172,10,0,0
BRDA:172,10,1,0
BRDA:189,11,0,0
BRDA:189,11,1,0
BRDA:189,12,0,0
BRDA:189,12,1,0
BRDA:189,12,2,0
BRF:28
BRH:0
end_of_record
TN:
SF:src/components/forms/inputs/screen/positionsInput.tsx
FN:21,(anonymous_0)
FN:38,(anonymous_1)
FN:44,(anonymous_2)
FN:48,(anonymous_3)
FN:58,(anonymous_4)
FN:59,(anonymous_5)
FN:63,(anonymous_6)
FN:66,(anonymous_7)
FN:77,(anonymous_8)
FN:77,(anonymous_9)
FN:78,(anonymous_10)
FN:82,(anonymous_11)
FN:92,(anonymous_12)
FN:101,(anonymous_13)
FN:105,(anonymous_14)
FN:108,(anonymous_15)
FN:126,(anonymous_16)
FN:138,(anonymous_17)
FN:139,(anonymous_18)
FN:142,(anonymous_19)
FNF:20
FNH:0
FNDA:0,(anonymous_0)
FNDA:0,(anonymous_1)
FNDA:0,(anonymous_2)
FNDA:0,(anonymous_3)
FNDA:0,(anonymous_4)
FNDA:0,(anonymous_5)
FNDA:0,(anonymous_6)
FNDA:0,(anonymous_7)
FNDA:0,(anonymous_8)
FNDA:0,(anonymous_9)
FNDA:0,(anonymous_10)
FNDA:0,(anonymous_11)
FNDA:0,(anonymous_12)
FNDA:0,(anonymous_13)
FNDA:0,(anonymous_14)
FNDA:0,(anonymous_15)
FNDA:0,(anonymous_16)
FNDA:0,(anonymous_17)
FNDA:0,(anonymous_18)
FNDA:0,(anonymous_19)
DA:21,2
DA:26,0
DA:34,0
DA:36,0
DA:39,0
DA:45,0
DA:46,0
DA:48,0
DA:58,0
DA:60,0
DA:61,0
DA:63,0
DA:66,0
DA:77,0
DA:79,0
DA:80,0
DA:82,0
DA:92,0
DA:101,0
DA:102,0
DA:106,0
DA:108,0
DA:110,0
DA:112,0
DA:113,0
DA:115,0
DA:117,0
DA:120,0
DA:121,0
DA:127,0
DA:128,0
DA:135,0
DA:138,0
DA:139,0
DA:140,0
DA:142,0
DA:144,0
DA:146,0
DA:148,0
DA:151,0
DA:163,0
DA:172,0
DA:177,2
LF:43
LH:2
BRDA:26,0,0,0
BRDA:26,0,1,0
BRDA:60,1,0,0
BRDA:60,1,1,0
BRDA:77,2,0,0
BRDA:77,2,1,0
BRDA:112,3,0,0
BRDA:112,3,1,0
BRDA:151,4,0,0
BRDA:151,4,1,0
BRF:10
BRH:0
end_of_record
TN:
SF:src/components/forms/inputs/screen/recurringTimePeriodInput.tsx
FN:35,(anonymous_0)
FN:89,(anonymous_1)
FN:96,(anonymous_2)
FN:98,(anonymous_3)
FN:103,(anonymous_4)
FN:123,(anonymous_5)
FN:127,(anonymous_6)
FN:138,(anonymous_7)
FN:142,(anonymous_8)
FN:149,(anonymous_9)
FN:161,(anonymous_10)
FN:170,(anonymous_11)
FN:183,(anonymous_12)
FN:194,(anonymous_13)
FN:205,(anonymous_14)
FN:218,(anonymous_15)
FN:229,(anonymous_16)
FN:247,(anonymous_17)
FN:252,(anonymous_18)
FN:257,(anonymous_19)
FN:261,(anonymous_20)
FN:264,(anonymous_21)
FN:268,(anonymous_22)
FN:281,(anonymous_23)
FN:294,(anonymous_24)
FN:322,(anonymous_25)
FN:333,(anonymous_26)
FN:340,(anonymous_27)
FN:341,(anonymous_28)
FN:372,(anonymous_29)
FN:385,(anonymous_30)
FN:459,(anonymous_31)
FN:471,(anonymous_32)
FN:491,(anonymous_33)
FN:494,(anonymous_34)
FN:498,(anonymous_35)
FNF:36
FNH:1
FNDA:8,(anonymous_0)
FNDA:0,(anonymous_1)
FNDA:0,(anonymous_2)
FNDA:0,(anonymous_3)
FNDA:0,(anonymous_4)
FNDA:0,(anonymous_5)
FNDA:0,(anonymous_6)
FNDA:0,(anonymous_7)
FNDA:0,(anonymous_8)
FNDA:0,(anonymous_9)
FNDA:0,(anonymous_10)
FNDA:0,(anonymous_11)
FNDA:0,(anonymous_12)
FNDA:0,(anonymous_13)
FNDA:0,(anonymous_14)
FNDA:0,(anonymous_15)
FNDA:0,(anonymous_16)
FNDA:0,(anonymous_17)
FNDA:0,(anonymous_18)
FNDA:0,(anonymous_19)
FNDA:0,(anonymous_20)
FNDA:0,(anonymous_21)
FNDA:0,(anonymous_22)
FNDA:0,(anonymous_23)
FNDA:0,(anonymous_24)
FNDA:0,(anonymous_25)
FNDA:0,(anonymous_26)
FNDA:0,(anonymous_27)
FNDA:0,(anonymous_28)
FNDA:0,(anonymous_29)
FNDA:0,(anonymous_30)
FNDA:0,(anonymous_31)
FNDA:0,(anonymous_32)
FNDA:0,(anonymous_33)
FNDA:0,(anonymous_34)
FNDA:0,(anonymous_35)
DA:20,2
DA:35,2
DA:36,8
DA:38,8
DA:39,2184
DA:42,8
DA:45,2
DA:46,2
DA:47,2
DA:48,2
DA:50,2
DA:81,2
DA:89,2
DA:90,0
DA:92,0
DA:93,0
DA:94,0
DA:96,0
DA:98,0
DA:99,0
DA:100,0
DA:103,0
DA:104,0
DA:105,0
DA:106,0
DA:110,0
DA:111,0
DA:112,0
DA:114,0
DA:115,0
DA:117,0
DA:127,0
DA:135,0
DA:138,0
DA:139,0
DA:142,0
DA:143,0
DA:144,0
DA:146,0
DA:149,0
DA:150,0
DA:151,0
DA:154,0
DA:155,0
DA:158,0
DA:161,0
DA:162,0
DA:163,0
DA:165,0
DA:167,0
DA:170,0
DA:171,0
DA:172,0
DA:174,0
DA:175,0
DA:176,0
DA:179,0
DA:183,0
DA:184,0
DA:186,0
DA:187,0
DA:188,0
DA:191,0
DA:194,0
DA:195,0
DA:197,0
DA:198,0
DA:199,0
DA:202,0
DA:205,0
DA:206,0
DA:208,0
DA:210,0
DA:215,0
DA:218,0
DA:219,0
DA:221,0
DA:226,0
DA:229,0
DA:230,0
DA:232,0
DA:233,0
DA:238,0
DA:244,0
DA:247,0
DA:248,0
DA:249,0
DA:252,0
DA:253,0
DA:254,0
DA:257,0
DA:258,0
DA:261,0
DA:262,0
DA:264,0
DA:265,0
DA:268,0
DA:269,0
DA:272,0
DA:273,0
DA:274,0
DA:277,0
DA:281,0
DA:282,0
DA:285,0
DA:286,0
DA:287,0
DA:290,0
DA:294,0
DA:295,0
DA:297,0
DA:298,0
DA:300,0
DA:301,0
DA:304,0
DA:305,0
DA:308,0
DA:311,0
DA:313,0
DA:317,0
DA:318,0
DA:319,0
DA:320,0
DA:322,0
DA:323,0
DA:325,0
DA:334,0
DA:340,0
DA:341,0
DA:343,0
DA:372,0
DA:382,0
DA:386,0
DA:387,0
DA:396,0
DA:459,0
DA:471,2
DA:476,0
DA:491,2
DA:492,0
DA:495,0
DA:497,0
DA:498,0
DA:509,2
LF:144
LH:16
BRDA:110,0,0,0
BRDA:110,0,1,0
BRDA:114,1,0,0
BRDA:114,1,1,0
BRDA:154,2,0,0
BRDA:154,2,1,0
BRDA:154,3,0,0
BRDA:154,3,1,0
BRDA:171,4,0,0
BRDA:171,4,1,0
BRDA:174,5,0,0
BRDA:174,5,1,0
BRDA:186,6,0,0
BRDA:186,6,1,0
BRDA:197,7,0,0
BRDA:197,7,1,0
BRDA:232,8,0,0
BRDA:232,8,1,0
BRDA:238,9,0,0
BRDA:238,9,1,0
BRDA:239,10,0,0
BRDA:239,10,1,0
BRDA:240,11,0,0
BRDA:240,11,1,0
BRDA:241,12,0,0
BRDA:241,12,1,0
BRDA:242,13,0,0
BRDA:242,13,1,0
BRDA:272,14,0,0
BRDA:272,14,1,0
BRDA:285,15,0,0
BRDA:285,15,1,0
BRDA:297,16,0,0
BRDA:297,16,1,0
BRDA:300,17,0,0
BRDA:300,17,1,0
BRDA:304,18,0,0
BRDA:304,18,1,0
BRDA:319,19,0,0
BRDA:319,19,1,0
BRDA:320,20,0,0
BRDA:320,20,1,0
BRDA:325,21,0,0
BRDA:325,21,1,0
BRDA:326,22,0,0
BRDA:326,22,1,0
BRDA:328,23,0,0
BRDA:328,23,1,0
BRDA:347,24,0,0
BRDA:347,24,1,0
BRDA:352,25,0,0
BRDA:352,25,1,0
BRDA:356,26,0,0
BRDA:356,26,1,0
BRDA:360,27,0,0
BRDA:360,27,1,0
BRDA:415,28,0,0
BRDA:415,28,1,0
BRDA:421,29,0,0
BRDA:421,29,1,0
BRDA:442,30,0,0
BRDA:442,30,1,0
BRDA:442,31,0,0
BRDA:442,31,1,0
BRDA:455,32,0,0
BRDA:455,32,1,0
BRDA:455,33,0,0
BRDA:455,33,1,0
BRDA:478,34,0,0
BRDA:478,34,1,0
BRDA:479,35,0,0
BRDA:479,35,1,0
BRDA:498,36,0,0
BRDA:498,36,1,0
BRF:74
BRH:0
end_of_record
TN:
SF:src/components/forms/inputs/screen/roleListInput.tsx
FN:20,(anonymous_0)
FN:27,(anonymous_1)
FN:34,(anonymous_2)
FN:47,(anonymous_3)
FN:51,(anonymous_4)
FN:58,(anonymous_5)
FN:67,(anonymous_6)
FN:79,(anonymous_7)
FN:81,(anonymous_8)
FN:88,(anonymous_9)
FN:89,(anonymous_10)
FN:90,(anonymous_11)
FN:98,(anonymous_12)
FN:99,(anonymous_13)
FNF:14
FNH:9
FNDA:2,(anonymous_0)
FNDA:0,(anonymous_1)
FNDA:5,(anonymous_2)
FNDA:5,(anonymous_3)
FNDA:1,(anonymous_4)
FNDA:0,(anonymous_5)
FNDA:0,(anonymous_6)
FNDA:20,(anonymous_7)
FNDA:20,(anonymous_8)
FNDA:5,(anonymous_9)
FNDA:2,(anonymous_10)
FNDA:0,(anonymous_11)
FNDA:0,(anonymous_12)
FNDA:15,(anonymous_13)
DA:20,2
DA:25,2
DA:28,0
DA:34,2
DA:43,5
DA:45,5
DA:47,5
DA:48,5
DA:52,1
DA:53,1
DA:59,0
DA:60,0
DA:68,0
DA:76,5
DA:79,5
DA:80,20
DA:82,20
DA:85,5
DA:88,5
DA:89,2
DA:91,0
DA:98,0
DA:99,15
DA:105,5
DA:113,2
DA:121,2
LF:26
LH:20
BRDA:64,0,0,5
BRDA:64,0,1,0
BRDA:82,1,0,20
BRDA:82,1,1,20
BRF:4
BRH:3
end_of_record
TN:
SF:src/components/forms/inputs/screen/textAreaInput.tsx
FN:11,(anonymous_0)
FN:15,(anonymous_1)
FN:20,(anonymous_2)
FN:36,(anonymous_3)
FN:64,(anonymous_4)
FNF:5
FNH:4
FNDA:4,(anonymous_0)
FNDA:1,(anonymous_1)
FNDA:0,(anonymous_2)
FNDA:4,(anonymous_3)
FNDA:1,(anonymous_4)
DA:11,2
DA:13,4
DA:15,4
DA:16,1
DA:17,1
DA:20,4
DA:21,0
DA:22,0
DA:25,4
DA:36,4
DA:37,4
DA:38,4
DA:41,0
DA:42,0
DA:44,0
DA:51,4
DA:65,1
DA:66,1
DA:76,2
LF:19
LH:14
BRDA:37,0,0,4
BRDA:37,0,1,0
BRDA:65,1,0,0
BRDA:65,1,1,1
BRF:4
BRH:2
end_of_record
TN:
SF:src/components/header/header.tsx
FN:19,(anonymous_0)
FN:31,(anonymous_1)
FN:35,(anonymous_2)
FN:37,(anonymous_3)
FN:75,(anonymous_4)
FN:83,(anonymous_5)
FN:88,(anonymous_6)
FN:99,(anonymous_7)
FN:112,(anonymous_8)
FN:128,(anonymous_9)
FN:180,(anonymous_10)
FN:186,(anonymous_11)
FN:187,(anonymous_12)
FN:198,(anonymous_13)
FN:219,(anonymous_14)
FN:220,(anonymous_15)
FN:221,(anonymous_16)
FN:239,(anonymous_17)
FN:244,(anonymous_18)
FN:255,(anonymous_19)
FNF:20
FNH:19
FNDA:97,(anonymous_0)
FNDA:5,(anonymous_1)
FNDA:4,(anonymous_2)
FNDA:55,(anonymous_3)
FNDA:1,(anonymous_4)
FNDA:0,(anonymous_5)
FNDA:1,(anonymous_6)
FNDA:13,(anonymous_7)
FNDA:29,(anonymous_8)
FNDA:29,(anonymous_9)
FNDA:6,(anonymous_10)
FNDA:30,(anonymous_11)
[...]
FNDA:0,(anonymous_11)
FNDA:0,(anonymous_12)
FNDA:0,(anonymous_13)
FNDA:0,(anonymous_14)
FNDA:0,(anonymous_15)
FNDA:14,(anonymous_16)
DA:18,1
DA:22,1
DA:23,1
DA:24,1
DA:26,1
DA:27,0
DA:29,2
DA:32,1
DA:33,0
DA:35,0
DA:38,0
DA:41,0
DA:47,1
DA:48,1
DA:55,0
DA:56,0
DA:59,0
DA:60,0
DA:63,0
DA:64,0
DA:66,0
DA:68,0
DA:72,0
DA:73,0
DA:75,0
DA:80,0
DA:81,0
DA:84,0
DA:85,0
DA:88,0
DA:89,0
DA:92,0
DA:93,0
DA:95,0
DA:99,1
DA:100,0
DA:104,0
DA:105,0
LF:38
LH:10
BRDA:26,0,0,0
BRDA:26,0,1,1
BRDA:35,1,0,0
BRDA:35,1,1,0
BRDA:41,2,0,0
BRDA:41,2,1,0
BRDA:72,3,0,0
BRDA:72,3,1,0
BRDA:104,4,0,0
BRDA:104,4,1,0
BRDA:104,5,0,0
BRDA:104,5,1,0
BRF:12
BRH:1
end_of_record
TN:
SF:src/stores/teamStore.ts
FN:17,(anonymous_0)
FN:21,(anonymous_1)
FN:25,(anonymous_2)
FN:27,(anonymous_3)
FN:37,(anonymous_4)
FN:47,(anonymous_5)
FN:51,(anonymous_6)
FN:55,(anonymous_7)
FN:59,(anonymous_8)
FN:72,(anonymous_9)
FN:83,(anonymous_10)
FN:87,(anonymous_11)
FN:88,(anonymous_12)
FN:91,(anonymous_13)
FNF:14
FNH:2
FNDA:1,(anonymous_0)
FNDA:14,(anonymous_1)
FNDA:0,(anonymous_2)
FNDA:0,(anonymous_3)
FNDA:0,(anonymous_4)
FNDA:0,(anonymous_5)
FNDA:0,(anonymous_6)
FNDA:0,(anonymous_7)
FNDA:0,(anonymous_8)
FNDA:0,(anonymous_9)
FNDA:0,(anonymous_10)
FNDA:0,(anonymous_11)
FNDA:0,(anonymous_12)
FNDA:0,(anonymous_13)
DA:12,1
DA:14,1
DA:15,1
DA:18,1
DA:26,0
DA:28,0
DA:30,0
DA:32,0
DA:34,0
DA:38,0
DA:40,0
DA:42,0
DA:47,1
DA:48,0
DA:51,1
DA:52,0
DA:55,1
DA:56,0
DA:59,1
DA:60,0
DA:61,0
DA:62,0
DA:63,0
DA:65,0
DA:72,1
DA:73,0
DA:74,0
DA:76,0
DA:83,1
DA:84,0
DA:87,1
DA:88,0
DA:92,0
DA:93,0
DA:95,0
LF:35
LH:11
BRDA:28,0,0,0
BRDA:28,0,1,0
BRDA:28,0,2,0
BRDA:38,1,0,0
BRDA:38,1,1,0
BRDA:61,2,0,0
BRDA:61,2,1,0
BRDA:63,3,0,0
BRDA:63,3,1,0
BRDA:65,4,0,0
BRDA:65,4,1,0
BRDA:67,5,0,0
BRDA:67,5,1,0
BRDA:76,6,0,0
BRDA:76,6,1,0
BRDA:78,7,0,0
BRDA:78,7,1,0
BRF:17
BRH:0
end_of_record
TN:
SF:src/stores/updateStore.ts
FN:30,(anonymous_0)
FN:34,(anonymous_1)
FN:40,(anonymous_2)
FN:59,(anonymous_3)
FN:68,(anonymous_4)
FN:71,(anonymous_5)
FN:80,(anonymous_6)
FN:81,(anonymous_7)
FN:82,(anonymous_8)
FN:92,(anonymous_9)
FN:97,(anonymous_10)
FN:106,(anonymous_11)
FN:107,(anonymous_12)
FN:108,(anonymous_13)
FN:118,(anonymous_14)
FN:123,(anonymous_15)
FN:131,(anonymous_16)
FN:132,(anonymous_17)
FN:133,(anonymous_18)
FN:136,(anonymous_19)
FN:141,(anonymous_20)
FNF:21
FNH:3
FNDA:1,(anonymous_0)
FNDA:1,(anonymous_1)
FNDA:0,(anonymous_2)
FNDA:0,(anonymous_3)
FNDA:0,(anonymous_4)
FNDA:0,(anonymous_5)
FNDA:0,(anonymous_6)
FNDA:0,(anonymous_7)
FNDA:0,(anonymous_8)
FNDA:0,(anonymous_9)
FNDA:0,(anonymous_10)
FNDA:0,(anonymous_11)
FNDA:0,(anonymous_12)
FNDA:0,(anonymous_13)
FNDA:0,(anonymous_14)
FNDA:0,(anonymous_15)
FNDA:0,(anonymous_16)
FNDA:0,(anonymous_17)
FNDA:0,(anonymous_18)
FNDA:0,(anonymous_19)
FNDA:14,(anonymous_20)
DA:11,1
DA:12,1
DA:13,1
DA:15,1
DA:16,1
DA:18,1
DA:22,1
DA:26,1
DA:31,1
DA:35,1
DA:36,1
DA:37,1
DA:40,1
DA:41,0
DA:42,0
DA:43,0
DA:44,0
DA:47,0
DA:48,0
DA:51,0
DA:52,0
DA:55,0
DA:59,1
DA:60,0
DA:62,0
DA:63,0
DA:64,0
DA:67,0
DA:68,0
DA:71,1
DA:75,0
DA:76,0
DA:80,0
DA:81,0
DA:83,0
DA:89,0
DA:93,0
DA:97,1
DA:101,0
DA:102,0
DA:106,0
DA:107,0
DA:109,0
DA:115,0
DA:119,0
DA:123,1
DA:127,0
DA:131,0
DA:132,0
DA:134,0
DA:137,0
LF:51
LH:17
BRDA:43,0,0,0
BRDA:43,0,1,0
BRDA:47,1,0,0
BRDA:47,1,1,0
BRDA:51,2,0,0
BRDA:51,2,1,0
BRDA:62,3,0,0
BRDA:62,3,1,0
BRDA:83,4,0,0
BRDA:83,4,1,0
BRDA:109,5,0,0
BRDA:109,5,1,0
BRF:12
BRH:0
end_of_record
TN:
SF:src/stores/upsertRoleStore.ts
FN:14,(anonymous_0)
FN:18,(anonymous_1)
FN:25,(anonymous_2)
FN:34,(anonymous_3)
FN:44,(anonymous_4)
FN:51,(anonymous_5)
FN:62,(anonymous_6)
FN:66,(anonymous_7)
FN:72,(anonymous_8)
FNF:9
FNH:2
FNDA:1,(anonymous_0)
FNDA:0,(anonymous_1)
FNDA:0,(anonymous_2)
FNDA:0,(anonymous_3)
FNDA:0,(anonymous_4)
FNDA:0,(anonymous_5)
FNDA:0,(anonymous_6)
FNDA:0,(anonymous_7)
FNDA:14,(anonymous_8)
DA:10,1
DA:11,1
DA:12,1
DA:15,1
DA:18,1
DA:19,0
DA:25,1
DA:26,0
DA:31,0
DA:34,1
DA:35,0
DA:41,0
DA:44,1
DA:45,0
DA:46,0
DA:47,0
DA:51,1
DA:52,0
DA:53,0
DA:55,0
DA:58,0
DA:59,0
DA:62,1
DA:63,0
DA:66,1
DA:67,0
DA:68,0
DA:69,0
DA:72,1
DA:73,14
DA:74,14
DA:75,14
LF:32
LH:15
BRDA:45,0,0,0
BRDA:45,0,1,0
BRDA:52,1,0,0
BRDA:52,1,1,0
BRDA:63,2,0,0
BRDA:63,2,1,0
BRF:6
BRH:0
end_of_record
TN:
SF:src/stores/userStore.ts
FN:40,(anonymous_0)
FN:44,(anonymous_1)
FN:69,(anonymous_2)
FN:78,(anonymous_3)
FN:84,(anonymous_4)
FN:86,(anonymous_5)
FN:89,(anonymous_6)
FN:98,(anonymous_7)
FN:104,(anonymous_8)
FN:111,(anonymous_9)
FN:115,(anonymous_10)
FN:119,(anonymous_11)
FN:124,(anonymous_12)
FN:126,(anonymous_13)
FN:129,(anonymous_14)
FN:139,(anonymous_15)
FN:143,(anonymous_16)
FN:165,(anonymous_17)
FN:170,(anonymous_18)
FN:179,(anonymous_19)
FN:191,(anonymous_20)
FN:203,(anonymous_21)
FN:209,(anonymous_22)
FN:213,(anonymous_23)
FN:218,(anonymous_24)
FN:224,(anonymous_25)
FN:228,(anonymous_26)
FN:233,(anonymous_27)
FN:246,(anonymous_28)
FN:249,(anonymous_29)
FN:253,(anonymous_30)
FN:258,(anonymous_31)
FN:263,(anonymous_32)
FN:267,(anonymous_33)
FN:289,(anonymous_34)
FN:293,(anonymous_35)
FN:296,(anonymous_36)
FN:305,(anonymous_37)
FN:308,(anonymous_38)
FN:324,(anonymous_39)
FN:327,(anonymous_40)
FN:333,(anonymous_41)
FN:339,(anonymous_42)
FNF:43
FNH:27
FNDA:1,(anonymous_0)
FNDA:1,(anonymous_1)
FNDA:14,(anonymous_2)
FNDA:9,(anonymous_3)
FNDA:0,(anonymous_4)
FNDA:0,(anonymous_5)
FNDA:0,(anonymous_6)
FNDA:0,(anonymous_7)
FNDA:4,(anonymous_8)
FNDA:36,(anonymous_9)
FNDA:2,(anonymous_10)
FNDA:11,(anonymous_11)
FNDA:1,(anonymous_12)
FNDA:3,(anonymous_13)
FNDA:17,(anonymous_14)
FNDA:33,(anonymous_15)
FNDA:9,(anonymous_16)
FNDA:5,(anonymous_17)
FNDA:0,(anonymous_18)
FNDA:0,(anonymous_19)
FNDA:0,(anonymous_20)
FNDA:0,(anonymous_21)
FNDA:0,(anonymous_22)
FNDA:4,(anonymous_23)
FNDA:3,(anonymous_24)
FNDA:1,(anonymous_25)
FNDA:2,(anonymous_26)
FNDA:10,(anonymous_27)
FNDA:10,(anonymous_28)
FNDA:0,(anonymous_29)
FNDA:2,(anonymous_30)
FNDA:2,(anonymous_31)
FNDA:9,(anonymous_32)
FNDA:9,(anonymous_33)
FNDA:1,(anonymous_34)
FNDA:0,(anonymous_35)
FNDA:0,(anonymous_36)
FNDA:1,(anonymous_37)
FNDA:1,(anonymous_38)
FNDA:0,(anonymous_39)
FNDA:0,(anonymous_40)
FNDA:0,(anonymous_41)
FNDA:0,(anonymous_42)
DA:21,1
DA:32,1
DA:33,1
DA:37,1
DA:38,1
DA:41,1
DA:45,1
DA:46,1
DA:48,1
DA:51,0
DA:54,0
DA:58,0
DA:59,0
DA:61,0
DA:64,0
DA:70,14
DA:71,14
DA:72,14
DA:73,14
DA:74,14
DA:75,14
DA:78,1
DA:79,9
DA:80,0
DA:84,1
DA:85,0
DA:87,0
DA:90,0
DA:91,0
DA:95,0
DA:99,0
DA:105,4
DA:111,1
DA:112,36
DA:116,2
DA:120,11
DA:125,1
DA:126,3
DA:130,17
DA:131,0
DA:134,17
DA:136,17
DA:140,33
DA:144,9
DA:146,9
DA:148,9
DA:150,9
DA:156,9
DA:157,9
DA:160,9
DA:162,9
DA:166,5
DA:167,5
DA:171,0
DA:172,0
DA:173,0
DA:175,0
DA:180,0
DA:181,0
DA:183,0
DA:185,0
DA:187,0
DA:192,0
DA:193,0
DA:203,1
DA:204,0
DA:205,0
DA:206,0
DA:210,0
DA:214,4
DA:215,2
DA:219,3
DA:220,3
DA:221,3
DA:225,1
DA:229,2
DA:230,2
DA:234,10
DA:236,10
DA:238,10
DA:239,30
DA:242,10
DA:243,0
DA:246,10
DA:247,10
DA:249,10
DA:254,2
DA:256,2
DA:258,2
DA:259,2
DA:264,9
DA:265,9
DA:267,9
DA:268,9
DA:270,9
DA:271,9
DA:274,9
DA:278,9
DA:279,0
DA:282,9
DA:283,9
DA:290,1
DA:294,0
DA:296,0
DA:297,0
DA:299,0
DA:300,0
DA:306,1
DA:308,1
DA:309,1
DA:312,1
DA:313,1
DA:317,1
DA:325,0
DA:327,0
DA:328,0
DA:329,0
DA:334,0
DA:335,0
DA:337,0
DA:339,0
DA:340,0
DA:341,0
LF:123
LH:77
BRDA:48,0,0,0
BRDA:48,0,1,1
BRDA:79,1,0,0
BRDA:79,1,1,9
BRDA:106,2,0,4
BRDA:106,2,1,4
BRDA:130,3,0,0
BRDA:130,3,1,17
BRDA:150,4,0,0
BRDA:150,4,1,9
BRDA:150,5,0,9
BRDA:150,5,1,0
BRDA:156,6,0,9
BRDA:156,6,1,0
BRDA:204,7,0,0
BRDA:204,7,1,0
BRDA:234,8,0,10
BRDA:234,8,1,1
BRDA:264,9,0,9
BRDA:264,9,1,0
BRDA:265,10,0,9
BRDA:265,10,1,0
BRDA:270,11,0,9
BRDA:270,11,1,0
BRDA:278,12,0,0
BRDA:278,12,1,9
BRDA:278,13,0,9
BRDA:278,13,1,0
BRDA:278,13,2,0
BRDA:282,14,0,9
BRDA:282,14,1,0
BRDA:306,15,0,1
BRDA:306,15,1,0
BRDA:312,16,0,1
BRDA:312,16,1,0
BRF:35
BRH:18
end_of_record
TN:
SF:src/stores/utils.ts
FN:5,clearAllStores
FN:6,(anonymous_1)
FN:7,(anonymous_2)
FNF:3
FNH:3
FNDA:14,clearAllStores
FNDA:14,(anonymous_1)
FNDA:378,(anonymous_2)
DA:6,14
DA:7,14
DA:8,378
DA:9,378
LF:4
LH:4
BRF:0
BRH:0
end_of_record
TN:
SF:src/test/ids.ts
FN:15,(anonymous_0)
FN:19,(anonymous_1)
FN:20,(anonymous_2)
FN:21,(anonymous_3)
FN:22,(anonymous_4)
FN:23,(anonymous_5)
FN:70,(anonymous_6)
FN:71,(anonymous_7)
FN:72,(anonymous_8)
FN:73,(anonymous_9)
FN:74,(anonymous_10)
FN:75,(anonymous_11)
FN:78,(anonymous_12)
FN:79,(anonymous_13)
FN:85,(anonymous_14)
FN:89,(anonymous_15)
FN:90,(anonymous_16)
FN:91,(anonymous_17)
FN:92,(anonymous_18)
FN:93,(anonymous_19)
FN:96,(anonymous_20)
FN:98,(anonymous_21)
FN:99,(anonymous_22)
FN:100,(anonymous_23)
FN:104,(anonymous_24)
FN:106,(anonymous_25)
FN:107,(anonymous_26)
FN:115,(anonymous_27)
FN:118,(anonymous_28)
FN:119,(anonymous_29)
FN:120,(anonymous_30)
FN:121,(anonymous_31)
FN:122,(anonymous_32)
FN:123,(anonymous_33)
FN:124,(anonymous_34)
FN:125,(anonymous_35)
FN:128,(anonymous_36)
FN:131,(anonymous_37)
FN:132,(anonymous_38)
FN:135,(anonymous_39)
FN:136,(anonymous_40)
FN:138,(anonymous_41)
FN:139,(anonymous_42)
FN:140,(anonymous_43)
FN:144,(anonymous_44)
FN:145,(anonymous_45)
FN:146,(anonymous_46)
FN:147,(anonymous_47)
FN:148,(anonymous_48)
FN:149,(anonymous_49)
FN:151,(anonymous_50)
FN:152,(anonymous_51)
FN:155,(anonymous_52)
FN:156,(anonymous_53)
FN:159,(anonymous_54)
FN:160,(anonymous_55)
FN:218,(anonymous_56)
FNF:57
FNH:22
FNDA:5,(anonymous_0)
FNDA:99,(anonymous_1)
FNDA:54,(anonymous_2)
FNDA:12,(anonymous_3)
FNDA:2,(anonymous_4)
FNDA:20,(anonymous_5)
FNDA:16,(anonymous_6)
FNDA:15,(anonymous_7)
FNDA:0,(anonymous_8)
FNDA:0,(anonymous_9)
FNDA:0,(anonymous_10)
FNDA:136,(anonymous_11)
FNDA:50,(anonymous_12)
FNDA:29,(anonymous_13)
FNDA:2,(anonymous_14)
FNDA:0,(anonymous_15)
FNDA:0,(anonymous_16)
FNDA:0,(anonymous_17)
FNDA:0,(anonymous_18)
FNDA:0,(anonymous_19)
FNDA:0,(anonymous_20)
FNDA:0,(anonymous_21)
FNDA:3,(anonymous_22)
FNDA:0,(anonymous_23)
FNDA:0,(anonymous_24)
FNDA:0,(anonymous_25)
FNDA:0,(anonymous_26)
FNDA:0,(anonymous_27)
FNDA:0,(anonymous_28)
FNDA:0,(anonymous_29)
FNDA:0,(anonymous_30)
FNDA:0,(anonymous_31)
FNDA:0,(anonymous_32)
FNDA:0,(anonymous_33)
FNDA:0,(anonymous_34)
FNDA:0,(anonymous_35)
FNDA:30,(anonymous_36)
FNDA:4,(anonymous_37)
FNDA:0,(anonymous_38)
FNDA:0,(anonymous_39)
FNDA:0,(anonymous_40)
FNDA:0,(anonymous_41)
FNDA:0,(anonymous_42)
FNDA:0,(anonymous_43)
FNDA:3,(anonymous_44)
FNDA:10,(anonymous_45)
FNDA:11,(anonymous_46)
FNDA:0,(anonymous_47)
FNDA:5,(anonymous_48)
FNDA:0,(anonymous_49)
FNDA:16,(anonymous_50)
FNDA:6,(anonymous_51)
FNDA:0,(anonymous_52)
FNDA:0,(anonymous_53)
FNDA:0,(anonymous_54)
FNDA:0,(anonymous_55)
FNDA:26,(anonymous_56)
DA:14,2
DA:15,5
DA:19,99
DA:20,54
DA:21,12
DA:22,2
DA:23,20
DA:70,16
DA:71,15
DA:72,0
DA:73,0
DA:74,0
DA:75,136
DA:78,50
DA:79,29
DA:85,2
DA:89,0
DA:90,0
DA:91,0
DA:92,0
DA:93,0
DA:96,0
DA:98,0
DA:99,3
DA:100,0
DA:104,0
DA:106,0
DA:107,0
DA:115,0
DA:118,0
DA:119,0
DA:120,0
DA:121,0
DA:122,0
DA:123,0
DA:124,0
DA:125,0
DA:128,30
DA:131,4
DA:132,0
DA:135,0
DA:136,0
DA:138,0
DA:139,0
DA:140,0
DA:144,3
DA:145,10
DA:146,11
DA:147,0
DA:148,5
DA:149,0
DA:151,16
DA:152,6
DA:155,0
DA:156,0
DA:159,0
DA:160,0
DA:218,26
LF:58
LH:23
BRF:0
BRH:0
end_of_record
TN:
SF:src/test/mocks.ts
FN:3,MockSecrets
FN:9,MockRequests
FN:35,MockAuthTokens
FN:42,MockOrgMetadata
FN:53,MockUsers
FN:110,MockTeamMemberMetadata
FNF:6
FNH:6
FNDA:7,MockSecrets
FNDA:1,MockRequests
FNDA:26,MockAuthTokens
FNDA:94,MockOrgMetadata
FNDA:34,MockUsers
FNDA:7,MockTeamMemberMetadata
DA:4,7
DA:10,1
DA:36,26
DA:43,94
DA:54,34
DA:111,7
LF:6
LH:6
BRF:0
BRH:0
end_of_record
TN:
SF:src/test/utils/testUtils.tsx
FN:22,(anonymous_0)
FN:25,mockBoot
FN:31,(anonymous_2)
FN:32,(anonymous_3)
FN:33,(anonymous_4)
FN:48,linkExperienceToBranchEvent
FN:50,(anonymous_6)
FN:66,mockLinkBoot
FN:70,(anonymous_8)
FN:88,mockDeferredLinkBoot
FN:91,(anonymous_10)
FN:92,(anonymous_11)
FN:93,(anonymous_12)
FN:111,mockSignIn
FN:121,(anonymous_14)
FN:122,(anonymous_15)
FN:123,(anonymous_16)
FN:127,(anonymous_17)
FN:149,(anonymous_18)
FN:157,successfulLinkSignUpOrJoin
FN:174,(anonymous_20)
FN:178,(anonymous_21)
FN:182,(anonymous_22)
FN:183,(anonymous_23)
FN:185,(anonymous_24)
FN:186,(anonymous_25)
FN:187,(anonymous_26)
FN:198,(anonymous_27)
FN:214,(anonymous_28)
FN:219,(anonymous_29)
FN:223,(anonymous_30)
FN:231,(anonymous_31)
FN:237,(anonymous_32)
FN:247,(anonymous_33)
FN:256,(anonymous_34)
FN:264,(anonymous_35)
FN:274,(anonymous_36)
FN:276,(anonymous_37)
FN:280,(anonymous_38)
FN:285,(anonymous_39)
FN:289,backendErrorSignUpOrJoin
FN:291,(anonymous_41)
FN:313,(anonymous_42)
FN:317,(anonymous_43)
FN:321,(anonymous_44)
FN:324,(anonymous_45)
FN:325,(anonymous_46)
FN:326,(anonymous_47)
FN:327,(anonymous_48)
FN:338,(anonymous_49)
FN:347,(anonymous_50)
FN:352,(anonymous_51)
FN:355,(anonymous_52)
FN:358,(anonymous_53)
FN:363,badLinkParamsSignUpOrJoin
FN:380,(anonymous_55)
FN:383,(anonymous_56)
FN:387,(anonymous_57)
FN:393,completeUpdatePasswordForm
FN:395,(anonymous_59)
FN:399,(anonymous_60)
FN:402,(anonymous_61)
FN:404,(anonymous_62)
FN:409,(anonymous_63)
FN:414,(anonymous_64)
FN:415,(anonymous_65)
FN:420,(anonymous_66)
FN:422,(anonymous_67)
FN:428,(anonymous_68)
FN:429,(anonymous_69)
FN:435,checkOnDutyText
FN:436,(anonymous_71)
FN:440,editUserRoles
FN:446,(anonymous_73)
FN:449,(anonymous_74)
FN:451,(anonymous_75)
FN:455,(anonymous_76)
FN:460,(anonymous_77)
FN:461,(anonymous_78)
FN:462,(anonymous_79)
FN:465,(anonymous_80)
FN:470,(anonymous_81)
FN:475,(anonymous_82)
FN:476,(anonymous_83)
FN:481,(anonymous_84)
FN:483,(anonymous_85)
FN:487,editUserAttributes
FN:493,(anonymous_87)
FN:497,(anonymous_88)
FN:500,(anonymous_89)
FN:504,(anonymous_90)
FN:508,(anonymous_91)
FN:517,(anonymous_92)
FN:520,(anonymous_93)
FN:523,(anonymous_94)
FN:527,(anonymous_95)
FN:528,(anonymous_96)
FN:533,(anonymous_97)
FN:539,(anonymous_98)
FN:541,(anonymous_99)
FN:546,(anonymous_100)
FN:550,(anonymous_101)
FN:551,(anonymous_102)
FN:557,(anonymous_103)
FN:560,(anonymous_104)
FN:564,(anonymous_105)
FN:568,editPhoneNumber
FN:569,(anonymous_107)
FN:572,(anonymous_108)
FN:576,(anonymous_109)
FNF:110
FNH:109
FNDA:1,(anonymous_0)
FNDA:15,mockBoot
FNDA:15,(anonymous_2)
FNDA:15,(anonymous_3)
FNDA:15,(anonymous_4)
FNDA:9,linkExperienceToBranchEvent
FNDA:23,(anonymous_6)
FNDA:8,mockLinkBoot
FNDA:8,(anonymous_8)
FNDA:1,mockDeferredLinkBoot
FNDA:1,(anonymous_10)
FNDA:1,(anonymous_11)
FNDA:0,(anonymous_12)
FNDA:5,mockSignIn
FNDA:5,(anonymous_14)
FNDA:5,(anonymous_15)
FNDA:5,(anonymous_16)
FNDA:5,(anonymous_17)
FNDA:5,(anonymous_18)
FNDA:2,successfulLinkSignUpOrJoin
FNDA:2,(anonymous_20)
FNDA:2,(anonymous_21)
FNDA:2,(anonymous_22)
FNDA:2,(anonymous_23)
FNDA:2,(anonymous_24)
FNDA:2,(anonymous_25)
FNDA:2,(anonymous_26)
FNDA:2,(anonymous_27)
FNDA:2,(anonymous_28)
FNDA:2,(anonymous_29)
FNDA:2,(anonymous_30)
FNDA:2,(anonymous_31)
FNDA:2,(anonymous_32)
FNDA:2,(anonymous_33)
FNDA:2,(anonymous_34)
FNDA:2,(anonymous_35)
FNDA:2,(anonymous_36)
FNDA:2,(anonymous_37)
FNDA:2,(anonymous_38)
FNDA:2,(anonymous_39)
FNDA:2,backendErrorSignUpOrJoin
FNDA:2,(anonymous_41)
FNDA:2,(anonymous_42)
FNDA:2,(anonymous_43)
FNDA:2,(anonymous_44)
FNDA:2,(anonymous_45)
FNDA:2,(anonymous_46)
FNDA:2,(anonymous_47)
FNDA:2,(anonymous_48)
FNDA:2,(anonymous_49)
FNDA:2,(anonymous_50)
FNDA:2,(anonymous_51)
FNDA:2,(anonymous_52)
FNDA:2,(anonymous_53)
FNDA:2,badLinkParamsSignUpOrJoin
FNDA:2,(anonymous_55)
FNDA:2,(anonymous_56)
FNDA:2,(anonymous_57)
FNDA:3,completeUpdatePasswordForm
FNDA:4,(anonymous_59)
FNDA:3,(anonymous_60)
FNDA:3,(anonymous_61)
FNDA:3,(anonymous_62)
FNDA:3,(anonymous_63)
FNDA:3,(anonymous_64)
FNDA:3,(anonymous_65)
FNDA:3,(anonymous_66)
FNDA:3,(anonymous_67)
FNDA:3,(anonymous_68)
FNDA:3,(anonymous_69)
FNDA:3,checkOnDutyText
FNDA:3,(anonymous_71)
FNDA:1,editUserRoles
FNDA:1,(anonymous_73)
FNDA:1,(anonymous_74)
FNDA:1,(anonymous_75)
FNDA:1,(anonymous_76)
FNDA:1,(anonymous_77)
FNDA:1,(anonymous_78)
FNDA:1,(anonymous_79)
FNDA:1,(anonymous_80)
FNDA:1,(anonymous_81)
FNDA:1,(anonymous_82)
FNDA:1,(anonymous_83)
FNDA:1,(anonymous_84)
FNDA:1,(anonymous_85)
FNDA:1,editUserAttributes
FNDA:1,(anonymous_87)
FNDA:1,(anonymous_88)
FNDA:1,(anonymous_89)
FNDA:1,(anonymous_90)
FNDA:1,(anonymous_91)
FNDA:1,(anonymous_92)
FNDA:1,(anonymous_93)
FNDA:1,(anonymous_94)
FNDA:1,(anonymous_95)
FNDA:1,(anonymous_96)
FNDA:1,(anonymous_97)
FNDA:1,(anonymous_98)
FNDA:1,(anonymous_99)
FNDA:1,(anonymous_100)
FNDA:1,(anonymous_101)
FNDA:1,(anonymous_102)
FNDA:1,(anonymous_103)
FNDA:1,(anonymous_104)
FNDA:1,(anonymous_105)
FNDA:1,editPhoneNumber
FNDA:1,(anonymous_107)
FNDA:1,(anonymous_108)
FNDA:1,(anonymous_109)
DA:20,1
DA:21,1
DA:22,1
DA:26,15
DA:27,15
DA:29,15
DA:31,15
DA:32,15
DA:33,15
DA:34,15
DA:35,15
DA:36,15
DA:41,15
DA:43,15
DA:45,15
DA:49,9
DA:50,23
DA:51,9
DA:52,9
DA:63,9
DA:68,8
DA:70,8
DA:71,8
DA:74,8
DA:77,8
DA:79,8
DA:80,8
DA:91,1
DA:92,1
DA:93,1
DA:96,1
DA:99,1
DA:101,1
DA:102,1
DA:112,5
DA:121,5
DA:122,5
DA:123,5
DA:125,5
DA:127,5
DA:128,5
DA:129,5
DA:132,5
DA:149,5
DA:150,5
DA:153,5
DA:158,2
DA:159,2
DA:171,2
DA:174,2
DA:175,2
DA:178,2
DA:179,2
DA:182,2
DA:183,2
DA:185,2
DA:186,2
DA:187,2
DA:190,2
DA:194,2
DA:195,2
DA:198,2
DA:199,2
DA:200,2
DA:204,2
DA:207,2
DA:208,2
DA:209,2
DA:210,2
DA:211,2
DA:214,2
DA:215,2
DA:219,2
DA:220,2
DA:223,2
DA:224,2
DA:231,2
DA:232,2
DA:237,2
DA:238,2
DA:247,2
DA:248,2
DA:256,2
DA:257,2
DA:264,2
DA:265,2
DA:274,2
DA:276,2
DA:277,2
DA:280,2
DA:281,2
DA:285,2
DA:286,2
DA:291,2
DA:292,2
DA:295,2
DA:298,2
DA:310,2
DA:313,2
DA:314,2
DA:317,2
DA:318,2
DA:321,2
DA:324,2
DA:325,2
DA:326,2
DA:327,2
DA:330,2
DA:334,2
DA:335,2
DA:338,2
DA:339,2
DA:340,2
DA:344,2
DA:347,2
DA:348,2
DA:352,2
DA:355,2
DA:356,2
DA:358,2
DA:359,2
DA:365,2
DA:377,2
DA:380,2
DA:383,2
DA:384,2
DA:385,2
DA:387,2
DA:388,2
DA:395,3
DA:396,4
DA:399,3
DA:402,3
DA:403,3
DA:404,3
DA:405,3
DA:409,3
DA:410,3
DA:414,3
DA:415,3
DA:416,3
DA:420,3
DA:421,3
DA:422,3
DA:423,3
DA:428,3
DA:429,3
DA:430,3
DA:436,3
DA:437,3
DA:442,1
DA:443,1
DA:446,1
DA:449,1
DA:450,1
DA:451,1
DA:452,1
DA:455,1
DA:456,1
DA:460,1
DA:461,1
DA:462,1
DA:465,1
DA:466,1
DA:470,1
DA:471,1
DA:475,1
DA:476,1
DA:477,1
DA:481,1
DA:482,1
DA:483,1
DA:484,1
DA:489,1
DA:490,1
DA:493,1
DA:496,1
DA:497,1
DA:498,1
DA:500,1
DA:501,1
DA:503,1
DA:504,1
DA:505,1
DA:508,1
DA:509,1
DA:513,1
DA:514,1
DA:517,1
DA:518,1
DA:520,1
DA:521,1
DA:523,1
DA:524,1
DA:527,1
DA:528,1
DA:529,1
DA:533,1
DA:534,1
DA:538,1
DA:539,1
DA:540,1
DA:541,1
DA:542,1
DA:546,1
DA:547,1
DA:550,1
DA:551,1
DA:552,1
DA:557,1
DA:558,1
DA:560,1
DA:561,1
DA:563,1
DA:564,1
DA:565,1
DA:569,1
DA:572,1
DA:573,1
DA:576,1
DA:577,1
DA:581,1
LF:222
LH:222
BRDA:384,0,0,1
BRDA:384,0,1,1
BRDA:437,1,0,1
BRDA:437,1,1,2
BRF:4
BRH:4
end_of_record
TN:
SF:src/utils/debounce.ts
FN:25,stateFullMemoDebounce
FN:29,(anonymous_1)
FN:32,(anonymous_2)
FN:40,(anonymous_3)
FN:46,(anonymous_4)
FN:48,wrappedFunction
FN:52,(anonymous_6)
FN:61,(anonymous_7)
FN:67,(anonymous_8)
FNF:9
FNH:1
FNDA:3,stateFullMemoDebounce
FNDA:0,(anonymous_1)
FNDA:0,(anonymous_2)
FNDA:0,(anonymous_3)
FNDA:0,(anonymous_4)
FNDA:0,wrappedFunction
FNDA:0,(anonymous_6)
FNDA:0,(anonymous_7)
FNDA:0,(anonymous_8)
DA:29,3
DA:30,0
DA:32,0
DA:33,0
DA:36,0
DA:39,3
DA:40,0
DA:44,3
DA:46,0
DA:52,0
DA:53,0
DA:56,0
DA:58,0
DA:61,3
DA:62,0
DA:64,0
DA:67,3
DA:68,0
DA:70,0
DA:72,0
DA:74,0
DA:77,3
DA:78,3
DA:80,3
LF:24
LH:8
BRDA:40,0,0,0
BRDA:40,0,1,0
BRDA:44,1,0,3
BRDA:44,1,1,0
BRF:4
BRH:1
end_of_record
TN:
SF:src/utils/dimensions.ts
FNF:0
FNH:0
DA:5,2
DA:6,2
DA:8,2
DA:9,2
DA:11,2
DA:12,2
DA:14,2
LF:7
LH:7
BRDA:14,0,0,0
BRDA:14,0,1,2
BRF:2
BRH:1
end_of_record
TN:
SF:src/utils/index.ts
FN:10,userHasAllPermissions
FN:14,(anonymous_1)
FN:20,userHasAnyPermissions
FN:24,(anonymous_3)
FN:30,iHaveAllPermissions
FN:35,iHaveAnyPermissions
FNF:6
FNH:6
FNDA:23,userHasAllPermissions
FNDA:23,(anonymous_1)
FNDA:5,userHasAnyPermissions
FNDA:5,(anonymous_3)
FNDA:21,iHaveAllPermissions
FNDA:5,iHaveAnyPermissions
DA:5,2
DA:6,2
DA:7,2
DA:11,23
DA:12,23
DA:14,23
DA:16,0
DA:21,5
DA:22,5
DA:24,5
DA:26,0
DA:31,21
DA:32,21
DA:36,5
DA:37,5
LF:15
LH:13
BRDA:11,0,0,23
BRDA:11,0,1,0
BRDA:21,1,0,5
BRDA:21,1,1,0
BRF:4
BRH:2
end_of_record
