TN:
SF:App.tsx
FN:92,App
FN:96,(anonymous_1)
FN:98,(anonymous_2)
FN:110,(anonymous_3)
FN:178,(anonymous_4)
FN:179,(anonymous_5)
FN:186,(anonymous_6)
FN:191,(anonymous_7)
FN:195,(anonymous_8)
FN:201,(anonymous_9)
FN:202,(anonymous_10)
FNF:11
FNH:11
FNDA:8,App
FNDA:4,(anonymous_1)
FNDA:3,(anonymous_2)
FNDA:22,(anonymous_3)
FNDA:33,(anonymous_4)
FNDA:6,(anonymous_5)
FNDA:3,(anonymous_6)
FNDA:4,(anonymous_7)
FNDA:4,(anonymous_8)
FNDA:15,(anonymous_9)
FNDA:1,(anonymous_10)
DA:57,1
DA:60,1
DA:77,1
DA:79,1
DA:90,1
DA:93,8
DA:96,7
DA:98,4
DA:99,3
DA:101,0
DA:104,3
DA:105,3
DA:110,7
DA:111,22
DA:114,7
DA:115,4
DA:119,3
DA:125,3
DA:178,1
DA:179,33
DA:180,6
DA:186,1
DA:188,3
DA:191,1
DA:192,4
DA:194,4
DA:195,4
DA:196,4
DA:201,1
DA:202,15
DA:203,1
DA:211,1
LF:32
LH:31
BRDA:99,0,0,0
BRDA:99,0,1,3
BRDA:114,1,0,4
BRDA:114,1,1,3
BRDA:119,2,0,0
BRDA:119,2,1,3
BRDA:121,3,0,0
BRDA:121,3,1,3
BRDA:180,4,0,4
BRDA:180,4,1,2
BRDA:180,5,0,6
BRDA:180,5,1,6
BRDA:194,6,0,4
BRDA:194,6,1,0
BRF:14
BRH:10
end_of_record
TN:
SF:src/api.ts
FN:23,(anonymous_0)
FN:27,(anonymous_1)
FN:31,(anonymous_2)
FN:75,(anonymous_3)
FN:84,(anonymous_4)
FN:128,(anonymous_5)
FN:138,(anonymous_6)
FN:143,(anonymous_7)
FN:150,(anonymous_8)
FN:155,(anonymous_9)
FN:162,(anonymous_10)
FN:167,(anonymous_11)
FN:174,(anonymous_12)
FN:183,(anonymous_13)
FN:190,(anonymous_14)
FN:200,(anonymous_15)
FN:210,(anonymous_16)
FN:220,(anonymous_17)
FN:231,(anonymous_18)
FN:239,(anonymous_19)
FN:247,(anonymous_20)
FN:252,(anonymous_21)
FN:262,(anonymous_22)
FN:272,(anonymous_23)
FN:284,(anonymous_24)
FN:291,(anonymous_25)
FN:299,(anonymous_26)
FN:307,(anonymous_27)
FN:315,(anonymous_28)
FN:325,(anonymous_29)
FN:335,(anonymous_30)
FN:345,(anonymous_31)
FN:356,(anonymous_32)
FN:367,(anonymous_33)
FN:377,(anonymous_34)
FN:387,(anonymous_35)
FN:398,(anonymous_36)
FN:410,(anonymous_37)
FN:422,(anonymous_38)
FN:433,(anonymous_39)
FN:444,(anonymous_40)
FN:455,(anonymous_41)
FN:467,(anonymous_42)
FN:481,(anonymous_43)
FN:492,(anonymous_44)
FN:503,(anonymous_45)
FN:513,(anonymous_46)
FN:524,(anonymous_47)
FN:536,(anonymous_48)
FN:548,(anonymous_49)
FN:558,(anonymous_50)
FN:568,(anonymous_51)
FN:576,(anonymous_52)
FN:584,(anonymous_53)
FN:594,(anonymous_54)
FN:604,(anonymous_55)
FN:612,(anonymous_56)
FN:620,(anonymous_57)
FN:628,(anonymous_58)
FN:638,(anonymous_59)
FN:644,(anonymous_60)
FN:651,(anonymous_61)
FNF:62
FNH:2
FNDA:1,(anonymous_0)
FNDA:2,(anonymous_1)
FNDA:0,(anonymous_2)
FNDA:0,(anonymous_3)
FNDA:0,(anonymous_4)
FNDA:0,(anonymous_5)
FNDA:0,(anonymous_6)
FNDA:0,(anonymous_7)
FNDA:0,(anonymous_8)
FNDA:0,(anonymous_9)
FNDA:0,(anonymous_10)
FNDA:0,(anonymous_11)
FNDA:0,(anonymous_12)
FNDA:0,(anonymous_13)
FNDA:0,(anonymous_14)
FNDA:0,(anonymous_15)
FNDA:0,(anonymous_16)
FNDA:0,(anonymous_17)
FNDA:0,(anonymous_18)
FNDA:0,(anonymous_19)
FNDA:0,(anonymous_20)
FNDA:0,(anonymous_21)
FNDA:0,(anonymous_22)
FNDA:0,(anonymous_23)
FNDA:0,(anonymous_24)
FNDA:0,(anonymous_25)
FNDA:0,(anonymous_26)
FNDA:0,(anonymous_27)
FNDA:0,(anonymous_28)
FNDA:0,(anonymous_29)
FNDA:0,(anonymous_30)
FNDA:0,(anonymous_31)
FNDA:0,(anonymous_32)
FNDA:0,(anonymous_33)
FNDA:0,(anonymous_34)
FNDA:0,(anonymous_35)
FNDA:0,(anonymous_36)
FNDA:0,(anonymous_37)
FNDA:0,(anonymous_38)
FNDA:0,(anonymous_39)
FNDA:0,(anonymous_40)
FNDA:0,(anonymous_41)
FNDA:0,(anonymous_42)
FNDA:0,(anonymous_43)
FNDA:0,(anonymous_44)
FNDA:0,(anonymous_45)
FNDA:0,(anonymous_46)
FNDA:0,(anonymous_47)
FNDA:0,(anonymous_48)
FNDA:0,(anonymous_49)
FNDA:0,(anonymous_50)
FNDA:0,(anonymous_51)
FNDA:0,(anonymous_52)
FNDA:0,(anonymous_53)
FNDA:0,(anonymous_54)
FNDA:0,(anonymous_55)
FNDA:0,(anonymous_56)
FNDA:0,(anonymous_57)
FNDA:0,(anonymous_58)
FNDA:0,(anonymous_59)
FNDA:0,(anonymous_60)
FNDA:0,(anonymous_61)
DA:21,1
DA:24,1
DA:28,2
DA:32,0
DA:33,0
DA:35,0
DA:36,0
DA:38,0
DA:41,0
DA:42,0
DA:44,0
DA:46,0
DA:47,0
DA:48,0
DA:51,0
DA:56,0
DA:57,0
DA:60,0
DA:62,0
DA:65,0
DA:75,0
DA:77,0
DA:80,0
DA:85,0
DA:86,0
DA:88,0
DA:89,0
DA:91,0
DA:94,0
DA:95,0
DA:97,0
DA:99,0
DA:100,0
DA:101,0
DA:104,0
DA:109,0
DA:110,0
DA:113,0
DA:115,0
DA:118,0
DA:128,0
DA:130,0
DA:133,0
DA:139,0
DA:141,0
DA:143,0
DA:144,0
DA:147,0
DA:151,0
DA:153,0
DA:155,0
DA:156,0
DA:159,0
DA:163,0
DA:165,0
DA:167,0
DA:168,0
DA:171,0
DA:175,0
DA:177,0
DA:183,0
DA:184,0
DA:187,0
DA:191,0
DA:193,0
DA:195,0
DA:201,0
DA:203,0
DA:207,0
DA:211,0
DA:213,0
DA:217,0
DA:221,0
DA:223,0
DA:232,0
DA:234,0
DA:240,0
DA:242,0
DA:248,0
DA:249,0
DA:253,0
DA:255,0
DA:263,0
DA:265,0
DA:273,0
DA:275,0
DA:285,0
DA:286,0
DA:292,0
DA:294,0
DA:300,0
DA:302,0
DA:308,0
DA:310,0
DA:316,0
DA:318,0
DA:326,0
DA:328,0
DA:336,0
DA:338,0
DA:346,0
DA:348,0
DA:357,0
DA:359,0
DA:368,0
DA:370,0
DA:378,0
DA:380,0
DA:388,0
DA:390,0
DA:399,0
DA:401,0
DA:411,0
DA:413,0
DA:423,0
DA:425,0
DA:434,0
DA:436,0
DA:445,0
DA:447,0
DA:456,0
DA:458,0
DA:468,0
DA:470,0
DA:482,0
DA:484,0
DA:493,0
DA:495,0
DA:504,0
DA:506,0
DA:514,0
DA:516,0
DA:525,0
DA:527,0
DA:537,0
DA:539,0
DA:549,0
DA:551,0
DA:559,0
DA:561,0
DA:569,0
DA:571,0
DA:577,0
DA:579,0
DA:585,0
DA:587,0
DA:595,0
DA:597,0
DA:605,0
DA:607,0
DA:613,0
DA:615,0
DA:621,0
DA:623,0
DA:629,0
DA:631,0
DA:639,0
DA:645,0
DA:646,0
DA:648,0
DA:652,0
DA:653,0
DA:655,0
LF:163
LH:3
BRDA:41,0,0,0
BRDA:41,0,1,0
BRDA:41,0,2,0
BRDA:41,0,3,0
BRDA:42,1,0,0
BRDA:42,1,1,0
BRDA:44,2,0,0
BRDA:44,2,1,0
BRDA:46,3,0,0
BRDA:46,3,1,0
BRDA:94,4,0,0
BRDA:94,4,1,0
BRDA:94,4,2,0
BRDA:94,4,3,0
BRDA:95,5,0,0
BRDA:95,5,1,0
BRDA:97,6,0,0
BRDA:97,6,1,0
BRDA:99,7,0,0
BRDA:99,7,1,0
BRDA:242,8,0,0
BRDA:242,8,1,0
BRF:22
BRH:0
end_of_record
TN:
SF:src/boot.ts
FN:5,(anonymous_0)
FN:12,(anonymous_1)
FN:27,(anonymous_2)
FNF:3
FNH:3
FNDA:3,(anonymous_0)
FNDA:3,(anonymous_1)
FNDA:3,(anonymous_2)
DA:6,3
DA:7,3
DA:10,3
DA:12,3
DA:13,3
DA:14,3
DA:19,3
DA:21,0
DA:23,3
DA:27,3
DA:28,3
LF:11
LH:10
BRF:0
BRH:0
end_of_record
TN:
SF:src/config.ts
FNF:0
FNH:0
DA:3,2
DA:6,2
DA:7,2
DA:8,2
DA:9,2
DA:10,2
DA:12,2
DA:13,2
DA:14,2
LF:9
LH:9
BRDA:3,0,0,2
BRDA:3,0,1,0
BRF:2
BRH:1
end_of_record
TN:
SF:src/constants.ts
FNF:0
FNH:0
DA:3,2
DA:4,2
DA:5,2
DA:7,2
DA:9,2
DA:10,2
DA:11,2
DA:12,2
DA:14,2
DA:15,2
DA:16,2
DA:19,2
LF:12
LH:12
BRF:0
BRH:0
end_of_record
TN:
SF:src/globalErrorBoundary.tsx
FN:5,(anonymous_0)
FN:9,(anonymous_1)
FNF:2
FNH:0
FNDA:0,(anonymous_0)
FNDA:0,(anonymous_1)
DA:6,0
DA:10,0
LF:2
LH:0
BRF:0
BRH:0
end_of_record
TN:
SF:src/types.ts
FNF:0
FNH:0
DA:41,2
DA:78,2
DA:184,2
DA:248,2
LF:4
LH:4
BRF:0
BRH:0
end_of_record
TN:
SF:src/components/calendarPicker.tsx
FN:12,(anonymous_0)
FN:17,(anonymous_1)
FNF:2
FNH:0
FNDA:0,(anonymous_0)
FNDA:0,(anonymous_1)
DA:12,2
DA:17,0
DA:18,0
DA:21,0
DA:23,0
DA:63,2
LF:6
LH:2
BRF:0
BRH:0
end_of_record
TN:
SF:src/components/listHeader.tsx
FN:25,(anonymous_0)
FN:28,(anonymous_1)
FN:32,(anonymous_2)
FN:35,(anonymous_3)
FN:35,(anonymous_4)
FN:51,(anonymous_5)
FN:54,(anonymous_6)
FN:58,(anonymous_7)
FNF:8
FNH:4
FNDA:2,(anonymous_0)
FNDA:0,(anonymous_1)
FNDA:2,(anonymous_2)
FNDA:4,(anonymous_3)
FNDA:4,(anonymous_4)
FNDA:0,(anonymous_5)
FNDA:0,(anonymous_6)
FNDA:0,(anonymous_7)
DA:25,2
DA:26,2
DA:28,2
DA:29,0
DA:32,2
DA:33,2
DA:35,4
DA:37,2
DA:51,2
DA:52,0
DA:55,0
DA:56,0
DA:58,0
DA:59,0
DA:62,0
DA:72,2
DA:85,2
LF:17
LH:10
BRDA:33,0,0,0
BRDA:33,0,1,2
BRDA:35,1,0,2
BRDA:35,1,1,0
BRDA:39,2,0,0
BRDA:39,2,1,2
BRDA:40,3,0,0
BRDA:40,3,1,2
BRDA:45,4,0,0
BRDA:45,4,1,2
BRDA:62,5,0,0
BRDA:62,5,1,0
BRDA:73,6,0,2
BRDA:73,6,1,0
BRDA:75,7,0,0
BRDA:75,7,1,2
BRF:16
BRH:7
end_of_record
TN:
SF:src/components/loader.tsx
FN:6,(anonymous_0)
FNF:1
FNH:1
FNDA:2,(anonymous_0)
DA:6,2
LF:1
LH:1
BRF:0
BRH:0
end_of_record
TN:
SF:src/components/patchButton.tsx
FN:25,(anonymous_0)
FNF:1
FNH:1
FNDA:15,(anonymous_0)
DA:25,2
DA:33,15
DA:38,15
DA:40,15
DA:41,15
DA:42,15
DA:44,0
DA:45,0
DA:46,0
DA:48,0
DA:49,0
DA:50,0
DA:53,15
DA:76,2
LF:14
LH:8
BRDA:38,0,0,15
BRDA:38,0,1,0
BRDA:38,0,2,0
BRDA:60,1,0,0
BRDA:60,1,1,15
BRDA:62,2,0,15
BRDA:62,2,1,0
BRDA:62,3,0,15
BRDA:62,3,1,0
BRDA:65,4,0,15
BRDA:65,4,1,0
BRDA:68,5,0,15
BRDA:68,5,1,0
BRDA:68,6,0,15
BRDA:68,6,1,6
BRF:15
BRH:8
end_of_record
TN:
SF:src/components/positionCard.tsx
FN:22,(anonymous_0)
FN:30,(anonymous_1)
FN:37,(anonymous_2)
FN:38,(anonymous_3)
FN:70,(anonymous_4)
FNF:5
FNH:0
FNDA:0,(anonymous_0)
FNDA:0,(anonymous_1)
FNDA:0,(anonymous_2)
FNDA:0,(anonymous_3)
FNDA:0,(anonymous_4)
DA:22,2
DA:28,0
DA:30,0
DA:31,0
DA:33,0
DA:34,0
DA:37,0
DA:38,0
DA:40,0
DA:44,0
DA:46,0
DA:47,0
DA:49,0
DA:50,0
DA:51,0
DA:54,0
DA:55,0
DA:57,0
DA:62,0
DA:64,0
DA:71,0
LF:21
LH:1
BRDA:33,0,0,0
BRDA:33,0,1,0
BRDA:40,1,0,0
BRDA:40,1,1,0
BRDA:49,2,0,0
BRDA:49,2,1,0
BRDA:49,3,0,0
BRDA:49,3,1,0
BRDA:49,3,2,0
BRDA:54,4,0,0
BRDA:54,4,1,0
BRDA:62,5,0,0
BRDA:62,5,1,0
BRDA:75,6,0,0
BRDA:75,6,1,0
BRDA:79,7,0,0
BRDA:79,7,1,0
BRDA:79,8,0,0
BRDA:79,8,1,0
BRF:19
BRH:0
end_of_record
TN:
SF:src/components/positionDetailsCard.tsx
FN:28,(anonymous_0)
FN:37,(anonymous_1)
FN:68,(anonymous_2)
FN:77,(anonymous_3)
FN:78,(anonymous_4)
FN:81,(anonymous_5)
FN:87,(anonymous_6)
FN:88,(anonymous_7)
FN:96,(anonymous_8)
FN:98,(anonymous_9)
FN:103,(anonymous_10)
FN:111,(anonymous_11)
FN:119,(anonymous_12)
FN:157,(anonymous_13)
FN:165,(anonymous_14)
FN:172,(anonymous_15)
FN:176,(anonymous_16)
FN:207,(anonymous_17)
FN:215,(anonymous_18)
FN:235,(anonymous_19)
FNF:20
FNH:0
FNDA:0,(anonymous_0)
FNDA:0,(anonymous_1)
FNDA:0,(anonymous_2)
FNDA:0,(anonymous_3)
FNDA:0,(anonymous_4)
FNDA:0,(anonymous_5)
FNDA:0,(anonymous_6)
FNDA:0,(anonymous_7)
FNDA:0,(anonymous_8)
FNDA:0,(anonymous_9)
FNDA:0,(anonymous_10)
FNDA:0,(anonymous_11)
FNDA:0,(anonymous_12)
FNDA:0,(anonymous_13)
FNDA:0,(anonymous_14)
FNDA:0,(anonymous_15)
FNDA:0,(anonymous_16)
FNDA:0,(anonymous_17)
FNDA:0,(anonymous_18)
FNDA:0,(anonymous_19)
DA:28,1
DA:33,0
DA:34,0
DA:36,0
DA:37,0
DA:38,0
DA:39,0
DA:42,0
DA:51,0
DA:68,0
DA:69,0
DA:71,0
DA:72,0
DA:75,0
DA:77,0
DA:78,0
DA:81,0
DA:82,0
DA:87,0
DA:88,0
DA:90,0
DA:96,0
DA:98,0
DA:99,0
DA:100,0
DA:103,0
DA:104,0
DA:105,0
DA:107,0
DA:111,0
DA:112,0
DA:113,0
DA:115,0
DA:119,0
DA:120,0
DA:121,0
DA:123,0
DA:127,0
DA:128,0
DA:136,0
DA:137,0
DA:143,0
DA:144,0
DA:151,0
DA:155,0
DA:157,0
DA:158,0
DA:159,0
DA:161,0
DA:165,0
DA:166,0
DA:176,0
DA:183,0
DA:184,0
DA:185,0
DA:186,0
DA:188,0
DA:208,0
DA:216,0
DA:217,0
DA:224,0
DA:235,0
DA:254,1
LF:63
LH:2
BRDA:39,0,0,0
BRDA:39,0,1,0
BRDA:42,1,0,0
BRDA:42,1,1,0
BRDA:43,2,0,0
BRDA:43,2,1,0
BRDA:46,3,0,0
BRDA:46,3,1,0
BRDA:51,4,0,0
BRDA:51,4,1,0
BRDA:53,5,0,0
BRDA:53,5,1,0
BRDA:55,6,0,0
BRDA:55,6,1,0
BRDA:71,7,0,0
BRDA:71,7,1,0
BRDA:71,8,0,0
BRDA:71,8,1,0
BRDA:88,9,0,0
BRDA:88,9,1,0
BRDA:88,10,0,0
BRDA:88,10,1,0
BRDA:88,11,0,0
BRDA:88,11,1,0
BRDA:88,12,0,0
BRDA:88,12,1,0
BRDA:99,13,0,0
BRDA:99,13,1,0
BRDA:127,14,0,0
BRDA:127,14,1,0
BRDA:136,15,0,0
BRDA:136,15,1,0
BRDA:143,16,0,0
BRDA:143,16,1,0
BRDA:204,17,0,0
BRDA:204,17,1,0
BRDA:217,18,0,0
BRDA:217,18,1,0
BRDA:219,19,0,0
BRDA:219,19,1,0
BRDA:222,20,0,0
BRDA:222,20,1,0
BRDA:229,21,0,0
BRDA:229,21,1,0
BRF:44
BRH:0
end_of_record
TN:
SF:src/components/responderRow.tsx
FN:19,(anonymous_0)
FN:21,(anonymous_1)
FN:22,(anonymous_2)
FN:37,(anonymous_3)
FNF:4
FNH:0
FNDA:0,(anonymous_0)
FNDA:0,(anonymous_1)
FNDA:0,(anonymous_2)
FNDA:0,(anonymous_3)
DA:19,2
DA:20,0
DA:21,0
DA:22,0
DA:24,0
DA:38,0
DA:40,0
DA:57,2
LF:8
LH:2
BRDA:20,0,0,0
BRDA:20,0,1,0
BRDA:40,1,0,0
BRDA:40,1,1,0
BRF:4
BRH:0
end_of_record
TN:
SF:src/components/skillTag.tsx
FN:13,SkillTag
FNF:1
FNH:0
FNDA:0,SkillTag
DA:14,0
DA:15,0
DA:16,0
DA:18,0
DA:20,0
DA:44,0
LF:6
LH:0
BRDA:24,0,0,0
BRDA:24,0,1,0
BRDA:25,1,0,0
BRDA:25,1,1,0
BRDA:29,2,0,0
BRDA:29,2,1,0
BRDA:35,3,0,0
BRDA:35,3,1,0
BRDA:36,4,0,0
BRDA:36,4,1,0
BRF:10
BRH:0
end_of_record
TN:
SF:src/components/statusSelector.tsx
FN:12,(anonymous_0)
FN:33,(anonymous_1)
FN:70,(anonymous_2)
FN:105,(anonymous_3)
FN:116,(anonymous_4)
FN:124,(anonymous_5)
FN:124,(anonymous_6)
FN:156,(anonymous_7)
FN:161,(anonymous_8)
FN:163,(anonymous_9)
FN:167,(anonymous_10)
FN:171,(anonymous_11)
FN:175,(anonymous_12)
FN:201,(anonymous_13)
FN:209,(anonymous_14)
FN:227,(anonymous_15)
FN:232,(anonymous_16)
FNF:17
FNH:11
FNDA:1,(anonymous_0)
FNDA:0,(anonymous_1)
FNDA:4,(anonymous_2)
FNDA:1,(anonymous_3)
FNDA:0,(anonymous_4)
FNDA:4,(anonymous_5)
FNDA:0,(anonymous_6)
FNDA:4,(anonymous_7)
FNDA:0,(anonymous_8)
FNDA:1,(anonymous_9)
FNDA:0,(anonymous_10)
FNDA:3,(anonymous_11)
FNDA:3,(anonymous_12)
FNDA:4,(anonymous_13)
FNDA:3,(anonymous_14)
FNDA:4,(anonymous_15)
FNDA:0,(anonymous_16)
DA:11,1
DA:13,1
DA:34,0
DA:70,1
DA:78,4
DA:80,4
DA:105,1
DA:114,1
DA:116,1
DA:118,1
DA:120,1
DA:122,1
DA:124,4
DA:125,0
DA:126,0
DA:130,0
DA:131,0
DA:133,0
DA:134,0
DA:138,0
DA:141,1
DA:145,1
DA:153,1
DA:157,4
DA:159,4
DA:161,0
DA:163,4
DA:164,1
DA:167,4
DA:168,0
DA:171,4
DA:172,3
DA:175,4
DA:176,3
DA:201,4
DA:202,4
DA:209,4
DA:210,3
DA:216,4
DA:228,4
DA:230,4
DA:232,0
DA:236,4
DA:237,4
DA:239,4
DA:245,4
DA:247,4
DA:253,4
DA:265,1
LF:49
LH:38
BRDA:16,0,0,0
BRDA:16,0,1,1
BRDA:17,1,0,0
BRDA:17,1,1,1
BRDA:18,2,0,1
BRDA:18,2,1,0
BRDA:19,3,0,1
BRDA:19,3,1,0
BRDA:23,4,0,1
BRDA:23,4,1,0
BRDA:24,5,0,0
BRDA:24,5,1,1
BRDA:26,6,0,1
BRDA:26,6,1,0
BRDA:37,7,0,0
BRDA:37,7,1,0
BRDA:38,8,0,0
BRDA:38,8,1,0
BRDA:39,9,0,0
BRDA:39,9,1,0
BRDA:40,10,0,0
BRDA:40,10,1,0
BRDA:44,11,0,0
BRDA:44,11,1,0
BRDA:45,12,0,0
BRDA:45,12,1,0
BRDA:47,13,0,0
BRDA:47,13,1,0
BRDA:80,14,0,3
BRDA:80,14,1,1
BRDA:84,15,0,3
BRDA:84,15,1,0
BRDA:84,16,0,0
BRDA:84,16,1,3
BRDA:86,17,0,0
BRDA:86,17,1,3
BRDA:87,18,0,0
BRDA:87,18,1,0
BRDA:91,19,0,3
BRDA:91,19,1,0
BRDA:125,20,0,0
BRDA:125,20,1,0
BRDA:126,21,0,0
BRDA:126,21,1,0
BRDA:126,21,2,0
BRDA:126,21,3,0
BRDA:148,22,0,0
BRDA:148,22,1,1
BRDA:149,23,0,0
BRDA:149,23,1,1
BRDA:159,24,0,4
BRDA:159,24,1,0
BRDA:168,25,0,0
BRDA:168,25,1,0
BRDA:168,26,0,0
BRDA:168,26,1,0
BRDA:177,27,0,0
BRDA:177,27,1,3
BRDA:177,28,0,3
BRDA:177,28,1,0
BRDA:179,29,0,3
BRDA:179,29,1,0
BRDA:185,30,0,3
BRDA:185,30,1,0
BRDA:188,31,0,3
BRDA:188,31,1,0
BRDA:191,32,0,0
BRDA:191,32,1,3
BRDA:202,33,0,1
BRDA:202,33,1,3
BRDA:204,34,0,0
BRDA:204,34,1,3
BRDA:210,35,0,0
BRDA:210,35,1,3
BRDA:216,36,0,3
BRDA:216,36,1,1
BRDA:225,37,0,1
BRDA:225,37,1,0
BRDA:230,38,0,4
BRDA:230,38,1,0
BRDA:239,39,0,2
BRDA:239,39,1,2
BRDA:239,40,0,4
BRDA:239,40,1,3
BRDA:247,41,0,1
BRDA:247,41,1,3
BRDA:249,42,0,1
BRDA:249,42,1,2
BRDA:254,43,0,0
BRDA:254,43,1,4
BRDA:254,44,0,1
BRDA:254,44,1,3
BRF:92
BRH:41
end_of_record
TN:
SF:src/components/tabbedScreen.tsx
FN:43,(anonymous_0)
FN:50,(anonymous_1)
FN:55,(anonymous_2)
FN:56,(anonymous_3)
FN:64,(anonymous_4)
FNF:5
FNH:4
FNDA:1,(anonymous_0)
FNDA:1,(anonymous_1)
FNDA:1,(anonymous_2)
FNDA:2,(anonymous_3)
FNDA:0,(anonymous_4)
DA:43,1
DA:49,1
DA:50,1
DA:53,1
DA:55,1
DA:56,1
DA:57,2
DA:63,2
DA:64,0
DA:79,1
DA:81,1
DA:113,1
LF:12
LH:11
BRDA:49,0,0,1
BRDA:49,0,1,0
BRDA:50,1,0,1
BRDA:50,1,1,0
BRDA:51,2,0,0
BRDA:51,2,1,0
BRDA:57,3,0,2
BRDA:57,3,1,0
BRDA:59,4,0,0
BRDA:59,4,1,0
BRDA:66,5,0,1
BRDA:66,5,1,1
BRDA:67,6,0,1
BRDA:67,6,1,1
BRDA:68,7,0,1
BRDA:68,7,1,1
BRDA:72,8,0,1
BRDA:72,8,1,1
BRDA:84,9,0,0
BRDA:84,9,1,1
BRDA:102,10,0,1
BRDA:102,10,1,0
BRF:22
BRH:13
end_of_record
TN:
SF:src/components/tags.tsx
FN:20,Tags
FN:22,(anonymous_1)
FN:22,(anonymous_2)
FN:29,(anonymous_3)
FNF:4
FNH:0
FNDA:0,Tags
FNDA:0,(anonymous_1)
FNDA:0,(anonymous_2)
FNDA:0,(anonymous_3)
DA:22,0
DA:23,0
DA:26,0
DA:30,0
DA:83,2
LF:5
LH:1
BRDA:27,0,0,0
BRDA:27,0,1,0
BRDA:34,1,0,0
BRDA:34,1,1,0
BRDA:35,2,0,0
BRDA:35,2,1,0
BRDA:38,3,0,0
BRDA:38,3,1,0
BRDA:44,4,0,0
BRDA:44,4,1,0
BRDA:52,5,0,0
BRDA:52,5,1,0
BRDA:53,6,0,0
BRDA:53,6,1,0
BRDA:56,7,0,0
BRDA:56,7,1,0
BRDA:63,8,0,0
BRDA:63,8,1,0
BRDA:69,9,0,0
BRDA:69,9,1,0
BRF:20
BRH:0
end_of_record
TN:
SF:src/components/userIcon.tsx
FN:16,(anonymous_0)
FNF:1
FNH:0
FNDA:0,(anonymous_0)
DA:16,2
DA:23,0
DA:24,0
DA:25,0
DA:28,0
DA:37,0
DA:40,0
DA:41,0
DA:45,0
DA:50,0
DA:67,2
LF:11
LH:2
BRDA:23,0,0,0
BRDA:23,0,1,0
BRDA:24,1,0,0
BRDA:24,1,1,0
BRDA:24,2,0,0
BRDA:24,2,1,0
BRDA:32,3,0,0
BRDA:32,3,1,0
BRDA:40,4,0,0
BRDA:40,4,1,0
BRDA:41,5,0,0
BRDA:41,5,1,0
BRDA:45,6,0,0
BRDA:45,6,1,0
BRDA:47,7,0,0
BRDA:47,7,1,0
BRDA:55,8,0,0
BRDA:55,8,1,0
BRDA:61,9,0,0
BRDA:61,9,1,0
BRF:20
BRH:0
end_of_record
TN:
SF:src/components/validatableTextInput.tsx
FN:22,(anonymous_0)
FN:38,(anonymous_1)
FN:48,(anonymous_2)
FN:49,(anonymous_3)
FNF:4
FNH:0
FNDA:0,(anonymous_0)
FNDA:0,(anonymous_1)
FNDA:0,(anonymous_2)
FNDA:0,(anonymous_3)
DA:22,1
DA:24,0
DA:26,0
DA:28,0
DA:39,0
DA:40,0
DA:48,0
DA:49,0
DA:59,1
LF:9
LH:2
BRDA:26,0,0,0
BRDA:26,0,1,0
BRDA:33,1,0,0
BRDA:33,1,1,0
BRDA:36,2,0,0
BRDA:36,2,1,0
BRDA:44,3,0,0
BRDA:44,3,1,0
BRDA:51,4,0,0
BRDA:51,4,1,0
BRF:10
BRH:0
end_of_record
TN:
SF:src/components/wheelPicker.tsx
FN:18,(anonymous_0)
FN:35,(anonymous_1)
FN:36,(anonymous_2)
FNF:3
FNH:0
FNDA:0,(anonymous_0)
FNDA:0,(anonymous_1)
FNDA:0,(anonymous_2)
DA:18,2
DA:24,0
DA:35,2
DA:36,0
DA:37,0
LF:5
LH:2
BRF:0
BRH:0
end_of_record
TN:
SF:src/components/alerts/alerts.tsx
FN:10,(anonymous_0)
FN:13,(anonymous_1)
FN:18,(anonymous_2)
FN:39,(anonymous_3)
FN:40,(anonymous_4)
FN:61,(anonymous_5)
FN:78,(anonymous_6)
FNF:7
FNH:3
FNDA:4,(anonymous_0)
FNDA:0,(anonymous_1)
FNDA:1,(anonymous_2)
FNDA:0,(anonymous_3)
FNDA:0,(anonymous_4)
FNDA:1,(anonymous_5)
FNDA:0,(anonymous_6)
DA:10,1
DA:11,4
DA:13,4
DA:14,0
DA:15,0
DA:18,4
DA:19,1
DA:20,1
DA:22,1
DA:24,1
DA:28,1
DA:40,0
DA:41,0
DA:42,0
DA:45,0
DA:61,4
DA:63,1
DA:64,1
DA:65,1
DA:67,1
DA:78,0
DA:85,4
DA:86,3
DA:91,1
DA:92,0
DA:95,1
DA:103,1
DA:105,1
LF:28
LH:20
BRDA:11,0,0,4
BRDA:11,0,1,4
BRDA:28,1,0,0
BRDA:28,1,1,1
BRDA:48,2,0,0
BRDA:48,2,1,0
BRDA:67,3,0,1
BRDA:67,3,1,0
BRDA:72,4,0,1
BRDA:72,4,1,0
BRDA:85,5,0,3
BRDA:85,5,1,1
BRDA:91,6,0,0
BRDA:91,6,1,1
BRDA:91,7,0,1
BRDA:91,7,1,0
BRDA:91,7,2,1
BRF:17
BRH:10
end_of_record
TN:
SF:src/components/bottomDrawer/globalBottomDrawer.tsx
FN:21,(anonymous_0)
FN:53,(anonymous_1)
FN:54,(anonymous_2)
FN:75,(anonymous_3)
FNF:4
FNH:2
FNDA:4,(anonymous_0)
FNDA:0,(anonymous_1)
FNDA:0,(anonymous_2)
FNDA:11,(anonymous_3)
DA:14,1
DA:22,4
DA:24,4
DA:26,4
DA:54,0
DA:55,0
DA:56,0
DA:57,0
DA:61,0
DA:78,11
DA:79,4
DA:82,7
DA:99,1
LF:13
LH:8
BRDA:34,0,0,4
BRDA:34,0,1,0
BRDA:35,1,0,0
BRDA:35,1,1,4
BRDA:37,2,0,3
BRDA:37,2,1,1
BRDA:42,3,0,1
BRDA:42,3,1,3
BRDA:55,4,0,0
BRDA:55,4,1,0
BRDA:55,5,0,0
BRDA:55,5,1,0
BRDA:78,6,0,4
BRDA:78,6,1,7
BRDA:78,7,0,11
BRDA:78,7,1,8
BRDA:85,8,0,3
BRDA:85,8,1,4
BRDA:85,9,0,7
BRDA:85,9,1,4
BRDA:90,10,0,0
BRDA:90,10,1,7
BRF:22
BRH:15
end_of_record
TN:
SF:src/components/bottomDrawer/views/addUser.tsx
FN:21,(anonymous_0)
FN:22,(anonymous_1)
FN:27,(anonymous_2)
FN:35,(anonymous_3)
FN:40,(anonymous_4)
FN:58,(anonymous_5)
FN:78,(anonymous_6)
FN:85,(anonymous_7)
FN:86,(anonymous_8)
FN:89,(anonymous_9)
FN:94,(anonymous_10)
FN:102,(anonymous_11)
FN:103,(anonymous_12)
FN:106,(anonymous_13)
FN:111,(anonymous_14)
FN:119,(anonymous_15)
FN:120,(anonymous_16)
FN:123,(anonymous_17)
FN:126,(anonymous_18)
FN:126,(anonymous_19)
FN:145,(anonymous_20)
FNF:21
FNH:0
FNDA:0,(anonymous_0)
FNDA:0,(anonymous_1)
FNDA:0,(anonymous_2)
FNDA:0,(anonymous_3)
FNDA:0,(anonymous_4)
FNDA:0,(anonymous_5)
FNDA:0,(anonymous_6)
FNDA:0,(anonymous_7)
FNDA:0,(anonymous_8)
FNDA:0,(anonymous_9)
FNDA:0,(anonymous_10)
FNDA:0,(anonymous_11)
FNDA:0,(anonymous_12)
FNDA:0,(anonymous_13)
FNDA:0,(anonymous_14)
FNDA:0,(anonymous_15)
FNDA:0,(anonymous_16)
FNDA:0,(anonymous_17)
FNDA:0,(anonymous_18)
FNDA:0,(anonymous_19)
FNDA:0,(anonymous_20)
DA:19,0
DA:21,0
DA:22,0
DA:23,0
DA:27,0
DA:32,0
DA:36,0
DA:43,0
DA:44,0
DA:45,0
DA:46,0
DA:48,0
DA:49,0
DA:51,0
DA:54,0
DA:55,0
DA:59,0
DA:65,0
DA:78,0
DA:79,0
DA:85,0
DA:87,0
DA:90,0
DA:94,0
DA:102,0
DA:104,0
DA:107,0
DA:111,0
DA:119,0
DA:121,0
DA:123,0
DA:126,0
DA:127,0
DA:146,0
DA:152,2
LF:35
LH:1
BRF:0
BRH:0
end_of_record
TN:
SF:src/components/bottomDrawer/views/assignResponders.tsx
FN:27,(anonymous_0)
FN:32,(anonymous_1)
FN:36,(anonymous_2)
FN:41,(anonymous_3)
FN:58,(anonymous_4)
FN:63,(anonymous_5)
FN:73,(anonymous_6)
FN:77,(anonymous_7)
FN:81,(anonymous_8)
FN:118,(anonymous_9)
FN:144,(anonymous_10)
FN:149,(anonymous_11)
FN:153,(anonymous_12)
FN:182,(anonymous_13)
FNF:14
FNH:0
FNDA:0,(anonymous_0)
FNDA:0,(anonymous_1)
FNDA:0,(anonymous_2)
FNDA:0,(anonymous_3)
FNDA:0,(anonymous_4)
FNDA:0,(anonymous_5)
FNDA:0,(anonymous_6)
FNDA:0,(anonymous_7)
FNDA:0,(anonymous_8)
FNDA:0,(anonymous_9)
FNDA:0,(anonymous_10)
FNDA:0,(anonymous_11)
FNDA:0,(anonymous_12)
FNDA:0,(anonymous_13)
DA:18,2
DA:23,0
DA:27,0
DA:28,0
DA:32,0
DA:33,0
DA:37,0
DA:42,0
DA:44,0
DA:45,0
DA:46,0
DA:48,0
DA:49,0
DA:51,0
DA:54,0
DA:56,0
DA:59,0
DA:61,0
DA:64,0
DA:70,0
DA:73,0
DA:74,0
DA:77,0
DA:78,0
DA:81,0
DA:83,0
DA:115,0
DA:118,0
DA:119,0
DA:120,0
DA:144,0
DA:146,0
DA:150,0
DA:151,0
DA:153,0
DA:155,0
DA:183,0
DA:194,2
LF:38
LH:2
BRDA:28,0,0,0
BRDA:28,0,1,0
BRDA:119,1,0,0
BRDA:119,1,1,0
BRDA:121,2,0,0
BRDA:121,2,1,0
BRDA:127,3,0,0
BRDA:127,3,1,0
BRDA:128,4,0,0
BRDA:128,4,1,0
BRDA:165,5,0,0
BRDA:165,5,1,0
BRDA:169,6,0,0
BRDA:169,6,1,0
BRF:14
BRH:0
end_of_record
TN:
SF:src/components/bottomDrawer/views/createRequest.tsx
FN:29,(anonymous_0)
FN:30,(anonymous_1)
FN:35,(anonymous_2)
FN:39,(anonymous_3)
FN:40,(anonymous_4)
FN:45,(anonymous_5)
FN:54,(anonymous_6)
FN:59,(anonymous_7)
FN:77,(anonymous_8)
FN:104,(anonymous_9)
FN:114,(anonymous_10)
FN:115,(anonymous_11)
FN:118,(anonymous_12)
FN:124,(anonymous_13)
FN:125,(anonymous_14)
FN:126,(anonymous_15)
FN:133,(anonymous_16)
FN:134,(anonymous_17)
FN:135,(anonymous_18)
FN:136,(anonymous_19)
FN:139,(anonymous_20)
FN:146,(anonymous_21)
FN:153,(anonymous_22)
FN:154,(anonymous_23)
FN:157,(anonymous_24)
FN:162,(anonymous_25)
FN:163,(anonymous_26)
FN:164,(anonymous_27)
FN:172,(anonymous_28)
FN:173,(anonymous_29)
FN:176,(anonymous_30)
FN:181,(anonymous_31)
FN:187,(anonymous_32)
FN:187,(anonymous_33)
FN:194,(anonymous_34)
FN:195,(anonymous_35)
FN:198,(anonymous_36)
FN:203,(anonymous_37)
FN:208,(anonymous_38)
FN:208,(anonymous_39)
FN:214,(anonymous_40)
FN:215,(anonymous_41)
FN:218,(anonymous_42)
FN:223,(anonymous_43)
FN:230,(anonymous_44)
FN:231,(anonymous_45)
FN:234,(anonymous_46)
FN:239,(anonymous_47)
FN:246,(anonymous_48)
FN:249,(anonymous_49)
FN:252,(anonymous_50)
FN:253,(anonymous_51)
FN:254,(anonymous_52)
FN:265,(anonymous_53)
FN:266,(anonymous_54)
FN:271,(anonymous_55)
FN:276,(anonymous_56)
FN:277,(anonymous_57)
FN:278,(anonymous_58)
FN:287,(anonymous_59)
FN:292,(anonymous_60)
FN:295,(anonymous_61)
FN:298,(anonymous_62)
FN:325,(anonymous_63)
FNF:64
FNH:33
FNDA:2,(anonymous_0)
FNDA:2,(anonymous_1)
FNDA:4,(anonymous_2)
FNDA:4,(anonymous_3)
FNDA:4,(anonymous_4)
FNDA:2,(anonymous_5)
FNDA:0,(anonymous_6)
FNDA:1,(anonymous_7)
FNDA:7,(anonymous_8)
FNDA:2,(anonymous_9)
FNDA:1,(anonymous_10)
FNDA:4,(anonymous_11)
FNDA:4,(anonymous_12)
FNDA:4,(anonymous_13)
FNDA:4,(anonymous_14)
FNDA:6,(anonymous_15)
FNDA:0,(anonymous_16)
FNDA:3,(anonymous_17)
FNDA:0,(anonymous_18)
FNDA:6,(anonymous_19)
FNDA:0,(anonymous_20)
FNDA:0,(anonymous_21)
FNDA:0,(anonymous_22)
FNDA:0,(anonymous_23)
FNDA:0,(anonymous_24)
FNDA:2,(anonymous_25)
FNDA:0,(anonymous_26)
FNDA:2,(anonymous_27)
FNDA:0,(anonymous_28)
FNDA:4,(anonymous_29)
FNDA:0,(anonymous_30)
FNDA:4,(anonymous_31)
FNDA:0,(anonymous_32)
FNDA:0,(anonymous_33)
FNDA:0,(anonymous_34)
FNDA:2,(anonymous_35)
FNDA:0,(anonymous_36)
FNDA:2,(anonymous_37)
FNDA:0,(anonymous_38)
FNDA:0,(anonymous_39)
FNDA:0,(anonymous_40)
FNDA:2,(anonymous_41)
FNDA:0,(anonymous_42)
FNDA:2,(anonymous_43)
FNDA:0,(anonymous_44)
FNDA:2,(anonymous_45)
FNDA:0,(anonymous_46)
FNDA:2,(anonymous_47)
FNDA:0,(anonymous_48)
FNDA:6,(anonymous_49)
FNDA:0,(anonymous_50)
FNDA:0,(anonymous_51)
FNDA:3,(anonymous_52)
FNDA:0,(anonymous_53)
FNDA:0,(anonymous_54)
FNDA:0,(anonymous_55)
FNDA:2,(anonymous_56)
FNDA:0,(anonymous_57)
FNDA:2,(anonymous_58)
FNDA:0,(anonymous_59)
FNDA:0,(anonymous_60)
FNDA:6,(anonymous_61)
FNDA:0,(anonymous_62)
FNDA:2,(anonymous_63)
DA:25,2
DA:27,2
DA:30,2
DA:31,2
DA:35,2
DA:36,4
DA:39,2
DA:40,4
DA:41,4
DA:45,2
DA:51,2
DA:55,0
DA:62,1
DA:63,1
DA:64,1
DA:66,0
DA:67,0
DA:69,1
DA:72,1
DA:73,1
DA:74,1
DA:78,7
DA:86,2
DA:104,2
DA:106,2
DA:114,1
DA:116,4
DA:119,4
DA:124,4
DA:125,4
DA:126,6
DA:133,0
DA:134,3
DA:135,0
DA:137,6
DA:140,0
DA:146,0
DA:153,0
DA:155,0
DA:158,0
DA:162,2
DA:163,0
DA:164,2
DA:172,0
DA:174,4
DA:177,0
DA:181,4
DA:187,0
DA:194,0
DA:196,2
DA:199,0
DA:203,2
DA:208,0
DA:214,0
DA:216,2
DA:219,0
DA:223,2
DA:230,0
DA:232,2
DA:235,0
DA:239,2
DA:247,0
DA:250,6
DA:252,0
DA:253,0
DA:254,3
DA:265,0
DA:267,0
DA:272,0
DA:276,2
DA:277,0
DA:278,2
DA:287,0
DA:293,0
DA:296,6
DA:299,0
DA:326,2
LF:77
LH:46
BRDA:267,0,0,0
BRDA:267,0,1,0
BRDA:280,1,0,0
BRDA:280,1,1,2
BRDA:282,2,0,0
BRDA:282,2,1,2
BRF:6
BRH:2
end_of_record
TN:
SF:src/components/bottomDrawer/views/editRequest.tsx
FN:26,(anonymous_0)
FN:30,(anonymous_1)
FN:34,(anonymous_2)
FN:35,(anonymous_3)
FN:40,(anonymous_4)
FN:48,(anonymous_5)
FN:53,(anonymous_6)
FN:69,(anonymous_7)
FN:89,(anonymous_8)
FN:98,(anonymous_9)
FN:99,(anonymous_10)
FN:102,(anonymous_11)
FN:108,(anonymous_12)
FN:109,(anonymous_13)
FN:110,(anonymous_14)
FN:117,(anonymous_15)
FN:118,(anonymous_16)
FN:119,(anonymous_17)
FN:120,(anonymous_18)
FN:123,(anonymous_19)
FN:130,(anonymous_20)
FN:137,(anonymous_21)
FN:138,(anonymous_22)
FN:141,(anonymous_23)
FN:146,(anonymous_24)
FN:147,(anonymous_25)
FN:148,(anonymous_26)
FN:156,(anonymous_27)
FN:157,(anonymous_28)
FN:160,(anonymous_29)
FN:165,(anonymous_30)
FN:171,(anonymous_31)
FN:171,(anonymous_32)
FN:178,(anonymous_33)
FN:179,(anonymous_34)
FN:182,(anonymous_35)
FN:187,(anonymous_36)
FN:192,(anonymous_37)
FN:192,(anonymous_38)
FN:198,(anonymous_39)
FN:199,(anonymous_40)
FN:202,(anonymous_41)
FN:207,(anonymous_42)
FN:213,(anonymous_43)
FN:214,(anonymous_44)
FN:217,(anonymous_45)
FN:222,(anonymous_46)
FN:228,(anonymous_47)
FN:231,(anonymous_48)
FN:234,(anonymous_49)
FN:235,(anonymous_50)
FN:236,(anonymous_51)
FN:247,(anonymous_52)
FN:248,(anonymous_53)
FN:253,(anonymous_54)
FN:263,(anonymous_55)
FN:264,(anonymous_56)
FN:265,(anonymous_57)
FN:269,(anonymous_58)
FN:274,(anonymous_59)
FN:277,(anonymous_60)
FN:280,(anonymous_61)
FN:307,(anonymous_62)
FNF:63
FNH:0
FNDA:0,(anonymous_0)
FNDA:0,(anonymous_1)
FNDA:0,(anonymous_2)
FNDA:0,(anonymous_3)
FNDA:0,(anonymous_4)
FNDA:0,(anonymous_5)
FNDA:0,(anonymous_6)
FNDA:0,(anonymous_7)
FNDA:0,(anonymous_8)
FNDA:0,(anonymous_9)
FNDA:0,(anonymous_10)
FNDA:0,(anonymous_11)
FNDA:0,(anonymous_12)
FNDA:0,(anonymous_13)
FNDA:0,(anonymous_14)
FNDA:0,(anonymous_15)
FNDA:0,(anonymous_16)
FNDA:0,(anonymous_17)
FNDA:0,(anonymous_18)
FNDA:0,(anonymous_19)
FNDA:0,(anonymous_20)
FNDA:0,(anonymous_21)
FNDA:0,(anonymous_22)
FNDA:0,(anonymous_23)
FNDA:0,(anonymous_24)
FNDA:0,(anonymous_25)
FNDA:0,(anonymous_26)
FNDA:0,(anonymous_27)
FNDA:0,(anonymous_28)
FNDA:0,(anonymous_29)
FNDA:0,(anonymous_30)
FNDA:0,(anonymous_31)
FNDA:0,(anonymous_32)
FNDA:0,(anonymous_33)
FNDA:0,(anonymous_34)
FNDA:0,(anonymous_35)
FNDA:0,(anonymous_36)
FNDA:0,(anonymous_37)
FNDA:0,(anonymous_38)
FNDA:0,(anonymous_39)
FNDA:0,(anonymous_40)
FNDA:0,(anonymous_41)
FNDA:0,(anonymous_42)
FNDA:0,(anonymous_43)
FNDA:0,(anonymous_44)
FNDA:0,(anonymous_45)
FNDA:0,(anonymous_46)
FNDA:0,(anonymous_47)
FNDA:0,(anonymous_48)
FNDA:0,(anonymous_49)
FNDA:0,(anonymous_50)
FNDA:0,(anonymous_51)
FNDA:0,(anonymous_52)
FNDA:0,(anonymous_53)
FNDA:0,(anonymous_54)
FNDA:0,(anonymous_55)
FNDA:0,(anonymous_56)
FNDA:0,(anonymous_57)
FNDA:0,(anonymous_58)
FNDA:0,(anonymous_59)
FNDA:0,(anonymous_60)
FNDA:0,(anonymous_61)
FNDA:0,(anonymous_62)
DA:24,0
DA:27,0
DA:30,0
DA:31,0
DA:34,0
DA:35,0
DA:36,0
DA:40,0
DA:45,0
DA:49,0
DA:54,0
DA:55,0
DA:56,0
DA:58,0
DA:59,0
DA:61,0
DA:64,0
DA:66,0
DA:70,0
DA:76,0
DA:89,0
DA:90,0
DA:98,0
DA:100,0
DA:103,0
DA:108,0
DA:109,0
DA:110,0
DA:117,0
DA:118,0
DA:119,0
DA:121,0
DA:124,0
DA:130,0
DA:137,0
DA:139,0
DA:142,0
DA:146,0
DA:147,0
DA:148,0
DA:156,0
DA:158,0
DA:161,0
DA:165,0
DA:171,0
DA:178,0
DA:180,0
DA:183,0
DA:187,0
DA:192,0
DA:198,0
DA:200,0
DA:203,0
DA:207,0
DA:213,0
DA:215,0
DA:218,0
DA:222,0
DA:229,0
DA:232,0
DA:234,0
DA:235,0
DA:236,0
DA:247,0
DA:249,0
DA:254,0
DA:263,0
DA:264,0
DA:265,0
DA:269,0
DA:275,0
DA:278,0
DA:281,0
DA:308,0
LF:74
LH:0
BRDA:249,0,0,0
BRDA:249,0,1,0
BRDA:258,1,0,0
BRDA:258,1,1,0
BRDA:260,2,0,0
BRDA:260,2,1,0
BRF:6
BRH:0
end_of_record
TN:
SF:src/components/bottomDrawer/views/editUser.tsx
FN:25,(anonymous_0)
FN:29,(anonymous_1)
FN:35,(anonymous_2)
FN:36,(anonymous_3)
FN:41,(anonymous_4)
FN:49,(anonymous_5)
FN:54,(anonymous_6)
FN:77,(anonymous_7)
FN:106,(anonymous_8)
FN:121,(anonymous_9)
FN:129,(anonymous_10)
FN:152,(anonymous_11)
FN:154,(anonymous_12)
FN:161,(anonymous_13)
FN:172,(anonymous_14)
FN:179,(anonymous_15)
FN:180,(anonymous_16)
FN:181,(anonymous_17)
FN:186,(anonymous_18)
FN:186,(anonymous_19)
FN:202,(anonymous_20)
FN:203,(anonymous_21)
FN:204,(anonymous_22)
FN:210,(anonymous_23)
FN:215,(anonymous_24)
FN:221,(anonymous_25)
FN:222,(anonymous_26)
FN:223,(anonymous_27)
FN:226,(anonymous_28)
FN:232,(anonymous_29)
FN:233,(anonymous_30)
FN:234,(anonymous_31)
FN:237,(anonymous_32)
FN:238,(anonymous_33)
FN:239,(anonymous_34)
FN:243,(anonymous_35)
FN:244,(anonymous_36)
FN:245,(anonymous_37)
FN:248,(anonymous_38)
FN:252,(anonymous_39)
FN:253,(anonymous_40)
FN:254,(anonymous_41)
FN:257,(anonymous_42)
FN:266,(anonymous_43)
FN:267,(anonymous_44)
FN:268,(anonymous_45)
FN:271,(anonymous_46)
FN:281,(anonymous_47)
FN:282,(anonymous_48)
FN:283,(anonymous_49)
FN:286,(anonymous_50)
FN:286,(anonymous_51)
FN:302,(anonymous_52)
FN:303,(anonymous_53)
FN:304,(anonymous_54)
FN:310,(anonymous_55)
FN:315,(anonymous_56)
FNF:57
FNH:0
FNDA:0,(anonymous_0)
FNDA:0,(anonymous_1)
FNDA:0,(anonymous_2)
FNDA:0,(anonymous_3)
FNDA:0,(anonymous_4)
FNDA:0,(anonymous_5)
FNDA:0,(anonymous_6)
FNDA:0,(anonymous_7)
FNDA:0,(anonymous_8)
FNDA:0,(anonymous_9)
FNDA:0,(anonymous_10)
FNDA:0,(anonymous_11)
FNDA:0,(anonymous_12)
FNDA:0,(anonymous_13)
FNDA:0,(anonymous_14)
FNDA:0,(anonymous_15)
FNDA:0,(anonymous_16)
FNDA:0,(anonymous_17)
FNDA:0,(anonymous_18)
FNDA:0,(anonymous_19)
FNDA:0,(anonymous_20)
FNDA:0,(anonymous_21)
FNDA:0,(anonymous_22)
FNDA:0,(anonymous_23)
FNDA:0,(anonymous_24)
FNDA:0,(anonymous_25)
FNDA:0,(anonymous_26)
FNDA:0,(anonymous_27)
FNDA:0,(anonymous_28)
FNDA:0,(anonymous_29)
FNDA:0,(anonymous_30)
FNDA:0,(anonymous_31)
FNDA:0,(anonymous_32)
FNDA:0,(anonymous_33)
FNDA:0,(anonymous_34)
FNDA:0,(anonymous_35)
FNDA:0,(anonymous_36)
FNDA:0,(anonymous_37)
FNDA:0,(anonymous_38)
FNDA:0,(anonymous_39)
FNDA:0,(anonymous_40)
FNDA:0,(anonymous_41)
FNDA:0,(anonymous_42)
FNDA:0,(anonymous_43)
FNDA:0,(anonymous_44)
FNDA:0,(anonymous_45)
FNDA:0,(anonymous_46)
FNDA:0,(anonymous_47)
FNDA:0,(anonymous_48)
FNDA:0,(anonymous_49)
FNDA:0,(anonymous_50)
FNDA:0,(anonymous_51)
FNDA:0,(anonymous_52)
FNDA:0,(anonymous_53)
FNDA:0,(anonymous_54)
FNDA:0,(anonymous_55)
FNDA:0,(anonymous_56)
DA:23,0
DA:26,0
DA:30,0
DA:35,0
DA:36,0
DA:37,0
DA:41,0
DA:46,0
DA:50,0
DA:55,0
DA:56,0
DA:58,0
DA:62,0
DA:63,0
DA:65,0
DA:68,0
DA:72,0
DA:74,0
DA:78,0
DA:84,0
DA:106,0
DA:107,0
DA:109,0
DA:121,0
DA:122,0
DA:123,0
DA:124,0
DA:125,0
DA:129,0
DA:130,0
DA:132,0
DA:134,0
DA:135,0
DA:137,0
DA:139,0
DA:141,0
DA:144,0
DA:146,0
DA:148,0
DA:152,0
DA:154,0
DA:155,0
DA:172,0
DA:173,0
DA:174,0
DA:176,0
DA:179,0
DA:180,0
DA:182,0
DA:186,0
DA:187,0
DA:202,0
DA:203,0
DA:204,0
DA:210,0
DA:212,0
DA:215,0
DA:216,0
DA:217,0
DA:219,0
DA:221,0
DA:222,0
DA:223,0
DA:226,0
DA:232,0
DA:233,0
DA:234,0
DA:237,0
DA:238,0
DA:239,0
DA:243,0
DA:244,0
DA:245,0
DA:248,0
DA:252,0
DA:253,0
DA:254,0
DA:257,0
DA:266,0
DA:267,0
DA:268,0
DA:271,0
DA:281,0
DA:282,0
DA:283,0
DA:286,0
DA:287,0
DA:302,0
DA:303,0
DA:304,0
DA:310,0
DA:312,0
DA:316,0
DA:321,2
LF:94
LH:1
BRDA:30,0,0,0
BRDA:30,0,1,0
BRDA:58,1,0,0
BRDA:58,1,1,0
BRDA:68,2,0,0
BRDA:68,2,1,0
BRDA:90,3,0,0
BRDA:90,3,1,0
BRDA:111,4,0,0
BRDA:111,4,1,0
BRDA:114,5,0,0
BRDA:114,5,1,0
BRDA:122,6,0,0
BRDA:122,6,1,0
BRDA:134,7,0,0
BRDA:134,7,1,0
BRDA:152,8,0,0
BRDA:152,8,1,0
BRDA:177,9,0,0
BRDA:177,9,1,0
BRDA:200,10,0,0
BRDA:200,10,1,0
BRDA:279,11,0,0
BRDA:279,11,1,0
BRDA:300,12,0,0
BRDA:300,12,1,0
BRF:26
BRH:0
end_of_record
TN:
SF:src/components/chats/helpRequestChatChannel.tsx
FN:19,(anonymous_0)
FN:30,(anonymous_1)
FN:31,(anonymous_2)
FN:32,(anonymous_3)
FN:35,(anonymous_4)
FN:40,(anonymous_5)
FN:48,(anonymous_6)
FN:67,(anonymous_7)
FN:75,(anonymous_8)
FN:82,(anonymous_9)
FN:103,(anonymous_10)
FN:118,(anonymous_11)
FN:122,(anonymous_12)
FN:126,(anonymous_13)
FNF:14
FNH:0
FNDA:0,(anonymous_0)
FNDA:0,(anonymous_1)
FNDA:0,(anonymous_2)
FNDA:0,(anonymous_3)
FNDA:0,(anonymous_4)
FNDA:0,(anonymous_5)
FNDA:0,(anonymous_6)
FNDA:0,(anonymous_7)
FNDA:0,(anonymous_8)
FNDA:0,(anonymous_9)
FNDA:0,(anonymous_10)
FNDA:0,(anonymous_11)
FNDA:0,(anonymous_12)
FNDA:0,(anonymous_13)
DA:19,1
DA:20,0
DA:21,0
DA:23,0
DA:24,0
DA:26,0
DA:28,0
DA:30,0
DA:31,0
DA:32,0
DA:35,0
DA:36,0
DA:40,0
DA:41,0
DA:42,0
DA:45,0
DA:49,0
DA:50,0
DA:51,0
DA:53,0
DA:67,0
DA:68,0
DA:70,0
DA:71,0
DA:72,0
DA:73,0
DA:75,0
DA:77,0
DA:78,0
DA:82,0
DA:83,0
DA:103,0
DA:118,0
DA:119,0
DA:122,0
DA:125,0
DA:126,0
DA:127,0
DA:128,0
DA:130,0
DA:132,0
DA:152,0
DA:164,1
LF:43
LH:2
BRDA:41,0,0,0
BRDA:41,0,1,0
BRDA:41,1,0,0
BRDA:41,1,1,0
BRDA:54,2,0,0
BRDA:54,2,1,0
BRDA:55,3,0,0
BRDA:55,3,1,0
BRDA:56,4,0,0
BRDA:56,4,1,0
BRDA:128,5,0,0
BRDA:128,5,1,0
BRDA:128,5,2,0
BRDA:137,6,0,0
BRDA:137,6,1,0
BRDA:154,7,0,0
BRDA:154,7,1,0
BRF:17
BRH:0
end_of_record
TN:
SF:src/components/chats/helpRequestChatPreview.tsx
FN:19,(anonymous_0)
FN:23,(anonymous_1)
FN:30,(anonymous_2)
FN:45,(anonymous_3)
FNF:4
FNH:0
FNDA:0,(anonymous_0)
FNDA:0,(anonymous_1)
FNDA:0,(anonymous_2)
FNDA:0,(anonymous_3)
DA:19,1
DA:23,0
DA:24,0
DA:25,0
DA:30,0
DA:31,0
DA:35,0
DA:45,0
DA:46,0
DA:47,0
DA:48,0
DA:50,0
DA:62,0
DA:76,0
DA:100,1
LF:15
LH:2
BRDA:31,0,0,0
BRDA:31,0,1,0
BRDA:31,0,2,0
BRDA:31,0,3,0
BRDA:37,1,0,0
BRDA:37,1,1,0
BRDA:50,2,0,0
BRDA:50,2,1,0
BRDA:50,3,0,0
BRDA:50,3,1,0
BRDA:53,4,0,0
BRDA:53,4,1,0
BRF:12
BRH:0
end_of_record
TN:
SF:src/components/forms/config.ts
FNF:0
FNH:0
DA:25,2
LF:1
LH:1
BRF:0
BRH:0
end_of_record
TN:
SF:src/components/forms/editCategorizedItemForm.tsx
FN:29,(anonymous_0)
FN:47,(anonymous_1)
FN:60,(anonymous_2)
FN:72,(anonymous_3)
FN:73,(anonymous_4)
FN:74,(anonymous_5)
FN:80,(anonymous_6)
FN:88,(anonymous_7)
FN:92,(anonymous_8)
FN:95,(anonymous_9)
FN:104,(anonymous_10)
FN:104,(anonymous_11)
FN:107,(anonymous_12)
FN:108,(anonymous_13)
FN:109,(anonymous_14)
FN:126,(anonymous_15)
FN:129,(anonymous_16)
FN:130,(anonymous_17)
FN:131,(anonymous_18)
FN:156,(anonymous_19)
FN:162,(anonymous_20)
FN:195,(anonymous_21)
FN:216,(anonymous_22)
FN:224,(anonymous_23)
FN:225,(anonymous_24)
FN:226,(anonymous_25)
FN:232,(anonymous_26)
FN:236,(anonymous_27)
FN:243,(anonymous_28)
FNF:29
FNH:0
FNDA:0,(anonymous_0)
FNDA:0,(anonymous_1)
FNDA:0,(anonymous_2)
FNDA:0,(anonymous_3)
FNDA:0,(anonymous_4)
FNDA:0,(anonymous_5)
FNDA:0,(anonymous_6)
FNDA:0,(anonymous_7)
FNDA:0,(anonymous_8)
FNDA:0,(anonymous_9)
FNDA:0,(anonymous_10)
FNDA:0,(anonymous_11)
FNDA:0,(anonymous_12)
FNDA:0,(anonymous_13)
FNDA:0,(anonymous_14)
FNDA:0,(anonymous_15)
FNDA:0,(anonymous_16)
FNDA:0,(anonymous_17)
FNDA:0,(anonymous_18)
FNDA:0,(anonymous_19)
FNDA:0,(anonymous_20)
FNDA:0,(anonymous_21)
FNDA:0,(anonymous_22)
FNDA:0,(anonymous_23)
FNDA:0,(anonymous_24)
FNDA:0,(anonymous_25)
FNDA:0,(anonymous_26)
FNDA:0,(anonymous_27)
FNDA:0,(anonymous_28)
DA:17,2
DA:29,2
DA:38,0
DA:39,0
DA:40,0
DA:42,0
DA:44,0
DA:48,0
DA:49,0
DA:50,0
DA:51,0
DA:52,0
DA:54,0
DA:61,0
DA:62,0
DA:63,0
DA:70,0
DA:72,0
DA:73,0
DA:74,0
DA:80,0
DA:81,0
DA:82,0
DA:83,0
DA:84,0
DA:88,0
DA:89,0
DA:92,0
DA:93,0
DA:95,0
DA:104,0
DA:105,0
DA:107,0
DA:108,0
DA:109,0
DA:114,0
DA:126,0
DA:127,0
DA:129,0
DA:130,0
DA:131,0
DA:136,0
DA:143,0
DA:157,0
DA:162,0
DA:163,0
DA:176,0
DA:195,2
DA:208,0
DA:209,0
DA:210,0
DA:211,0
DA:212,0
DA:215,0
DA:216,0
DA:218,0
DA:222,0
DA:224,0
DA:225,0
DA:226,0
DA:232,0
DA:233,0
DA:234,0
DA:236,0
DA:237,0
DA:238,0
DA:243,0
DA:244,0
DA:247,0
DA:257,2
LF:70
LH:4
BRDA:81,0,0,0
BRDA:81,0,1,0
BRDA:118,1,0,0
BRDA:118,1,1,0
BRDA:169,2,0,0
BRDA:169,2,1,0
BRDA:215,3,0,0
BRDA:215,3,1,0
BRDA:215,4,0,0
BRDA:215,4,1,0
BRDA:224,5,0,0
BRDA:224,5,1,0
BRDA:233,6,0,0
BRDA:233,6,1,0
BRF:14
BRH:0
end_of_record
TN:
SF:src/components/forms/editRolesForm.tsx
FN:23,(anonymous_0)
FN:26,(anonymous_1)
FN:27,(anonymous_2)
FN:30,(anonymous_3)
FN:34,(anonymous_4)
FN:42,(anonymous_5)
FN:43,(anonymous_6)
FN:48,(anonymous_7)
FN:68,(anonymous_8)
FN:80,(anonymous_9)
FN:81,(anonymous_10)
FN:86,(anonymous_11)
FN:108,(anonymous_12)
FNF:13
FNH:0
FNDA:0,(anonymous_0)
FNDA:0,(anonymous_1)
FNDA:0,(anonymous_2)
FNDA:0,(anonymous_3)
FNDA:0,(anonymous_4)
FNDA:0,(anonymous_5)
FNDA:0,(anonymous_6)
FNDA:0,(anonymous_7)
FNDA:0,(anonymous_8)
FNDA:0,(anonymous_9)
FNDA:0,(anonymous_10)
FNDA:0,(anonymous_11)
FNDA:0,(anonymous_12)
DA:23,2
DA:24,0
DA:26,0
DA:27,0
DA:28,0
DA:31,0
DA:32,0
DA:35,0
DA:43,0
DA:44,0
DA:45,0
DA:48,0
DA:49,0
DA:50,0
DA:51,0
DA:53,0
DA:57,0
DA:62,0
DA:69,0
DA:81,0
DA:82,0
DA:83,0
DA:86,0
DA:87,0
DA:88,0
DA:89,0
DA:91,0
DA:95,0
DA:105,0
DA:108,0
DA:113,0
DA:123,0
DA:137,0
LF:33
LH:1
BRDA:40,0,0,0
BRDA:40,0,1,0
BRF:2
BRH:0
end_of_record
TN:
SF:src/components/forms/form.tsx
FN:53,(anonymous_0)
FN:57,(anonymous_1)
FN:58,(anonymous_2)
FN:63,(anonymous_3)
FN:64,(anonymous_4)
FN:71,(anonymous_5)
FN:75,(anonymous_6)
FN:76,(anonymous_7)
FN:84,(anonymous_8)
FN:85,(anonymous_9)
FN:85,(anonymous_10)
FN:94,(anonymous_11)
FN:105,(anonymous_12)
FN:110,(anonymous_13)
FN:120,(anonymous_14)
FN:135,(anonymous_15)
FN:138,(anonymous_16)
FN:142,(anonymous_17)
FN:156,(anonymous_18)
FN:159,(anonymous_19)
FN:170,(anonymous_20)
FN:172,(anonymous_21)
FN:178,(anonymous_22)
FN:192,(anonymous_23)
FN:197,(anonymous_24)
FN:201,(anonymous_25)
FN:228,(anonymous_26)
FN:242,(anonymous_27)
FN:243,(anonymous_28)
FN:287,(anonymous_29)
FN:292,(anonymous_30)
FN:300,(anonymous_31)
FN:317,(anonymous_32)
FN:348,(anonymous_33)
FN:349,(anonymous_34)
FN:393,(anonymous_35)
FN:393,(anonymous_36)
FN:394,(anonymous_37)
FN:402,(anonymous_38)
FN:402,(anonymous_39)
FN:411,(anonymous_40)
FN:412,(anonymous_41)
FN:418,(anonymous_42)
FN:436,(anonymous_43)
FN:436,(anonymous_44)
FN:437,(anonymous_45)
FN:445,(anonymous_46)
FN:453,(anonymous_47)
FN:460,(anonymous_48)
FN:470,(anonymous_49)
FN:481,(anonymous_50)
FN:503,(anonymous_51)
FN:516,(anonymous_52)
FN:523,(anonymous_53)
FN:622,InlineSection
FN:666,(anonymous_55)
FN:675,(anonymous_56)
FN:687,(anonymous_57)
FN:743,(anonymous_58)
FN:750,(anonymous_59)
FN:762,(anonymous_60)
FNF:61
FNH:41
FNDA:2,(anonymous_0)
FNDA:2,(anonymous_1)
FNDA:20,(anonymous_2)
FNDA:2,(anonymous_3)
FNDA:20,(anonymous_4)
FNDA:2,(anonymous_5)
FNDA:2,(anonymous_6)
FNDA:20,(anonymous_7)
FNDA:4,(anonymous_8)
FNDA:40,(anonymous_9)
FNDA:4,(anonymous_10)
FNDA:0,(anonymous_11)
FNDA:60,(anonymous_12)
FNDA:20,(anonymous_13)
FNDA:0,(anonymous_14)
FNDA:2,(anonymous_15)
FNDA:10,(anonymous_16)
FNDA:14,(anonymous_17)
FNDA:2,(anonymous_18)
FNDA:10,(anonymous_19)
FNDA:2,(anonymous_20)
FNDA:0,(anonymous_21)
FNDA:0,(anonymous_22)
FNDA:1,(anonymous_23)
FNDA:1,(anonymous_24)
FNDA:20,(anonymous_25)
FNDA:4,(anonymous_26)
FNDA:0,(anonymous_27)
FNDA:0,(anonymous_28)
FNDA:2,(anonymous_29)
FNDA:10,(anonymous_30)
FNDA:14,(anonymous_31)
FNDA:2,(anonymous_32)
FNDA:2,(anonymous_33)
FNDA:0,(anonymous_34)
FNDA:0,(anonymous_35)
FNDA:0,(anonymous_36)
FNDA:0,(anonymous_37)
FNDA:24,(anonymous_38)
FNDA:2,(anonymous_39)
FNDA:2,(anonymous_40)
FNDA:2,(anonymous_41)
FNDA:1,(anonymous_42)
FNDA:0,(anonymous_43)
FNDA:0,(anonymous_44)
FNDA:0,(anonymous_45)
FNDA:2,(anonymous_46)
FNDA:4,(anonymous_47)
FNDA:0,(anonymous_48)
FNDA:24,(anonymous_49)
FNDA:0,(anonymous_50)
FNDA:22,(anonymous_51)
FNDA:8,(anonymous_52)
FNDA:1,(anonymous_53)
FNDA:8,InlineSection
FNDA:6,(anonymous_55)
FNDA:0,(anonymous_56)
FNDA:0,(anonymous_57)
FNDA:0,(anonymous_58)
FNDA:0,(anonymous_59)
FNDA:0,(anonymous_60)
DA:16,2
DA:42,2
DA:48,2
DA:49,2
DA:53,2
DA:54,2
DA:57,2
DA:58,2
DA:59,20
DA:63,2
DA:64,2
DA:65,20
DA:71,2
DA:72,2
DA:75,2
DA:76,2
DA:79,20
DA:84,2
DA:85,40
DA:86,4
DA:88,4
DA:89,4
DA:94,2
DA:95,0
DA:98,2
DA:100,2
DA:105,2
DA:107,60
DA:110,2
DA:112,20
DA:114,20
DA:115,0
DA:117,0
DA:118,0
DA:120,0
DA:121,0
DA:124,0
DA:126,0
DA:129,20
DA:135,2
DA:136,2
DA:138,2
DA:139,10
DA:140,4
DA:142,4
DA:143,14
DA:146,4
DA:148,6
DA:149,6
DA:153,2
DA:156,2
DA:157,2
DA:159,2
DA:160,10
DA:161,4
DA:163,6
DA:167,2
DA:170,2
DA:172,2
DA:173,0
DA:174,0
DA:178,2
DA:179,0
DA:180,0
DA:183,0
DA:185,0
DA:186,0
DA:188,0
DA:192,2
DA:193,1
DA:194,1
DA:197,2
DA:198,1
DA:201,2
DA:202,20
DA:203,0
DA:213,20
DA:215,20
DA:216,0
DA:220,20
DA:221,2
DA:223,2
DA:225,2
DA:226,2
DA:228,4
DA:230,0
DA:237,20
DA:239,20
DA:240,8
DA:242,8
DA:243,0
DA:244,0
DA:249,20
DA:250,20
DA:252,20
DA:254,20
DA:255,6
DA:266,14
DA:268,14
DA:269,8
DA:277,6
DA:287,2
DA:288,2
DA:292,2
DA:293,10
DA:295,4
DA:296,0
DA:297,0
DA:300,4
DA:301,14
DA:307,14
DA:310,6
DA:314,2
DA:317,2
DA:318,2
DA:340,2
DA:341,2
DA:343,2
DA:348,2
DA:349,0
DA:353,2
DA:364,0
DA:393,2
DA:394,0
DA:395,0
DA:396,0
DA:399,0
DA:402,24
DA:403,2
DA:405,2
DA:407,2
DA:408,2
DA:409,2
DA:411,2
DA:412,2
DA:413,2
DA:418,2
DA:419,1
DA:420,1
DA:423,2
DA:425,2
DA:436,2
DA:437,0
DA:438,0
DA:439,0
DA:442,0
DA:445,2
DA:446,2
DA:448,2
DA:454,4
DA:461,0
DA:471,24
DA:482,0
DA:503,2
DA:504,22
DA:506,6
DA:508,6
DA:510,4
DA:512,6
DA:516,2
DA:523,8
DA:524,1
DA:525,0
DA:528,1
DA:529,0
DA:532,1
DA:535,8
DA:536,8
DA:538,8
DA:546,8
DA:548,8
DA:627,8
DA:629,8
DA:637,8
DA:639,8
DA:666,2
DA:675,6
DA:676,0
DA:677,0
DA:680,0
DA:681,0
DA:684,0
DA:687,6
DA:688,0
DA:689,0
DA:692,0
DA:695,6
DA:697,6
DA:705,6
DA:707,6
DA:743,2
DA:750,0
DA:751,0
DA:752,0
DA:755,0
DA:756,0
DA:759,0
DA:762,0
DA:763,0
DA:764,0
DA:766,0
DA:770,0
DA:779,0
DA:781,0
DA:785,0
DA:830,2
LF:206
LH:147
BRDA:114,0,0,0
BRDA:114,0,1,20
BRDA:117,1,0,0
BRDA:117,1,1,0
BRDA:117,2,0,0
BRDA:117,2,1,0
BRDA:139,3,0,4
BRDA:139,3,1,6
BRDA:160,4,0,4
BRDA:160,4,1,6
BRDA:173,5,0,0
BRDA:173,5,1,0
BRDA:179,6,0,0
BRDA:179,6,1,0
BRDA:202,7,0,0
BRDA:202,7,1,20
BRDA:215,8,0,0
BRDA:215,8,1,20
BRDA:220,9,0,2
BRDA:220,9,1,18
BRDA:223,10,0,2
BRDA:223,10,1,0
BRDA:225,11,0,2
BRDA:225,11,1,0
BRDA:239,12,0,8
BRDA:239,12,1,12
BRDA:252,13,0,20
BRDA:252,13,1,14
BRDA:254,14,0,6
BRDA:254,14,1,14
BRDA:266,15,0,14
BRDA:266,15,1,6
BRDA:268,16,0,8
BRDA:268,16,1,6
BRDA:293,17,0,4
BRDA:293,17,1,6
BRDA:295,18,0,0
BRDA:295,18,1,4
BRDA:301,19,0,4
BRDA:301,19,1,10
BRDA:303,20,0,4
BRDA:303,20,1,6
BRDA:318,21,0,2
BRDA:318,21,1,0
BRDA:340,22,0,2
BRDA:340,22,1,0
BRDA:377,23,0,0
BRDA:377,23,1,0
BRDA:382,24,0,0
BRDA:382,24,1,0
BRDA:385,25,0,0
BRDA:385,25,1,0
BRDA:407,26,0,2
BRDA:407,26,1,0
BRDA:408,27,0,2
BRDA:408,27,1,0
BRDA:481,28,0,4
BRDA:481,28,1,4
BRDA:504,29,0,6
BRDA:504,29,1,6
BRDA:504,29,2,4
BRDA:504,29,3,6
BRDA:524,30,0,0
BRDA:524,30,1,1
BRDA:528,31,0,0
BRDA:528,31,1,1
BRDA:540,32,0,0
BRDA:540,32,1,8
BRDA:546,33,0,8
BRDA:546,33,1,4
BRDA:548,34,0,2
BRDA:548,34,1,6
BRDA:556,35,0,2
BRDA:556,35,1,0
BRDA:568,36,0,2
BRDA:568,36,1,0
BRDA:579,37,0,2
BRDA:579,37,1,0
BRDA:591,38,0,4
BRDA:591,38,1,2
BRDA:602,39,0,6
BRDA:602,39,1,0
BRDA:603,40,0,6
BRDA:603,40,1,0
BRDA:614,41,0,2
BRDA:614,41,1,4
BRDA:631,42,0,0
BRDA:631,42,1,8
BRDA:637,43,0,8
BRDA:637,43,1,6
BRDA:642,44,0,2
BRDA:642,44,1,6
BRDA:658,45,0,6
BRDA:658,45,1,2
BRDA:676,46,0,0
BRDA:676,46,1,0
BRDA:680,47,0,0
BRDA:680,47,1,0
BRDA:688,48,0,0
BRDA:688,48,1,0
BRDA:699,49,0,0
BRDA:699,49,1,6
BRDA:705,50,0,6
BRDA:705,50,1,6
BRDA:710,51,0,4
BRDA:710,51,1,2
BRDA:724,52,0,4
BRDA:724,52,1,2
BRDA:724,53,0,6
BRDA:724,53,1,6
BRDA:735,54,0,2
BRDA:735,54,1,4
BRDA:751,55,0,0
BRDA:751,55,1,0
BRDA:755,56,0,0
BRDA:755,56,1,0
BRDA:763,57,0,0
BRDA:763,57,1,0
BRDA:772,58,0,0
BRDA:772,58,1,0
BRDA:776,59,0,0
BRDA:776,59,1,0
BRDA:779,60,0,0
BRDA:779,60,1,0
BRDA:781,61,0,0
BRDA:781,61,1,0
BRDA:793,62,0,0
BRDA:793,62,1,0
BRDA:805,63,0,0
BRDA:805,63,1,0
BRDA:811,64,0,0
BRDA:811,64,1,0
BRDA:822,65,0,0
BRDA:822,65,1,0
BRF:134
BRH:72
end_of_record
TN:
SF:src/components/forms/types.ts
FNF:0
FNH:0
LF:0
LH:0
BRF:0
BRH:0
end_of_record
TN:
SF:src/components/forms/upsertRoleForm.tsx
FN:25,(anonymous_0)
FN:45,(anonymous_1)
FN:47,(anonymous_2)
FN:50,(anonymous_3)
FN:54,(anonymous_4)
FN:55,(anonymous_5)
FN:58,(anonymous_6)
FN:63,(anonymous_7)
FN:64,(anonymous_8)
FN:65,(anonymous_9)
FN:66,(anonymous_10)
FN:76,(anonymous_11)
FN:89,(anonymous_12)
FN:104,(anonymous_13)
FN:110,(anonymous_14)
FN:119,(anonymous_15)
FN:127,(anonymous_16)
FNF:17
FNH:0
FNDA:0,(anonymous_0)
FNDA:0,(anonymous_1)
FNDA:0,(anonymous_2)
FNDA:0,(anonymous_3)
FNDA:0,(anonymous_4)
FNDA:0,(anonymous_5)
FNDA:0,(anonymous_6)
FNDA:0,(anonymous_7)
FNDA:0,(anonymous_8)
FNDA:0,(anonymous_9)
FNDA:0,(anonymous_10)
FNDA:0,(anonymous_11)
FNDA:0,(anonymous_12)
FNDA:0,(anonymous_13)
FNDA:0,(anonymous_14)
FNDA:0,(anonymous_15)
FNDA:0,(anonymous_16)
DA:25,2
DA:31,0
DA:33,0
DA:34,0
DA:35,0
DA:37,0
DA:39,0
DA:45,0
DA:48,0
DA:50,0
DA:53,0
DA:54,0
DA:56,0
DA:59,0
DA:63,0
DA:64,0
DA:66,0
DA:67,0
DA:76,0
DA:81,0
DA:83,0
DA:84,0
DA:87,0
DA:89,0
DA:96,0
DA:104,0
DA:110,0
DA:111,0
DA:112,0
DA:113,0
DA:115,0
DA:119,0
DA:120,0
DA:121,0
DA:138,0
DA:140,0
DA:169,0
LF:37
LH:1
BRDA:83,0,0,0
BRDA:83,0,1,0
BRDA:83,1,0,0
BRDA:83,1,1,0
BRDA:104,2,0,0
BRDA:104,2,1,0
BRDA:145,3,0,0
BRDA:145,3,1,0
BRDA:152,4,0,0
BRDA:152,4,1,0
BRDA:152,5,0,0
BRDA:152,5,1,0
BRDA:152,5,2,0
BRDA:152,5,3,0
BRF:14
BRH:0
end_of_record
TN:
SF:src/components/forms/common/categoryRow.tsx
FN:31,(anonymous_0)
FN:51,(anonymous_1)
FN:55,(anonymous_2)
FN:60,(anonymous_3)
FN:66,(anonymous_4)
FN:116,(anonymous_5)
FNF:6
FNH:0
FNDA:0,(anonymous_0)
FNDA:0,(anonymous_1)
FNDA:0,(anonymous_2)
FNDA:0,(anonymous_3)
FNDA:0,(anonymous_4)
FNDA:0,(anonymous_5)
DA:31,2
DA:47,0
DA:49,0
DA:51,0
DA:52,0
DA:55,0
DA:56,0
DA:57,0
DA:60,0
DA:61,0
DA:66,0
DA:79,0
DA:117,0
DA:119,0
DA:135,2
LF:15
LH:2
BRDA:47,0,0,0
BRDA:47,0,1,0
BRDA:69,1,0,0
BRDA:69,1,1,0
BRDA:71,2,0,0
BRDA:71,2,1,0
BRDA:84,3,0,0
BRDA:84,3,1,0
BRDA:88,4,0,0
BRDA:88,4,1,0
BRDA:95,5,0,0
BRDA:95,5,1,0
BRDA:97,6,0,0
BRDA:97,6,1,0
BRDA:101,7,0,0
BRDA:101,7,1,0
BRDA:115,8,0,0
BRDA:115,8,1,0
BRDA:119,9,0,0
BRDA:119,9,1,0
BRDA:125,10,0,0
BRDA:125,10,1,0
BRF:22
BRH:0
end_of_record
TN:
SF:src/components/forms/inputs/backButtonHeader.tsx
FN:44,(anonymous_0)
FN:50,(anonymous_1)
FN:56,(anonymous_2)
FN:62,(anonymous_3)
FN:68,(anonymous_4)
FN:81,(anonymous_5)
FN:86,(anonymous_6)
FN:94,(anonymous_7)
FN:113,(anonymous_8)
FN:128,(anonymous_9)
FN:144,(anonymous_10)
FN:166,(anonymous_11)
FN:182,(anonymous_12)
FN:198,(anonymous_13)
FN:209,(anonymous_14)
FNF:15
FNH:11
FNDA:14,(anonymous_0)
FNDA:22,(anonymous_1)
FNDA:22,(anonymous_2)
FNDA:0,(anonymous_3)
FNDA:0,(anonymous_4)
FNDA:2,(anonymous_5)
FNDA:0,(anonymous_6)
FNDA:11,(anonymous_7)
FNDA:11,(anonymous_8)
FNDA:11,(anonymous_9)
FNDA:4,(anonymous_10)
FNDA:4,(anonymous_11)
FNDA:7,(anonymous_12)
FNDA:0,(anonymous_13)
FNDA:11,(anonymous_14)
DA:39,2
DA:45,14
DA:51,22
DA:57,22
DA:63,0
DA:68,4
DA:72,0
DA:74,0
DA:75,0
DA:78,0
DA:81,4
DA:82,2
DA:83,2
DA:86,4
DA:87,0
DA:88,0
DA:90,0
DA:94,4
DA:95,11
DA:113,4
DA:114,11
DA:128,4
DA:129,11
DA:131,11
DA:144,4
DA:145,4
DA:147,4
DA:166,4
DA:167,4
DA:182,4
DA:183,7
DA:198,4
DA:199,0
DA:210,11
DA:218,2
LF:35
LH:26
BRDA:45,0,0,12
BRDA:45,0,1,2
BRDA:51,1,0,22
BRDA:51,1,1,0
BRDA:57,2,0,22
BRDA:57,2,1,0
BRDA:63,3,0,0
BRDA:63,3,1,0
BRDA:74,4,0,0
BRDA:74,4,1,0
BRDA:87,5,0,0
BRDA:87,5,1,0
BRDA:95,6,0,7
BRDA:95,6,1,4
BRDA:106,7,0,6
BRDA:106,7,1,1
BRDA:114,8,0,11
BRDA:114,8,1,0
BRDA:114,9,0,11
BRDA:114,9,1,11
BRDA:129,10,0,11
BRDA:129,10,1,4
BRDA:131,11,0,11
BRDA:131,11,1,0
BRDA:131,12,0,11
BRDA:131,12,1,11
BRDA:137,13,0,0
BRDA:137,13,1,11
BRDA:139,14,0,11
BRDA:139,14,1,7
BRDA:140,15,0,0
BRDA:140,15,1,11
BRDA:145,16,0,4
BRDA:145,16,1,0
BRDA:151,17,0,0
BRDA:151,17,1,4
BRDA:170,18,0,0
BRDA:170,18,1,4
BRDA:186,19,0,0
BRDA:186,19,1,7
BRDA:210,20,0,7
BRDA:210,20,1,4
BRDA:211,21,0,0
BRDA:211,21,1,7
BRDA:211,22,0,7
BRDA:211,22,1,6
BRF:46
BRH:29
end_of_record
TN:
SF:src/components/forms/inputs/descriptiveNavigationLabel.tsx
FN:13,(anonymous_0)
FN:24,(anonymous_1)
FNF:2
FNH:0
FNDA:0,(anonymous_0)
FNDA:0,(anonymous_1)
DA:13,2
DA:20,0
DA:24,0
DA:25,0
DA:26,0
DA:28,0
DA:29,0
DA:30,0
DA:31,0
DA:38,0
DA:46,0
LF:11
LH:1
BRDA:20,0,0,0
BRDA:20,0,1,0
BRDA:20,1,0,0
BRDA:20,1,1,0
BRDA:28,2,0,0
BRDA:28,2,1,0
BRDA:30,3,0,0
BRDA:30,3,1,0
BRDA:30,4,0,0
BRDA:30,4,1,0
BRF:10
BRH:0
end_of_record
TN:
SF:src/components/forms/inputs/compound/recurringDateTimeRange.ts
FN:5,(anonymous_0)
FN:6,(anonymous_1)
FN:15,(anonymous_2)
FN:20,(anonymous_3)
FN:25,(anonymous_4)
FN:35,(anonymous_5)
FN:39,(anonymous_6)
FN:53,(anonymous_7)
FN:65,(anonymous_8)
FNF:9
FNH:0
FNDA:0,(anonymous_0)
FNDA:0,(anonymous_1)
FNDA:0,(anonymous_2)
FNDA:0,(anonymous_3)
FNDA:0,(anonymous_4)
FNDA:0,(anonymous_5)
FNDA:0,(anonymous_6)
FNDA:0,(anonymous_7)
FNDA:0,(anonymous_8)
DA:5,1
DA:6,0
DA:7,0
DA:9,0
DA:15,0
DA:16,0
DA:17,0
DA:20,0
DA:21,0
DA:22,0
DA:25,0
DA:26,0
DA:28,0
DA:34,0
DA:36,0
DA:40,0
DA:54,0
DA:65,0
LF:18
LH:1
BRDA:40,0,0,0
BRDA:40,0,1,0
BRDA:54,1,0,0
BRDA:54,1,1,0
BRF:4
BRH:0
end_of_record
TN:
SF:src/components/forms/inputs/defaults/defaultAttributeListInputConfig.ts
FN:17,(anonymous_0)
FN:26,(anonymous_1)
FN:27,(anonymous_2)
FN:32,(anonymous_3)
FN:37,(anonymous_4)
FN:38,(anonymous_5)
FNF:6
FNH:0
FNDA:0,(anonymous_0)
FNDA:0,(anonymous_1)
FNDA:0,(anonymous_2)
FNDA:0,(anonymous_3)
FNDA:0,(anonymous_4)
FNDA:0,(anonymous_5)
DA:17,2
DA:19,0
DA:24,0
DA:26,0
DA:27,0
DA:31,0
DA:32,0
DA:36,0
DA:38,0
DA:48,0
DA:50,0
DA:52,0
LF:12
LH:1
BRDA:48,0,0,0
BRDA:48,0,1,0
BRDA:50,1,0,0
BRDA:50,1,1,0
BRF:4
BRH:0
end_of_record
TN:
SF:src/components/forms/inputs/defaults/defaultTagListInputConfig.ts
FN:16,(anonymous_0)
FN:25,(anonymous_1)
FN:26,(anonymous_2)
FN:31,(anonymous_3)
FN:36,(anonymous_4)
FN:37,(anonymous_5)
FNF:6
FNH:2
FNDA:2,(anonymous_0)
FNDA:3,(anonymous_1)
FNDA:0,(anonymous_2)
FNDA:0,(anonymous_3)
FNDA:0,(anonymous_4)
FNDA:0,(anonymous_5)
DA:16,2
DA:18,2
DA:23,2
DA:25,3
DA:26,0
DA:30,2
DA:31,0
DA:35,2
DA:37,0
DA:47,2
DA:49,2
DA:51,2
LF:12
LH:9
BRDA:47,0,0,2
BRDA:47,0,1,2
BRDA:49,1,0,2
BRDA:49,1,1,2
BRF:4
BRH:4
end_of_record
TN:
SF:src/components/forms/inputs/inline/dateTimeRangeInput.tsx
FN:63,(anonymous_0)
FN:81,(anonymous_1)
FN:104,(anonymous_2)
FN:128,(anonymous_3)
FN:148,(anonymous_4)
FN:168,(anonymous_5)
FN:174,(anonymous_6)
FN:180,(anonymous_7)
FN:186,(anonymous_8)
FN:258,(anonymous_9)
FN:273,(anonymous_10)
FN:284,(anonymous_11)
FN:285,(anonymous_12)
FN:287,(anonymous_13)
FN:288,(anonymous_14)
FN:289,(anonymous_15)
FN:290,(anonymous_16)
FN:296,(anonymous_17)
FN:299,(anonymous_18)
FN:317,(anonymous_19)
FN:321,(anonymous_20)
FN:325,(anonymous_21)
FN:336,(anonymous_22)
FN:348,(anonymous_23)
FNF:24
FNH:0
FNDA:0,(anonymous_0)
FNDA:0,(anonymous_1)
FNDA:0,(anonymous_2)
FNDA:0,(anonymous_3)
FNDA:0,(anonymous_4)
FNDA:0,(anonymous_5)
FNDA:0,(anonymous_6)
FNDA:0,(anonymous_7)
FNDA:0,(anonymous_8)
FNDA:0,(anonymous_9)
FNDA:0,(anonymous_10)
FNDA:0,(anonymous_11)
FNDA:0,(anonymous_12)
FNDA:0,(anonymous_13)
FNDA:0,(anonymous_14)
FNDA:0,(anonymous_15)
FNDA:0,(anonymous_16)
FNDA:0,(anonymous_17)
FNDA:0,(anonymous_18)
FNDA:0,(anonymous_19)
FNDA:0,(anonymous_20)
FNDA:0,(anonymous_21)
FNDA:0,(anonymous_22)
FNDA:0,(anonymous_23)
DA:23,2
DA:38,2
DA:53,2
DA:63,2
DA:65,0
DA:66,0
DA:67,0
DA:69,0
DA:70,0
DA:71,0
DA:72,0
DA:73,0
DA:75,0
DA:76,0
DA:77,0
DA:78,0
DA:79,0
DA:81,0
DA:83,0
DA:85,0
DA:92,0
DA:95,0
DA:104,0
DA:106,0
DA:108,0
DA:115,0
DA:118,0
DA:128,0
DA:129,0
DA:132,0
DA:133,0
DA:134,0
DA:137,0
DA:138,0
DA:141,0
DA:144,0
DA:148,0
DA:149,0
DA:152,0
DA:153,0
DA:154,0
DA:158,0
DA:159,0
DA:162,0
DA:165,0
DA:168,0
DA:169,0
DA:174,0
DA:175,0
DA:180,0
DA:181,0
DA:186,0
DA:187,0
DA:192,0
DA:258,2
DA:271,0
DA:273,0
DA:274,0
DA:275,0
DA:277,0
DA:278,0
DA:280,0
DA:284,0
DA:285,0
DA:287,0
DA:288,0
DA:289,0
DA:290,0
DA:293,0
DA:296,0
DA:299,0
DA:317,0
DA:321,0
DA:325,0
DA:336,2
DA:337,0
DA:339,0
DA:346,0
DA:348,2
DA:349,0
DA:351,0
DA:360,0
DA:362,0
DA:364,0
DA:365,0
DA:367,0
DA:369,0
DA:372,2
LF:88
LH:8
BRDA:132,0,0,0
BRDA:132,0,1,0
BRDA:137,1,0,0
BRDA:137,1,1,0
BRDA:152,2,0,0
BRDA:152,2,1,0
BRDA:158,3,0,0
BRDA:158,3,1,0
BRDA:169,4,0,0
BRDA:169,4,1,0
BRDA:175,5,0,0
BRDA:175,5,1,0
BRDA:181,6,0,0
BRDA:181,6,1,0
BRDA:187,7,0,0
BRDA:187,7,1,0
BRDA:277,8,0,0
BRDA:277,8,1,0
BRDA:277,9,0,0
BRDA:277,9,1,0
BRDA:304,10,0,0
BRDA:304,10,1,0
BRDA:304,11,0,0
BRDA:304,11,1,0
BRDA:313,12,0,0
BRDA:313,12,1,0
BRDA:313,13,0,0
BRDA:313,13,1,0
BRDA:316,14,0,0
BRDA:316,14,1,0
BRDA:320,15,0,0
BRDA:320,15,1,0
BRDA:324,16,0,0
BRDA:324,16,1,0
BRDA:343,17,0,0
BRDA:343,17,1,0
BRDA:352,18,0,0
BRDA:352,18,1,0
BRDA:353,19,0,0
BRDA:353,19,1,0
BRDA:356,20,0,0
BRDA:356,20,1,0
BRF:42
BRH:0
end_of_record
TN:
SF:src/components/forms/inputs/inline/inlineListInput.tsx
FN:12,(anonymous_0)
FN:17,(anonymous_1)
FN:41,(anonymous_2)
FN:52,(anonymous_3)
FN:57,(anonymous_4)
FNF:5
FNH:0
FNDA:0,(anonymous_0)
FNDA:0,(anonymous_1)
FNDA:0,(anonymous_2)
FNDA:0,(anonymous_3)
FNDA:0,(anonymous_4)
DA:12,2
DA:13,0
DA:15,0
DA:17,0
DA:18,0
DA:20,0
DA:21,0
DA:23,0
DA:24,0
DA:27,0
DA:28,0
DA:31,0
DA:34,0
DA:35,0
DA:38,0
DA:42,0
DA:44,0
DA:48,0
DA:52,0
DA:57,0
DA:66,2
LF:21
LH:2
BRDA:20,0,0,0
BRDA:20,0,1,0
BRDA:21,1,0,0
BRDA:21,1,1,0
BRDA:23,2,0,0
BRDA:23,2,1,0
BRDA:27,3,0,0
BRDA:27,3,1,0
BRDA:44,4,0,0
BRDA:44,4,1,0
BRDA:55,5,0,0
BRDA:55,5,1,0
BRDA:57,6,0,0
BRDA:57,6,1,0
BRF:14
BRH:0
end_of_record
TN:
SF:src/components/forms/inputs/inline/sliderInput.tsx
FN:41,(anonymous_0)
FN:52,(anonymous_1)
FN:56,(anonymous_2)
FN:60,(anonymous_3)
FN:64,(anonymous_4)
FN:68,(anonymous_5)
FN:72,(anonymous_6)
FN:76,(anonymous_7)
FN:80,(anonymous_8)
FN:84,(anonymous_9)
FN:90,(anonymous_10)
FN:96,(anonymous_11)
FN:108,(anonymous_12)
FN:113,(anonymous_13)
FN:119,(anonymous_14)
FN:123,(anonymous_15)
FN:127,(anonymous_16)
FN:132,(anonymous_17)
FN:138,(anonymous_18)
FN:138,(anonymous_19)
FN:139,(anonymous_20)
FN:208,(anonymous_21)
FN:208,(anonymous_22)
FN:210,(anonymous_23)
FN:274,(anonymous_24)
FN:301,(anonymous_25)
FN:303,(anonymous_26)
FN:304,(anonymous_27)
FN:327,(anonymous_28)
FN:347,(anonymous_29)
FN:360,(anonymous_30)
FN:360,(anonymous_31)
FN:361,(anonymous_32)
FN:370,(anonymous_33)
FN:370,(anonymous_34)
FN:371,(anonymous_35)
FN:380,(anonymous_36)
FN:380,(anonymous_37)
FN:381,(anonymous_38)
FN:416,(anonymous_39)
FN:420,(anonymous_40)
FN:432,(anonymous_41)
FN:449,(anonymous_42)
FN:516,Knob
FN:537,(anonymous_44)
FN:545,(anonymous_45)
FN:548,(anonymous_46)
FN:551,(anonymous_47)
FNF:48
FNH:0
FNDA:0,(anonymous_0)
FNDA:0,(anonymous_1)
FNDA:0,(anonymous_2)
FNDA:0,(anonymous_3)
FNDA:0,(anonymous_4)
FNDA:0,(anonymous_5)
FNDA:0,(anonymous_6)
FNDA:0,(anonymous_7)
FNDA:0,(anonymous_8)
FNDA:0,(anonymous_9)
FNDA:0,(anonymous_10)
FNDA:0,(anonymous_11)
FNDA:0,(anonymous_12)
FNDA:0,(anonymous_13)
FNDA:0,(anonymous_14)
FNDA:0,(anonymous_15)
FNDA:0,(anonymous_16)
FNDA:0,(anonymous_17)
FNDA:0,(anonymous_18)
FNDA:0,(anonymous_19)
FNDA:0,(anonymous_20)
FNDA:0,(anonymous_21)
FNDA:0,(anonymous_22)
FNDA:0,(anonymous_23)
FNDA:0,(anonymous_24)
FNDA:0,(anonymous_25)
FNDA:0,(anonymous_26)
FNDA:0,(anonymous_27)
FNDA:0,(anonymous_28)
FNDA:0,(anonymous_29)
FNDA:0,(anonymous_30)
FNDA:0,(anonymous_31)
FNDA:0,(anonymous_32)
FNDA:0,(anonymous_33)
FNDA:0,(anonymous_34)
FNDA:0,(anonymous_35)
FNDA:0,(anonymous_36)
FNDA:0,(anonymous_37)
FNDA:0,(anonymous_38)
FNDA:0,(anonymous_39)
FNDA:0,(anonymous_40)
FNDA:0,(anonymous_41)
FNDA:0,(anonymous_42)
FNDA:0,Knob
FNDA:0,(anonymous_44)
FNDA:0,(anonymous_45)
FNDA:0,(anonymous_46)
FNDA:0,(anonymous_47)
DA:10,2
DA:19,0
DA:20,0
DA:21,0
DA:24,0
DA:26,0
DA:28,0
DA:29,0
DA:30,0
DA:33,0
DA:37,0
DA:41,0
DA:42,0
DA:44,0
DA:53,0
DA:57,0
DA:61,0
DA:65,0
DA:69,0
DA:73,0
DA:77,0
DA:80,0
DA:81,0
DA:84,0
DA:85,0
DA:90,0
DA:91,0
DA:96,0
DA:97,0
DA:99,0
DA:105,0
DA:108,0
DA:109,0
DA:110,0
DA:113,0
DA:114,0
DA:119,0
DA:120,0
DA:123,0
DA:124,0
DA:127,0
DA:128,0
DA:132,0
DA:134,0
DA:135,0
DA:138,0
DA:139,0
DA:140,0
DA:141,0
DA:143,0
DA:146,0
DA:147,0
DA:148,0
DA:149,0
DA:150,0
DA:152,0
DA:156,0
DA:160,0
DA:164,0
DA:165,0
DA:167,0
DA:171,0
DA:173,0
DA:176,0
DA:177,0
DA:178,0
DA:179,0
DA:180,0
DA:182,0
DA:186,0
DA:190,0
DA:195,0
DA:196,0
DA:198,0
DA:203,0
DA:208,0
DA:210,0
DA:211,0
DA:212,0
DA:213,0
DA:214,0
DA:215,0
DA:217,0
DA:218,0
DA:222,0
DA:233,0
DA:234,0
DA:235,0
DA:236,0
DA:238,0
DA:239,0
DA:243,0
DA:257,0
DA:258,0
DA:260,0
DA:274,0
DA:275,0
DA:276,0
DA:278,0
DA:279,0
DA:281,0
DA:282,0
DA:284,0
DA:301,0
DA:303,0
DA:304,0
DA:305,0
DA:307,0
DA:308,0
DA:309,0
DA:311,0
DA:315,0
DA:316,0
DA:317,0
DA:319,0
DA:323,0
DA:327,0
DA:331,0
DA:333,0
DA:347,0
DA:360,0
DA:361,0
DA:362,0
DA:363,0
DA:365,0
DA:370,0
DA:371,0
DA:372,0
DA:373,0
DA:375,0
DA:380,0
DA:381,0
DA:382,0
DA:383,0
DA:385,0
DA:390,0
DA:416,0
DA:417,0
DA:419,0
DA:420,0
DA:421,0
DA:422,0
DA:423,0
DA:425,0
DA:426,0
DA:432,0
DA:433,0
DA:435,0
DA:439,0
DA:443,0
DA:450,0
DA:452,0
DA:454,0
DA:456,0
DA:483,2
DA:535,0
DA:537,0
DA:538,0
DA:544,0
DA:546,0
DA:549,0
DA:552,0
DA:556,0
LF:163
LH:2
BRDA:24,0,0,0
BRDA:24,0,1,0
BRDA:44,1,0,0
BRDA:44,1,1,0
BRDA:46,2,0,0
BRDA:46,2,1,0
BRDA:81,3,0,0
BRDA:81,3,1,0
BRDA:85,4,0,0
BRDA:85,4,1,0
BRDA:91,5,0,0
BRDA:91,5,1,0
BRDA:99,6,0,0
BRDA:99,6,1,0
BRDA:101,7,0,0
BRDA:101,7,1,0
BRDA:114,8,0,0
BRDA:114,8,1,0
BRDA:128,9,0,0
BRDA:128,9,1,0
BRDA:128,9,2,0
BRDA:128,9,3,0
BRDA:140,10,0,0
BRDA:140,10,1,0
BRDA:146,11,0,0
BRDA:146,11,1,0
BRDA:147,12,0,0
BRDA:147,12,1,0
BRDA:149,13,0,0
BRDA:149,13,1,0
BRDA:156,14,0,0
BRDA:156,14,1,0
BRDA:160,15,0,0
BRDA:160,15,1,0
BRDA:164,16,0,0
BRDA:164,16,1,0
BRDA:176,17,0,0
BRDA:176,17,1,0
BRDA:177,18,0,0
BRDA:177,18,1,0
BRDA:179,19,0,0
BRDA:179,19,1,0
BRDA:186,20,0,0
BRDA:186,20,1,0
BRDA:190,21,0,0
BRDA:190,21,1,0
BRDA:195,22,0,0
BRDA:195,22,1,0
BRDA:211,23,0,0
BRDA:211,23,1,0
BRDA:217,24,0,0
BRDA:217,24,1,0
BRDA:223,25,0,0
BRDA:223,25,1,0
BRDA:225,26,0,0
BRDA:225,26,1,0
BRDA:228,27,0,0
BRDA:228,27,1,0
BRDA:238,28,0,0
BRDA:238,28,1,0
BRDA:244,29,0,0
BRDA:244,29,1,0
BRDA:247,30,0,0
BRDA:247,30,1,0
BRDA:249,31,0,0
BRDA:249,31,1,0
BRDA:257,32,0,0
BRDA:257,32,1,0
BRDA:258,33,0,0
BRDA:258,33,1,0
BRDA:305,34,0,0
BRDA:305,34,1,0
BRDA:307,35,0,0
BRDA:307,35,1,0
BRDA:315,36,0,0
BRDA:315,36,1,0
BRDA:331,37,0,0
BRDA:331,37,1,0
BRDA:362,38,0,0
BRDA:362,38,1,0
BRDA:372,39,0,0
BRDA:372,39,1,0
BRDA:382,40,0,0
BRDA:382,40,1,0
BRDA:419,41,0,0
BRDA:419,41,1,0
BRDA:425,42,0,0
BRDA:425,42,1,0
BRDA:425,43,0,0
BRDA:425,43,1,0
BRDA:435,44,0,0
BRDA:435,44,1,0
BRDA:439,45,0,0
BRDA:439,45,1,0
BRDA:443,46,0,0
BRDA:443,46,1,0
BRDA:444,47,0,0
BRDA:444,47,1,0
BRDA:444,48,0,0
BRDA:444,48,1,0
BRDA:445,49,0,0
BRDA:445,49,1,0
BRDA:463,50,0,0
BRDA:463,50,1,0
BRDA:466,51,0,0
BRDA:466,51,1,0
BRDA:535,52,0,0
BRDA:535,52,1,0
BRDA:563,53,0,0
BRDA:563,53,1,0
BRDA:563,54,0,0
BRDA:563,54,1,0
BRF:112
BRH:0
end_of_record
TN:
SF:src/components/forms/inputs/inline/switchInput.tsx
FN:9,(anonymous_0)
FN:20,(anonymous_1)
FNF:2
FNH:0
FNDA:0,(anonymous_0)
FNDA:0,(anonymous_1)
DA:9,2
DA:10,0
DA:20,0
DA:28,2
LF:4
LH:2
BRDA:12,0,0,0
BRDA:12,0,1,0
BRF:2
BRH:0
end_of_record
TN:
SF:src/components/forms/inputs/inline/textInput.tsx
FN:17,(anonymous_0)
FN:58,(anonymous_1)
FN:68,(anonymous_2)
FNF:3
FNH:1
FNDA:10,(anonymous_0)
FNDA:0,(anonymous_1)
FNDA:0,(anonymous_2)
DA:17,2
DA:26,10
DA:27,10
DA:28,10
DA:30,10
DA:58,0
DA:69,0
DA:70,0
DA:89,2
LF:9
LH:6
BRDA:27,0,0,0
BRDA:27,0,1,10
BRDA:48,1,0,0
BRDA:48,1,1,10
BRDA:49,2,0,10
BRDA:49,2,1,10
BRDA:59,3,0,10
BRDA:59,3,1,10
BRDA:62,4,0,0
BRDA:62,4,1,10
BRDA:65,5,0,0
BRDA:65,5,1,10
BRDA:67,6,0,0
BRDA:67,6,1,0
BRDA:75,7,0,6
BRDA:75,7,1,4
BRF:16
BRH:10
end_of_record
TN:
SF:src/components/forms/inputs/labels/categorizedItemListLabel.tsx
FN:10,(anonymous_0)
FN:12,(anonymous_1)
FN:30,(anonymous_2)
FN:41,(anonymous_3)
FN:51,(anonymous_4)
FN:52,(anonymous_5)
FN:53,(anonymous_6)
FNF:7
FNH:1
FNDA:6,(anonymous_0)
FNDA:0,(anonymous_1)
FNDA:0,(anonymous_2)
FNDA:0,(anonymous_3)
FNDA:0,(anonymous_4)
FNDA:0,(anonymous_5)
FNDA:0,(anonymous_6)
DA:10,2
DA:12,6
DA:13,0
DA:14,0
DA:17,0
DA:20,6
DA:21,6
DA:28,0
DA:30,0
DA:31,0
DA:32,0
DA:34,0
DA:38,0
DA:42,0
DA:44,0
DA:45,0
DA:48,0
DA:49,0
DA:51,0
DA:52,0
DA:53,0
DA:55,0
DA:76,2
LF:23
LH:5
BRDA:13,0,0,0
BRDA:13,0,1,0
BRDA:20,1,0,6
BRDA:20,1,1,0
BRDA:20,2,0,6
BRDA:20,2,1,6
BRDA:22,3,0,0
BRDA:22,3,1,6
BRDA:31,4,0,0
BRDA:31,4,1,0
BRDA:44,5,0,0
BRDA:44,5,1,0
BRDA:52,6,0,0
BRDA:52,6,1,0
BRDA:56,7,0,0
BRDA:56,7,1,0
BRDA:64,8,0,0
BRDA:64,8,1,0
BRF:18
BRH:4
end_of_record
TN:
SF:src/components/forms/inputs/labels/permissionGroupListLabel.tsx
FN:12,(anonymous_0)
FN:14,(anonymous_1)
FN:37,(anonymous_2)
FNF:3
FNH:0
FNDA:0,(anonymous_0)
FNDA:0,(anonymous_1)
FNDA:0,(anonymous_2)
DA:10,2
DA:12,2
DA:14,0
DA:15,0
DA:16,0
DA:19,0
DA:22,0
DA:23,0
DA:31,0
DA:32,0
DA:34,0
DA:38,0
DA:51,2
LF:13
LH:3
BRDA:15,0,0,0
BRDA:15,0,1,0
BRDA:22,1,0,0
BRDA:22,1,1,0
BRDA:22,2,0,0
BRDA:22,2,1,0
BRDA:24,3,0,0
BRDA:24,3,1,0
BRDA:25,4,0,0
BRDA:25,4,1,0
BRF:10
BRH:0
end_of_record
TN:
SF:src/components/forms/inputs/labels/positionsLabel.tsx
FN:15,(anonymous_0)
FN:17,(anonymous_1)
FN:36,(anonymous_2)
FN:37,(anonymous_3)
FNF:4
FNH:1
FNDA:3,(anonymous_0)
FNDA:0,(anonymous_1)
FNDA:0,(anonymous_2)
FNDA:0,(anonymous_3)
DA:15,2
DA:17,3
DA:18,0
DA:19,0
DA:22,0
DA:25,3
DA:26,3
DA:33,0
DA:37,0
DA:38,0
DA:39,0
DA:42,0
DA:45,0
DA:50,0
DA:62,2
LF:15
LH:5
BRDA:18,0,0,0
BRDA:18,0,1,0
BRDA:25,1,0,3
BRDA:25,1,1,0
BRDA:25,2,0,3
BRDA:25,2,1,3
BRDA:27,3,0,0
BRDA:27,3,1,3
BRDA:38,4,0,0
BRDA:38,4,1,0
BRF:10
BRH:4
end_of_record
TN:
SF:src/components/forms/inputs/labels/recurringTimePeriodLabel.tsx
FN:11,(anonymous_0)
FN:13,(anonymous_1)
FN:21,(anonymous_2)
FN:25,(anonymous_3)
FN:46,(anonymous_4)
FN:68,(anonymous_5)
FN:107,(anonymous_6)
FNF:7
FNH:0
FNDA:0,(anonymous_0)
FNDA:0,(anonymous_1)
FNDA:0,(anonymous_2)
FNDA:0,(anonymous_3)
FNDA:0,(anonymous_4)
FNDA:0,(anonymous_5)
FNDA:0,(anonymous_6)
DA:11,2
DA:13,0
DA:14,0
DA:15,0
DA:18,0
DA:21,0
DA:22,0
DA:25,0
DA:26,0
DA:27,0
DA:29,0
DA:35,0
DA:41,0
DA:46,0
DA:47,0
DA:49,0
DA:50,0
DA:53,0
DA:54,0
DA:56,0
DA:58,0
DA:59,0
DA:60,0
DA:61,0
DA:63,0
DA:68,0
DA:69,0
DA:71,0
DA:72,0
DA:75,0
DA:76,0
DA:79,0
DA:82,0
DA:84,0
DA:85,0
DA:87,0
DA:89,0
DA:90,0
DA:93,0
DA:96,0
DA:107,2
DA:108,0
DA:113,2
LF:43
LH:3
BRDA:14,0,0,0
BRDA:14,0,1,0
BRDA:29,1,0,0
BRDA:29,1,1,0
BRDA:31,2,0,0
BRDA:31,2,1,0
BRDA:35,3,0,0
BRDA:35,3,1,0
BRDA:37,4,0,0
BRDA:37,4,1,0
BRDA:41,5,0,0
BRDA:41,5,1,0
BRDA:49,6,0,0
BRDA:49,6,1,0
BRDA:53,7,0,0
BRDA:53,7,1,0
BRDA:58,8,0,0
BRDA:58,8,1,0
BRDA:60,9,0,0
BRDA:60,9,1,0
BRDA:71,10,0,0
BRDA:71,10,1,0
BRDA:75,11,0,0
BRDA:75,11,1,0
BRDA:84,12,0,0
BRDA:84,12,1,0
BRDA:84,13,0,0
BRDA:84,13,1,0
BRDA:89,14,0,0
BRDA:89,14,1,0
BRF:30
BRH:0
end_of_record
TN:
SF:src/components/forms/inputs/labels/roleListLabel.tsx
FN:11,(anonymous_0)
FN:12,(anonymous_1)
FN:28,(anonymous_2)
FN:28,(anonymous_3)
FN:30,(anonymous_4)
FNF:5
FNH:0
FNDA:0,(anonymous_0)
FNDA:0,(anonymous_1)
FNDA:0,(anonymous_2)
FNDA:0,(anonymous_3)
FNDA:0,(anonymous_4)
DA:11,2
DA:12,0
DA:13,0
DA:14,0
DA:17,0
DA:20,0
DA:21,0
DA:28,0
DA:30,0
DA:31,0
DA:33,0
DA:34,0
DA:38,0
DA:58,2
LF:14
LH:2
BRDA:13,0,0,0
BRDA:13,0,1,0
BRDA:20,1,0,0
BRDA:20,1,1,0
BRDA:20,2,0,0
BRDA:20,2,1,0
BRDA:22,3,0,0
BRDA:22,3,1,0
BRDA:31,4,0,0
BRDA:31,4,1,0
BRDA:33,5,0,0
BRDA:33,5,1,0
BRDA:49,6,0,0
BRDA:49,6,1,0
BRF:14
BRH:0
end_of_record
TN:
SF:src/components/forms/inputs/labels/tagListLabel.tsx
FN:9,(anonymous_0)
FN:11,(anonymous_1)
FN:33,(anonymous_2)
FNF:3
FNH:0
FNDA:0,(anonymous_0)
FNDA:0,(anonymous_1)
FNDA:0,(anonymous_2)
DA:9,2
DA:11,0
DA:12,0
DA:13,0
DA:16,0
DA:19,0
DA:20,0
DA:27,0
DA:33,0
DA:41,2
LF:10
LH:2
BRDA:12,0,0,0
BRDA:12,0,1,0
BRDA:19,1,0,0
BRDA:19,1,1,0
BRDA:19,2,0,0
BRDA:19,2,1,0
BRDA:21,3,0,0
BRDA:21,3,1,0
BRDA:33,4,0,0
BRDA:33,4,1,0
BRDA:34,5,0,0
BRDA:34,5,1,0
BRF:12
BRH:0
end_of_record
TN:
SF:src/components/forms/inputs/screen/categorizedItemListInput.tsx
FN:24,(anonymous_0)
FN:33,(anonymous_1)
FN:48,(anonymous_2)
FN:66,(anonymous_3)
FN:77,(anonymous_4)
FN:86,(anonymous_5)
FN:95,(anonymous_6)
FN:96,(anonymous_7)
FN:108,(anonymous_8)
FN:110,(anonymous_9)
FN:117,(anonymous_10)
FN:120,(anonymous_11)
FN:128,(anonymous_12)
FN:129,(anonymous_13)
FN:130,(anonymous_14)
FN:135,(anonymous_15)
FN:142,(anonymous_16)
FN:143,(anonymous_17)
FN:147,(anonymous_18)
FN:154,(anonymous_19)
FN:154,(anonymous_20)
FN:164,(anonymous_21)
FN:173,(anonymous_22)
FN:186,(anonymous_23)
FN:191,(anonymous_24)
FN:193,(anonymous_25)
FN:201,(anonymous_26)
FN:202,(anonymous_27)
FN:209,(anonymous_28)
FN:210,(anonymous_29)
FN:226,(anonymous_30)
FN:251,(anonymous_31)
FN:259,(anonymous_32)
FN:266,(anonymous_33)
FN:270,(anonymous_34)
FNF:35
FNH:0
FNDA:0,(anonymous_0)
FNDA:0,(anonymous_1)
FNDA:0,(anonymous_2)
FNDA:0,(anonymous_3)
FNDA:0,(anonymous_4)
FNDA:0,(anonymous_5)
FNDA:0,(anonymous_6)
FNDA:0,(anonymous_7)
FNDA:0,(anonymous_8)
FNDA:0,(anonymous_9)
FNDA:0,(anonymous_10)
FNDA:0,(anonymous_11)
FNDA:0,(anonymous_12)
FNDA:0,(anonymous_13)
FNDA:0,(anonymous_14)
FNDA:0,(anonymous_15)
FNDA:0,(anonymous_16)
FNDA:0,(anonymous_17)
FNDA:0,(anonymous_18)
FNDA:0,(anonymous_19)
FNDA:0,(anonymous_20)
FNDA:0,(anonymous_21)
FNDA:0,(anonymous_22)
FNDA:0,(anonymous_23)
FNDA:0,(anonymous_24)
FNDA:0,(anonymous_25)
FNDA:0,(anonymous_26)
FNDA:0,(anonymous_27)
FNDA:0,(anonymous_28)
FNDA:0,(anonymous_29)
FNDA:0,(anonymous_30)
FNDA:0,(anonymous_31)
FNDA:0,(anonymous_32)
FNDA:0,(anonymous_33)
FNDA:0,(anonymous_34)
DA:24,2
DA:29,0
DA:31,0
DA:34,0
DA:48,0
DA:57,0
DA:58,0
DA:60,0
DA:61,0
DA:63,0
DA:67,0
DA:71,0
DA:72,0
DA:78,0
DA:79,0
DA:87,0
DA:88,0
DA:95,0
DA:96,0
DA:98,0
DA:99,0
DA:100,0
DA:101,0
DA:103,0
DA:104,0
DA:108,0
DA:109,0
DA:110,0
DA:112,0
DA:113,0
DA:115,0
DA:117,0
DA:120,0
DA:121,0
DA:122,0
DA:123,0
DA:126,0
DA:128,0
DA:129,0
DA:130,0
DA:135,0
DA:137,0
DA:138,0
DA:140,0
DA:142,0
DA:143,0
DA:145,0
DA:147,0
DA:149,0
DA:154,0
DA:155,0
DA:156,0
DA:157,0
DA:160,0
DA:165,0
DA:174,0
DA:186,0
DA:187,0
DA:193,0
DA:194,0
DA:201,0
DA:202,0
DA:204,0
DA:209,0
DA:210,0
DA:212,0
DA:213,0
DA:216,0
DA:226,0
DA:227,0
DA:230,0
DA:251,0
DA:252,0
DA:259,0
DA:266,0
DA:267,0
DA:270,0
DA:272,0
DA:285,0
DA:305,0
DA:312,2
LF:81
LH:2
BRDA:61,0,0,0
BRDA:61,0,1,0
BRDA:67,1,0,0
BRDA:67,1,1,0
BRDA:83,2,0,0
BRDA:83,2,1,0
BRDA:96,3,0,0
BRDA:96,3,1,0
BRDA:98,4,0,0
BRDA:98,4,1,0
BRDA:112,5,0,0
BRDA:112,5,1,0
BRDA:145,6,0,0
BRDA:145,6,1,0
BRDA:145,7,0,0
BRDA:145,7,1,0
BRDA:147,8,0,0
BRDA:147,8,1,0
BRDA:202,9,0,0
BRDA:202,9,1,0
BRDA:204,10,0,0
BRDA:204,10,1,0
BRDA:210,11,0,0
BRDA:210,11,1,0
BRDA:212,12,0,0
BRDA:212,12,1,0
BRDA:235,13,0,0
BRDA:235,13,1,0
BRDA:253,14,0,0
BRDA:253,14,1,0
BRDA:278,15,0,0
BRDA:278,15,1,0
BRDA:294,16,0,0
BRDA:294,16,1,0
BRF:34
BRH:0
end_of_record
TN:
SF:src/components/forms/inputs/screen/listInput.tsx
FN:9,(anonymous_0)
FN:16,(anonymous_1)
FN:24,(anonymous_2)
FN:39,(anonymous_3)
FNF:4
FNH:0
FNDA:0,(anonymous_0)
FNDA:0,(anonymous_1)
FNDA:0,(anonymous_2)
FNDA:0,(anonymous_3)
DA:9,2
DA:14,0
DA:16,0
DA:17,0
DA:18,0
DA:21,0
DA:25,0
DA:26,0
DA:36,0
DA:39,0
DA:48,0
LF:11
LH:1
BRF:0
BRH:0
end_of_record
TN:
SF:src/components/forms/inputs/screen/mapInput.tsx
FN:17,(anonymous_0)
FN:46,(anonymous_1)
FN:51,(anonymous_2)
FN:57,(anonymous_3)
FN:65,(anonymous_4)
FN:83,(anonymous_5)
FN:88,(anonymous_6)
FN:96,(anonymous_7)
FN:117,(anonymous_8)
FN:121,(anonymous_9)
FN:125,(anonymous_10)
FN:141,(anonymous_11)
FN:167,(anonymous_12)
FN:231,(anonymous_13)
FN:237,(anonymous_14)
FN:270,(anonymous_15)
FNF:16
FNH:0
FNDA:0,(anonymous_0)
FNDA:0,(anonymous_1)
FNDA:0,(anonymous_2)
FNDA:0,(anonymous_3)
FNDA:0,(anonymous_4)
FNDA:0,(anonymous_5)
FNDA:0,(anonymous_6)
FNDA:0,(anonymous_7)
FNDA:0,(anonymous_8)
FNDA:0,(anonymous_9)
FNDA:0,(anonymous_10)
FNDA:0,(anonymous_11)
FNDA:0,(anonymous_12)
FNDA:0,(anonymous_13)
FNDA:0,(anonymous_14)
FNDA:0,(anonymous_15)
DA:17,2
DA:18,0
DA:20,0
DA:22,0
DA:23,0
DA:24,0
DA:25,0
DA:26,0
DA:27,0
DA:29,0
DA:32,0
DA:34,0
DA:42,0
DA:44,0
DA:46,0
DA:47,0
DA:48,0
DA:51,0
DA:52,0
DA:53,0
DA:54,0
DA:57,0
DA:58,0
DA:60,0
DA:65,0
DA:66,0
DA:72,0
DA:73,0
DA:74,0
DA:75,0
DA:77,0
DA:79,0
DA:83,0
DA:84,0
DA:85,0
DA:88,0
DA:89,0
DA:90,0
DA:91,0
DA:92,0
DA:93,0
DA:96,0
DA:97,0
DA:98,0
DA:99,0
DA:101,0
DA:104,0
DA:106,0
DA:111,0
DA:117,0
DA:118,0
DA:121,0
DA:122,0
DA:125,0
DA:126,0
DA:127,0
DA:129,0
DA:135,0
DA:137,0
DA:141,0
DA:142,0
DA:143,0
DA:144,0
DA:147,0
DA:167,0
DA:232,0
DA:237,0
DA:270,2
DA:271,0
DA:287,2
LF:70
LH:3
BRDA:34,0,0,0
BRDA:34,0,1,0
BRDA:42,1,0,0
BRDA:42,1,1,0
BRDA:126,2,0,0
BRDA:126,2,1,0
BRDA:132,3,0,0
BRDA:132,3,1,0
BRDA:159,4,0,0
BRDA:159,4,1,0
BRDA:164,5,0,0
BRDA:164,5,1,0
BRDA:165,6,0,0
BRDA:165,6,1,0
BRDA:215,7,0,0
BRDA:215,7,1,0
BRDA:219,8,0,0
BRDA:219,8,1,0
BRDA:226,9,0,0
BRDA:226,9,1,0
BRDA:259,10,0,0
BRDA:259,10,1,0
BRF:22
BRH:0
end_of_record
TN:
SF:src/components/forms/inputs/screen/nestedListInput.tsx
FN:11,(anonymous_0)
FN:18,(anonymous_1)
FN:23,(anonymous_2)
FN:42,(anonymous_3)
FN:58,(anonymous_4)
FN:61,(anonymous_5)
FN:72,(anonymous_6)
FN:77,(anonymous_7)
FNF:8
FNH:0
FNDA:0,(anonymous_0)
FNDA:0,(anonymous_1)
FNDA:0,(anonymous_2)
FNDA:0,(anonymous_3)
FNDA:0,(anonymous_4)
FNDA:0,(anonymous_5)
FNDA:0,(anonymous_6)
FNDA:0,(anonymous_7)
DA:11,2
DA:12,0
DA:14,0
DA:16,0
DA:18,0
DA:19,0
DA:20,0
DA:23,0
DA:24,0
DA:26,0
DA:27,0
DA:29,0
DA:30,0
DA:33,0
DA:36,0
DA:39,0
DA:43,0
DA:44,0
DA:53,0
DA:60,0
DA:62,0
DA:64,0
DA:68,0
DA:72,0
DA:77,0
DA:80,0
DA:93,2
LF:27
LH:2
BRDA:26,0,0,0
BRDA:26,0,1,0
BRDA:29,1,0,0
BRDA:29,1,1,0
BRDA:64,2,0,0
BRDA:64,2,1,0
BRDA:74,3,0,0
BRDA:74,3,1,0
BRDA:77,4,0,0
BRDA:77,4,1,0
BRF:10
BRH:0
end_of_record
TN:
SF:src/components/forms/inputs/screen/permissionGroupListInput.tsx
FN:71,(anonymous_0)
FN:75,(anonymous_1)
FN:78,(anonymous_2)
FN:82,(anonymous_3)
FN:91,(anonymous_4)
FN:92,(anonymous_5)
FN:101,(anonymous_6)
FN:106,(anonymous_7)
FN:112,(anonymous_8)
FN:131,(anonymous_9)
FN:148,(anonymous_10)
FN:167,(anonymous_11)
FNF:12
FNH:0
FNDA:0,(anonymous_0)
FNDA:0,(anonymous_1)
FNDA:0,(anonymous_2)
FNDA:0,(anonymous_3)
FNDA:0,(anonymous_4)
FNDA:0,(anonymous_5)
FNDA:0,(anonymous_6)
FNDA:0,(anonymous_7)
FNDA:0,(anonymous_8)
FNDA:0,(anonymous_9)
FNDA:0,(anonymous_10)
FNDA:0,(anonymous_11)
DA:20,2
DA:69,0
DA:71,0
DA:72,0
DA:75,0
DA:76,0
DA:78,0
DA:79,0
DA:81,0
DA:82,0
DA:83,0
DA:88,0
DA:91,0
DA:92,0
DA:93,0
DA:94,0
DA:95,0
DA:96,0
DA:101,0
DA:102,0
DA:103,0
DA:107,0
DA:109,0
DA:113,0
DA:114,0
DA:124,0
DA:126,0
DA:132,0
DA:135,0
DA:137,0
DA:149,0
DA:150,0
DA:151,0
DA:152,0
DA:153,0
DA:155,0
DA:162,0
DA:167,0
DA:217,2
LF:39
LH:2
BRDA:81,0,0,0
BRDA:81,0,1,0
BRDA:81,1,0,0
BRDA:81,1,1,0
BRDA:93,2,0,0
BRDA:93,2,1,0
BRDA:95,3,0,0
BRDA:95,3,1,0
BRDA:135,4,0,0
BRDA:135,4,1,0
BRDA:138,5,0,0
BRDA:138,5,1,0
BRDA:152,6,0,0
BRDA:152,6,1,0
BRDA:152,6,2,0
BRDA:155,7,0,0
BRDA:155,7,1,0
BRDA:157,8,0,0
BRDA:157,8,1,0
BRDA:171,9,0,0
BRDA:171,9,1,0
BRDA:171,10,0,0
BRDA:171,10,1,0
BRDA:188,11,0,0
BRDA:188,11,1,0
BRDA:188,12,0,0
BRDA:188,12,1,0
BRDA:188,12,2,0
BRF:28
BRH:0
end_of_record
TN:
SF:src/components/forms/inputs/screen/positionsInput.tsx
FN:21,(anonymous_0)
FN:38,(anonymous_1)
FN:44,(anonymous_2)
FN:48,(anonymous_3)
FN:58,(anonymous_4)
FN:59,(anonymous_5)
FN:63,(anonymous_6)
FN:66,(anonymous_7)
FN:77,(anonymous_8)
FN:77,(anonymous_9)
FN:78,(anonymous_10)
FN:82,(anonymous_11)
FN:92,(anonymous_12)
FN:101,(anonymous_13)
FN:105,(anonymous_14)
FN:108,(anonymous_15)
FN:126,(anonymous_16)
FN:138,(anonymous_17)
FN:139,(anonymous_18)
FN:142,(anonymous_19)
FNF:20
FNH:0
FNDA:0,(anonymous_0)
FNDA:0,(anonymous_1)
FNDA:0,(anonymous_2)
FNDA:0,(anonymous_3)
FNDA:0,(anonymous_4)
FNDA:0,(anonymous_5)
FNDA:0,(anonymous_6)
FNDA:0,(anonymous_7)
FNDA:0,(anonymous_8)
FNDA:0,(anonymous_9)
FNDA:0,(anonymous_10)
FNDA:0,(anonymous_11)
FNDA:0,(anonymous_12)
FNDA:0,(anonymous_13)
FNDA:0,(anonymous_14)
FNDA:0,(anonymous_15)
FNDA:0,(anonymous_16)
FNDA:0,(anonymous_17)
FNDA:0,(anonymous_18)
FNDA:0,(anonymous_19)
DA:21,2
DA:26,0
DA:34,0
DA:36,0
DA:39,0
DA:45,0
DA:46,0
DA:48,0
DA:58,0
DA:60,0
DA:61,0
DA:63,0
DA:66,0
DA:77,0
DA:79,0
DA:80,0
DA:82,0
DA:92,0
DA:101,0
DA:102,0
DA:106,0
DA:108,0
DA:110,0
DA:112,0
DA:113,0
DA:115,0
DA:117,0
DA:120,0
DA:121,0
DA:127,0
DA:128,0
DA:135,0
DA:138,0
DA:139,0
DA:140,0
DA:142,0
DA:144,0
DA:146,0
DA:148,0
DA:151,0
DA:163,0
DA:172,0
DA:177,2
LF:43
LH:2
BRDA:26,0,0,0
BRDA:26,0,1,0
BRDA:60,1,0,0
BRDA:60,1,1,0
BRDA:77,2,0,0
BRDA:77,2,1,0
BRDA:112,3,0,0
BRDA:112,3,1,0
BRDA:151,4,0,0
BRDA:151,4,1,0
BRF:10
BRH:0
end_of_record
TN:
SF:src/components/forms/inputs/screen/recurringTimePeriodInput.tsx
FN:35,(anonymous_0)
FN:89,(anonymous_1)
FN:96,(anonymous_2)
FN:98,(anonymous_3)
FN:103,(anonymous_4)
FN:123,(anonymous_5)
FN:127,(anonymous_6)
FN:138,(anonymous_7)
FN:142,(anonymous_8)
FN:149,(anonymous_9)
FN:161,(anonymous_10)
FN:170,(anonymous_11)
FN:183,(anonymous_12)
FN:194,(anonymous_13)
FN:205,(anonymous_14)
FN:218,(anonymous_15)
FN:229,(anonymous_16)
FN:247,(anonymous_17)
FN:252,(anonymous_18)
FN:257,(anonymous_19)
FN:261,(anonymous_20)
FN:264,(anonymous_21)
FN:268,(anonymous_22)
FN:281,(anonymous_23)
FN:294,(anonymous_24)
FN:322,(anonymous_25)
FN:333,(anonymous_26)
FN:340,(anonymous_27)
FN:341,(anonymous_28)
FN:372,(anonymous_29)
FN:385,(anonymous_30)
FN:459,(anonymous_31)
FN:471,(anonymous_32)
FN:491,(anonymous_33)
FN:494,(anonymous_34)
FN:498,(anonymous_35)
FNF:36
FNH:1
FNDA:8,(anonymous_0)
FNDA:0,(anonymous_1)
FNDA:0,(anonymous_2)
FNDA:0,(anonymous_3)
FNDA:0,(anonymous_4)
FNDA:0,(anonymous_5)
FNDA:0,(anonymous_6)
FNDA:0,(anonymous_7)
FNDA:0,(anonymous_8)
FNDA:0,(anonymous_9)
FNDA:0,(anonymous_10)
FNDA:0,(anonymous_11)
FNDA:0,(anonymous_12)
FNDA:0,(anonymous_13)
FNDA:0,(anonymous_14)
FNDA:0,(anonymous_15)
FNDA:0,(anonymous_16)
FNDA:0,(anonymous_17)
FNDA:0,(anonymous_18)
FNDA:0,(anonymous_19)
FNDA:0,(anonymous_20)
FNDA:0,(anonymous_21)
FNDA:0,(anonymous_22)
FNDA:0,(anonymous_23)
FNDA:0,(anonymous_24)
FNDA:0,(anonymous_25)
FNDA:0,(anonymous_26)
FNDA:0,(anonymous_27)
FNDA:0,(anonymous_28)
FNDA:0,(anonymous_29)
FNDA:0,(anonymous_30)
FNDA:0,(anonymous_31)
FNDA:0,(anonymous_32)
FNDA:0,(anonymous_33)
FNDA:0,(anonymous_34)
FNDA:0,(anonymous_35)
DA:20,2
DA:35,2
DA:36,8
DA:38,8
DA:39,2184
DA:42,8
DA:45,2
DA:46,2
DA:47,2
DA:48,2
DA:50,2
DA:81,2
DA:89,2
DA:90,0
DA:92,0
DA:93,0
DA:94,0
DA:96,0
DA:98,0
DA:99,0
DA:100,0
DA:103,0
DA:104,0
DA:105,0
DA:106,0
DA:110,0
DA:111,0
DA:112,0
DA:114,0
DA:115,0
DA:117,0
DA:127,0
DA:135,0
DA:138,0
DA:139,0
DA:142,0
DA:143,0
DA:144,0
DA:146,0
DA:149,0
DA:150,0
DA:151,0
DA:154,0
DA:155,0
DA:158,0
DA:161,0
DA:162,0
DA:163,0
DA:165,0
DA:167,0
DA:170,0
DA:171,0
DA:172,0
DA:174,0
DA:175,0
DA:176,0
DA:179,0
DA:183,0
DA:184,0
DA:186,0
DA:187,0
DA:188,0
DA:191,0
DA:194,0
DA:195,0
DA:197,0
DA:198,0
DA:199,0
DA:202,0
DA:205,0
DA:206,0
DA:208,0
DA:210,0
DA:215,0
DA:218,0
DA:219,0
DA:221,0
DA:226,0
DA:229,0
DA:230,0
DA:232,0
DA:233,0
DA:238,0
DA:244,0
DA:247,0
DA:248,0
DA:249,0
DA:252,0
DA:253,0
DA:254,0
DA:257,0
DA:258,0
DA:261,0
DA:262,0
DA:264,0
DA:265,0
DA:268,0
DA:269,0
DA:272,0
DA:273,0
DA:274,0
DA:277,0
DA:281,0
DA:282,0
DA:285,0
DA:286,0
DA:287,0
DA:290,0
DA:294,0
DA:295,0
DA:297,0
DA:298,0
DA:300,0
DA:301,0
DA:304,0
DA:305,0
DA:308,0
DA:311,0
DA:313,0
DA:317,0
DA:318,0
DA:319,0
DA:320,0
DA:322,0
DA:323,0
DA:325,0
DA:334,0
DA:340,0
DA:341,0
DA:343,0
DA:372,0
DA:382,0
DA:386,0
DA:387,0
DA:396,0
DA:459,0
DA:471,2
DA:476,0
DA:491,2
DA:492,0
DA:495,0
DA:497,0
DA:498,0
DA:509,2
LF:144
LH:16
BRDA:110,0,0,0
BRDA:110,0,1,0
BRDA:114,1,0,0
BRDA:114,1,1,0
BRDA:154,2,0,0
BRDA:154,2,1,0
BRDA:154,3,0,0
BRDA:154,3,1,0
BRDA:171,4,0,0
BRDA:171,4,1,0
BRDA:174,5,0,0
BRDA:174,5,1,0
BRDA:186,6,0,0
BRDA:186,6,1,0
BRDA:197,7,0,0
BRDA:197,7,1,0
BRDA:232,8,0,0
BRDA:232,8,1,0
BRDA:238,9,0,0
BRDA:238,9,1,0
BRDA:239,10,0,0
BRDA:239,10,1,0
BRDA:240,11,0,0
BRDA:240,11,1,0
BRDA:241,12,0,0
BRDA:241,12,1,0
BRDA:242,13,0,0
BRDA:242,13,1,0
BRDA:272,14,0,0
BRDA:272,14,1,0
BRDA:285,15,0,0
BRDA:285,15,1,0
BRDA:297,16,0,0
BRDA:297,16,1,0
BRDA:300,17,0,0
BRDA:300,17,1,0
BRDA:304,18,0,0
BRDA:304,18,1,0
BRDA:319,19,0,0
BRDA:319,19,1,0
BRDA:320,20,0,0
BRDA:320,20,1,0
BRDA:325,21,0,0
BRDA:325,21,1,0
BRDA:326,22,0,0
BRDA:326,22,1,0
BRDA:328,23,0,0
BRDA:328,23,1,0
BRDA:347,24,0,0
BRDA:347,24,1,0
BRDA:352,25,0,0
BRDA:352,25,1,0
BRDA:356,26,0,0
BRDA:356,26,1,0
BRDA:360,27,0,0
BRDA:360,27,1,0
BRDA:415,28,0,0
BRDA:415,28,1,0
BRDA:421,29,0,0
BRDA:421,29,1,0
BRDA:442,30,0,0
BRDA:442,30,1,0
BRDA:442,31,0,0
BRDA:442,31,1,0
BRDA:455,32,0,0
BRDA:455,32,1,0
BRDA:455,33,0,0
BRDA:455,33,1,0
BRDA:478,34,0,0
BRDA:478,34,1,0
BRDA:479,35,0,0
BRDA:479,35,1,0
BRDA:498,36,0,0
BRDA:498,36,1,0
BRF:74
BRH:0
end_of_record
TN:
SF:src/components/forms/inputs/screen/roleListInput.tsx
FN:20,(anonymous_0)
FN:27,(anonymous_1)
FN:34,(anonymous_2)
FN:47,(anonymous_3)
FN:51,(anonymous_4)
FN:58,(anonymous_5)
FN:67,(anonymous_6)
FN:79,(anonymous_7)
FN:81,(anonymous_8)
FN:88,(anonymous_9)
FN:89,(anonymous_10)
FN:90,(anonymous_11)
FN:98,(anonymous_12)
FN:99,(anonymous_13)
FNF:14
FNH:0
FNDA:0,(anonymous_0)
FNDA:0,(anonymous_1)
FNDA:0,(anonymous_2)
FNDA:0,(anonymous_3)
FNDA:0,(anonymous_4)
FNDA:0,(anonymous_5)
FNDA:0,(anonymous_6)
FNDA:0,(anonymous_7)
FNDA:0,(anonymous_8)
FNDA:0,(anonymous_9)
FNDA:0,(anonymous_10)
FNDA:0,(anonymous_11)
FNDA:0,(anonymous_12)
FNDA:0,(anonymous_13)
DA:20,2
DA:25,0
DA:28,0
DA:34,0
DA:43,0
DA:45,0
DA:47,0
DA:48,0
DA:52,0
DA:53,0
DA:59,0
DA:60,0
DA:68,0
DA:76,0
DA:79,0
DA:80,0
DA:82,0
DA:85,0
DA:88,0
DA:89,0
DA:91,0
DA:98,0
DA:99,0
DA:105,0
DA:113,0
DA:121,2
LF:26
LH:2
BRDA:64,0,0,0
BRDA:64,0,1,0
BRDA:82,1,0,0
BRDA:82,1,1,0
BRF:4
BRH:0
end_of_record
TN:
SF:src/components/forms/inputs/screen/textAreaInput.tsx
FN:13,(anonymous_0)
FN:17,(anonymous_1)
FN:22,(anonymous_2)
FN:38,(anonymous_3)
FN:66,(anonymous_4)
FNF:5
FNH:4
FNDA:4,(anonymous_0)
FNDA:1,(anonymous_1)
FNDA:0,(anonymous_2)
FNDA:4,(anonymous_3)
FNDA:1,(anonymous_4)
DA:13,2
DA:15,4
DA:17,4
DA:18,1
DA:19,1
DA:22,4
DA:23,0
DA:24,0
DA:27,4
DA:38,4
DA:39,4
DA:40,4
DA:43,0
DA:44,0
DA:46,0
DA:53,4
DA:67,1
DA:68,1
DA:78,2
LF:19
LH:14
BRDA:39,0,0,4
BRDA:39,0,1,0
BRDA:67,1,0,0
BRDA:67,1,1,1
BRF:4
BRH:2
end_of_record
TN:
SF:src/components/header/header.tsx
FN:19,(anonymous_0)
FN:31,(anonymous_1)
FN:35,(anonymous_2)
FN:37,(anonymous_3)
FN:70,(anonymous_4)
FN:77,(anonymous_5)
FN:81,(anonymous_6)
FN:92,(anonymous_7)
FN:112,(anonymous_8)
FN:163,(anonymous_9)
FN:169,(anonymous_10)
FN:170,(anonymous_11)
FN:180,(anonymous_12)
FN:201,(anonymous_13)
FN:202,(anonymous_14)
FN:203,(anonymous_15)
FN:220,(anonymous_16)
FN:225,(anonymous_17)
FN:235,(anonymous_18)
FNF:19
FNH:14
FNDA:21,(anonymous_0)
FNDA:1,(anonymous_1)
FNDA:1,(anonymous_2)
FNDA:12,(anonymous_3)
FNDA:0,(anonymous_4)
FNDA:0,(anonymous_5)
FNDA:0,(anonymous_6)
FNDA:8,(anonymous_7)
FNDA:9,(anonymous_8)
FNDA:1,(anonymous_9)
FNDA:5,(anonymous_10)
FNDA:1,(anonymous_11)
FNDA:5,(anonymous_12)
FNDA:1,(anonymous_13)
FNDA:4,(anonymous_14)
FNDA:0,(anonymous_15)
FNDA:4,(anonymous_16)
FNDA:1,(anonymous_17)
FNDA:0,(anonymous_18)
DA:19,1
DA:20,21
DA:21,8
DA:24,13
DA:25,13
DA:27,13
DA:31,13
DA:32,1
DA:35,13
DA:37,13
DA:38,12
DA:39,3
DA:42,9
DA:46,9
DA:51,9
DA:56,9
DA:64,9
DA:70,9
DA:71,0
DA:81,0
DA:88,9
DA:90,9
DA:92,9
DA:93,8
DA:105,9
DA:113,9
DA:117,9
DA:163,13
DA:164,1
DA:169,1
DA:170,5
DA:171,1
DA:172,0
DA:175,1
DA:176,1
DA:180,1
DA:181,5
DA:194,1
DA:201,13
DA:202,1
DA:203,4
DA:204,0
DA:205,0
DA:208,0
DA:209,0
DA:210,0
DA:211,0
DA:214,0
DA:218,1
DA:220,4
DA:225,13
DA:226,1
DA:235,0
DA:249,13
DA:259,1
LF:55
LH:44
BRDA:20,0,0,8
BRDA:20,0,1,13
BRDA:27,1,0,7
BRDA:27,1,1,6
BRDA:38,2,0,3
BRDA:38,2,1,9
BRDA:42,3,0,1
BRDA:42,3,1,8
BRDA:42,4,0,9
BRDA:42,4,1,1
BRDA:46,5,0,4
BRDA:46,5,1,5
BRDA:46,6,0,9
BRDA:46,6,1,5
BRDA:51,7,0,9
BRDA:51,7,1,9
BRDA:56,8,0,0
BRDA:56,8,1,9
BRDA:57,9,0,0
BRDA:57,9,1,0
BRDA:60,10,0,0
BRDA:60,10,1,9
BRDA:64,11,0,0
BRDA:64,11,1,9
BRDA:66,12,0,0
BRDA:66,12,1,9
BRDA:76,13,0,0
BRDA:76,13,1,0
BRDA:80,14,0,0
BRDA:80,14,1,0
BRDA:97,15,0,4
BRDA:97,15,1,4
BRDA:109,16,0,9
BRDA:109,16,1,0
BRDA:113,17,0,8
BRDA:113,17,1,1
BRDA:115,18,0,1
BRDA:115,18,1,1
BRDA:132,19,0,9
BRDA:132,19,1,0
BRDA:133,20,0,9
BRDA:133,20,1,0
BRDA:140,21,0,4
BRDA:140,21,1,5
BRDA:171,22,0,0
BRDA:171,22,1,1
BRDA:187,23,0,0
BRDA:187,23,1,5
BRDA:204,24,0,0
BRDA:204,24,1,0
BRDA:208,25,0,0
BRDA:208,25,1,0
BRDA:210,26,0,0
BRDA:210,26,1,0
BRDA:220,27,0,0
BRDA:220,27,1,4
BRDA:226,28,0,0
BRDA:226,28,1,1
BRDA:232,29,0,0
BRDA:232,29,1,1
BRDA:232,30,0,0
BRDA:232,30,1,1
BRDA:237,31,0,0
BRDA:237,31,1,1
BRDA:249,32,0,1
BRDA:249,32,1,12
BRF:66
BRH:40
end_of_record
TN:
SF:src/components/header/headerConfig.ts
FN:24,(anonymous_0)
FN:72,(anonymous_1)
FN:85,(anonymous_2)
FN:89,(anonymous_3)
FN:98,(anonymous_4)
FN:101,(anonymous_5)
FN:106,(anonymous_6)
FN:107,(anonymous_7)
[...]
FN:658,(anonymous_86)
FN:666,(anonymous_87)
FN:671,(anonymous_88)
FN:676,(anonymous_89)
FN:686,(anonymous_90)
FNF:91
FNH:33
FNDA:0,(anonymous_0)
FNDA:0,(anonymous_1)
FNDA:0,(anonymous_2)
FNDA:0,(anonymous_3)
FNDA:0,(anonymous_4)
FNDA:0,(anonymous_5)
FNDA:1,(anonymous_6)
FNDA:1,(anonymous_7)
FNDA:2,(anonymous_8)
FNDA:3,(anonymous_9)
FNDA:3,(anonymous_10)
FNDA:1,(anonymous_11)
FNDA:3,(anonymous_12)
FNDA:3,(anonymous_13)
FNDA:0,(anonymous_14)
FNDA:0,(anonymous_15)
FNDA:3,(anonymous_16)
FNDA:1,(anonymous_17)
FNDA:0,(anonymous_18)
FNDA:0,(anonymous_19)
FNDA:0,(anonymous_20)
FNDA:0,(anonymous_21)
FNDA:0,(anonymous_22)
FNDA:1,(anonymous_23)
FNDA:2,(anonymous_24)
FNDA:2,(anonymous_25)
FNDA:2,(anonymous_26)
FNDA:0,(anonymous_27)
FNDA:2,(anonymous_28)
FNDA:1,(anonymous_29)
FNDA:0,(anonymous_30)
FNDA:2,(anonymous_31)
FNDA:0,(anonymous_32)
FNDA:0,(anonymous_33)
FNDA:0,(anonymous_34)
FNDA:0,(anonymous_35)
FNDA:0,(anonymous_36)
FNDA:0,(anonymous_37)
FNDA:0,(anonymous_38)
FNDA:2,(anonymous_39)
FNDA:4,(anonymous_40)
FNDA:2,(anonymous_41)
FNDA:3,(anonymous_42)
FNDA:2,(anonymous_43)
FNDA:2,(anonymous_44)
FNDA:2,(anonymous_45)
FNDA:0,(anonymous_46)
FNDA:2,(anonymous_47)
FNDA:1,(anonymous_48)
FNDA:2,(anonymous_49)
FNDA:0,(anonymous_50)
FNDA:0,(anonymous_51)
FNDA:0,(anonymous_52)
FNDA:0,(anonymous_53)
FNDA:0,(anonymous_54)
FNDA:0,(anonymous_55)
FNDA:0,(anonymous_56)
FNDA:0,(anonymous_57)
FNDA:0,(anonymous_58)
FNDA:0,(anonymous_59)
FNDA:0,(anonymous_60)
FNDA:0,(anonymous_61)
FNDA:2,(anonymous_62)
FNDA:0,(anonymous_63)
FNDA:2,(anonymous_64)
FNDA:0,(anonymous_65)
FNDA:0,(anonymous_66)
FNDA:0,(anonymous_67)
FNDA:3,(anonymous_68)
FNDA:1,(anonymous_69)
FNDA:0,(anonymous_70)
FNDA:0,(anonymous_71)
FNDA:0,(anonymous_72)
FNDA:0,(anonymous_73)
FNDA:0,(anonymous_74)
FNDA:0,(anonymous_75)
FNDA:1,(anonymous_76)
FNDA:0,(anonymous_77)
FNDA:0,(anonymous_78)
FNDA:0,(anonymous_79)
FNDA:0,(anonymous_80)
FNDA:0,(anonymous_81)
FNDA:0,(anonymous_82)
FNDA:0,(anonymous_83)
FNDA:0,(anonymous_84)
FNDA:0,(anonymous_85)
FNDA:0,(anonymous_86)
FNDA:0,(anonymous_87)
FNDA:0,(anonymous_88)
FNDA:1,(anonymous_89)
FNDA:0,(anonymous_90)
DA:15,1
DA:22,0
DA:25,0
DA:28,1
DA:34,0
DA:37,0
DA:40,1
DA:45,0
DA:48,0
DA:51,1
DA:53,1
DA:54,1
DA:55,1
DA:58,1
DA:62,1
DA:64,1
DA:65,0
DA:67,2
DA:72,3
DA:76,3
DA:78,3
DA:84,1
DA:86,1
DA:87,0
DA:89,1
DA:94,3
DA:98,3
DA:104,0
DA:108,3
DA:109,1
DA:110,1
DA:115,0
DA:116,0
DA:117,0
DA:119,0
DA:124,1
DA:126,1
DA:127,2
DA:130,1
DA:134,2
DA:136,2
DA:137,2
DA:138,2
DA:140,2
DA:141,2
DA:143,2
DA:144,0
DA:147,2
DA:149,2
DA:155,2
DA:159,2
DA:163,1
DA:167,0
DA:178,2
DA:179,2
DA:186,0
DA:187,0
DA:188,0
DA:190,0
DA:191,0
DA:192,0
DA:194,0
DA:195,0
DA:198,0
DA:200,0
DA:201,0
DA:204,0
DA:205,0
DA:207,0
DA:208,0
DA:211,0
DA:215,0
DA:232,0
DA:233,0
DA:235,0
DA:238,0
DA:239,0
DA:241,0
DA:242,0
DA:244,0
DA:245,0
DA:246,0
DA:248,0
DA:249,0
DA:250,0
DA:251,0
DA:255,0
DA:257,0
DA:258,0
DA:260,0
DA:261,0
DA:263,0
DA:264,0
DA:266,0
DA:267,0
DA:269,0
DA:270,0
DA:272,0
DA:274,0
DA:275,0
DA:278,0
DA:280,0
DA:281,0
DA:283,0
DA:284,0
DA:285,0
DA:288,0
DA:289,0
DA:292,0
DA:294,0
DA:295,0
DA:297,0
DA:298,0
DA:299,0
DA:300,0
DA:303,0
DA:304,0
DA:307,0
DA:308,0
DA:310,0
DA:311,0
DA:313,0
DA:314,0
DA:315,0
DA:316,0
DA:319,0
DA:322,0
DA:323,0
DA:326,0
DA:327,0
DA:329,0
DA:330,0
DA:332,0
DA:333,0
DA:338,0
DA:339,0
DA:340,0
DA:342,0
DA:353,1
DA:354,2
DA:356,4
DA:357,3
DA:362,2
DA:363,2
DA:364,2
DA:365,2
DA:366,2
DA:371,2
DA:378,0
DA:385,2
DA:386,1
DA:390,1
DA:392,0
DA:394,0
DA:400,2
DA:401,0
DA:403,0
DA:405,0
DA:407,0
DA:413,0
DA:416,1
DA:417,0
DA:424,1
DA:425,0
DA:432,1
DA:433,0
DA:434,0
DA:436,0
DA:443,1
DA:444,0
DA:447,1
DA:448,0
DA:449,0
DA:460,0
DA:461,0
DA:470,0
DA:474,0
DA:475,0
DA:476,0
DA:480,2
DA:481,2
DA:484,2
DA:486,2
DA:488,2
DA:489,0
DA:490,0
DA:493,0
DA:494,0
DA:498,2
DA:501,0
DA:504,2
DA:505,2
DA:506,2
DA:509,0
DA:514,0
DA:516,0
DA:520,0
DA:522,0
DA:523,0
DA:528,3
DA:529,2
DA:532,1
DA:533,1
DA:538,0
DA:539,0
DA:543,0
DA:544,0
DA:548,0
DA:549,0
DA:553,0
DA:554,0
DA:558,0
DA:560,0
DA:561,0
DA:567,0
DA:572,0
DA:577,0
DA:581,1
DA:584,1
DA:585,1
DA:587,0
DA:590,0
DA:592,0
DA:596,0
DA:597,0
DA:601,0
DA:602,0
DA:606,0
DA:607,0
DA:611,0
DA:615,0
DA:618,0
DA:622,0
DA:623,0
DA:625,0
DA:626,0
DA:629,0
DA:630,0
DA:632,0
DA:633,0
DA:634,0
DA:636,0
DA:638,0
DA:646,0
DA:647,0
DA:649,0
DA:650,0
DA:656,0
DA:658,0
DA:659,0
DA:662,0
DA:667,0
DA:668,0
DA:672,0
DA:673,0
DA:677,1
DA:687,0
DA:689,0
DA:690,0
LF:259
LH:76
BRDA:22,0,0,0
BRDA:22,0,1,0
BRDA:34,1,0,0
BRDA:34,1,1,0
BRDA:37,2,0,0
BRDA:37,2,1,0
BRDA:45,3,0,0
BRDA:45,3,1,0
BRDA:48,4,0,0
BRDA:48,4,1,0
BRDA:64,5,0,0
BRDA:64,5,1,1
BRDA:78,6,0,1
BRDA:78,6,1,2
BRDA:86,7,0,0
BRDA:86,7,1,1
BRDA:94,8,0,3
BRDA:94,8,1,2
BRDA:98,9,0,0
BRDA:98,9,1,3
BRDA:110,10,0,1
BRDA:110,10,1,1
BRDA:117,11,0,0
BRDA:117,11,1,0
BRDA:136,12,0,2
BRDA:136,12,1,0
BRDA:178,13,0,2
BRDA:178,13,1,0
BRDA:191,14,0,0
BRDA:191,14,1,0
BRDA:194,15,0,0
BRDA:194,15,1,0
BRDA:204,16,0,0
BRDA:204,16,1,0
BRDA:207,17,0,0
BRDA:207,17,1,0
BRDA:207,18,0,0
BRDA:207,18,1,0
BRDA:235,19,0,0
BRDA:235,19,1,0
BRDA:235,20,0,0
BRDA:235,20,1,0
BRDA:238,21,0,0
BRDA:238,21,1,0
BRDA:257,22,0,0
BRDA:257,22,1,0
BRDA:260,23,0,0
BRDA:260,23,1,0
BRDA:263,24,0,0
BRDA:263,24,1,0
BRDA:266,25,0,0
BRDA:266,25,1,0
BRDA:269,26,0,0
BRDA:269,26,1,0
BRDA:272,27,0,0
BRDA:272,27,1,0
BRDA:274,28,0,0
BRDA:274,28,1,0
BRDA:280,29,0,0
BRDA:280,29,1,0
BRDA:283,30,0,0
BRDA:283,30,1,0
BRDA:284,31,0,0
BRDA:284,31,1,0
BRDA:288,32,0,0
BRDA:288,32,1,0
BRDA:294,33,0,0
BRDA:294,33,1,0
BRDA:297,34,0,0
BRDA:297,34,1,0
BRDA:298,35,0,0
BRDA:298,35,1,0
BRDA:298,36,0,0
BRDA:298,36,1,0
BRDA:303,37,0,0
BRDA:303,37,1,0
BRDA:310,38,0,0
BRDA:310,38,1,0
BRDA:313,39,0,0
BRDA:313,39,1,0
BRDA:314,40,0,0
BRDA:314,40,1,0
BRDA:314,41,0,0
BRDA:314,41,1,0
BRDA:322,42,0,0
BRDA:322,42,1,0
BRDA:329,43,0,0
BRDA:329,43,1,0
BRDA:332,44,0,0
BRDA:332,44,1,0
BRDA:332,45,0,0
BRDA:332,45,1,0
BRDA:338,46,0,0
BRDA:338,46,1,0
BRDA:339,47,0,0
BRDA:339,47,1,0
BRDA:339,47,2,0
BRDA:339,47,3,0
BRDA:340,48,0,0
BRDA:340,48,1,0
BRDA:373,49,0,2
BRDA:373,49,1,2
BRDA:386,50,0,1
BRDA:386,50,1,0
BRDA:386,50,2,0
BRDA:401,51,0,0
BRDA:401,51,1,0
BRDA:401,51,2,0
BRDA:417,52,0,0
BRDA:417,52,1,0
BRDA:419,53,0,0
BRDA:419,53,1,0
BRDA:425,54,0,0
BRDA:425,54,1,0
BRDA:427,55,0,0
BRDA:427,55,1,0
BRDA:433,56,0,0
BRDA:433,56,1,0
BRDA:434,57,0,0
BRDA:434,57,1,0
BRDA:436,58,0,0
BRDA:436,58,1,0
BRDA:438,59,0,0
BRDA:438,59,1,0
BRDA:460,60,0,0
BRDA:460,60,1,0
BRDA:489,61,0,0
BRDA:489,61,1,0
BRDA:493,62,0,0
BRDA:493,62,1,0
BRDA:498,63,0,0
BRDA:498,63,1,2
BRDA:528,64,0,2
BRDA:528,64,1,1
BRDA:560,65,0,0
BRDA:560,65,1,0
BRDA:560,66,0,0
BRDA:560,66,1,0
BRDA:584,67,0,1
BRDA:584,67,1,0
BRDA:584,68,0,1
BRDA:584,68,1,0
BRDA:625,69,0,0
BRDA:625,69,1,0
BRDA:633,70,0,0
BRDA:633,70,1,0
BRDA:646,71,0,0
BRDA:646,71,1,0
BRF:148
BRH:19
end_of_record
TN:
SF:src/stores/secretStore.ts
FN:13,(anonymous_0)
FN:17,(anonymous_1)
FN:23,(anonymous_2)
FN:27,(anonymous_3)
FN:30,(anonymous_4)
FN:37,(anonymous_5)
FN:37,(anonymous_6)
FN:38,(anonymous_7)
FN:42,(anonymous_8)
FNF:9
FNH:9
FNDA:1,(anonymous_0)
FNDA:1,(anonymous_1)
FNDA:2,(anonymous_2)
FNDA:2,(anonymous_3)
FNDA:2,(anonymous_4)
FNDA:4,(anonymous_5)
FNDA:2,(anonymous_6)
FNDA:3,(anonymous_7)
FNDA:2,(anonymous_8)
DA:14,1
DA:18,1
DA:20,1
DA:21,0
DA:23,2
DA:27,1
DA:28,2
DA:30,2
DA:31,2
DA:32,2
DA:37,4
DA:38,3
DA:43,2
LF:13
LH:12
BRDA:20,0,0,0
BRDA:20,0,1,1
BRF:2
BRH:1
end_of_record
TN:
SF:src/stores/socketStore.ts
FN:17,(anonymous_0)
FN:21,(anonymous_1)
FN:29,(anonymous_2)
FN:32,(anonymous_3)
FN:47,(anonymous_4)
FN:55,(anonymous_5)
FN:59,(anonymous_6)
FN:63,(anonymous_7)
FN:80,(anonymous_8)
FN:84,(anonymous_9)
FN:88,(anonymous_10)
FN:92,(anonymous_11)
FN:92,(anonymous_12)
FN:95,(anonymous_13)
FN:99,(anonymous_14)
FN:103,(anonymous_15)
FN:109,(anonymous_16)
FNF:17
FNH:5
FNDA:1,(anonymous_0)
FNDA:1,(anonymous_1)
FNDA:2,(anonymous_2)
FNDA:0,(anonymous_3)
FNDA:1,(anonymous_4)
FNDA:0,(anonymous_5)
FNDA:0,(anonymous_6)
FNDA:0,(anonymous_7)
FNDA:0,(anonymous_8)
FNDA:0,(anonymous_9)
FNDA:0,(anonymous_10)
FNDA:0,(anonymous_11)
FNDA:0,(anonymous_12)
FNDA:0,(anonymous_13)
FNDA:0,(anonymous_14)
FNDA:0,(anonymous_15)
FNDA:2,(anonymous_16)
DA:18,1
DA:22,1
DA:23,1
DA:24,1
DA:26,1
DA:27,0
DA:29,2
DA:32,1
DA:33,0
DA:35,0
DA:38,0
DA:41,0
DA:47,1
DA:48,1
DA:55,0
DA:56,0
DA:59,0
DA:60,0
DA:63,0
DA:64,0
DA:66,0
DA:68,0
DA:72,0
DA:73,0
DA:75,0
DA:80,0
DA:81,0
DA:84,0
DA:85,0
DA:88,0
DA:89,0
DA:92,0
DA:93,0
DA:95,0
DA:99,1
DA:100,0
DA:104,0
DA:105,0
LF:38
LH:10
BRDA:26,0,0,0
BRDA:26,0,1,1
BRDA:35,1,0,0
BRDA:35,1,1,0
BRDA:41,2,0,0
BRDA:41,2,1,0
BRDA:72,3,0,0
BRDA:72,3,1,0
BRDA:104,4,0,0
BRDA:104,4,1,0
BRDA:104,5,0,0
BRDA:104,5,1,0
BRF:12
BRH:1
end_of_record
TN:
SF:src/stores/teamStore.ts
FN:17,(anonymous_0)
FN:21,(anonymous_1)
FN:25,(anonymous_2)
FN:27,(anonymous_3)
FN:37,(anonymous_4)
FN:47,(anonymous_5)
FN:51,(anonymous_6)
FN:55,(anonymous_7)
FN:59,(anonymous_8)
FN:72,(anonymous_9)
FN:83,(anonymous_10)
FN:87,(anonymous_11)
FN:88,(anonymous_12)
FN:91,(anonymous_13)
FNF:14
FNH:2
FNDA:1,(anonymous_0)
FNDA:2,(anonymous_1)
FNDA:0,(anonymous_2)
FNDA:0,(anonymous_3)
FNDA:0,(anonymous_4)
FNDA:0,(anonymous_5)
FNDA:0,(anonymous_6)
FNDA:0,(anonymous_7)
FNDA:0,(anonymous_8)
FNDA:0,(anonymous_9)
FNDA:0,(anonymous_10)
FNDA:0,(anonymous_11)
FNDA:0,(anonymous_12)
FNDA:0,(anonymous_13)
DA:12,1
DA:14,1
DA:15,1
DA:18,1
DA:26,0
DA:28,0
DA:30,0
DA:32,0
DA:34,0
DA:38,0
DA:40,0
DA:42,0
DA:47,1
DA:48,0
DA:51,1
DA:52,0
DA:55,1
DA:56,0
DA:59,1
DA:60,0
DA:61,0
DA:62,0
DA:63,0
DA:65,0
DA:72,1
DA:73,0
DA:74,0
DA:76,0
DA:83,1
DA:84,0
DA:87,1
DA:88,0
DA:92,0
DA:93,0
DA:95,0
LF:35
LH:11
BRDA:28,0,0,0
BRDA:28,0,1,0
BRDA:28,0,2,0
BRDA:38,1,0,0
BRDA:38,1,1,0
BRDA:61,2,0,0
BRDA:61,2,1,0
BRDA:63,3,0,0
BRDA:63,3,1,0
BRDA:65,4,0,0
BRDA:65,4,1,0
BRDA:67,5,0,0
BRDA:67,5,1,0
BRDA:76,6,0,0
BRDA:76,6,1,0
BRDA:78,7,0,0
BRDA:78,7,1,0
BRF:17
BRH:0
end_of_record
TN:
SF:src/stores/updateStore.ts
FN:30,(anonymous_0)
FN:34,(anonymous_1)
FN:40,(anonymous_2)
FN:59,(anonymous_3)
FN:68,(anonymous_4)
FN:71,(anonymous_5)
FN:80,(anonymous_6)
FN:81,(anonymous_7)
FN:82,(anonymous_8)
FN:92,(anonymous_9)
FN:97,(anonymous_10)
FN:106,(anonymous_11)
FN:107,(anonymous_12)
FN:108,(anonymous_13)
FN:118,(anonymous_14)
FN:123,(anonymous_15)
FN:131,(anonymous_16)
FN:132,(anonymous_17)
FN:133,(anonymous_18)
FN:136,(anonymous_19)
FN:141,(anonymous_20)
FNF:21
FNH:3
FNDA:1,(anonymous_0)
FNDA:1,(anonymous_1)
FNDA:0,(anonymous_2)
FNDA:0,(anonymous_3)
FNDA:0,(anonymous_4)
FNDA:0,(anonymous_5)
FNDA:0,(anonymous_6)
FNDA:0,(anonymous_7)
FNDA:0,(anonymous_8)
FNDA:0,(anonymous_9)
FNDA:0,(anonymous_10)
FNDA:0,(anonymous_11)
FNDA:0,(anonymous_12)
FNDA:0,(anonymous_13)
FNDA:0,(anonymous_14)
FNDA:0,(anonymous_15)
FNDA:0,(anonymous_16)
FNDA:0,(anonymous_17)
FNDA:0,(anonymous_18)
FNDA:0,(anonymous_19)
FNDA:2,(anonymous_20)
DA:11,1
DA:12,1
DA:13,1
DA:15,1
DA:16,1
DA:18,1
DA:22,1
DA:26,1
DA:31,1
DA:35,1
DA:36,1
DA:37,1
DA:40,1
DA:41,0
DA:42,0
DA:43,0
DA:44,0
DA:47,0
DA:48,0
DA:51,0
DA:52,0
DA:55,0
DA:59,1
DA:60,0
DA:62,0
DA:63,0
DA:64,0
DA:67,0
DA:68,0
DA:71,1
DA:75,0
DA:76,0
DA:80,0
DA:81,0
DA:83,0
DA:89,0
DA:93,0
DA:97,1
DA:101,0
DA:102,0
DA:106,0
DA:107,0
DA:109,0
DA:115,0
DA:119,0
DA:123,1
DA:127,0
DA:131,0
DA:132,0
DA:134,0
DA:137,0
LF:51
LH:17
BRDA:43,0,0,0
BRDA:43,0,1,0
BRDA:47,1,0,0
BRDA:47,1,1,0
BRDA:51,2,0,0
BRDA:51,2,1,0
BRDA:62,3,0,0
BRDA:62,3,1,0
BRDA:83,4,0,0
BRDA:83,4,1,0
BRDA:109,5,0,0
BRDA:109,5,1,0
BRF:12
BRH:0
end_of_record
TN:
SF:src/stores/upsertRoleStore.ts
FN:15,(anonymous_0)
FN:19,(anonymous_1)
FN:26,(anonymous_2)
FN:35,(anonymous_3)
FN:45,(anonymous_4)
FN:52,(anonymous_5)
FN:63,(anonymous_6)
FN:67,(anonymous_7)
FN:73,(anonymous_8)
FNF:9
FNH:2
FNDA:1,(anonymous_0)
FNDA:0,(anonymous_1)
FNDA:0,(anonymous_2)
FNDA:0,(anonymous_3)
FNDA:0,(anonymous_4)
FNDA:0,(anonymous_5)
FNDA:0,(anonymous_6)
FNDA:0,(anonymous_7)
FNDA:2,(anonymous_8)
DA:11,1
DA:12,1
DA:13,1
DA:16,1
DA:19,1
DA:20,0
DA:26,1
DA:27,0
DA:32,0
DA:35,1
DA:36,0
DA:42,0
DA:45,1
DA:46,0
DA:47,0
DA:48,0
DA:52,1
DA:53,0
DA:54,0
DA:56,0
DA:59,0
DA:60,0
DA:63,1
DA:64,0
DA:67,1
DA:68,0
DA:69,0
DA:70,0
DA:73,1
DA:74,2
DA:75,2
DA:76,2
LF:32
LH:15
BRDA:46,0,0,0
BRDA:46,0,1,0
BRDA:53,1,0,0
BRDA:53,1,1,0
BRDA:64,2,0,0
BRDA:64,2,1,0
BRF:6
BRH:0
end_of_record
TN:
SF:src/stores/userStore.ts
FN:35,(anonymous_0)
FN:39,(anonymous_1)
FN:60,(anonymous_2)
FN:61,(anonymous_3)
FN:70,(anonymous_4)
FN:77,(anonymous_5)
FN:81,(anonymous_6)
FN:86,(anonymous_7)
FN:88,(anonymous_8)
FN:91,(anonymous_9)
FN:101,(anonymous_10)
FN:105,(anonymous_11)
FN:125,(anonymous_12)
FN:130,(anonymous_13)
FN:139,(anonymous_14)
FN:158,(anonymous_15)
FN:164,(anonymous_16)
FN:168,(anonymous_17)
FN:173,(anonymous_18)
FN:179,(anonymous_19)
FN:183,(anonymous_20)
FN:188,(anonymous_21)
FN:197,(anonymous_22)
FN:202,(anonymous_23)
FN:207,(anonymous_24)
FN:212,(anonymous_25)
FN:216,(anonymous_26)
FN:238,(anonymous_27)
FN:242,(anonymous_28)
FN:245,(anonymous_29)
FN:254,(anonymous_30)
FN:257,(anonymous_31)
FN:272,(anonymous_32)
FN:275,(anonymous_33)
FN:281,(anonymous_34)
FN:287,(anonymous_35)
FNF:36
FNH:16
FNDA:1,(anonymous_0)
FNDA:1,(anonymous_1)
FNDA:2,(anonymous_2)
FNDA:2,(anonymous_3)
FNDA:0,(anonymous_4)
FNDA:4,(anonymous_5)
FNDA:1,(anonymous_6)
FNDA:1,(anonymous_7)
FNDA:2,(anonymous_8)
FNDA:4,(anonymous_9)
FNDA:9,(anonymous_10)
FNDA:2,(anonymous_11)
FNDA:2,(anonymous_12)
FNDA:0,(anonymous_13)
FNDA:0,(anonymous_14)
FNDA:0,(anonymous_15)
FNDA:0,(anonymous_16)
FNDA:0,(anonymous_17)
FNDA:0,(anonymous_18)
FNDA:0,(anonymous_19)
FNDA:0,(anonymous_20)
FNDA:2,(anonymous_21)
FNDA:2,(anonymous_22)
FNDA:0,(anonymous_23)
FNDA:0,(anonymous_24)
FNDA:2,(anonymous_25)
FNDA:2,(anonymous_26)
FNDA:0,(anonymous_27)
FNDA:0,(anonymous_28)
FNDA:0,(anonymous_29)
FNDA:0,(anonymous_30)
FNDA:0,(anonymous_31)
FNDA:0,(anonymous_32)
FNDA:0,(anonymous_33)
FNDA:0,(anonymous_34)
FNDA:0,(anonymous_35)
DA:17,1
DA:28,1
DA:29,1
DA:33,1
DA:36,1
DA:40,1
DA:42,1
DA:45,0
DA:48,0
DA:52,0
DA:53,0
DA:55,0
DA:61,2
DA:62,2
DA:63,2
DA:64,2
DA:65,2
DA:66,2
DA:71,0
DA:77,1
DA:78,4
DA:82,1
DA:87,1
DA:88,2
DA:92,4
DA:93,0
DA:96,4
DA:98,4
DA:102,9
DA:106,2
DA:108,2
DA:110,2
DA:112,2
DA:118,2
DA:119,2
DA:122,2
DA:126,2
DA:127,2
DA:131,0
DA:132,0
DA:133,0
DA:135,0
DA:140,0
DA:141,0
DA:143,0
DA:145,0
DA:147,0
DA:158,1
DA:159,0
DA:160,0
DA:161,0
DA:165,0
DA:169,0
DA:170,0
DA:174,0
DA:175,0
DA:176,0
DA:180,0
DA:184,0
DA:185,0
DA:189,2
DA:191,2
DA:193,2
DA:194,4
DA:197,2
DA:198,2
DA:203,0
DA:205,0
DA:207,0
DA:208,0
DA:213,2
DA:214,2
DA:216,2
DA:217,2
DA:219,2
DA:220,2
DA:223,2
DA:227,2
DA:228,0
DA:231,2
DA:232,2
DA:239,0
DA:243,0
DA:245,0
DA:246,0
DA:248,0
DA:249,0
DA:255,0
DA:257,0
DA:258,0
DA:260,0
DA:261,0
DA:265,0
DA:273,0
DA:275,0
DA:276,0
DA:277,0
DA:282,0
DA:283,0
DA:285,0
DA:287,0
DA:288,0
DA:289,0
LF:103
LH:48
BRDA:42,0,0,0
BRDA:42,0,1,1
BRDA:72,1,0,0
BRDA:72,1,1,0
BRDA:92,2,0,0
BRDA:92,2,1,4
BRDA:112,3,0,0
BRDA:112,3,1,2
BRDA:112,4,0,2
BRDA:112,4,1,0
BRDA:118,5,0,2
BRDA:118,5,1,0
BRDA:159,6,0,0
BRDA:159,6,1,0
BRDA:189,7,0,2
BRDA:189,7,1,0
BRDA:213,8,0,2
BRDA:213,8,1,0
BRDA:214,9,0,2
BRDA:214,9,1,0
BRDA:219,10,0,2
BRDA:219,10,1,0
BRDA:227,11,0,0
BRDA:227,11,1,2
BRDA:227,12,0,2
BRDA:227,12,1,0
BRDA:227,12,2,0
BRDA:231,13,0,2
BRDA:231,13,1,0
BRDA:260,14,0,0
BRDA:260,14,1,0
BRF:31
BRH:12
end_of_record
TN:
SF:src/stores/utils.ts
FN:5,clearAllStores
FN:6,(anonymous_1)
FN:7,(anonymous_2)
FNF:3
FNH:3
FNDA:2,clearAllStores
FNDA:2,(anonymous_1)
FNDA:50,(anonymous_2)
DA:6,2
DA:7,2
DA:8,50
DA:9,50
LF:4
LH:4
BRF:0
BRH:0
end_of_record
TN:
SF:src/test/ids.ts
FN:15,(anonymous_0)
FN:19,(anonymous_1)
FN:20,(anonymous_2)
FN:21,(anonymous_3)
FN:22,(anonymous_4)
FN:23,(anonymous_5)
FN:51,(anonymous_6)
FN:52,(anonymous_7)
FN:53,(anonymous_8)
FN:54,(anonymous_9)
FN:55,(anonymous_10)
FN:56,(anonymous_11)
FN:59,(anonymous_12)
FN:65,(anonymous_13)
FN:69,(anonymous_14)
FN:70,(anonymous_15)
FN:71,(anonymous_16)
FN:72,(anonymous_17)
FN:73,(anonymous_18)
FN:76,(anonymous_19)
FN:78,(anonymous_20)
FN:79,(anonymous_21)
FN:80,(anonymous_22)
FN:84,(anonymous_23)
FN:86,(anonymous_24)
FN:87,(anonymous_25)
FN:95,(anonymous_26)
FN:98,(anonymous_27)
FN:99,(anonymous_28)
FN:100,(anonymous_29)
FN:101,(anonymous_30)
FN:102,(anonymous_31)
FN:103,(anonymous_32)
FN:104,(anonymous_33)
FN:105,(anonymous_34)
FN:108,(anonymous_35)
FN:111,(anonymous_36)
FN:114,(anonymous_37)
FN:115,(anonymous_38)
FN:117,(anonymous_39)
FN:118,(anonymous_40)
FN:119,(anonymous_41)
FN:123,(anonymous_42)
FN:124,(anonymous_43)
FN:125,(anonymous_44)
FN:126,(anonymous_45)
FN:128,(anonymous_46)
FN:129,(anonymous_47)
FN:132,(anonymous_48)
FN:133,(anonymous_49)
FN:136,(anonymous_50)
FN:137,(anonymous_51)
FN:180,(anonymous_52)
FNF:53
FNH:7
FNDA:5,(anonymous_0)
FNDA:35,(anonymous_1)
FNDA:22,(anonymous_2)
FNDA:12,(anonymous_3)
FNDA:2,(anonymous_4)
FNDA:0,(anonymous_5)
FNDA:0,(anonymous_6)
FNDA:0,(anonymous_7)
FNDA:0,(anonymous_8)
FNDA:0,(anonymous_9)
FNDA:0,(anonymous_10)
FNDA:0,(anonymous_11)
FNDA:0,(anonymous_12)
FNDA:2,(anonymous_13)
FNDA:0,(anonymous_14)
FNDA:0,(anonymous_15)
FNDA:0,(anonymous_16)
FNDA:0,(anonymous_17)
FNDA:0,(anonymous_18)
FNDA:0,(anonymous_19)
FNDA:0,(anonymous_20)
FNDA:0,(anonymous_21)
FNDA:0,(anonymous_22)
FNDA:0,(anonymous_23)
FNDA:0,(anonymous_24)
FNDA:0,(anonymous_25)
FNDA:0,(anonymous_26)
FNDA:0,(anonymous_27)
FNDA:0,(anonymous_28)
FNDA:0,(anonymous_29)
FNDA:0,(anonymous_30)
FNDA:0,(anonymous_31)
FNDA:0,(anonymous_32)
FNDA:0,(anonymous_33)
FNDA:0,(anonymous_34)
FNDA:0,(anonymous_35)
FNDA:0,(anonymous_36)
FNDA:0,(anonymous_37)
FNDA:0,(anonymous_38)
FNDA:0,(anonymous_39)
FNDA:0,(anonymous_40)
FNDA:0,(anonymous_41)
FNDA:0,(anonymous_42)
FNDA:0,(anonymous_43)
FNDA:0,(anonymous_44)
FNDA:0,(anonymous_45)
FNDA:0,(anonymous_46)
FNDA:0,(anonymous_47)
FNDA:0,(anonymous_48)
FNDA:0,(anonymous_49)
FNDA:0,(anonymous_50)
FNDA:0,(anonymous_51)
FNDA:6,(anonymous_52)
DA:14,2
DA:15,5
DA:19,35
DA:20,22
DA:21,12
DA:22,2
DA:23,0
DA:51,0
DA:52,0
DA:53,0
DA:54,0
DA:55,0
DA:56,0
DA:59,0
DA:65,2
DA:69,0
DA:70,0
DA:71,0
DA:72,0
DA:73,0
DA:76,0
DA:78,0
DA:79,0
DA:80,0
DA:84,0
DA:86,0
DA:87,0
DA:95,0
DA:98,0
DA:99,0
DA:100,0
DA:101,0
DA:102,0
DA:103,0
DA:104,0
DA:105,0
DA:108,0
DA:111,0
DA:114,0
DA:115,0
DA:117,0
DA:118,0
DA:119,0
DA:123,0
DA:124,0
DA:125,0
DA:126,0
DA:128,0
DA:129,0
DA:132,0
DA:133,0
DA:136,0
DA:137,0
DA:180,6
LF:54
LH:8
BRF:0
BRH:0
end_of_record
TN:
SF:src/test/mocks.ts
FN:3,MockSecrets
FN:9,MockRequests
FN:35,MockAuthTokens
FN:42,MockOrgMetadata
FN:53,MockUsers
FNF:5
FNH:5
FNDA:2,MockSecrets
FNDA:1,MockRequests
FNDA:8,MockAuthTokens
FNDA:17,MockOrgMetadata
FNDA:5,MockUsers
DA:4,2
DA:10,1
DA:36,8
DA:43,17
DA:54,5
LF:5
LH:5
BRF:0
BRH:0
end_of_record
TN:
SF:src/utils/debounce.ts
FN:25,stateFullMemoDebounce
FN:29,(anonymous_1)
FN:32,(anonymous_2)
FN:40,(anonymous_3)
FN:46,(anonymous_4)
FN:48,wrappedFunction
FN:52,(anonymous_6)
FN:61,(anonymous_7)
FN:67,(anonymous_8)
FNF:9
FNH:1
FNDA:3,stateFullMemoDebounce
FNDA:0,(anonymous_1)
FNDA:0,(anonymous_2)
FNDA:0,(anonymous_3)
FNDA:0,(anonymous_4)
FNDA:0,wrappedFunction
FNDA:0,(anonymous_6)
FNDA:0,(anonymous_7)
FNDA:0,(anonymous_8)
DA:29,3
DA:30,0
DA:32,0
DA:33,0
DA:36,0
DA:39,3
DA:40,0
DA:44,3
DA:46,0
DA:52,0
DA:53,0
DA:56,0
DA:58,0
DA:61,3
DA:62,0
DA:64,0
DA:67,3
DA:68,0
DA:70,0
DA:72,0
DA:74,0
DA:77,3
DA:78,3
DA:80,3
LF:24
LH:8
BRDA:40,0,0,0
BRDA:40,0,1,0
BRDA:44,1,0,3
BRDA:44,1,1,0
BRF:4
BRH:1
end_of_record
TN:
SF:src/utils/dimensions.ts
FNF:0
FNH:0
DA:4,2
DA:5,2
DA:6,2
DA:7,2
LF:4
LH:4
BRDA:5,0,0,2
BRDA:5,0,1,2
BRDA:7,1,0,0
BRDA:7,1,1,2
BRF:4
BRH:3
end_of_record
TN:
SF:src/utils/index.ts
FN:10,userHasAllPermissions
FN:14,(anonymous_1)
FN:20,userHasAnyPermissions
FN:24,(anonymous_3)
FN:30,iHaveAllPermissions
FN:35,iHaveAnyPermissions
FNF:6
FNH:6
FNDA:3,userHasAllPermissions
FNDA:3,(anonymous_1)
FNDA:5,userHasAnyPermissions
FNDA:7,(anonymous_3)
FNDA:1,iHaveAllPermissions
FNDA:5,iHaveAnyPermissions
DA:5,2
DA:6,2
DA:7,2
DA:11,3
DA:12,3
DA:14,3
DA:16,0
DA:21,5
DA:22,5
DA:24,7
DA:26,0
DA:31,1
DA:32,1
DA:36,5
DA:37,5
LF:15
LH:13
BRDA:11,0,0,3
BRDA:11,0,1,0
BRDA:21,1,0,5
BRDA:21,1,1,0
BRF:4
BRH:2
end_of_record
