{"/Users/rebeccapattichis/Desktop/internships/raheem/patch/frontend/src/api.ts": {"path":"/Users/rebeccapattichis/Desktop/internships/raheem/patch/frontend/src/api.ts","statementMap":{"0":{"start":{"line":1,"column":0},"end":{"line":1,"column":26}},"1":{"start":{"line":2,"column":0},"end":{"line":2,"column":39}},"2":{"start":{"line":4,"column":0},"end":{"line":4,"column":35}},"3":{"start":{"line":5,"column":21},"end":{"line":5,"column":30}},"4":{"start":{"line":8,"column":13},"end":{"line":10,"column":30}},"5":{"start":{"line":16,"column":20},"end":{"line":16,"column":51}},"6":{"start":{"line":18,"column":21},"end":{"line":21,"column":16}},"7":{"start":{"line":23,"column":8},"end":{"line":23,"column":28}},"8":{"start":{"line":27,"column":20},"end":{"line":27,"column":51}},"9":{"start":{"line":29,"column":21},"end":{"line":32,"column":16}},"10":{"start":{"line":34,"column":8},"end":{"line":34,"column":20}},"11":{"start":{"line":38,"column":20},"end":{"line":38,"column":52}},"12":{"start":{"line":40,"column":8},"end":{"line":40,"column":null}},"13":{"start":{"line":12,"column":0},"end":{"line":12,"column":13}},"14":{"start":{"line":44,"column":0},"end":{"line":44,"column":31}}},"fnMap":{"0":{"name":"(anonymous_1)","decl":{"start":{"line":15,"column":4},"end":{"line":15,"column":9}},"loc":{"start":{"line":15,"column":48},"end":{"line":24,"column":5}}},"1":{"name":"(anonymous_2)","decl":{"start":{"line":26,"column":4},"end":{"line":26,"column":9}},"loc":{"start":{"line":26,"column":48},"end":{"line":35,"column":5}}},"2":{"name":"(anonymous_3)","decl":{"start":{"line":37,"column":4},"end":{"line":37,"column":9}},"loc":{"start":{"line":37,"column":17},"end":{"line":41,"column":5}}}},"branchMap":{"0":{"loc":{"start":{"line":9,"column":4},"end":{"line":9,"column":94}},"type":"cond-expr","locations":[{"start":{"line":9,"column":4},"end":{"line":9,"column":94}},{"start":{"line":10,"column":4},"end":{"line":10,"column":30}}]},"1":{"loc":{"start":{"line":8,"column":13},"end":{"line":8,"column":23}},"type":"binary-expr","locations":[{"start":{"line":8,"column":13},"end":{"line":8,"column":23}},{"start":{"line":8,"column":28},"end":{"line":8,"column":69}},{"start":{"line":8,"column":74},"end":{"line":8,"column":99}}]},"2":{"loc":{"start":{"line":9,"column":4},"end":{"line":9,"column":25}},"type":"binary-expr","locations":[{"start":{"line":9,"column":4},"end":{"line":9,"column":25}},{"start":{"line":9,"column":30},"end":{"line":9,"column":93}}]},"3":{"loc":{"start":{"line":23,"column":15},"end":{"line":23,"column":19}},"type":"binary-expr","locations":[{"start":{"line":23,"column":15},"end":{"line":23,"column":19}},{"start":{"line":23,"column":23},"end":{"line":23,"column":27}}]}},"s":{"0":1,"1":1,"2":1,"3":1,"4":1,"5":0,"6":0,"7":0,"8":0,"9":0,"10":0,"11":0,"12":0,"13":1,"14":1},"f":{"0":0,"1":0,"2":0},"b":{"0":[0,1],"1":[1,1,0],"2":[0,0],"3":[0,0]}}
,"/Users/rebeccapattichis/Desktop/internships/raheem/patch/frontend/src/bindings.ts": {"path":"/Users/rebeccapattichis/Desktop/internships/raheem/patch/frontend/src/bindings.ts","statementMap":{"0":{"start":{"line":1,"column":0},"end":{"line":1,"column":29}},"1":{"start":{"line":2,"column":0},"end":{"line":2,"column":42}},"2":{"start":{"line":3,"column":0},"end":{"line":3,"column":43}},"3":{"start":{"line":5,"column":0},"end":{"line":5,"column":44}}},"fnMap":{},"branchMap":{},"s":{"0":1,"1":1,"2":1,"3":1},"f":{},"b":{}}
,"/Users/rebeccapattichis/Desktop/internships/raheem/patch/frontend/src/di.ts": {"path":"/Users/rebeccapattichis/Desktop/internships/raheem/patch/frontend/src/di.ts","statementMap":{"0":{"start":{"line":1,"column":0},"end":{"line":1,"column":25}},"1":{"start":{"line":2,"column":0},"end":{"line":2,"column":50}},"2":{"start":{"line":4,"column":18},"end":{"line":4,"column":33}},"3":{"start":{"line":7,"column":4},"end":{"line":7,"column":29}},"4":{"start":{"line":6,"column":0},"end":{"line":6,"column":16}},"5":{"start":{"line":11,"column":4},"end":{"line":13,"column":null}},"6":{"start":{"line":12,"column":8},"end":{"line":12,"column":null}},"7":{"start":{"line":10,"column":0},"end":{"line":10,"column":16}},"8":{"start":{"line":16,"column":0},"end":{"line":16,"column":25}}},"fnMap":{"0":{"name":"getStore","decl":{"start":{"line":6,"column":16},"end":{"line":6,"column":24}},"loc":{"start":{"line":6,"column":50},"end":{"line":8,"column":1}}},"1":{"name":"Store","decl":{"start":{"line":10,"column":16},"end":{"line":10,"column":21}},"loc":{"start":{"line":10,"column":21},"end":{"line":14,"column":1}}},"2":{"name":"(anonymous_2)","decl":{"start":{"line":11,"column":11},"end":{"line":11,"column":21}},"loc":{"start":{"line":11,"column":39},"end":{"line":13,"column":5}}}},"branchMap":{},"s":{"0":1,"1":1,"2":1,"3":1,"4":1,"5":1,"6":1,"7":1,"8":1},"f":{"0":1,"1":1,"2":1},"b":{}}
,"/Users/rebeccapattichis/Desktop/internships/raheem/patch/frontend/src/interfaces.ts": {"path":"/Users/rebeccapattichis/Desktop/internships/raheem/patch/frontend/src/interfaces.ts","statementMap":{"0":{"start":{"line":11,"column":0},"end":{"line":11,"column":null}},"1":{"start":{"line":12,"column":17},"end":{"line":12,"column":43}}},"fnMap":{"0":{"name":"(anonymous_0)","decl":{"start":{"line":11,"column":0},"end":{"line":11,"column":17}},"loc":{"start":{"line":11,"column":27},"end":{"line":13,"column":1}}}},"branchMap":{"0":{"loc":{"start":{"line":11,"column":17},"end":{"line":11,"column":27}},"type":"binary-expr","locations":[{"start":{"line":11,"column":17},"end":{"line":11,"column":27}},{"start":{"line":11,"column":17},"end":{"line":11,"column":null}}]}},"s":{"0":1,"1":1},"f":{"0":1},"b":{"0":[1,1]}}
,"/Users/rebeccapattichis/Desktop/internships/raheem/patch/frontend/src/types.tsx": {"path":"/Users/rebeccapattichis/Desktop/internships/raheem/patch/frontend/src/types.tsx","statementMap":{"0":{"start":{"line":10,"column":72},"end":{"line":15,"column":1}},"1":{"start":{"line":22,"column":26},"end":{"line":28,"column":1}},"2":{"start":{"line":31,"column":25},"end":{"line":43,"column":1}}},"fnMap":{},"branchMap":{},"s":{"0":1,"1":1,"2":1},"f":{},"b":{},"_coverageSchema":"1a1c01bbd47fc00a2c39e90264f33305004495a9","hash":"9af65adfac68be7697d80a9db4ab2e4b70242902"}
,"/Users/rebeccapattichis/Desktop/internships/raheem/patch/frontend/src/components/PopUpMessage.tsx": {"path":"/Users/rebeccapattichis/Desktop/internships/raheem/patch/frontend/src/components/PopUpMessage.tsx","statementMap":{"0":{"start":{"line":8,"column":4},"end":{"line":24,"column":6}}},"fnMap":{"0":{"name":"PopUpMessage","decl":{"start":{"line":7,"column":24},"end":{"line":7,"column":36}},"loc":{"start":{"line":7,"column":44},"end":{"line":25,"column":1}},"line":7}},"branchMap":{},"s":{"0":0},"f":{"0":0},"b":{},"_coverageSchema":"1a1c01bbd47fc00a2c39e90264f33305004495a9","hash":"66d03b121096acc0c090e95b08e3444615bdb6b2"}
,"/Users/rebeccapattichis/Desktop/internships/raheem/patch/frontend/src/components/SignUpForm.tsx": {"path":"/Users/rebeccapattichis/Desktop/internships/raheem/patch/frontend/src/components/SignUpForm.tsx","statementMap":{"0":{"start":{"line":30,"column":8},"end":{"line":30,"column":21}},"1":{"start":{"line":31,"column":8},"end":{"line":39,"column":10}},"2":{"start":{"line":42,"column":19},"end":{"line":42,"column":67}},"3":{"start":{"line":42,"column":30},"end":{"line":42,"column":65}},"4":{"start":{"line":43,"column":18},"end":{"line":43,"column":65}},"5":{"start":{"line":43,"column":29},"end":{"line":43,"column":63}},"6":{"start":{"line":44,"column":15},"end":{"line":44,"column":59}},"7":{"start":{"line":44,"column":26},"end":{"line":44,"column":57}},"8":{"start":{"line":45,"column":18},"end":{"line":45,"column":65}},"9":{"start":{"line":45,"column":29},"end":{"line":45,"column":63}},"10":{"start":{"line":46,"column":18},"end":{"line":46,"column":65}},"11":{"start":{"line":46,"column":29},"end":{"line":46,"column":63}},"12":{"start":{"line":47,"column":17},"end":{"line":47,"column":59}},"13":{"start":{"line":47,"column":25},"end":{"line":47,"column":57}},"14":{"start":{"line":48,"column":17},"end":{"line":48,"column":60}},"15":{"start":{"line":48,"column":25},"end":{"line":48,"column":58}},"16":{"start":{"line":50,"column":15},"end":{"line":61,"column":5}},"17":{"start":{"line":51,"column":25},"end":{"line":51,"column":79}},"18":{"start":{"line":53,"column":8},"end":{"line":59,"column":9}},"19":{"start":{"line":54,"column":12},"end":{"line":54,"column":80}},"20":{"start":{"line":55,"column":12},"end":{"line":55,"column":25}},"21":{"start":{"line":56,"column":15},"end":{"line":59,"column":9}},"22":{"start":{"line":57,"column":12},"end":{"line":57,"column":72}},"23":{"start":{"line":58,"column":12},"end":{"line":58,"column":25}},"24":{"start":{"line":60,"column":8},"end":{"line":60,"column":20}},"25":{"start":{"line":63,"column":23},"end":{"line":63,"column":55}},"26":{"start":{"line":65,"column":13},"end":{"line":79,"column":5}},"27":{"start":{"line":66,"column":20},"end":{"line":66,"column":35}},"28":{"start":{"line":68,"column":8},"end":{"line":78,"column":9}},"29":{"start":{"line":69,"column":12},"end":{"line":75,"column":13}},"30":{"start":{"line":70,"column":16},"end":{"line":70,"column":83}},"31":{"start":{"line":71,"column":16},"end":{"line":71,"column":69}},"32":{"start":{"line":73,"column":16},"end":{"line":73,"column":116}},"33":{"start":{"line":74,"column":16},"end":{"line":74,"column":34}},"34":{"start":{"line":77,"column":12},"end":{"line":77,"column":30}},"35":{"start":{"line":82,"column":8},"end":{"line":93,"column":10}},"36":{"start":{"line":85,"column":151},"end":{"line":85,"column":179}},"37":{"start":{"line":86,"column":148},"end":{"line":86,"column":174}},"38":{"start":{"line":87,"column":139},"end":{"line":87,"column":159}},"39":{"start":{"line":88,"column":148},"end":{"line":88,"column":174}},"40":{"start":{"line":89,"column":148},"end":{"line":89,"column":174}},"41":{"start":{"line":90,"column":79},"end":{"line":90,"column":92}},"42":{"start":{"line":97,"column":15},"end":{"line":111,"column":2}}},"fnMap":{"0":{"name":"(anonymous_0)","decl":{"start":{"line":29,"column":4},"end":{"line":29,"column":5}},"loc":{"start":{"line":29,"column":23},"end":{"line":40,"column":5}},"line":29},"1":{"name":"(anonymous_1)","decl":{"start":{"line":42,"column":19},"end":{"line":42,"column":20}},"loc":{"start":{"line":42,"column":28},"end":{"line":42,"column":67}},"line":42},"2":{"name":"(anonymous_2)","decl":{"start":{"line":43,"column":18},"end":{"line":43,"column":19}},"loc":{"start":{"line":43,"column":27},"end":{"line":43,"column":65}},"line":43},"3":{"name":"(anonymous_3)","decl":{"start":{"line":44,"column":15},"end":{"line":44,"column":16}},"loc":{"start":{"line":44,"column":24},"end":{"line":44,"column":59}},"line":44},"4":{"name":"(anonymous_4)","decl":{"start":{"line":45,"column":18},"end":{"line":45,"column":19}},"loc":{"start":{"line":45,"column":27},"end":{"line":45,"column":65}},"line":45},"5":{"name":"(anonymous_5)","decl":{"start":{"line":46,"column":18},"end":{"line":46,"column":19}},"loc":{"start":{"line":46,"column":27},"end":{"line":46,"column":65}},"line":46},"6":{"name":"(anonymous_6)","decl":{"start":{"line":47,"column":17},"end":{"line":47,"column":18}},"loc":{"start":{"line":47,"column":23},"end":{"line":47,"column":59}},"line":47},"7":{"name":"(anonymous_7)","decl":{"start":{"line":48,"column":17},"end":{"line":48,"column":18}},"loc":{"start":{"line":48,"column":23},"end":{"line":48,"column":60}},"line":48},"8":{"name":"(anonymous_8)","decl":{"start":{"line":50,"column":15},"end":{"line":50,"column":16}},"loc":{"start":{"line":50,"column":21},"end":{"line":61,"column":5}},"line":50},"9":{"name":"(anonymous_9)","decl":{"start":{"line":65,"column":13},"end":{"line":65,"column":14}},"loc":{"start":{"line":65,"column":25},"end":{"line":79,"column":5}},"line":65},"10":{"name":"(anonymous_10)","decl":{"start":{"line":81,"column":4},"end":{"line":81,"column":5}},"loc":{"start":{"line":81,"column":13},"end":{"line":94,"column":5}},"line":81},"11":{"name":"(anonymous_11)","decl":{"start":{"line":85,"column":138},"end":{"line":85,"column":139}},"loc":{"start":{"line":85,"column":151},"end":{"line":85,"column":179}},"line":85},"12":{"name":"(anonymous_12)","decl":{"start":{"line":86,"column":136},"end":{"line":86,"column":137}},"loc":{"start":{"line":86,"column":148},"end":{"line":86,"column":174}},"line":86},"13":{"name":"(anonymous_13)","decl":{"start":{"line":87,"column":130},"end":{"line":87,"column":131}},"loc":{"start":{"line":87,"column":139},"end":{"line":87,"column":159}},"line":87},"14":{"name":"(anonymous_14)","decl":{"start":{"line":88,"column":136},"end":{"line":88,"column":137}},"loc":{"start":{"line":88,"column":148},"end":{"line":88,"column":174}},"line":88},"15":{"name":"(anonymous_15)","decl":{"start":{"line":89,"column":136},"end":{"line":89,"column":137}},"loc":{"start":{"line":89,"column":148},"end":{"line":89,"column":174}},"line":89},"16":{"name":"(anonymous_16)","decl":{"start":{"line":90,"column":73},"end":{"line":90,"column":74}},"loc":{"start":{"line":90,"column":79},"end":{"line":90,"column":92}},"line":90}},"branchMap":{"0":{"loc":{"start":{"line":53,"column":8},"end":{"line":59,"column":9}},"type":"if","locations":[{"start":{"line":53,"column":8},"end":{"line":59,"column":9}},{"start":{"line":53,"column":8},"end":{"line":59,"column":9}}],"line":53},"1":{"loc":{"start":{"line":53,"column":12},"end":{"line":53,"column":156}},"type":"binary-expr","locations":[{"start":{"line":53,"column":12},"end":{"line":53,"column":39}},{"start":{"line":53,"column":43},"end":{"line":53,"column":69}},{"start":{"line":53,"column":73},"end":{"line":53,"column":96}},{"start":{"line":53,"column":100},"end":{"line":53,"column":126}},{"start":{"line":53,"column":130},"end":{"line":53,"column":156}}],"line":53},"2":{"loc":{"start":{"line":56,"column":15},"end":{"line":59,"column":9}},"type":"if","locations":[{"start":{"line":56,"column":15},"end":{"line":59,"column":9}},{"start":{"line":56,"column":15},"end":{"line":59,"column":9}}],"line":56},"3":{"loc":{"start":{"line":68,"column":8},"end":{"line":78,"column":9}},"type":"if","locations":[{"start":{"line":68,"column":8},"end":{"line":78,"column":9}},{"start":{"line":68,"column":8},"end":{"line":78,"column":9}}],"line":68}},"s":{"0":1,"1":1,"2":1,"3":1,"4":1,"5":0,"6":1,"7":0,"8":1,"9":0,"10":1,"11":0,"12":1,"13":0,"14":1,"15":0,"16":1,"17":0,"18":0,"19":0,"20":0,"21":0,"22":0,"23":0,"24":0,"25":1,"26":1,"27":0,"28":0,"29":0,"30":0,"31":0,"32":0,"33":0,"34":0,"35":2,"36":1,"37":0,"38":0,"39":0,"40":0,"41":0,"42":1},"f":{"0":1,"1":1,"2":0,"3":0,"4":0,"5":0,"6":0,"7":0,"8":0,"9":0,"10":2,"11":1,"12":0,"13":0,"14":0,"15":0,"16":0},"b":{"0":[0,0],"1":[0,0,0,0,0],"2":[0,0],"3":[0,0]},"_coverageSchema":"1a1c01bbd47fc00a2c39e90264f33305004495a9","hash":"63e9263e2cde30a922aeea9133f3623594c76d37"}
,"/Users/rebeccapattichis/Desktop/internships/raheem/patch/frontend/src/stores/UserStore.ts": {"path":"/Users/rebeccapattichis/Desktop/internships/raheem/patch/frontend/src/stores/UserStore.ts","statementMap":{"0":{"start":{"line":2,"column":0},"end":{"line":2,"column":55}},"1":{"start":{"line":4,"column":0},"end":{"line":4,"column":25}},"2":{"start":{"line":5,"column":0},"end":{"line":5,"column":30}},"3":{"start":{"line":9,"column":0},"end":{"line":39,"column":null}},"4":{"start":{"line":14,"column":8},"end":{"line":14,"column":null}},"5":{"start":{"line":18,"column":8},"end":{"line":18,"column":27}},"6":{"start":{"line":22,"column":21},"end":{"line":22,"column":54}},"7":{"start":{"line":24,"column":8},"end":{"line":27,"column":null}},"8":{"start":{"line":26,"column":12},"end":{"line":26,"column":null}},"9":{"start":{"line":26,"column":30},"end":{"line":26,"column":46}},"10":{"start":{"line":31,"column":21},"end":{"line":31,"column":54}},"11":{"start":{"line":33,"column":8},"end":{"line":33,"column":null}},"12":{"start":{"line":33,"column":26},"end":{"line":33,"column":42}},"13":{"start":{"line":37,"column":8},"end":{"line":37,"column":28}},"14":{"start":{"line":9,"column":21},"end":{"line":39,"column":null}},"15":{"start":{"line":9,"column":21},"end":{"line":9,"column":null}}},"fnMap":{"0":{"name":"(anonymous_3)","decl":{"start":{"line":13,"column":4},"end":{"line":13,"column":null}},"loc":{"start":{"line":13,"column":4},"end":{"line":15,"column":5}}},"1":{"name":"(anonymous_4)","decl":{"start":{"line":17,"column":4},"end":{"line":17,"column":8}},"loc":{"start":{"line":17,"column":16},"end":{"line":19,"column":5}}},"2":{"name":"(anonymous_5)","decl":{"start":{"line":21,"column":4},"end":{"line":21,"column":9}},"loc":{"start":{"line":21,"column":48},"end":{"line":28,"column":5}}},"3":{"name":"(anonymous_6)","decl":{"start":{"line":26,"column":24},"end":{"line":26,"column":27}},"loc":{"start":{"line":26,"column":30},"end":{"line":26,"column":46}}},"4":{"name":"(anonymous_7)","decl":{"start":{"line":30,"column":4},"end":{"line":30,"column":9}},"loc":{"start":{"line":30,"column":48},"end":{"line":34,"column":5}}},"5":{"name":"(anonymous_8)","decl":{"start":{"line":33,"column":20},"end":{"line":33,"column":23}},"loc":{"start":{"line":33,"column":26},"end":{"line":33,"column":42}}},"6":{"name":"(anonymous_9)","decl":{"start":{"line":36,"column":4},"end":{"line":36,"column":9}},"loc":{"start":{"line":36,"column":17},"end":{"line":38,"column":5}}}},"branchMap":{"0":{"loc":{"start":{"line":24,"column":8},"end":{"line":27,"column":null}},"type":"if","locations":[{"start":{"line":24,"column":8},"end":{"line":27,"column":null}},{"start":{"line":24,"column":8},"end":{"line":27,"column":null}}]}},"s":{"0":1,"1":1,"2":1,"3":1,"4":1,"5":0,"6":0,"7":0,"8":0,"9":0,"10":0,"11":0,"12":0,"13":0,"14":1,"15":1},"f":{"0":1,"1":0,"2":0,"3":0,"4":0,"5":0,"6":0},"b":{"0":[0,0]}}
}
