TN:
SF:src/api.ts
FN:15,(anonymous_1)
FN:26,(anonymous_2)
FN:37,(anonymous_3)
FNF:3
FNH:0
FNDA:0,(anonymous_1)
FNDA:0,(anonymous_2)
FNDA:0,(anonymous_3)
DA:1,1
DA:2,1
DA:4,1
DA:5,1
DA:8,1
DA:12,1
DA:16,0
DA:18,0
DA:23,0
DA:27,0
DA:29,0
DA:34,0
DA:38,0
DA:40,0
DA:44,1
LF:15
LH:7
BRDA:9,0,0,0
BRDA:9,0,1,1
BRDA:8,1,0,1
BRDA:8,1,1,1
BRDA:8,1,2,0
BRDA:9,2,0,0
BRDA:9,2,1,0
BRDA:23,3,0,0
BRDA:23,3,1,0
BRF:9
BRH:3
end_of_record
TN:
SF:src/bindings.ts
FNF:0
FNH:0
DA:1,1
DA:2,1
DA:3,1
DA:5,1
LF:4
LH:4
BRF:0
BRH:0
end_of_record
TN:
SF:src/di.ts
FN:6,getStore
FN:10,Store
FN:11,(anonymous_2)
FNF:3
FNH:3
FNDA:3,getStore
FNDA:1,Store
FNDA:1,(anonymous_2)
DA:1,1
DA:2,1
DA:4,1
DA:6,1
DA:7,3
DA:10,1
DA:11,1
DA:12,1
DA:16,1
LF:9
LH:9
BRF:0
BRH:0
end_of_record
TN:
SF:src/interfaces.ts
FN:11,(anonymous_0)
FNF:1
FNH:1
FNDA:1,(anonymous_0)
DA:11,1
DA:12,1
LF:2
LH:2
BRDA:11,0,0,1
BRDA:11,0,1,1
BRF:2
BRH:2
end_of_record
TN:
SF:src/types.tsx
FNF:0
FNH:0
DA:10,1
DA:22,1
DA:31,1
LF:3
LH:3
BRF:0
BRH:0
end_of_record
TN:
SF:src/components/PopUpMessage.tsx
FN:7,PopUpMessage
FNF:1
FNH:1
FNDA:1,PopUpMessage
DA:8,1
LF:1
LH:1
BRF:0
BRH:0
end_of_record
TN:
SF:src/components/SignUpForm.tsx
FN:16,SignUpForm
FN:29,(anonymous_1)
FN:31,(anonymous_2)
FN:34,(anonymous_3)
FN:47,(anonymous_4)
FN:66,(anonymous_5)
FN:67,(anonymous_6)
FN:68,(anonymous_7)
FN:69,(anonymous_8)
FN:70,(anonymous_9)
FN:71,(anonymous_10)
FNF:11
FNH:2
FNDA:3,SignUpForm
FNDA:0,(anonymous_1)
FNDA:0,(anonymous_2)
FNDA:0,(anonymous_3)
FNDA:0,(anonymous_4)
FNDA:1,(anonymous_5)
FNDA:0,(anonymous_6)
FNDA:0,(anonymous_7)
FNDA:0,(anonymous_8)
FNDA:0,(anonymous_9)
FNDA:0,(anonymous_10)
DA:17,3
DA:19,3
DA:20,3
DA:21,3
DA:22,3
DA:23,3
DA:25,3
DA:27,3
DA:29,3
DA:31,3
DA:34,3
DA:35,0
DA:37,0
DA:38,0
DA:39,0
DA:40,0
DA:41,0
DA:42,0
DA:44,0
DA:47,3
DA:48,0
DA:50,0
DA:51,0
DA:52,0
DA:53,0
DA:55,0
DA:56,0
DA:59,0
DA:63,3
DA:66,1
DA:67,0
DA:68,0
DA:69,0
DA:70,0
DA:71,0
DA:77,1
LF:36
LH:15
BRDA:37,0,0,0
BRDA:37,0,1,0
BRDA:37,1,0,0
BRDA:37,1,1,0
BRDA:37,1,2,0
BRDA:37,1,3,0
BRDA:37,1,4,0
BRDA:40,2,0,0
BRDA:40,2,1,0
BRDA:50,3,0,0
BRDA:50,3,1,0
BRF:11
BRH:0
end_of_record
TN:
SF:src/stores/UserStore.ts
FN:13,(anonymous_3)
FN:17,(anonymous_4)
FN:21,(anonymous_5)
FN:26,(anonymous_6)
FN:30,(anonymous_7)
FN:33,(anonymous_8)
FN:36,(anonymous_9)
FNF:7
FNH:1
FNDA:3,(anonymous_3)
FNDA:0,(anonymous_4)
FNDA:0,(anonymous_5)
FNDA:0,(anonymous_6)
FNDA:0,(anonymous_7)
FNDA:0,(anonymous_8)
FNDA:0,(anonymous_9)
DA:2,1
DA:4,1
DA:5,1
DA:9,1
DA:14,3
DA:18,0
DA:22,0
DA:24,0
DA:26,0
DA:31,0
DA:33,0
DA:37,0
LF:12
LH:5
BRDA:24,0,0,0
BRDA:24,0,1,0
BRF:2
BRH:0
end_of_record
